[2025-03-02T00:45:55.391+0000] {processor.py:186} INFO - Started process (PID=101) to work on /home/airflow/.local/lib/python3.12/site-packages/airflow/example_dags/example_sensors.py
[2025-03-02T00:45:55.391+0000] {processor.py:914} INFO - Processing file /home/airflow/.local/lib/python3.12/site-packages/airflow/example_dags/example_sensors.py for tasks to queue
[2025-03-02T00:45:55.393+0000] {logging_mixin.py:190} INFO - [2025-03-02T00:45:55.393+0000] {dagbag.py:588} INFO - Filling up the DagBag from /home/airflow/.local/lib/python3.12/site-packages/airflow/example_dags/example_sensors.py
[2025-03-02T00:45:55.406+0000] {processor.py:925} INFO - DAG(s) 'example_sensors' retrieved from /home/airflow/.local/lib/python3.12/site-packages/airflow/example_dags/example_sensors.py
[2025-03-02T00:45:55.504+0000] {logging_mixin.py:190} INFO - [2025-03-02T00:45:55.504+0000] {override.py:1911} INFO - Created Permission View: can edit on DAG:example_sensors
[2025-03-02T00:45:55.511+0000] {logging_mixin.py:190} INFO - [2025-03-02T00:45:55.511+0000] {override.py:1911} INFO - Created Permission View: can read on DAG:example_sensors
[2025-03-02T00:45:55.516+0000] {logging_mixin.py:190} INFO - [2025-03-02T00:45:55.516+0000] {override.py:1911} INFO - Created Permission View: can delete on DAG:example_sensors
[2025-03-02T00:45:55.521+0000] {logging_mixin.py:190} INFO - [2025-03-02T00:45:55.521+0000] {override.py:1911} INFO - Created Permission View: menu access on DAG Run:example_sensors
[2025-03-02T00:45:55.525+0000] {logging_mixin.py:190} INFO - [2025-03-02T00:45:55.525+0000] {override.py:1911} INFO - Created Permission View: can read on DAG Run:example_sensors
[2025-03-02T00:45:55.529+0000] {logging_mixin.py:190} INFO - [2025-03-02T00:45:55.529+0000] {override.py:1911} INFO - Created Permission View: can delete on DAG Run:example_sensors
[2025-03-02T00:45:55.534+0000] {logging_mixin.py:190} INFO - [2025-03-02T00:45:55.534+0000] {override.py:1911} INFO - Created Permission View: can create on DAG Run:example_sensors
[2025-03-02T00:45:55.534+0000] {logging_mixin.py:190} INFO - [2025-03-02T00:45:55.534+0000] {dag.py:3239} INFO - Sync 1 DAGs
[2025-03-02T00:45:55.545+0000] {logging_mixin.py:190} INFO - [2025-03-02T00:45:55.545+0000] {dag.py:3262} INFO - Creating ORM DAG for example_sensors
[2025-03-02T00:45:55.545+0000] {logging_mixin.py:190} INFO - [2025-03-02T00:45:55.545+0000] {dag.py:4180} INFO - Setting next_dagrun for example_sensors to None, run_after=None
[2025-03-02T00:45:55.556+0000] {processor.py:208} INFO - Processing /home/airflow/.local/lib/python3.12/site-packages/airflow/example_dags/example_sensors.py took 0.171 seconds
[2025-03-02T00:46:26.789+0000] {processor.py:186} INFO - Started process (PID=165) to work on /home/airflow/.local/lib/python3.12/site-packages/airflow/example_dags/example_sensors.py
[2025-03-02T00:46:26.789+0000] {processor.py:914} INFO - Processing file /home/airflow/.local/lib/python3.12/site-packages/airflow/example_dags/example_sensors.py for tasks to queue
[2025-03-02T00:46:26.791+0000] {logging_mixin.py:190} INFO - [2025-03-02T00:46:26.791+0000] {dagbag.py:588} INFO - Filling up the DagBag from /home/airflow/.local/lib/python3.12/site-packages/airflow/example_dags/example_sensors.py
[2025-03-02T00:46:26.799+0000] {processor.py:925} INFO - DAG(s) 'example_sensors' retrieved from /home/airflow/.local/lib/python3.12/site-packages/airflow/example_dags/example_sensors.py
[2025-03-02T00:46:26.818+0000] {logging_mixin.py:190} INFO - [2025-03-02T00:46:26.818+0000] {dag.py:3239} INFO - Sync 1 DAGs
[2025-03-02T00:46:26.829+0000] {logging_mixin.py:190} INFO - [2025-03-02T00:46:26.829+0000] {dag.py:4180} INFO - Setting next_dagrun for example_sensors to None, run_after=None
[2025-03-02T00:46:26.841+0000] {processor.py:208} INFO - Processing /home/airflow/.local/lib/python3.12/site-packages/airflow/example_dags/example_sensors.py took 0.056 seconds
[2025-03-02T00:46:57.568+0000] {processor.py:186} INFO - Started process (PID=228) to work on /home/airflow/.local/lib/python3.12/site-packages/airflow/example_dags/example_sensors.py
[2025-03-02T00:46:57.569+0000] {processor.py:914} INFO - Processing file /home/airflow/.local/lib/python3.12/site-packages/airflow/example_dags/example_sensors.py for tasks to queue
[2025-03-02T00:46:57.571+0000] {logging_mixin.py:190} INFO - [2025-03-02T00:46:57.570+0000] {dagbag.py:588} INFO - Filling up the DagBag from /home/airflow/.local/lib/python3.12/site-packages/airflow/example_dags/example_sensors.py
[2025-03-02T00:46:57.582+0000] {processor.py:925} INFO - DAG(s) 'example_sensors' retrieved from /home/airflow/.local/lib/python3.12/site-packages/airflow/example_dags/example_sensors.py
[2025-03-02T00:46:57.608+0000] {logging_mixin.py:190} INFO - [2025-03-02T00:46:57.608+0000] {dag.py:3239} INFO - Sync 1 DAGs
[2025-03-02T00:46:57.624+0000] {logging_mixin.py:190} INFO - [2025-03-02T00:46:57.624+0000] {dag.py:4180} INFO - Setting next_dagrun for example_sensors to None, run_after=None
[2025-03-02T00:46:57.641+0000] {processor.py:208} INFO - Processing /home/airflow/.local/lib/python3.12/site-packages/airflow/example_dags/example_sensors.py took 0.077 seconds
[2025-03-02T00:47:29.130+0000] {processor.py:186} INFO - Started process (PID=291) to work on /home/airflow/.local/lib/python3.12/site-packages/airflow/example_dags/example_sensors.py
[2025-03-02T00:47:29.131+0000] {processor.py:914} INFO - Processing file /home/airflow/.local/lib/python3.12/site-packages/airflow/example_dags/example_sensors.py for tasks to queue
[2025-03-02T00:47:29.132+0000] {logging_mixin.py:190} INFO - [2025-03-02T00:47:29.132+0000] {dagbag.py:588} INFO - Filling up the DagBag from /home/airflow/.local/lib/python3.12/site-packages/airflow/example_dags/example_sensors.py
[2025-03-02T00:47:29.141+0000] {processor.py:925} INFO - DAG(s) 'example_sensors' retrieved from /home/airflow/.local/lib/python3.12/site-packages/airflow/example_dags/example_sensors.py
[2025-03-02T00:47:29.163+0000] {logging_mixin.py:190} INFO - [2025-03-02T00:47:29.163+0000] {dag.py:3239} INFO - Sync 1 DAGs
[2025-03-02T00:47:29.174+0000] {logging_mixin.py:190} INFO - [2025-03-02T00:47:29.174+0000] {dag.py:4180} INFO - Setting next_dagrun for example_sensors to None, run_after=None
[2025-03-02T00:47:29.188+0000] {processor.py:208} INFO - Processing /home/airflow/.local/lib/python3.12/site-packages/airflow/example_dags/example_sensors.py took 0.062 seconds
[2025-03-02T00:48:00.363+0000] {processor.py:186} INFO - Started process (PID=354) to work on /home/airflow/.local/lib/python3.12/site-packages/airflow/example_dags/example_sensors.py
[2025-03-02T00:48:00.364+0000] {processor.py:914} INFO - Processing file /home/airflow/.local/lib/python3.12/site-packages/airflow/example_dags/example_sensors.py for tasks to queue
[2025-03-02T00:48:00.366+0000] {logging_mixin.py:190} INFO - [2025-03-02T00:48:00.365+0000] {dagbag.py:588} INFO - Filling up the DagBag from /home/airflow/.local/lib/python3.12/site-packages/airflow/example_dags/example_sensors.py
[2025-03-02T00:48:00.374+0000] {processor.py:925} INFO - DAG(s) 'example_sensors' retrieved from /home/airflow/.local/lib/python3.12/site-packages/airflow/example_dags/example_sensors.py
[2025-03-02T00:48:00.397+0000] {logging_mixin.py:190} INFO - [2025-03-02T00:48:00.397+0000] {dag.py:3239} INFO - Sync 1 DAGs
[2025-03-02T00:48:00.410+0000] {logging_mixin.py:190} INFO - [2025-03-02T00:48:00.409+0000] {dag.py:4180} INFO - Setting next_dagrun for example_sensors to None, run_after=None
[2025-03-02T00:48:00.424+0000] {processor.py:208} INFO - Processing /home/airflow/.local/lib/python3.12/site-packages/airflow/example_dags/example_sensors.py took 0.065 seconds
[2025-03-02T00:48:31.322+0000] {processor.py:186} INFO - Started process (PID=417) to work on /home/airflow/.local/lib/python3.12/site-packages/airflow/example_dags/example_sensors.py
[2025-03-02T00:48:31.322+0000] {processor.py:914} INFO - Processing file /home/airflow/.local/lib/python3.12/site-packages/airflow/example_dags/example_sensors.py for tasks to queue
[2025-03-02T00:48:31.324+0000] {logging_mixin.py:190} INFO - [2025-03-02T00:48:31.324+0000] {dagbag.py:588} INFO - Filling up the DagBag from /home/airflow/.local/lib/python3.12/site-packages/airflow/example_dags/example_sensors.py
[2025-03-02T00:48:31.333+0000] {processor.py:925} INFO - DAG(s) 'example_sensors' retrieved from /home/airflow/.local/lib/python3.12/site-packages/airflow/example_dags/example_sensors.py
[2025-03-02T00:48:31.354+0000] {logging_mixin.py:190} INFO - [2025-03-02T00:48:31.354+0000] {dag.py:3239} INFO - Sync 1 DAGs
[2025-03-02T00:48:31.366+0000] {logging_mixin.py:190} INFO - [2025-03-02T00:48:31.366+0000] {dag.py:4180} INFO - Setting next_dagrun for example_sensors to None, run_after=None
[2025-03-02T00:48:31.379+0000] {processor.py:208} INFO - Processing /home/airflow/.local/lib/python3.12/site-packages/airflow/example_dags/example_sensors.py took 0.061 seconds
[2025-03-02T00:49:02.598+0000] {processor.py:186} INFO - Started process (PID=481) to work on /home/airflow/.local/lib/python3.12/site-packages/airflow/example_dags/example_sensors.py
[2025-03-02T00:49:02.599+0000] {processor.py:914} INFO - Processing file /home/airflow/.local/lib/python3.12/site-packages/airflow/example_dags/example_sensors.py for tasks to queue
[2025-03-02T00:49:02.601+0000] {logging_mixin.py:190} INFO - [2025-03-02T00:49:02.600+0000] {dagbag.py:588} INFO - Filling up the DagBag from /home/airflow/.local/lib/python3.12/site-packages/airflow/example_dags/example_sensors.py
[2025-03-02T00:49:02.612+0000] {processor.py:925} INFO - DAG(s) 'example_sensors' retrieved from /home/airflow/.local/lib/python3.12/site-packages/airflow/example_dags/example_sensors.py
[2025-03-02T00:49:02.641+0000] {logging_mixin.py:190} INFO - [2025-03-02T00:49:02.640+0000] {dag.py:3239} INFO - Sync 1 DAGs
[2025-03-02T00:49:02.656+0000] {logging_mixin.py:190} INFO - [2025-03-02T00:49:02.656+0000] {dag.py:4180} INFO - Setting next_dagrun for example_sensors to None, run_after=None
[2025-03-02T00:49:02.678+0000] {processor.py:208} INFO - Processing /home/airflow/.local/lib/python3.12/site-packages/airflow/example_dags/example_sensors.py took 0.086 seconds
[2025-03-02T00:49:33.646+0000] {processor.py:186} INFO - Started process (PID=545) to work on /home/airflow/.local/lib/python3.12/site-packages/airflow/example_dags/example_sensors.py
[2025-03-02T00:49:33.647+0000] {processor.py:914} INFO - Processing file /home/airflow/.local/lib/python3.12/site-packages/airflow/example_dags/example_sensors.py for tasks to queue
[2025-03-02T00:49:33.649+0000] {logging_mixin.py:190} INFO - [2025-03-02T00:49:33.648+0000] {dagbag.py:588} INFO - Filling up the DagBag from /home/airflow/.local/lib/python3.12/site-packages/airflow/example_dags/example_sensors.py
[2025-03-02T00:49:33.657+0000] {processor.py:925} INFO - DAG(s) 'example_sensors' retrieved from /home/airflow/.local/lib/python3.12/site-packages/airflow/example_dags/example_sensors.py
[2025-03-02T00:49:33.680+0000] {logging_mixin.py:190} INFO - [2025-03-02T00:49:33.680+0000] {dag.py:3239} INFO - Sync 1 DAGs
[2025-03-02T00:49:33.691+0000] {logging_mixin.py:190} INFO - [2025-03-02T00:49:33.691+0000] {dag.py:4180} INFO - Setting next_dagrun for example_sensors to None, run_after=None
[2025-03-02T00:49:33.707+0000] {processor.py:208} INFO - Processing /home/airflow/.local/lib/python3.12/site-packages/airflow/example_dags/example_sensors.py took 0.065 seconds
[2025-03-02T00:50:04.337+0000] {processor.py:186} INFO - Started process (PID=608) to work on /home/airflow/.local/lib/python3.12/site-packages/airflow/example_dags/example_sensors.py
[2025-03-02T00:50:04.338+0000] {processor.py:914} INFO - Processing file /home/airflow/.local/lib/python3.12/site-packages/airflow/example_dags/example_sensors.py for tasks to queue
[2025-03-02T00:50:04.340+0000] {logging_mixin.py:190} INFO - [2025-03-02T00:50:04.339+0000] {dagbag.py:588} INFO - Filling up the DagBag from /home/airflow/.local/lib/python3.12/site-packages/airflow/example_dags/example_sensors.py
[2025-03-02T00:50:04.348+0000] {processor.py:925} INFO - DAG(s) 'example_sensors' retrieved from /home/airflow/.local/lib/python3.12/site-packages/airflow/example_dags/example_sensors.py
[2025-03-02T00:50:04.369+0000] {logging_mixin.py:190} INFO - [2025-03-02T00:50:04.369+0000] {dag.py:3239} INFO - Sync 1 DAGs
[2025-03-02T00:50:04.381+0000] {logging_mixin.py:190} INFO - [2025-03-02T00:50:04.381+0000] {dag.py:4180} INFO - Setting next_dagrun for example_sensors to None, run_after=None
[2025-03-02T00:50:04.395+0000] {processor.py:208} INFO - Processing /home/airflow/.local/lib/python3.12/site-packages/airflow/example_dags/example_sensors.py took 0.062 seconds
[2025-03-02T00:50:35.523+0000] {processor.py:186} INFO - Started process (PID=671) to work on /home/airflow/.local/lib/python3.12/site-packages/airflow/example_dags/example_sensors.py
[2025-03-02T00:50:35.524+0000] {processor.py:914} INFO - Processing file /home/airflow/.local/lib/python3.12/site-packages/airflow/example_dags/example_sensors.py for tasks to queue
[2025-03-02T00:50:35.525+0000] {logging_mixin.py:190} INFO - [2025-03-02T00:50:35.525+0000] {dagbag.py:588} INFO - Filling up the DagBag from /home/airflow/.local/lib/python3.12/site-packages/airflow/example_dags/example_sensors.py
[2025-03-02T00:50:35.534+0000] {processor.py:925} INFO - DAG(s) 'example_sensors' retrieved from /home/airflow/.local/lib/python3.12/site-packages/airflow/example_dags/example_sensors.py
[2025-03-02T00:50:35.561+0000] {logging_mixin.py:190} INFO - [2025-03-02T00:50:35.560+0000] {dag.py:3239} INFO - Sync 1 DAGs
[2025-03-02T00:50:35.576+0000] {logging_mixin.py:190} INFO - [2025-03-02T00:50:35.575+0000] {dag.py:4180} INFO - Setting next_dagrun for example_sensors to None, run_after=None
[2025-03-02T00:50:35.593+0000] {processor.py:208} INFO - Processing /home/airflow/.local/lib/python3.12/site-packages/airflow/example_dags/example_sensors.py took 0.074 seconds
[2025-03-02T00:51:06.645+0000] {processor.py:186} INFO - Started process (PID=735) to work on /home/airflow/.local/lib/python3.12/site-packages/airflow/example_dags/example_sensors.py
[2025-03-02T00:51:06.646+0000] {processor.py:914} INFO - Processing file /home/airflow/.local/lib/python3.12/site-packages/airflow/example_dags/example_sensors.py for tasks to queue
[2025-03-02T00:51:06.648+0000] {logging_mixin.py:190} INFO - [2025-03-02T00:51:06.648+0000] {dagbag.py:588} INFO - Filling up the DagBag from /home/airflow/.local/lib/python3.12/site-packages/airflow/example_dags/example_sensors.py
[2025-03-02T00:51:06.661+0000] {processor.py:925} INFO - DAG(s) 'example_sensors' retrieved from /home/airflow/.local/lib/python3.12/site-packages/airflow/example_dags/example_sensors.py
[2025-03-02T00:51:06.683+0000] {logging_mixin.py:190} INFO - [2025-03-02T00:51:06.681+0000] {dag.py:3239} INFO - Sync 1 DAGs
[2025-03-02T00:51:06.697+0000] {logging_mixin.py:190} INFO - [2025-03-02T00:51:06.697+0000] {dag.py:4180} INFO - Setting next_dagrun for example_sensors to None, run_after=None
[2025-03-02T00:51:06.715+0000] {processor.py:208} INFO - Processing /home/airflow/.local/lib/python3.12/site-packages/airflow/example_dags/example_sensors.py took 0.077 seconds
[2025-03-02T00:51:37.417+0000] {processor.py:186} INFO - Started process (PID=799) to work on /home/airflow/.local/lib/python3.12/site-packages/airflow/example_dags/example_sensors.py
[2025-03-02T00:51:37.418+0000] {processor.py:914} INFO - Processing file /home/airflow/.local/lib/python3.12/site-packages/airflow/example_dags/example_sensors.py for tasks to queue
[2025-03-02T00:51:37.420+0000] {logging_mixin.py:190} INFO - [2025-03-02T00:51:37.419+0000] {dagbag.py:588} INFO - Filling up the DagBag from /home/airflow/.local/lib/python3.12/site-packages/airflow/example_dags/example_sensors.py
[2025-03-02T00:51:37.428+0000] {processor.py:925} INFO - DAG(s) 'example_sensors' retrieved from /home/airflow/.local/lib/python3.12/site-packages/airflow/example_dags/example_sensors.py
[2025-03-02T00:51:37.448+0000] {logging_mixin.py:190} INFO - [2025-03-02T00:51:37.448+0000] {dag.py:3239} INFO - Sync 1 DAGs
[2025-03-02T00:51:37.462+0000] {logging_mixin.py:190} INFO - [2025-03-02T00:51:37.461+0000] {dag.py:4180} INFO - Setting next_dagrun for example_sensors to None, run_after=None
[2025-03-02T00:51:37.475+0000] {processor.py:208} INFO - Processing /home/airflow/.local/lib/python3.12/site-packages/airflow/example_dags/example_sensors.py took 0.062 seconds
[2025-03-02T00:52:08.171+0000] {processor.py:186} INFO - Started process (PID=863) to work on /home/airflow/.local/lib/python3.12/site-packages/airflow/example_dags/example_sensors.py
[2025-03-02T00:52:08.172+0000] {processor.py:914} INFO - Processing file /home/airflow/.local/lib/python3.12/site-packages/airflow/example_dags/example_sensors.py for tasks to queue
[2025-03-02T00:52:08.174+0000] {logging_mixin.py:190} INFO - [2025-03-02T00:52:08.173+0000] {dagbag.py:588} INFO - Filling up the DagBag from /home/airflow/.local/lib/python3.12/site-packages/airflow/example_dags/example_sensors.py
[2025-03-02T00:52:08.185+0000] {processor.py:925} INFO - DAG(s) 'example_sensors' retrieved from /home/airflow/.local/lib/python3.12/site-packages/airflow/example_dags/example_sensors.py
[2025-03-02T00:52:08.210+0000] {logging_mixin.py:190} INFO - [2025-03-02T00:52:08.210+0000] {dag.py:3239} INFO - Sync 1 DAGs
[2025-03-02T00:52:08.221+0000] {logging_mixin.py:190} INFO - [2025-03-02T00:52:08.221+0000] {dag.py:4180} INFO - Setting next_dagrun for example_sensors to None, run_after=None
[2025-03-02T00:52:08.235+0000] {processor.py:208} INFO - Processing /home/airflow/.local/lib/python3.12/site-packages/airflow/example_dags/example_sensors.py took 0.069 seconds
[2025-03-02T00:52:38.810+0000] {processor.py:186} INFO - Started process (PID=928) to work on /home/airflow/.local/lib/python3.12/site-packages/airflow/example_dags/example_sensors.py
[2025-03-02T00:52:38.810+0000] {processor.py:914} INFO - Processing file /home/airflow/.local/lib/python3.12/site-packages/airflow/example_dags/example_sensors.py for tasks to queue
[2025-03-02T00:52:38.812+0000] {logging_mixin.py:190} INFO - [2025-03-02T00:52:38.812+0000] {dagbag.py:588} INFO - Filling up the DagBag from /home/airflow/.local/lib/python3.12/site-packages/airflow/example_dags/example_sensors.py
[2025-03-02T00:52:38.820+0000] {processor.py:925} INFO - DAG(s) 'example_sensors' retrieved from /home/airflow/.local/lib/python3.12/site-packages/airflow/example_dags/example_sensors.py
[2025-03-02T00:52:38.840+0000] {logging_mixin.py:190} INFO - [2025-03-02T00:52:38.839+0000] {dag.py:3239} INFO - Sync 1 DAGs
[2025-03-02T00:52:38.850+0000] {logging_mixin.py:190} INFO - [2025-03-02T00:52:38.850+0000] {dag.py:4180} INFO - Setting next_dagrun for example_sensors to None, run_after=None
[2025-03-02T00:52:38.865+0000] {processor.py:208} INFO - Processing /home/airflow/.local/lib/python3.12/site-packages/airflow/example_dags/example_sensors.py took 0.059 seconds
[2025-03-02T00:53:09.402+0000] {processor.py:186} INFO - Started process (PID=991) to work on /home/airflow/.local/lib/python3.12/site-packages/airflow/example_dags/example_sensors.py
[2025-03-02T00:53:09.403+0000] {processor.py:914} INFO - Processing file /home/airflow/.local/lib/python3.12/site-packages/airflow/example_dags/example_sensors.py for tasks to queue
[2025-03-02T00:53:09.404+0000] {logging_mixin.py:190} INFO - [2025-03-02T00:53:09.404+0000] {dagbag.py:588} INFO - Filling up the DagBag from /home/airflow/.local/lib/python3.12/site-packages/airflow/example_dags/example_sensors.py
[2025-03-02T00:53:09.415+0000] {processor.py:925} INFO - DAG(s) 'example_sensors' retrieved from /home/airflow/.local/lib/python3.12/site-packages/airflow/example_dags/example_sensors.py
[2025-03-02T00:53:09.435+0000] {logging_mixin.py:190} INFO - [2025-03-02T00:53:09.435+0000] {dag.py:3239} INFO - Sync 1 DAGs
[2025-03-02T00:53:09.447+0000] {logging_mixin.py:190} INFO - [2025-03-02T00:53:09.447+0000] {dag.py:4180} INFO - Setting next_dagrun for example_sensors to None, run_after=None
[2025-03-02T00:53:09.462+0000] {processor.py:208} INFO - Processing /home/airflow/.local/lib/python3.12/site-packages/airflow/example_dags/example_sensors.py took 0.066 seconds
[2025-03-02T00:53:39.825+0000] {processor.py:186} INFO - Started process (PID=1055) to work on /home/airflow/.local/lib/python3.12/site-packages/airflow/example_dags/example_sensors.py
[2025-03-02T00:53:39.825+0000] {processor.py:914} INFO - Processing file /home/airflow/.local/lib/python3.12/site-packages/airflow/example_dags/example_sensors.py for tasks to queue
[2025-03-02T00:53:39.827+0000] {logging_mixin.py:190} INFO - [2025-03-02T00:53:39.827+0000] {dagbag.py:588} INFO - Filling up the DagBag from /home/airflow/.local/lib/python3.12/site-packages/airflow/example_dags/example_sensors.py
[2025-03-02T00:53:39.835+0000] {processor.py:925} INFO - DAG(s) 'example_sensors' retrieved from /home/airflow/.local/lib/python3.12/site-packages/airflow/example_dags/example_sensors.py
[2025-03-02T00:53:39.860+0000] {logging_mixin.py:190} INFO - [2025-03-02T00:53:39.860+0000] {dag.py:3239} INFO - Sync 1 DAGs
[2025-03-02T00:53:39.876+0000] {logging_mixin.py:190} INFO - [2025-03-02T00:53:39.876+0000] {dag.py:4180} INFO - Setting next_dagrun for example_sensors to None, run_after=None
[2025-03-02T00:53:39.892+0000] {processor.py:208} INFO - Processing /home/airflow/.local/lib/python3.12/site-packages/airflow/example_dags/example_sensors.py took 0.072 seconds
[2025-03-02T00:54:11.209+0000] {processor.py:186} INFO - Started process (PID=1119) to work on /home/airflow/.local/lib/python3.12/site-packages/airflow/example_dags/example_sensors.py
[2025-03-02T00:54:11.209+0000] {processor.py:914} INFO - Processing file /home/airflow/.local/lib/python3.12/site-packages/airflow/example_dags/example_sensors.py for tasks to queue
[2025-03-02T00:54:11.211+0000] {logging_mixin.py:190} INFO - [2025-03-02T00:54:11.211+0000] {dagbag.py:588} INFO - Filling up the DagBag from /home/airflow/.local/lib/python3.12/site-packages/airflow/example_dags/example_sensors.py
[2025-03-02T00:54:11.220+0000] {processor.py:925} INFO - DAG(s) 'example_sensors' retrieved from /home/airflow/.local/lib/python3.12/site-packages/airflow/example_dags/example_sensors.py
[2025-03-02T00:54:11.240+0000] {logging_mixin.py:190} INFO - [2025-03-02T00:54:11.240+0000] {dag.py:3239} INFO - Sync 1 DAGs
[2025-03-02T00:54:11.250+0000] {logging_mixin.py:190} INFO - [2025-03-02T00:54:11.250+0000] {dag.py:4180} INFO - Setting next_dagrun for example_sensors to None, run_after=None
[2025-03-02T00:54:11.265+0000] {processor.py:208} INFO - Processing /home/airflow/.local/lib/python3.12/site-packages/airflow/example_dags/example_sensors.py took 0.060 seconds
[2025-03-02T00:54:41.934+0000] {processor.py:186} INFO - Started process (PID=1183) to work on /home/airflow/.local/lib/python3.12/site-packages/airflow/example_dags/example_sensors.py
[2025-03-02T00:54:41.935+0000] {processor.py:914} INFO - Processing file /home/airflow/.local/lib/python3.12/site-packages/airflow/example_dags/example_sensors.py for tasks to queue
[2025-03-02T00:54:41.936+0000] {logging_mixin.py:190} INFO - [2025-03-02T00:54:41.936+0000] {dagbag.py:588} INFO - Filling up the DagBag from /home/airflow/.local/lib/python3.12/site-packages/airflow/example_dags/example_sensors.py
[2025-03-02T00:54:41.945+0000] {processor.py:925} INFO - DAG(s) 'example_sensors' retrieved from /home/airflow/.local/lib/python3.12/site-packages/airflow/example_dags/example_sensors.py
[2025-03-02T00:54:41.965+0000] {logging_mixin.py:190} INFO - [2025-03-02T00:54:41.965+0000] {dag.py:3239} INFO - Sync 1 DAGs
[2025-03-02T00:54:41.975+0000] {logging_mixin.py:190} INFO - [2025-03-02T00:54:41.975+0000] {dag.py:4180} INFO - Setting next_dagrun for example_sensors to None, run_after=None
[2025-03-02T00:54:41.988+0000] {processor.py:208} INFO - Processing /home/airflow/.local/lib/python3.12/site-packages/airflow/example_dags/example_sensors.py took 0.059 seconds
[2025-03-02T00:55:13.570+0000] {processor.py:186} INFO - Started process (PID=1247) to work on /home/airflow/.local/lib/python3.12/site-packages/airflow/example_dags/example_sensors.py
[2025-03-02T00:55:13.571+0000] {processor.py:914} INFO - Processing file /home/airflow/.local/lib/python3.12/site-packages/airflow/example_dags/example_sensors.py for tasks to queue
[2025-03-02T00:55:13.573+0000] {logging_mixin.py:190} INFO - [2025-03-02T00:55:13.572+0000] {dagbag.py:588} INFO - Filling up the DagBag from /home/airflow/.local/lib/python3.12/site-packages/airflow/example_dags/example_sensors.py
[2025-03-02T00:55:13.581+0000] {processor.py:925} INFO - DAG(s) 'example_sensors' retrieved from /home/airflow/.local/lib/python3.12/site-packages/airflow/example_dags/example_sensors.py
[2025-03-02T00:55:13.603+0000] {logging_mixin.py:190} INFO - [2025-03-02T00:55:13.603+0000] {dag.py:3239} INFO - Sync 1 DAGs
[2025-03-02T00:55:13.615+0000] {logging_mixin.py:190} INFO - [2025-03-02T00:55:13.615+0000] {dag.py:4180} INFO - Setting next_dagrun for example_sensors to None, run_after=None
[2025-03-02T00:55:13.629+0000] {processor.py:208} INFO - Processing /home/airflow/.local/lib/python3.12/site-packages/airflow/example_dags/example_sensors.py took 0.064 seconds
