[2025-03-02T00:45:58.067+0000] {processor.py:186} INFO - Started process (PID=115) to work on /home/airflow/.local/lib/python3.12/site-packages/airflow/example_dags/example_branch_operator_decorator.py
[2025-03-02T00:45:58.068+0000] {processor.py:914} INFO - Processing file /home/airflow/.local/lib/python3.12/site-packages/airflow/example_dags/example_branch_operator_decorator.py for tasks to queue
[2025-03-02T00:45:58.069+0000] {logging_mixin.py:190} INFO - [2025-03-02T00:45:58.069+0000] {dagbag.py:588} INFO - Filling up the DagBag from /home/airflow/.local/lib/python3.12/site-packages/airflow/example_dags/example_branch_operator_decorator.py
[2025-03-02T00:45:58.087+0000] {processor.py:925} INFO - DAG(s) 'example_branch_python_operator_decorator' retrieved from /home/airflow/.local/lib/python3.12/site-packages/airflow/example_dags/example_branch_operator_decorator.py
[2025-03-02T00:45:58.181+0000] {logging_mixin.py:190} INFO - [2025-03-02T00:45:58.180+0000] {override.py:1911} INFO - Created Permission View: can edit on DAG:example_branch_python_operator_decorator
[2025-03-02T00:45:58.191+0000] {logging_mixin.py:190} INFO - [2025-03-02T00:45:58.191+0000] {override.py:1911} INFO - Created Permission View: can read on DAG:example_branch_python_operator_decorator
[2025-03-02T00:45:58.198+0000] {logging_mixin.py:190} INFO - [2025-03-02T00:45:58.198+0000] {override.py:1911} INFO - Created Permission View: can delete on DAG:example_branch_python_operator_decorator
[2025-03-02T00:45:58.205+0000] {logging_mixin.py:190} INFO - [2025-03-02T00:45:58.205+0000] {override.py:1911} INFO - Created Permission View: menu access on DAG Run:example_branch_python_operator_decorator
[2025-03-02T00:45:58.211+0000] {logging_mixin.py:190} INFO - [2025-03-02T00:45:58.211+0000] {override.py:1911} INFO - Created Permission View: can read on DAG Run:example_branch_python_operator_decorator
[2025-03-02T00:45:58.218+0000] {logging_mixin.py:190} INFO - [2025-03-02T00:45:58.217+0000] {override.py:1911} INFO - Created Permission View: can delete on DAG Run:example_branch_python_operator_decorator
[2025-03-02T00:45:58.224+0000] {logging_mixin.py:190} INFO - [2025-03-02T00:45:58.224+0000] {override.py:1911} INFO - Created Permission View: can create on DAG Run:example_branch_python_operator_decorator
[2025-03-02T00:45:58.224+0000] {logging_mixin.py:190} INFO - [2025-03-02T00:45:58.224+0000] {dag.py:3239} INFO - Sync 1 DAGs
[2025-03-02T00:45:58.241+0000] {logging_mixin.py:190} INFO - [2025-03-02T00:45:58.240+0000] {dag.py:3262} INFO - Creating ORM DAG for example_branch_python_operator_decorator
[2025-03-02T00:45:58.253+0000] {logging_mixin.py:190} INFO - [2025-03-02T00:45:58.253+0000] {dag.py:4180} INFO - Setting next_dagrun for example_branch_python_operator_decorator to 2025-03-01 00:00:00+00:00, run_after=2025-03-02 00:00:00+00:00
[2025-03-02T00:45:58.272+0000] {processor.py:208} INFO - Processing /home/airflow/.local/lib/python3.12/site-packages/airflow/example_dags/example_branch_operator_decorator.py took 0.209 seconds
[2025-03-02T00:46:28.854+0000] {processor.py:186} INFO - Started process (PID=179) to work on /home/airflow/.local/lib/python3.12/site-packages/airflow/example_dags/example_branch_operator_decorator.py
[2025-03-02T00:46:28.855+0000] {processor.py:914} INFO - Processing file /home/airflow/.local/lib/python3.12/site-packages/airflow/example_dags/example_branch_operator_decorator.py for tasks to queue
[2025-03-02T00:46:28.857+0000] {logging_mixin.py:190} INFO - [2025-03-02T00:46:28.856+0000] {dagbag.py:588} INFO - Filling up the DagBag from /home/airflow/.local/lib/python3.12/site-packages/airflow/example_dags/example_branch_operator_decorator.py
[2025-03-02T00:46:28.874+0000] {processor.py:925} INFO - DAG(s) 'example_branch_python_operator_decorator' retrieved from /home/airflow/.local/lib/python3.12/site-packages/airflow/example_dags/example_branch_operator_decorator.py
[2025-03-02T00:46:28.896+0000] {logging_mixin.py:190} INFO - [2025-03-02T00:46:28.896+0000] {dag.py:3239} INFO - Sync 1 DAGs
[2025-03-02T00:46:28.916+0000] {logging_mixin.py:190} INFO - [2025-03-02T00:46:28.916+0000] {dag.py:4180} INFO - Setting next_dagrun for example_branch_python_operator_decorator to 2025-03-01 00:00:00+00:00, run_after=2025-03-02 00:00:00+00:00
[2025-03-02T00:46:28.929+0000] {processor.py:208} INFO - Processing /home/airflow/.local/lib/python3.12/site-packages/airflow/example_dags/example_branch_operator_decorator.py took 0.079 seconds
[2025-03-02T00:46:59.442+0000] {processor.py:186} INFO - Started process (PID=242) to work on /home/airflow/.local/lib/python3.12/site-packages/airflow/example_dags/example_branch_operator_decorator.py
[2025-03-02T00:46:59.443+0000] {processor.py:914} INFO - Processing file /home/airflow/.local/lib/python3.12/site-packages/airflow/example_dags/example_branch_operator_decorator.py for tasks to queue
[2025-03-02T00:46:59.444+0000] {logging_mixin.py:190} INFO - [2025-03-02T00:46:59.444+0000] {dagbag.py:588} INFO - Filling up the DagBag from /home/airflow/.local/lib/python3.12/site-packages/airflow/example_dags/example_branch_operator_decorator.py
[2025-03-02T00:46:59.461+0000] {processor.py:925} INFO - DAG(s) 'example_branch_python_operator_decorator' retrieved from /home/airflow/.local/lib/python3.12/site-packages/airflow/example_dags/example_branch_operator_decorator.py
[2025-03-02T00:46:59.490+0000] {logging_mixin.py:190} INFO - [2025-03-02T00:46:59.490+0000] {dag.py:3239} INFO - Sync 1 DAGs
[2025-03-02T00:46:59.513+0000] {logging_mixin.py:190} INFO - [2025-03-02T00:46:59.513+0000] {dag.py:4180} INFO - Setting next_dagrun for example_branch_python_operator_decorator to 2025-03-01 00:00:00+00:00, run_after=2025-03-02 00:00:00+00:00
[2025-03-02T00:46:59.527+0000] {processor.py:208} INFO - Processing /home/airflow/.local/lib/python3.12/site-packages/airflow/example_dags/example_branch_operator_decorator.py took 0.089 seconds
[2025-03-02T00:47:30.113+0000] {processor.py:186} INFO - Started process (PID=305) to work on /home/airflow/.local/lib/python3.12/site-packages/airflow/example_dags/example_branch_operator_decorator.py
[2025-03-02T00:47:30.114+0000] {processor.py:914} INFO - Processing file /home/airflow/.local/lib/python3.12/site-packages/airflow/example_dags/example_branch_operator_decorator.py for tasks to queue
[2025-03-02T00:47:30.116+0000] {logging_mixin.py:190} INFO - [2025-03-02T00:47:30.115+0000] {dagbag.py:588} INFO - Filling up the DagBag from /home/airflow/.local/lib/python3.12/site-packages/airflow/example_dags/example_branch_operator_decorator.py
[2025-03-02T00:47:30.132+0000] {processor.py:925} INFO - DAG(s) 'example_branch_python_operator_decorator' retrieved from /home/airflow/.local/lib/python3.12/site-packages/airflow/example_dags/example_branch_operator_decorator.py
[2025-03-02T00:47:30.159+0000] {logging_mixin.py:190} INFO - [2025-03-02T00:47:30.159+0000] {dag.py:3239} INFO - Sync 1 DAGs
[2025-03-02T00:47:30.182+0000] {logging_mixin.py:190} INFO - [2025-03-02T00:47:30.181+0000] {dag.py:4180} INFO - Setting next_dagrun for example_branch_python_operator_decorator to 2025-03-01 00:00:00+00:00, run_after=2025-03-02 00:00:00+00:00
[2025-03-02T00:47:30.195+0000] {processor.py:208} INFO - Processing /home/airflow/.local/lib/python3.12/site-packages/airflow/example_dags/example_branch_operator_decorator.py took 0.085 seconds
[2025-03-02T00:48:01.378+0000] {processor.py:186} INFO - Started process (PID=368) to work on /home/airflow/.local/lib/python3.12/site-packages/airflow/example_dags/example_branch_operator_decorator.py
[2025-03-02T00:48:01.379+0000] {processor.py:914} INFO - Processing file /home/airflow/.local/lib/python3.12/site-packages/airflow/example_dags/example_branch_operator_decorator.py for tasks to queue
[2025-03-02T00:48:01.381+0000] {logging_mixin.py:190} INFO - [2025-03-02T00:48:01.381+0000] {dagbag.py:588} INFO - Filling up the DagBag from /home/airflow/.local/lib/python3.12/site-packages/airflow/example_dags/example_branch_operator_decorator.py
[2025-03-02T00:48:01.399+0000] {processor.py:925} INFO - DAG(s) 'example_branch_python_operator_decorator' retrieved from /home/airflow/.local/lib/python3.12/site-packages/airflow/example_dags/example_branch_operator_decorator.py
[2025-03-02T00:48:01.428+0000] {logging_mixin.py:190} INFO - [2025-03-02T00:48:01.427+0000] {dag.py:3239} INFO - Sync 1 DAGs
[2025-03-02T00:48:01.451+0000] {logging_mixin.py:190} INFO - [2025-03-02T00:48:01.451+0000] {dag.py:4180} INFO - Setting next_dagrun for example_branch_python_operator_decorator to 2025-03-01 00:00:00+00:00, run_after=2025-03-02 00:00:00+00:00
[2025-03-02T00:48:01.465+0000] {processor.py:208} INFO - Processing /home/airflow/.local/lib/python3.12/site-packages/airflow/example_dags/example_branch_operator_decorator.py took 0.092 seconds
[2025-03-02T00:48:32.514+0000] {processor.py:186} INFO - Started process (PID=431) to work on /home/airflow/.local/lib/python3.12/site-packages/airflow/example_dags/example_branch_operator_decorator.py
[2025-03-02T00:48:32.515+0000] {processor.py:914} INFO - Processing file /home/airflow/.local/lib/python3.12/site-packages/airflow/example_dags/example_branch_operator_decorator.py for tasks to queue
[2025-03-02T00:48:32.516+0000] {logging_mixin.py:190} INFO - [2025-03-02T00:48:32.516+0000] {dagbag.py:588} INFO - Filling up the DagBag from /home/airflow/.local/lib/python3.12/site-packages/airflow/example_dags/example_branch_operator_decorator.py
[2025-03-02T00:48:32.534+0000] {processor.py:925} INFO - DAG(s) 'example_branch_python_operator_decorator' retrieved from /home/airflow/.local/lib/python3.12/site-packages/airflow/example_dags/example_branch_operator_decorator.py
[2025-03-02T00:48:32.559+0000] {logging_mixin.py:190} INFO - [2025-03-02T00:48:32.559+0000] {dag.py:3239} INFO - Sync 1 DAGs
[2025-03-02T00:48:32.579+0000] {logging_mixin.py:190} INFO - [2025-03-02T00:48:32.579+0000] {dag.py:4180} INFO - Setting next_dagrun for example_branch_python_operator_decorator to 2025-03-01 00:00:00+00:00, run_after=2025-03-02 00:00:00+00:00
[2025-03-02T00:48:32.592+0000] {processor.py:208} INFO - Processing /home/airflow/.local/lib/python3.12/site-packages/airflow/example_dags/example_branch_operator_decorator.py took 0.082 seconds
[2025-03-02T00:49:03.747+0000] {processor.py:186} INFO - Started process (PID=495) to work on /home/airflow/.local/lib/python3.12/site-packages/airflow/example_dags/example_branch_operator_decorator.py
[2025-03-02T00:49:03.748+0000] {processor.py:914} INFO - Processing file /home/airflow/.local/lib/python3.12/site-packages/airflow/example_dags/example_branch_operator_decorator.py for tasks to queue
[2025-03-02T00:49:03.750+0000] {logging_mixin.py:190} INFO - [2025-03-02T00:49:03.750+0000] {dagbag.py:588} INFO - Filling up the DagBag from /home/airflow/.local/lib/python3.12/site-packages/airflow/example_dags/example_branch_operator_decorator.py
[2025-03-02T00:49:03.770+0000] {processor.py:925} INFO - DAG(s) 'example_branch_python_operator_decorator' retrieved from /home/airflow/.local/lib/python3.12/site-packages/airflow/example_dags/example_branch_operator_decorator.py
[2025-03-02T00:49:03.792+0000] {logging_mixin.py:190} INFO - [2025-03-02T00:49:03.792+0000] {dag.py:3239} INFO - Sync 1 DAGs
[2025-03-02T00:49:03.812+0000] {logging_mixin.py:190} INFO - [2025-03-02T00:49:03.812+0000] {dag.py:4180} INFO - Setting next_dagrun for example_branch_python_operator_decorator to 2025-03-01 00:00:00+00:00, run_after=2025-03-02 00:00:00+00:00
[2025-03-02T00:49:03.828+0000] {processor.py:208} INFO - Processing /home/airflow/.local/lib/python3.12/site-packages/airflow/example_dags/example_branch_operator_decorator.py took 0.088 seconds
[2025-03-02T00:49:34.626+0000] {processor.py:186} INFO - Started process (PID=559) to work on /home/airflow/.local/lib/python3.12/site-packages/airflow/example_dags/example_branch_operator_decorator.py
[2025-03-02T00:49:34.627+0000] {processor.py:914} INFO - Processing file /home/airflow/.local/lib/python3.12/site-packages/airflow/example_dags/example_branch_operator_decorator.py for tasks to queue
[2025-03-02T00:49:34.629+0000] {logging_mixin.py:190} INFO - [2025-03-02T00:49:34.628+0000] {dagbag.py:588} INFO - Filling up the DagBag from /home/airflow/.local/lib/python3.12/site-packages/airflow/example_dags/example_branch_operator_decorator.py
[2025-03-02T00:49:34.645+0000] {processor.py:925} INFO - DAG(s) 'example_branch_python_operator_decorator' retrieved from /home/airflow/.local/lib/python3.12/site-packages/airflow/example_dags/example_branch_operator_decorator.py
[2025-03-02T00:49:34.666+0000] {logging_mixin.py:190} INFO - [2025-03-02T00:49:34.666+0000] {dag.py:3239} INFO - Sync 1 DAGs
[2025-03-02T00:49:34.692+0000] {logging_mixin.py:190} INFO - [2025-03-02T00:49:34.692+0000] {dag.py:4180} INFO - Setting next_dagrun for example_branch_python_operator_decorator to 2025-03-01 00:00:00+00:00, run_after=2025-03-02 00:00:00+00:00
[2025-03-02T00:49:34.708+0000] {processor.py:208} INFO - Processing /home/airflow/.local/lib/python3.12/site-packages/airflow/example_dags/example_branch_operator_decorator.py took 0.086 seconds
[2025-03-02T00:50:05.168+0000] {processor.py:186} INFO - Started process (PID=622) to work on /home/airflow/.local/lib/python3.12/site-packages/airflow/example_dags/example_branch_operator_decorator.py
[2025-03-02T00:50:05.169+0000] {processor.py:914} INFO - Processing file /home/airflow/.local/lib/python3.12/site-packages/airflow/example_dags/example_branch_operator_decorator.py for tasks to queue
[2025-03-02T00:50:05.171+0000] {logging_mixin.py:190} INFO - [2025-03-02T00:50:05.170+0000] {dagbag.py:588} INFO - Filling up the DagBag from /home/airflow/.local/lib/python3.12/site-packages/airflow/example_dags/example_branch_operator_decorator.py
[2025-03-02T00:50:05.187+0000] {processor.py:925} INFO - DAG(s) 'example_branch_python_operator_decorator' retrieved from /home/airflow/.local/lib/python3.12/site-packages/airflow/example_dags/example_branch_operator_decorator.py
[2025-03-02T00:50:05.208+0000] {logging_mixin.py:190} INFO - [2025-03-02T00:50:05.208+0000] {dag.py:3239} INFO - Sync 1 DAGs
[2025-03-02T00:50:05.226+0000] {logging_mixin.py:190} INFO - [2025-03-02T00:50:05.226+0000] {dag.py:4180} INFO - Setting next_dagrun for example_branch_python_operator_decorator to 2025-03-01 00:00:00+00:00, run_after=2025-03-02 00:00:00+00:00
[2025-03-02T00:50:05.238+0000] {processor.py:208} INFO - Processing /home/airflow/.local/lib/python3.12/site-packages/airflow/example_dags/example_branch_operator_decorator.py took 0.074 seconds
[2025-03-02T00:50:36.612+0000] {processor.py:186} INFO - Started process (PID=685) to work on /home/airflow/.local/lib/python3.12/site-packages/airflow/example_dags/example_branch_operator_decorator.py
[2025-03-02T00:50:36.612+0000] {processor.py:914} INFO - Processing file /home/airflow/.local/lib/python3.12/site-packages/airflow/example_dags/example_branch_operator_decorator.py for tasks to queue
[2025-03-02T00:50:36.615+0000] {logging_mixin.py:190} INFO - [2025-03-02T00:50:36.614+0000] {dagbag.py:588} INFO - Filling up the DagBag from /home/airflow/.local/lib/python3.12/site-packages/airflow/example_dags/example_branch_operator_decorator.py
[2025-03-02T00:50:36.638+0000] {processor.py:925} INFO - DAG(s) 'example_branch_python_operator_decorator' retrieved from /home/airflow/.local/lib/python3.12/site-packages/airflow/example_dags/example_branch_operator_decorator.py
[2025-03-02T00:50:36.663+0000] {logging_mixin.py:190} INFO - [2025-03-02T00:50:36.663+0000] {dag.py:3239} INFO - Sync 1 DAGs
[2025-03-02T00:50:36.684+0000] {logging_mixin.py:190} INFO - [2025-03-02T00:50:36.684+0000] {dag.py:4180} INFO - Setting next_dagrun for example_branch_python_operator_decorator to 2025-03-01 00:00:00+00:00, run_after=2025-03-02 00:00:00+00:00
[2025-03-02T00:50:36.698+0000] {processor.py:208} INFO - Processing /home/airflow/.local/lib/python3.12/site-packages/airflow/example_dags/example_branch_operator_decorator.py took 0.092 seconds
[2025-03-02T00:51:07.842+0000] {processor.py:186} INFO - Started process (PID=749) to work on /home/airflow/.local/lib/python3.12/site-packages/airflow/example_dags/example_branch_operator_decorator.py
[2025-03-02T00:51:07.843+0000] {processor.py:914} INFO - Processing file /home/airflow/.local/lib/python3.12/site-packages/airflow/example_dags/example_branch_operator_decorator.py for tasks to queue
[2025-03-02T00:51:07.845+0000] {logging_mixin.py:190} INFO - [2025-03-02T00:51:07.845+0000] {dagbag.py:588} INFO - Filling up the DagBag from /home/airflow/.local/lib/python3.12/site-packages/airflow/example_dags/example_branch_operator_decorator.py
[2025-03-02T00:51:07.867+0000] {processor.py:925} INFO - DAG(s) 'example_branch_python_operator_decorator' retrieved from /home/airflow/.local/lib/python3.12/site-packages/airflow/example_dags/example_branch_operator_decorator.py
[2025-03-02T00:51:07.897+0000] {logging_mixin.py:190} INFO - [2025-03-02T00:51:07.897+0000] {dag.py:3239} INFO - Sync 1 DAGs
[2025-03-02T00:51:07.923+0000] {logging_mixin.py:190} INFO - [2025-03-02T00:51:07.923+0000] {dag.py:4180} INFO - Setting next_dagrun for example_branch_python_operator_decorator to 2025-03-01 00:00:00+00:00, run_after=2025-03-02 00:00:00+00:00
[2025-03-02T00:51:07.947+0000] {processor.py:208} INFO - Processing /home/airflow/.local/lib/python3.12/site-packages/airflow/example_dags/example_branch_operator_decorator.py took 0.110 seconds
[2025-03-02T00:51:38.540+0000] {processor.py:186} INFO - Started process (PID=813) to work on /home/airflow/.local/lib/python3.12/site-packages/airflow/example_dags/example_branch_operator_decorator.py
[2025-03-02T00:51:38.541+0000] {processor.py:914} INFO - Processing file /home/airflow/.local/lib/python3.12/site-packages/airflow/example_dags/example_branch_operator_decorator.py for tasks to queue
[2025-03-02T00:51:38.542+0000] {logging_mixin.py:190} INFO - [2025-03-02T00:51:38.542+0000] {dagbag.py:588} INFO - Filling up the DagBag from /home/airflow/.local/lib/python3.12/site-packages/airflow/example_dags/example_branch_operator_decorator.py
[2025-03-02T00:51:38.564+0000] {processor.py:925} INFO - DAG(s) 'example_branch_python_operator_decorator' retrieved from /home/airflow/.local/lib/python3.12/site-packages/airflow/example_dags/example_branch_operator_decorator.py
[2025-03-02T00:51:38.603+0000] {logging_mixin.py:190} INFO - [2025-03-02T00:51:38.602+0000] {dag.py:3239} INFO - Sync 1 DAGs
[2025-03-02T00:51:38.630+0000] {logging_mixin.py:190} INFO - [2025-03-02T00:51:38.629+0000] {dag.py:4180} INFO - Setting next_dagrun for example_branch_python_operator_decorator to 2025-03-01 00:00:00+00:00, run_after=2025-03-02 00:00:00+00:00
[2025-03-02T00:51:38.644+0000] {processor.py:208} INFO - Processing /home/airflow/.local/lib/python3.12/site-packages/airflow/example_dags/example_branch_operator_decorator.py took 0.107 seconds
[2025-03-02T00:52:08.921+0000] {processor.py:186} INFO - Started process (PID=877) to work on /home/airflow/.local/lib/python3.12/site-packages/airflow/example_dags/example_branch_operator_decorator.py
[2025-03-02T00:52:08.922+0000] {processor.py:914} INFO - Processing file /home/airflow/.local/lib/python3.12/site-packages/airflow/example_dags/example_branch_operator_decorator.py for tasks to queue
[2025-03-02T00:52:08.923+0000] {logging_mixin.py:190} INFO - [2025-03-02T00:52:08.923+0000] {dagbag.py:588} INFO - Filling up the DagBag from /home/airflow/.local/lib/python3.12/site-packages/airflow/example_dags/example_branch_operator_decorator.py
[2025-03-02T00:52:08.940+0000] {processor.py:925} INFO - DAG(s) 'example_branch_python_operator_decorator' retrieved from /home/airflow/.local/lib/python3.12/site-packages/airflow/example_dags/example_branch_operator_decorator.py
[2025-03-02T00:52:08.962+0000] {logging_mixin.py:190} INFO - [2025-03-02T00:52:08.962+0000] {dag.py:3239} INFO - Sync 1 DAGs
[2025-03-02T00:52:08.980+0000] {logging_mixin.py:190} INFO - [2025-03-02T00:52:08.980+0000] {dag.py:4180} INFO - Setting next_dagrun for example_branch_python_operator_decorator to 2025-03-01 00:00:00+00:00, run_after=2025-03-02 00:00:00+00:00
[2025-03-02T00:52:08.994+0000] {processor.py:208} INFO - Processing /home/airflow/.local/lib/python3.12/site-packages/airflow/example_dags/example_branch_operator_decorator.py took 0.078 seconds
[2025-03-02T00:52:39.854+0000] {processor.py:186} INFO - Started process (PID=942) to work on /home/airflow/.local/lib/python3.12/site-packages/airflow/example_dags/example_branch_operator_decorator.py
[2025-03-02T00:52:39.855+0000] {processor.py:914} INFO - Processing file /home/airflow/.local/lib/python3.12/site-packages/airflow/example_dags/example_branch_operator_decorator.py for tasks to queue
[2025-03-02T00:52:39.857+0000] {logging_mixin.py:190} INFO - [2025-03-02T00:52:39.856+0000] {dagbag.py:588} INFO - Filling up the DagBag from /home/airflow/.local/lib/python3.12/site-packages/airflow/example_dags/example_branch_operator_decorator.py
[2025-03-02T00:52:39.879+0000] {processor.py:925} INFO - DAG(s) 'example_branch_python_operator_decorator' retrieved from /home/airflow/.local/lib/python3.12/site-packages/airflow/example_dags/example_branch_operator_decorator.py
[2025-03-02T00:52:39.909+0000] {logging_mixin.py:190} INFO - [2025-03-02T00:52:39.909+0000] {dag.py:3239} INFO - Sync 1 DAGs
[2025-03-02T00:52:39.931+0000] {logging_mixin.py:190} INFO - [2025-03-02T00:52:39.931+0000] {dag.py:4180} INFO - Setting next_dagrun for example_branch_python_operator_decorator to 2025-03-01 00:00:00+00:00, run_after=2025-03-02 00:00:00+00:00
[2025-03-02T00:52:39.945+0000] {processor.py:208} INFO - Processing /home/airflow/.local/lib/python3.12/site-packages/airflow/example_dags/example_branch_operator_decorator.py took 0.096 seconds
[2025-03-02T00:53:10.393+0000] {processor.py:186} INFO - Started process (PID=1005) to work on /home/airflow/.local/lib/python3.12/site-packages/airflow/example_dags/example_branch_operator_decorator.py
[2025-03-02T00:53:10.393+0000] {processor.py:914} INFO - Processing file /home/airflow/.local/lib/python3.12/site-packages/airflow/example_dags/example_branch_operator_decorator.py for tasks to queue
[2025-03-02T00:53:10.395+0000] {logging_mixin.py:190} INFO - [2025-03-02T00:53:10.395+0000] {dagbag.py:588} INFO - Filling up the DagBag from /home/airflow/.local/lib/python3.12/site-packages/airflow/example_dags/example_branch_operator_decorator.py
[2025-03-02T00:53:10.411+0000] {processor.py:925} INFO - DAG(s) 'example_branch_python_operator_decorator' retrieved from /home/airflow/.local/lib/python3.12/site-packages/airflow/example_dags/example_branch_operator_decorator.py
[2025-03-02T00:53:10.433+0000] {logging_mixin.py:190} INFO - [2025-03-02T00:53:10.433+0000] {dag.py:3239} INFO - Sync 1 DAGs
[2025-03-02T00:53:10.451+0000] {logging_mixin.py:190} INFO - [2025-03-02T00:53:10.451+0000] {dag.py:4180} INFO - Setting next_dagrun for example_branch_python_operator_decorator to 2025-03-01 00:00:00+00:00, run_after=2025-03-02 00:00:00+00:00
[2025-03-02T00:53:10.464+0000] {processor.py:208} INFO - Processing /home/airflow/.local/lib/python3.12/site-packages/airflow/example_dags/example_branch_operator_decorator.py took 0.076 seconds
[2025-03-02T00:53:40.906+0000] {processor.py:186} INFO - Started process (PID=1069) to work on /home/airflow/.local/lib/python3.12/site-packages/airflow/example_dags/example_branch_operator_decorator.py
[2025-03-02T00:53:40.907+0000] {processor.py:914} INFO - Processing file /home/airflow/.local/lib/python3.12/site-packages/airflow/example_dags/example_branch_operator_decorator.py for tasks to queue
[2025-03-02T00:53:40.909+0000] {logging_mixin.py:190} INFO - [2025-03-02T00:53:40.908+0000] {dagbag.py:588} INFO - Filling up the DagBag from /home/airflow/.local/lib/python3.12/site-packages/airflow/example_dags/example_branch_operator_decorator.py
[2025-03-02T00:53:40.925+0000] {processor.py:925} INFO - DAG(s) 'example_branch_python_operator_decorator' retrieved from /home/airflow/.local/lib/python3.12/site-packages/airflow/example_dags/example_branch_operator_decorator.py
[2025-03-02T00:53:40.955+0000] {logging_mixin.py:190} INFO - [2025-03-02T00:53:40.955+0000] {dag.py:3239} INFO - Sync 1 DAGs
[2025-03-02T00:53:40.980+0000] {logging_mixin.py:190} INFO - [2025-03-02T00:53:40.980+0000] {dag.py:4180} INFO - Setting next_dagrun for example_branch_python_operator_decorator to 2025-03-01 00:00:00+00:00, run_after=2025-03-02 00:00:00+00:00
[2025-03-02T00:53:40.996+0000] {processor.py:208} INFO - Processing /home/airflow/.local/lib/python3.12/site-packages/airflow/example_dags/example_branch_operator_decorator.py took 0.094 seconds
[2025-03-02T00:54:12.057+0000] {processor.py:186} INFO - Started process (PID=1133) to work on /home/airflow/.local/lib/python3.12/site-packages/airflow/example_dags/example_branch_operator_decorator.py
[2025-03-02T00:54:12.057+0000] {processor.py:914} INFO - Processing file /home/airflow/.local/lib/python3.12/site-packages/airflow/example_dags/example_branch_operator_decorator.py for tasks to queue
[2025-03-02T00:54:12.059+0000] {logging_mixin.py:190} INFO - [2025-03-02T00:54:12.059+0000] {dagbag.py:588} INFO - Filling up the DagBag from /home/airflow/.local/lib/python3.12/site-packages/airflow/example_dags/example_branch_operator_decorator.py
[2025-03-02T00:54:12.080+0000] {processor.py:925} INFO - DAG(s) 'example_branch_python_operator_decorator' retrieved from /home/airflow/.local/lib/python3.12/site-packages/airflow/example_dags/example_branch_operator_decorator.py
[2025-03-02T00:54:12.102+0000] {logging_mixin.py:190} INFO - [2025-03-02T00:54:12.102+0000] {dag.py:3239} INFO - Sync 1 DAGs
[2025-03-02T00:54:12.121+0000] {logging_mixin.py:190} INFO - [2025-03-02T00:54:12.120+0000] {dag.py:4180} INFO - Setting next_dagrun for example_branch_python_operator_decorator to 2025-03-01 00:00:00+00:00, run_after=2025-03-02 00:00:00+00:00
[2025-03-02T00:54:12.135+0000] {processor.py:208} INFO - Processing /home/airflow/.local/lib/python3.12/site-packages/airflow/example_dags/example_branch_operator_decorator.py took 0.084 seconds
[2025-03-02T00:54:42.649+0000] {processor.py:186} INFO - Started process (PID=1197) to work on /home/airflow/.local/lib/python3.12/site-packages/airflow/example_dags/example_branch_operator_decorator.py
[2025-03-02T00:54:42.649+0000] {processor.py:914} INFO - Processing file /home/airflow/.local/lib/python3.12/site-packages/airflow/example_dags/example_branch_operator_decorator.py for tasks to queue
[2025-03-02T00:54:42.651+0000] {logging_mixin.py:190} INFO - [2025-03-02T00:54:42.651+0000] {dagbag.py:588} INFO - Filling up the DagBag from /home/airflow/.local/lib/python3.12/site-packages/airflow/example_dags/example_branch_operator_decorator.py
[2025-03-02T00:54:42.667+0000] {processor.py:925} INFO - DAG(s) 'example_branch_python_operator_decorator' retrieved from /home/airflow/.local/lib/python3.12/site-packages/airflow/example_dags/example_branch_operator_decorator.py
[2025-03-02T00:54:42.698+0000] {logging_mixin.py:190} INFO - [2025-03-02T00:54:42.697+0000] {dag.py:3239} INFO - Sync 1 DAGs
[2025-03-02T00:54:42.724+0000] {logging_mixin.py:190} INFO - [2025-03-02T00:54:42.724+0000] {dag.py:4180} INFO - Setting next_dagrun for example_branch_python_operator_decorator to 2025-03-01 00:00:00+00:00, run_after=2025-03-02 00:00:00+00:00
[2025-03-02T00:54:42.740+0000] {processor.py:208} INFO - Processing /home/airflow/.local/lib/python3.12/site-packages/airflow/example_dags/example_branch_operator_decorator.py took 0.095 seconds
