[2025-03-02T00:45:52.827+0000] {processor.py:186} INFO - Started process (PID=85) to work on /home/airflow/.local/lib/python3.12/site-packages/airflow/example_dags/example_branch_labels.py
[2025-03-02T00:45:52.828+0000] {processor.py:914} INFO - Processing file /home/airflow/.local/lib/python3.12/site-packages/airflow/example_dags/example_branch_labels.py for tasks to queue
[2025-03-02T00:45:52.831+0000] {logging_mixin.py:190} INFO - [2025-03-02T00:45:52.831+0000] {dagbag.py:588} INFO - Filling up the DagBag from /home/airflow/.local/lib/python3.12/site-packages/airflow/example_dags/example_branch_labels.py
[2025-03-02T00:45:52.840+0000] {processor.py:925} INFO - DAG(s) 'example_branch_labels' retrieved from /home/airflow/.local/lib/python3.12/site-packages/airflow/example_dags/example_branch_labels.py
[2025-03-02T00:45:52.936+0000] {logging_mixin.py:190} INFO - [2025-03-02T00:45:52.936+0000] {override.py:1911} INFO - Created Permission View: can edit on DAG:example_branch_labels
[2025-03-02T00:45:52.943+0000] {logging_mixin.py:190} INFO - [2025-03-02T00:45:52.943+0000] {override.py:1911} INFO - Created Permission View: can read on DAG:example_branch_labels
[2025-03-02T00:45:52.947+0000] {logging_mixin.py:190} INFO - [2025-03-02T00:45:52.947+0000] {override.py:1911} INFO - Created Permission View: can delete on DAG:example_branch_labels
[2025-03-02T00:45:52.952+0000] {logging_mixin.py:190} INFO - [2025-03-02T00:45:52.952+0000] {override.py:1911} INFO - Created Permission View: menu access on DAG Run:example_branch_labels
[2025-03-02T00:45:52.956+0000] {logging_mixin.py:190} INFO - [2025-03-02T00:45:52.956+0000] {override.py:1911} INFO - Created Permission View: can read on DAG Run:example_branch_labels
[2025-03-02T00:45:52.960+0000] {logging_mixin.py:190} INFO - [2025-03-02T00:45:52.960+0000] {override.py:1911} INFO - Created Permission View: can delete on DAG Run:example_branch_labels
[2025-03-02T00:45:52.965+0000] {logging_mixin.py:190} INFO - [2025-03-02T00:45:52.964+0000] {override.py:1911} INFO - Created Permission View: can create on DAG Run:example_branch_labels
[2025-03-02T00:45:52.965+0000] {logging_mixin.py:190} INFO - [2025-03-02T00:45:52.965+0000] {dag.py:3239} INFO - Sync 1 DAGs
[2025-03-02T00:45:52.974+0000] {logging_mixin.py:190} INFO - [2025-03-02T00:45:52.974+0000] {dag.py:3262} INFO - Creating ORM DAG for example_branch_labels
[2025-03-02T00:45:52.982+0000] {logging_mixin.py:190} INFO - [2025-03-02T00:45:52.982+0000] {dag.py:4180} INFO - Setting next_dagrun for example_branch_labels to 2025-03-01 00:00:00+00:00, run_after=2025-03-02 00:00:00+00:00
[2025-03-02T00:45:52.992+0000] {processor.py:208} INFO - Processing /home/airflow/.local/lib/python3.12/site-packages/airflow/example_dags/example_branch_labels.py took 0.171 seconds
[2025-03-02T00:46:23.359+0000] {processor.py:186} INFO - Started process (PID=149) to work on /home/airflow/.local/lib/python3.12/site-packages/airflow/example_dags/example_branch_labels.py
[2025-03-02T00:46:23.359+0000] {processor.py:914} INFO - Processing file /home/airflow/.local/lib/python3.12/site-packages/airflow/example_dags/example_branch_labels.py for tasks to queue
[2025-03-02T00:46:23.361+0000] {logging_mixin.py:190} INFO - [2025-03-02T00:46:23.361+0000] {dagbag.py:588} INFO - Filling up the DagBag from /home/airflow/.local/lib/python3.12/site-packages/airflow/example_dags/example_branch_labels.py
[2025-03-02T00:46:23.368+0000] {processor.py:925} INFO - DAG(s) 'example_branch_labels' retrieved from /home/airflow/.local/lib/python3.12/site-packages/airflow/example_dags/example_branch_labels.py
[2025-03-02T00:46:23.388+0000] {logging_mixin.py:190} INFO - [2025-03-02T00:46:23.387+0000] {dag.py:3239} INFO - Sync 1 DAGs
[2025-03-02T00:46:23.410+0000] {logging_mixin.py:190} INFO - [2025-03-02T00:46:23.410+0000] {dag.py:4180} INFO - Setting next_dagrun for example_branch_labels to 2025-03-01 00:00:00+00:00, run_after=2025-03-02 00:00:00+00:00
[2025-03-02T00:46:23.423+0000] {processor.py:208} INFO - Processing /home/airflow/.local/lib/python3.12/site-packages/airflow/example_dags/example_branch_labels.py took 0.068 seconds
[2025-03-02T00:46:54.072+0000] {processor.py:186} INFO - Started process (PID=212) to work on /home/airflow/.local/lib/python3.12/site-packages/airflow/example_dags/example_branch_labels.py
[2025-03-02T00:46:54.073+0000] {processor.py:914} INFO - Processing file /home/airflow/.local/lib/python3.12/site-packages/airflow/example_dags/example_branch_labels.py for tasks to queue
[2025-03-02T00:46:54.075+0000] {logging_mixin.py:190} INFO - [2025-03-02T00:46:54.074+0000] {dagbag.py:588} INFO - Filling up the DagBag from /home/airflow/.local/lib/python3.12/site-packages/airflow/example_dags/example_branch_labels.py
[2025-03-02T00:46:54.082+0000] {processor.py:925} INFO - DAG(s) 'example_branch_labels' retrieved from /home/airflow/.local/lib/python3.12/site-packages/airflow/example_dags/example_branch_labels.py
[2025-03-02T00:46:54.098+0000] {logging_mixin.py:190} INFO - [2025-03-02T00:46:54.098+0000] {dag.py:3239} INFO - Sync 1 DAGs
[2025-03-02T00:46:54.118+0000] {logging_mixin.py:190} INFO - [2025-03-02T00:46:54.118+0000] {dag.py:4180} INFO - Setting next_dagrun for example_branch_labels to 2025-03-01 00:00:00+00:00, run_after=2025-03-02 00:00:00+00:00
[2025-03-02T00:46:54.131+0000] {processor.py:208} INFO - Processing /home/airflow/.local/lib/python3.12/site-packages/airflow/example_dags/example_branch_labels.py took 0.063 seconds
[2025-03-02T00:47:24.225+0000] {processor.py:186} INFO - Started process (PID=274) to work on /home/airflow/.local/lib/python3.12/site-packages/airflow/example_dags/example_branch_labels.py
[2025-03-02T00:47:24.225+0000] {processor.py:914} INFO - Processing file /home/airflow/.local/lib/python3.12/site-packages/airflow/example_dags/example_branch_labels.py for tasks to queue
[2025-03-02T00:47:24.227+0000] {logging_mixin.py:190} INFO - [2025-03-02T00:47:24.227+0000] {dagbag.py:588} INFO - Filling up the DagBag from /home/airflow/.local/lib/python3.12/site-packages/airflow/example_dags/example_branch_labels.py
[2025-03-02T00:47:24.234+0000] {processor.py:925} INFO - DAG(s) 'example_branch_labels' retrieved from /home/airflow/.local/lib/python3.12/site-packages/airflow/example_dags/example_branch_labels.py
[2025-03-02T00:47:24.262+0000] {logging_mixin.py:190} INFO - [2025-03-02T00:47:24.262+0000] {dag.py:3239} INFO - Sync 1 DAGs
[2025-03-02T00:47:24.288+0000] {logging_mixin.py:190} INFO - [2025-03-02T00:47:24.288+0000] {dag.py:4180} INFO - Setting next_dagrun for example_branch_labels to 2025-03-01 00:00:00+00:00, run_after=2025-03-02 00:00:00+00:00
[2025-03-02T00:47:24.305+0000] {processor.py:208} INFO - Processing /home/airflow/.local/lib/python3.12/site-packages/airflow/example_dags/example_branch_labels.py took 0.084 seconds
[2025-03-02T00:47:54.375+0000] {processor.py:186} INFO - Started process (PID=337) to work on /home/airflow/.local/lib/python3.12/site-packages/airflow/example_dags/example_branch_labels.py
[2025-03-02T00:47:54.375+0000] {processor.py:914} INFO - Processing file /home/airflow/.local/lib/python3.12/site-packages/airflow/example_dags/example_branch_labels.py for tasks to queue
[2025-03-02T00:47:54.377+0000] {logging_mixin.py:190} INFO - [2025-03-02T00:47:54.377+0000] {dagbag.py:588} INFO - Filling up the DagBag from /home/airflow/.local/lib/python3.12/site-packages/airflow/example_dags/example_branch_labels.py
[2025-03-02T00:47:54.384+0000] {processor.py:925} INFO - DAG(s) 'example_branch_labels' retrieved from /home/airflow/.local/lib/python3.12/site-packages/airflow/example_dags/example_branch_labels.py
[2025-03-02T00:47:54.400+0000] {logging_mixin.py:190} INFO - [2025-03-02T00:47:54.400+0000] {dag.py:3239} INFO - Sync 1 DAGs
[2025-03-02T00:47:54.418+0000] {logging_mixin.py:190} INFO - [2025-03-02T00:47:54.418+0000] {dag.py:4180} INFO - Setting next_dagrun for example_branch_labels to 2025-03-01 00:00:00+00:00, run_after=2025-03-02 00:00:00+00:00
[2025-03-02T00:47:54.430+0000] {processor.py:208} INFO - Processing /home/airflow/.local/lib/python3.12/site-packages/airflow/example_dags/example_branch_labels.py took 0.059 seconds
[2025-03-02T00:48:24.512+0000] {processor.py:186} INFO - Started process (PID=400) to work on /home/airflow/.local/lib/python3.12/site-packages/airflow/example_dags/example_branch_labels.py
[2025-03-02T00:48:24.513+0000] {processor.py:914} INFO - Processing file /home/airflow/.local/lib/python3.12/site-packages/airflow/example_dags/example_branch_labels.py for tasks to queue
[2025-03-02T00:48:24.515+0000] {logging_mixin.py:190} INFO - [2025-03-02T00:48:24.514+0000] {dagbag.py:588} INFO - Filling up the DagBag from /home/airflow/.local/lib/python3.12/site-packages/airflow/example_dags/example_branch_labels.py
[2025-03-02T00:48:24.522+0000] {processor.py:925} INFO - DAG(s) 'example_branch_labels' retrieved from /home/airflow/.local/lib/python3.12/site-packages/airflow/example_dags/example_branch_labels.py
[2025-03-02T00:48:24.537+0000] {logging_mixin.py:190} INFO - [2025-03-02T00:48:24.537+0000] {dag.py:3239} INFO - Sync 1 DAGs
[2025-03-02T00:48:24.555+0000] {logging_mixin.py:190} INFO - [2025-03-02T00:48:24.555+0000] {dag.py:4180} INFO - Setting next_dagrun for example_branch_labels to 2025-03-01 00:00:00+00:00, run_after=2025-03-02 00:00:00+00:00
[2025-03-02T00:48:24.567+0000] {processor.py:208} INFO - Processing /home/airflow/.local/lib/python3.12/site-packages/airflow/example_dags/example_branch_labels.py took 0.059 seconds
[2025-03-02T00:48:54.762+0000] {processor.py:186} INFO - Started process (PID=464) to work on /home/airflow/.local/lib/python3.12/site-packages/airflow/example_dags/example_branch_labels.py
[2025-03-02T00:48:54.763+0000] {processor.py:914} INFO - Processing file /home/airflow/.local/lib/python3.12/site-packages/airflow/example_dags/example_branch_labels.py for tasks to queue
[2025-03-02T00:48:54.764+0000] {logging_mixin.py:190} INFO - [2025-03-02T00:48:54.764+0000] {dagbag.py:588} INFO - Filling up the DagBag from /home/airflow/.local/lib/python3.12/site-packages/airflow/example_dags/example_branch_labels.py
[2025-03-02T00:48:54.772+0000] {processor.py:925} INFO - DAG(s) 'example_branch_labels' retrieved from /home/airflow/.local/lib/python3.12/site-packages/airflow/example_dags/example_branch_labels.py
[2025-03-02T00:48:54.791+0000] {logging_mixin.py:190} INFO - [2025-03-02T00:48:54.791+0000] {dag.py:3239} INFO - Sync 1 DAGs
[2025-03-02T00:48:54.811+0000] {logging_mixin.py:190} INFO - [2025-03-02T00:48:54.811+0000] {dag.py:4180} INFO - Setting next_dagrun for example_branch_labels to 2025-03-01 00:00:00+00:00, run_after=2025-03-02 00:00:00+00:00
[2025-03-02T00:48:54.825+0000] {processor.py:208} INFO - Processing /home/airflow/.local/lib/python3.12/site-packages/airflow/example_dags/example_branch_labels.py took 0.067 seconds
[2025-03-02T00:49:24.866+0000] {processor.py:186} INFO - Started process (PID=528) to work on /home/airflow/.local/lib/python3.12/site-packages/airflow/example_dags/example_branch_labels.py
[2025-03-02T00:49:24.866+0000] {processor.py:914} INFO - Processing file /home/airflow/.local/lib/python3.12/site-packages/airflow/example_dags/example_branch_labels.py for tasks to queue
[2025-03-02T00:49:24.868+0000] {logging_mixin.py:190} INFO - [2025-03-02T00:49:24.868+0000] {dagbag.py:588} INFO - Filling up the DagBag from /home/airflow/.local/lib/python3.12/site-packages/airflow/example_dags/example_branch_labels.py
[2025-03-02T00:49:24.879+0000] {processor.py:925} INFO - DAG(s) 'example_branch_labels' retrieved from /home/airflow/.local/lib/python3.12/site-packages/airflow/example_dags/example_branch_labels.py
[2025-03-02T00:49:24.897+0000] {logging_mixin.py:190} INFO - [2025-03-02T00:49:24.897+0000] {dag.py:3239} INFO - Sync 1 DAGs
[2025-03-02T00:49:24.921+0000] {logging_mixin.py:190} INFO - [2025-03-02T00:49:24.921+0000] {dag.py:4180} INFO - Setting next_dagrun for example_branch_labels to 2025-03-01 00:00:00+00:00, run_after=2025-03-02 00:00:00+00:00
[2025-03-02T00:49:24.939+0000] {processor.py:208} INFO - Processing /home/airflow/.local/lib/python3.12/site-packages/airflow/example_dags/example_branch_labels.py took 0.078 seconds
[2025-03-02T00:49:55.374+0000] {processor.py:186} INFO - Started process (PID=591) to work on /home/airflow/.local/lib/python3.12/site-packages/airflow/example_dags/example_branch_labels.py
[2025-03-02T00:49:55.374+0000] {processor.py:914} INFO - Processing file /home/airflow/.local/lib/python3.12/site-packages/airflow/example_dags/example_branch_labels.py for tasks to queue
[2025-03-02T00:49:55.376+0000] {logging_mixin.py:190} INFO - [2025-03-02T00:49:55.376+0000] {dagbag.py:588} INFO - Filling up the DagBag from /home/airflow/.local/lib/python3.12/site-packages/airflow/example_dags/example_branch_labels.py
[2025-03-02T00:49:55.384+0000] {processor.py:925} INFO - DAG(s) 'example_branch_labels' retrieved from /home/airflow/.local/lib/python3.12/site-packages/airflow/example_dags/example_branch_labels.py
[2025-03-02T00:49:55.400+0000] {logging_mixin.py:190} INFO - [2025-03-02T00:49:55.399+0000] {dag.py:3239} INFO - Sync 1 DAGs
[2025-03-02T00:49:55.419+0000] {logging_mixin.py:190} INFO - [2025-03-02T00:49:55.419+0000] {dag.py:4180} INFO - Setting next_dagrun for example_branch_labels to 2025-03-01 00:00:00+00:00, run_after=2025-03-02 00:00:00+00:00
[2025-03-02T00:49:55.432+0000] {processor.py:208} INFO - Processing /home/airflow/.local/lib/python3.12/site-packages/airflow/example_dags/example_branch_labels.py took 0.063 seconds
[2025-03-02T00:50:25.951+0000] {processor.py:186} INFO - Started process (PID=654) to work on /home/airflow/.local/lib/python3.12/site-packages/airflow/example_dags/example_branch_labels.py
[2025-03-02T00:50:25.952+0000] {processor.py:914} INFO - Processing file /home/airflow/.local/lib/python3.12/site-packages/airflow/example_dags/example_branch_labels.py for tasks to queue
[2025-03-02T00:50:25.953+0000] {logging_mixin.py:190} INFO - [2025-03-02T00:50:25.953+0000] {dagbag.py:588} INFO - Filling up the DagBag from /home/airflow/.local/lib/python3.12/site-packages/airflow/example_dags/example_branch_labels.py
[2025-03-02T00:50:25.961+0000] {processor.py:925} INFO - DAG(s) 'example_branch_labels' retrieved from /home/airflow/.local/lib/python3.12/site-packages/airflow/example_dags/example_branch_labels.py
[2025-03-02T00:50:25.978+0000] {logging_mixin.py:190} INFO - [2025-03-02T00:50:25.978+0000] {dag.py:3239} INFO - Sync 1 DAGs
[2025-03-02T00:50:26.002+0000] {logging_mixin.py:190} INFO - [2025-03-02T00:50:26.002+0000] {dag.py:4180} INFO - Setting next_dagrun for example_branch_labels to 2025-03-01 00:00:00+00:00, run_after=2025-03-02 00:00:00+00:00
[2025-03-02T00:50:26.016+0000] {processor.py:208} INFO - Processing /home/airflow/.local/lib/python3.12/site-packages/airflow/example_dags/example_branch_labels.py took 0.069 seconds
[2025-03-02T00:50:56.300+0000] {processor.py:186} INFO - Started process (PID=718) to work on /home/airflow/.local/lib/python3.12/site-packages/airflow/example_dags/example_branch_labels.py
[2025-03-02T00:50:56.300+0000] {processor.py:914} INFO - Processing file /home/airflow/.local/lib/python3.12/site-packages/airflow/example_dags/example_branch_labels.py for tasks to queue
[2025-03-02T00:50:56.302+0000] {logging_mixin.py:190} INFO - [2025-03-02T00:50:56.302+0000] {dagbag.py:588} INFO - Filling up the DagBag from /home/airflow/.local/lib/python3.12/site-packages/airflow/example_dags/example_branch_labels.py
[2025-03-02T00:50:56.310+0000] {processor.py:925} INFO - DAG(s) 'example_branch_labels' retrieved from /home/airflow/.local/lib/python3.12/site-packages/airflow/example_dags/example_branch_labels.py
[2025-03-02T00:50:56.327+0000] {logging_mixin.py:190} INFO - [2025-03-02T00:50:56.327+0000] {dag.py:3239} INFO - Sync 1 DAGs
[2025-03-02T00:50:56.351+0000] {logging_mixin.py:190} INFO - [2025-03-02T00:50:56.351+0000] {dag.py:4180} INFO - Setting next_dagrun for example_branch_labels to 2025-03-01 00:00:00+00:00, run_after=2025-03-02 00:00:00+00:00
[2025-03-02T00:50:56.366+0000] {processor.py:208} INFO - Processing /home/airflow/.local/lib/python3.12/site-packages/airflow/example_dags/example_branch_labels.py took 0.070 seconds
[2025-03-02T00:51:26.567+0000] {processor.py:186} INFO - Started process (PID=782) to work on /home/airflow/.local/lib/python3.12/site-packages/airflow/example_dags/example_branch_labels.py
[2025-03-02T00:51:26.567+0000] {processor.py:914} INFO - Processing file /home/airflow/.local/lib/python3.12/site-packages/airflow/example_dags/example_branch_labels.py for tasks to queue
[2025-03-02T00:51:26.569+0000] {logging_mixin.py:190} INFO - [2025-03-02T00:51:26.569+0000] {dagbag.py:588} INFO - Filling up the DagBag from /home/airflow/.local/lib/python3.12/site-packages/airflow/example_dags/example_branch_labels.py
[2025-03-02T00:51:26.577+0000] {processor.py:925} INFO - DAG(s) 'example_branch_labels' retrieved from /home/airflow/.local/lib/python3.12/site-packages/airflow/example_dags/example_branch_labels.py
[2025-03-02T00:51:26.593+0000] {logging_mixin.py:190} INFO - [2025-03-02T00:51:26.593+0000] {dag.py:3239} INFO - Sync 1 DAGs
[2025-03-02T00:51:26.613+0000] {logging_mixin.py:190} INFO - [2025-03-02T00:51:26.613+0000] {dag.py:4180} INFO - Setting next_dagrun for example_branch_labels to 2025-03-01 00:00:00+00:00, run_after=2025-03-02 00:00:00+00:00
[2025-03-02T00:51:26.625+0000] {processor.py:208} INFO - Processing /home/airflow/.local/lib/python3.12/site-packages/airflow/example_dags/example_branch_labels.py took 0.063 seconds
[2025-03-02T00:51:56.721+0000] {processor.py:186} INFO - Started process (PID=846) to work on /home/airflow/.local/lib/python3.12/site-packages/airflow/example_dags/example_branch_labels.py
[2025-03-02T00:51:56.721+0000] {processor.py:914} INFO - Processing file /home/airflow/.local/lib/python3.12/site-packages/airflow/example_dags/example_branch_labels.py for tasks to queue
[2025-03-02T00:51:56.723+0000] {logging_mixin.py:190} INFO - [2025-03-02T00:51:56.723+0000] {dagbag.py:588} INFO - Filling up the DagBag from /home/airflow/.local/lib/python3.12/site-packages/airflow/example_dags/example_branch_labels.py
[2025-03-02T00:51:56.731+0000] {processor.py:925} INFO - DAG(s) 'example_branch_labels' retrieved from /home/airflow/.local/lib/python3.12/site-packages/airflow/example_dags/example_branch_labels.py
[2025-03-02T00:51:56.749+0000] {logging_mixin.py:190} INFO - [2025-03-02T00:51:56.748+0000] {dag.py:3239} INFO - Sync 1 DAGs
[2025-03-02T00:51:56.775+0000] {logging_mixin.py:190} INFO - [2025-03-02T00:51:56.775+0000] {dag.py:4180} INFO - Setting next_dagrun for example_branch_labels to 2025-03-01 00:00:00+00:00, run_after=2025-03-02 00:00:00+00:00
[2025-03-02T00:51:56.789+0000] {processor.py:208} INFO - Processing /home/airflow/.local/lib/python3.12/site-packages/airflow/example_dags/example_branch_labels.py took 0.073 seconds
[2025-03-02T00:52:26.863+0000] {processor.py:186} INFO - Started process (PID=911) to work on /home/airflow/.local/lib/python3.12/site-packages/airflow/example_dags/example_branch_labels.py
[2025-03-02T00:52:26.864+0000] {processor.py:914} INFO - Processing file /home/airflow/.local/lib/python3.12/site-packages/airflow/example_dags/example_branch_labels.py for tasks to queue
[2025-03-02T00:52:26.865+0000] {logging_mixin.py:190} INFO - [2025-03-02T00:52:26.865+0000] {dagbag.py:588} INFO - Filling up the DagBag from /home/airflow/.local/lib/python3.12/site-packages/airflow/example_dags/example_branch_labels.py
[2025-03-02T00:52:26.873+0000] {processor.py:925} INFO - DAG(s) 'example_branch_labels' retrieved from /home/airflow/.local/lib/python3.12/site-packages/airflow/example_dags/example_branch_labels.py
[2025-03-02T00:52:26.890+0000] {logging_mixin.py:190} INFO - [2025-03-02T00:52:26.889+0000] {dag.py:3239} INFO - Sync 1 DAGs
[2025-03-02T00:52:26.909+0000] {logging_mixin.py:190} INFO - [2025-03-02T00:52:26.909+0000] {dag.py:4180} INFO - Setting next_dagrun for example_branch_labels to 2025-03-01 00:00:00+00:00, run_after=2025-03-02 00:00:00+00:00
[2025-03-02T00:52:26.921+0000] {processor.py:208} INFO - Processing /home/airflow/.local/lib/python3.12/site-packages/airflow/example_dags/example_branch_labels.py took 0.063 seconds
[2025-03-02T00:52:57.108+0000] {processor.py:186} INFO - Started process (PID=975) to work on /home/airflow/.local/lib/python3.12/site-packages/airflow/example_dags/example_branch_labels.py
[2025-03-02T00:52:57.109+0000] {processor.py:914} INFO - Processing file /home/airflow/.local/lib/python3.12/site-packages/airflow/example_dags/example_branch_labels.py for tasks to queue
[2025-03-02T00:52:57.110+0000] {logging_mixin.py:190} INFO - [2025-03-02T00:52:57.110+0000] {dagbag.py:588} INFO - Filling up the DagBag from /home/airflow/.local/lib/python3.12/site-packages/airflow/example_dags/example_branch_labels.py
[2025-03-02T00:52:57.118+0000] {processor.py:925} INFO - DAG(s) 'example_branch_labels' retrieved from /home/airflow/.local/lib/python3.12/site-packages/airflow/example_dags/example_branch_labels.py
[2025-03-02T00:52:57.134+0000] {logging_mixin.py:190} INFO - [2025-03-02T00:52:57.133+0000] {dag.py:3239} INFO - Sync 1 DAGs
[2025-03-02T00:52:57.152+0000] {logging_mixin.py:190} INFO - [2025-03-02T00:52:57.152+0000] {dag.py:4180} INFO - Setting next_dagrun for example_branch_labels to 2025-03-01 00:00:00+00:00, run_after=2025-03-02 00:00:00+00:00
[2025-03-02T00:52:57.164+0000] {processor.py:208} INFO - Processing /home/airflow/.local/lib/python3.12/site-packages/airflow/example_dags/example_branch_labels.py took 0.061 seconds
[2025-03-02T00:53:27.565+0000] {processor.py:186} INFO - Started process (PID=1039) to work on /home/airflow/.local/lib/python3.12/site-packages/airflow/example_dags/example_branch_labels.py
[2025-03-02T00:53:27.566+0000] {processor.py:914} INFO - Processing file /home/airflow/.local/lib/python3.12/site-packages/airflow/example_dags/example_branch_labels.py for tasks to queue
[2025-03-02T00:53:27.567+0000] {logging_mixin.py:190} INFO - [2025-03-02T00:53:27.567+0000] {dagbag.py:588} INFO - Filling up the DagBag from /home/airflow/.local/lib/python3.12/site-packages/airflow/example_dags/example_branch_labels.py
[2025-03-02T00:53:27.575+0000] {processor.py:925} INFO - DAG(s) 'example_branch_labels' retrieved from /home/airflow/.local/lib/python3.12/site-packages/airflow/example_dags/example_branch_labels.py
[2025-03-02T00:53:27.593+0000] {logging_mixin.py:190} INFO - [2025-03-02T00:53:27.593+0000] {dag.py:3239} INFO - Sync 1 DAGs
[2025-03-02T00:53:27.617+0000] {logging_mixin.py:190} INFO - [2025-03-02T00:53:27.616+0000] {dag.py:4180} INFO - Setting next_dagrun for example_branch_labels to 2025-03-01 00:00:00+00:00, run_after=2025-03-02 00:00:00+00:00
[2025-03-02T00:53:27.630+0000] {processor.py:208} INFO - Processing /home/airflow/.local/lib/python3.12/site-packages/airflow/example_dags/example_branch_labels.py took 0.070 seconds
[2025-03-02T00:53:58.878+0000] {processor.py:186} INFO - Started process (PID=1103) to work on /home/airflow/.local/lib/python3.12/site-packages/airflow/example_dags/example_branch_labels.py
[2025-03-02T00:53:58.879+0000] {processor.py:914} INFO - Processing file /home/airflow/.local/lib/python3.12/site-packages/airflow/example_dags/example_branch_labels.py for tasks to queue
[2025-03-02T00:53:58.881+0000] {logging_mixin.py:190} INFO - [2025-03-02T00:53:58.881+0000] {dagbag.py:588} INFO - Filling up the DagBag from /home/airflow/.local/lib/python3.12/site-packages/airflow/example_dags/example_branch_labels.py
[2025-03-02T00:53:58.893+0000] {processor.py:925} INFO - DAG(s) 'example_branch_labels' retrieved from /home/airflow/.local/lib/python3.12/site-packages/airflow/example_dags/example_branch_labels.py
[2025-03-02T00:53:58.915+0000] {logging_mixin.py:190} INFO - [2025-03-02T00:53:58.915+0000] {dag.py:3239} INFO - Sync 1 DAGs
[2025-03-02T00:53:58.933+0000] {logging_mixin.py:190} INFO - [2025-03-02T00:53:58.933+0000] {dag.py:4180} INFO - Setting next_dagrun for example_branch_labels to 2025-03-01 00:00:00+00:00, run_after=2025-03-02 00:00:00+00:00
[2025-03-02T00:53:58.946+0000] {processor.py:208} INFO - Processing /home/airflow/.local/lib/python3.12/site-packages/airflow/example_dags/example_branch_labels.py took 0.074 seconds
[2025-03-02T00:54:29.551+0000] {processor.py:186} INFO - Started process (PID=1167) to work on /home/airflow/.local/lib/python3.12/site-packages/airflow/example_dags/example_branch_labels.py
[2025-03-02T00:54:29.552+0000] {processor.py:914} INFO - Processing file /home/airflow/.local/lib/python3.12/site-packages/airflow/example_dags/example_branch_labels.py for tasks to queue
[2025-03-02T00:54:29.554+0000] {logging_mixin.py:190} INFO - [2025-03-02T00:54:29.554+0000] {dagbag.py:588} INFO - Filling up the DagBag from /home/airflow/.local/lib/python3.12/site-packages/airflow/example_dags/example_branch_labels.py
[2025-03-02T00:54:29.562+0000] {processor.py:925} INFO - DAG(s) 'example_branch_labels' retrieved from /home/airflow/.local/lib/python3.12/site-packages/airflow/example_dags/example_branch_labels.py
[2025-03-02T00:54:29.578+0000] {logging_mixin.py:190} INFO - [2025-03-02T00:54:29.578+0000] {dag.py:3239} INFO - Sync 1 DAGs
[2025-03-02T00:54:29.597+0000] {logging_mixin.py:190} INFO - [2025-03-02T00:54:29.597+0000] {dag.py:4180} INFO - Setting next_dagrun for example_branch_labels to 2025-03-01 00:00:00+00:00, run_after=2025-03-02 00:00:00+00:00
[2025-03-02T00:54:29.611+0000] {processor.py:208} INFO - Processing /home/airflow/.local/lib/python3.12/site-packages/airflow/example_dags/example_branch_labels.py took 0.065 seconds
[2025-03-02T00:55:00.166+0000] {processor.py:186} INFO - Started process (PID=1231) to work on /home/airflow/.local/lib/python3.12/site-packages/airflow/example_dags/example_branch_labels.py
[2025-03-02T00:55:00.167+0000] {processor.py:914} INFO - Processing file /home/airflow/.local/lib/python3.12/site-packages/airflow/example_dags/example_branch_labels.py for tasks to queue
[2025-03-02T00:55:00.169+0000] {logging_mixin.py:190} INFO - [2025-03-02T00:55:00.169+0000] {dagbag.py:588} INFO - Filling up the DagBag from /home/airflow/.local/lib/python3.12/site-packages/airflow/example_dags/example_branch_labels.py
[2025-03-02T00:55:00.180+0000] {processor.py:925} INFO - DAG(s) 'example_branch_labels' retrieved from /home/airflow/.local/lib/python3.12/site-packages/airflow/example_dags/example_branch_labels.py
[2025-03-02T00:55:00.200+0000] {logging_mixin.py:190} INFO - [2025-03-02T00:55:00.200+0000] {dag.py:3239} INFO - Sync 1 DAGs
[2025-03-02T00:55:00.228+0000] {logging_mixin.py:190} INFO - [2025-03-02T00:55:00.227+0000] {dag.py:4180} INFO - Setting next_dagrun for example_branch_labels to 2025-03-01 00:00:00+00:00, run_after=2025-03-02 00:00:00+00:00
[2025-03-02T00:55:00.247+0000] {processor.py:208} INFO - Processing /home/airflow/.local/lib/python3.12/site-packages/airflow/example_dags/example_branch_labels.py took 0.086 seconds
