[2025-03-02T00:45:50.113+0000] {processor.py:186} INFO - Started process (PID=80) to work on /home/airflow/.local/lib/python3.12/site-packages/airflow/example_dags/example_dataset_alias.py
[2025-03-02T00:45:50.114+0000] {processor.py:914} INFO - Processing file /home/airflow/.local/lib/python3.12/site-packages/airflow/example_dags/example_dataset_alias.py for tasks to queue
[2025-03-02T00:45:50.116+0000] {logging_mixin.py:190} INFO - [2025-03-02T00:45:50.115+0000] {dagbag.py:588} INFO - Filling up the DagBag from /home/airflow/.local/lib/python3.12/site-packages/airflow/example_dags/example_dataset_alias.py
[2025-03-02T00:45:52.496+0000] {processor.py:925} INFO - DAG(s) 'dataset_s3_bucket_producer', 'dataset_alias_example_alias_consumer', 'dataset_alias_example_alias_producer', 'dataset_s3_bucket_consumer' retrieved from /home/airflow/.local/lib/python3.12/site-packages/airflow/example_dags/example_dataset_alias.py
[2025-03-02T00:45:52.579+0000] {logging_mixin.py:190} INFO - [2025-03-02T00:45:52.578+0000] {override.py:1911} INFO - Created Permission View: can edit on DAG:dataset_s3_bucket_producer
[2025-03-02T00:45:52.586+0000] {logging_mixin.py:190} INFO - [2025-03-02T00:45:52.586+0000] {override.py:1911} INFO - Created Permission View: can read on DAG:dataset_s3_bucket_producer
[2025-03-02T00:45:52.591+0000] {logging_mixin.py:190} INFO - [2025-03-02T00:45:52.591+0000] {override.py:1911} INFO - Created Permission View: can delete on DAG:dataset_s3_bucket_producer
[2025-03-02T00:45:52.596+0000] {logging_mixin.py:190} INFO - [2025-03-02T00:45:52.596+0000] {override.py:1911} INFO - Created Permission View: menu access on DAG Run:dataset_s3_bucket_producer
[2025-03-02T00:45:52.602+0000] {logging_mixin.py:190} INFO - [2025-03-02T00:45:52.601+0000] {override.py:1911} INFO - Created Permission View: can read on DAG Run:dataset_s3_bucket_producer
[2025-03-02T00:45:52.608+0000] {logging_mixin.py:190} INFO - [2025-03-02T00:45:52.607+0000] {override.py:1911} INFO - Created Permission View: can delete on DAG Run:dataset_s3_bucket_producer
[2025-03-02T00:45:52.614+0000] {logging_mixin.py:190} INFO - [2025-03-02T00:45:52.614+0000] {override.py:1911} INFO - Created Permission View: can create on DAG Run:dataset_s3_bucket_producer
[2025-03-02T00:45:52.627+0000] {logging_mixin.py:190} INFO - [2025-03-02T00:45:52.626+0000] {override.py:1911} INFO - Created Permission View: can edit on DAG:dataset_alias_example_alias_consumer
[2025-03-02T00:45:52.631+0000] {logging_mixin.py:190} INFO - [2025-03-02T00:45:52.631+0000] {override.py:1911} INFO - Created Permission View: can read on DAG:dataset_alias_example_alias_consumer
[2025-03-02T00:45:52.636+0000] {logging_mixin.py:190} INFO - [2025-03-02T00:45:52.635+0000] {override.py:1911} INFO - Created Permission View: can delete on DAG:dataset_alias_example_alias_consumer
[2025-03-02T00:45:52.640+0000] {logging_mixin.py:190} INFO - [2025-03-02T00:45:52.640+0000] {override.py:1911} INFO - Created Permission View: menu access on DAG Run:dataset_alias_example_alias_consumer
[2025-03-02T00:45:52.645+0000] {logging_mixin.py:190} INFO - [2025-03-02T00:45:52.644+0000] {override.py:1911} INFO - Created Permission View: can read on DAG Run:dataset_alias_example_alias_consumer
[2025-03-02T00:45:52.649+0000] {logging_mixin.py:190} INFO - [2025-03-02T00:45:52.649+0000] {override.py:1911} INFO - Created Permission View: can delete on DAG Run:dataset_alias_example_alias_consumer
[2025-03-02T00:45:52.654+0000] {logging_mixin.py:190} INFO - [2025-03-02T00:45:52.653+0000] {override.py:1911} INFO - Created Permission View: can create on DAG Run:dataset_alias_example_alias_consumer
[2025-03-02T00:45:52.663+0000] {logging_mixin.py:190} INFO - [2025-03-02T00:45:52.663+0000] {override.py:1911} INFO - Created Permission View: can edit on DAG:dataset_alias_example_alias_producer
[2025-03-02T00:45:52.668+0000] {logging_mixin.py:190} INFO - [2025-03-02T00:45:52.667+0000] {override.py:1911} INFO - Created Permission View: can read on DAG:dataset_alias_example_alias_producer
[2025-03-02T00:45:52.672+0000] {logging_mixin.py:190} INFO - [2025-03-02T00:45:52.672+0000] {override.py:1911} INFO - Created Permission View: can delete on DAG:dataset_alias_example_alias_producer
[2025-03-02T00:45:52.677+0000] {logging_mixin.py:190} INFO - [2025-03-02T00:45:52.677+0000] {override.py:1911} INFO - Created Permission View: menu access on DAG Run:dataset_alias_example_alias_producer
[2025-03-02T00:45:52.682+0000] {logging_mixin.py:190} INFO - [2025-03-02T00:45:52.681+0000] {override.py:1911} INFO - Created Permission View: can read on DAG Run:dataset_alias_example_alias_producer
[2025-03-02T00:45:52.686+0000] {logging_mixin.py:190} INFO - [2025-03-02T00:45:52.686+0000] {override.py:1911} INFO - Created Permission View: can delete on DAG Run:dataset_alias_example_alias_producer
[2025-03-02T00:45:52.690+0000] {logging_mixin.py:190} INFO - [2025-03-02T00:45:52.690+0000] {override.py:1911} INFO - Created Permission View: can create on DAG Run:dataset_alias_example_alias_producer
[2025-03-02T00:45:52.699+0000] {logging_mixin.py:190} INFO - [2025-03-02T00:45:52.698+0000] {override.py:1911} INFO - Created Permission View: can edit on DAG:dataset_s3_bucket_consumer
[2025-03-02T00:45:52.703+0000] {logging_mixin.py:190} INFO - [2025-03-02T00:45:52.703+0000] {override.py:1911} INFO - Created Permission View: can read on DAG:dataset_s3_bucket_consumer
[2025-03-02T00:45:52.707+0000] {logging_mixin.py:190} INFO - [2025-03-02T00:45:52.707+0000] {override.py:1911} INFO - Created Permission View: can delete on DAG:dataset_s3_bucket_consumer
[2025-03-02T00:45:52.711+0000] {logging_mixin.py:190} INFO - [2025-03-02T00:45:52.711+0000] {override.py:1911} INFO - Created Permission View: menu access on DAG Run:dataset_s3_bucket_consumer
[2025-03-02T00:45:52.716+0000] {logging_mixin.py:190} INFO - [2025-03-02T00:45:52.716+0000] {override.py:1911} INFO - Created Permission View: can read on DAG Run:dataset_s3_bucket_consumer
[2025-03-02T00:45:52.720+0000] {logging_mixin.py:190} INFO - [2025-03-02T00:45:52.720+0000] {override.py:1911} INFO - Created Permission View: can delete on DAG Run:dataset_s3_bucket_consumer
[2025-03-02T00:45:52.725+0000] {logging_mixin.py:190} INFO - [2025-03-02T00:45:52.725+0000] {override.py:1911} INFO - Created Permission View: can create on DAG Run:dataset_s3_bucket_consumer
[2025-03-02T00:45:52.725+0000] {logging_mixin.py:190} INFO - [2025-03-02T00:45:52.725+0000] {dag.py:3239} INFO - Sync 4 DAGs
[2025-03-02T00:45:52.739+0000] {logging_mixin.py:190} INFO - [2025-03-02T00:45:52.739+0000] {dag.py:3262} INFO - Creating ORM DAG for dataset_alias_example_alias_consumer
[2025-03-02T00:45:52.740+0000] {logging_mixin.py:190} INFO - [2025-03-02T00:45:52.740+0000] {dag.py:3262} INFO - Creating ORM DAG for dataset_s3_bucket_producer
[2025-03-02T00:45:52.741+0000] {logging_mixin.py:190} INFO - [2025-03-02T00:45:52.740+0000] {dag.py:3262} INFO - Creating ORM DAG for dataset_s3_bucket_consumer
[2025-03-02T00:45:52.741+0000] {logging_mixin.py:190} INFO - [2025-03-02T00:45:52.741+0000] {dag.py:3262} INFO - Creating ORM DAG for dataset_alias_example_alias_producer
[2025-03-02T00:45:52.749+0000] {logging_mixin.py:190} INFO - [2025-03-02T00:45:52.749+0000] {dag.py:4180} INFO - Setting next_dagrun for dataset_alias_example_alias_consumer to None, run_after=None
[2025-03-02T00:45:52.750+0000] {logging_mixin.py:190} INFO - [2025-03-02T00:45:52.749+0000] {dag.py:4180} INFO - Setting next_dagrun for dataset_alias_example_alias_producer to None, run_after=None
[2025-03-02T00:45:52.750+0000] {logging_mixin.py:190} INFO - [2025-03-02T00:45:52.750+0000] {dag.py:4180} INFO - Setting next_dagrun for dataset_s3_bucket_consumer to None, run_after=None
[2025-03-02T00:45:52.751+0000] {logging_mixin.py:190} INFO - [2025-03-02T00:45:52.751+0000] {dag.py:4180} INFO - Setting next_dagrun for dataset_s3_bucket_producer to None, run_after=None
[2025-03-02T00:45:52.778+0000] {processor.py:208} INFO - Processing /home/airflow/.local/lib/python3.12/site-packages/airflow/example_dags/example_dataset_alias.py took 2.671 seconds
[2025-03-02T00:46:23.091+0000] {processor.py:186} INFO - Started process (PID=145) to work on /home/airflow/.local/lib/python3.12/site-packages/airflow/example_dags/example_dataset_alias.py
[2025-03-02T00:46:23.091+0000] {processor.py:914} INFO - Processing file /home/airflow/.local/lib/python3.12/site-packages/airflow/example_dags/example_dataset_alias.py for tasks to queue
[2025-03-02T00:46:23.093+0000] {logging_mixin.py:190} INFO - [2025-03-02T00:46:23.093+0000] {dagbag.py:588} INFO - Filling up the DagBag from /home/airflow/.local/lib/python3.12/site-packages/airflow/example_dags/example_dataset_alias.py
[2025-03-02T00:46:23.693+0000] {processor.py:925} INFO - DAG(s) 'dataset_s3_bucket_consumer', 'dataset_s3_bucket_producer', 'dataset_alias_example_alias_consumer', 'dataset_alias_example_alias_producer' retrieved from /home/airflow/.local/lib/python3.12/site-packages/airflow/example_dags/example_dataset_alias.py
[2025-03-02T00:46:23.711+0000] {logging_mixin.py:190} INFO - [2025-03-02T00:46:23.710+0000] {dag.py:3239} INFO - Sync 4 DAGs
[2025-03-02T00:46:23.728+0000] {logging_mixin.py:190} INFO - [2025-03-02T00:46:23.728+0000] {dag.py:4180} INFO - Setting next_dagrun for dataset_alias_example_alias_consumer to None, run_after=None
[2025-03-02T00:46:23.730+0000] {logging_mixin.py:190} INFO - [2025-03-02T00:46:23.730+0000] {dag.py:4180} INFO - Setting next_dagrun for dataset_alias_example_alias_producer to None, run_after=None
[2025-03-02T00:46:23.731+0000] {logging_mixin.py:190} INFO - [2025-03-02T00:46:23.731+0000] {dag.py:4180} INFO - Setting next_dagrun for dataset_s3_bucket_consumer to None, run_after=None
[2025-03-02T00:46:23.732+0000] {logging_mixin.py:190} INFO - [2025-03-02T00:46:23.732+0000] {dag.py:4180} INFO - Setting next_dagrun for dataset_s3_bucket_producer to None, run_after=None
[2025-03-02T00:46:23.748+0000] {processor.py:208} INFO - Processing /home/airflow/.local/lib/python3.12/site-packages/airflow/example_dags/example_dataset_alias.py took 0.661 seconds
[2025-03-02T00:46:53.833+0000] {processor.py:186} INFO - Started process (PID=208) to work on /home/airflow/.local/lib/python3.12/site-packages/airflow/example_dags/example_dataset_alias.py
[2025-03-02T00:46:53.833+0000] {processor.py:914} INFO - Processing file /home/airflow/.local/lib/python3.12/site-packages/airflow/example_dags/example_dataset_alias.py for tasks to queue
[2025-03-02T00:46:53.835+0000] {logging_mixin.py:190} INFO - [2025-03-02T00:46:53.835+0000] {dagbag.py:588} INFO - Filling up the DagBag from /home/airflow/.local/lib/python3.12/site-packages/airflow/example_dags/example_dataset_alias.py
[2025-03-02T00:46:54.390+0000] {processor.py:925} INFO - DAG(s) 'dataset_s3_bucket_consumer', 'dataset_s3_bucket_producer', 'dataset_alias_example_alias_producer', 'dataset_alias_example_alias_consumer' retrieved from /home/airflow/.local/lib/python3.12/site-packages/airflow/example_dags/example_dataset_alias.py
[2025-03-02T00:46:54.416+0000] {logging_mixin.py:190} INFO - [2025-03-02T00:46:54.415+0000] {dag.py:3239} INFO - Sync 4 DAGs
[2025-03-02T00:46:54.444+0000] {logging_mixin.py:190} INFO - [2025-03-02T00:46:54.443+0000] {dag.py:4180} INFO - Setting next_dagrun for dataset_alias_example_alias_consumer to None, run_after=None
[2025-03-02T00:46:54.447+0000] {logging_mixin.py:190} INFO - [2025-03-02T00:46:54.447+0000] {dag.py:4180} INFO - Setting next_dagrun for dataset_alias_example_alias_producer to None, run_after=None
[2025-03-02T00:46:54.449+0000] {logging_mixin.py:190} INFO - [2025-03-02T00:46:54.448+0000] {dag.py:4180} INFO - Setting next_dagrun for dataset_s3_bucket_consumer to None, run_after=None
[2025-03-02T00:46:54.450+0000] {logging_mixin.py:190} INFO - [2025-03-02T00:46:54.450+0000] {dag.py:4180} INFO - Setting next_dagrun for dataset_s3_bucket_producer to None, run_after=None
[2025-03-02T00:46:54.473+0000] {processor.py:208} INFO - Processing /home/airflow/.local/lib/python3.12/site-packages/airflow/example_dags/example_dataset_alias.py took 0.644 seconds
[2025-03-02T00:47:24.509+0000] {processor.py:186} INFO - Started process (PID=277) to work on /home/airflow/.local/lib/python3.12/site-packages/airflow/example_dags/example_dataset_alias.py
[2025-03-02T00:47:24.510+0000] {processor.py:914} INFO - Processing file /home/airflow/.local/lib/python3.12/site-packages/airflow/example_dags/example_dataset_alias.py for tasks to queue
[2025-03-02T00:47:24.511+0000] {logging_mixin.py:190} INFO - [2025-03-02T00:47:24.511+0000] {dagbag.py:588} INFO - Filling up the DagBag from /home/airflow/.local/lib/python3.12/site-packages/airflow/example_dags/example_dataset_alias.py
[2025-03-02T00:47:25.259+0000] {processor.py:925} INFO - DAG(s) 'dataset_s3_bucket_consumer', 'dataset_s3_bucket_producer', 'dataset_alias_example_alias_consumer', 'dataset_alias_example_alias_producer' retrieved from /home/airflow/.local/lib/python3.12/site-packages/airflow/example_dags/example_dataset_alias.py
[2025-03-02T00:47:25.275+0000] {logging_mixin.py:190} INFO - [2025-03-02T00:47:25.275+0000] {dag.py:3239} INFO - Sync 4 DAGs
[2025-03-02T00:47:25.294+0000] {logging_mixin.py:190} INFO - [2025-03-02T00:47:25.293+0000] {dag.py:4180} INFO - Setting next_dagrun for dataset_alias_example_alias_consumer to None, run_after=None
[2025-03-02T00:47:25.296+0000] {logging_mixin.py:190} INFO - [2025-03-02T00:47:25.295+0000] {dag.py:4180} INFO - Setting next_dagrun for dataset_alias_example_alias_producer to None, run_after=None
[2025-03-02T00:47:25.297+0000] {logging_mixin.py:190} INFO - [2025-03-02T00:47:25.297+0000] {dag.py:4180} INFO - Setting next_dagrun for dataset_s3_bucket_consumer to None, run_after=None
[2025-03-02T00:47:25.298+0000] {logging_mixin.py:190} INFO - [2025-03-02T00:47:25.298+0000] {dag.py:4180} INFO - Setting next_dagrun for dataset_s3_bucket_producer to None, run_after=None
[2025-03-02T00:47:25.313+0000] {processor.py:208} INFO - Processing /home/airflow/.local/lib/python3.12/site-packages/airflow/example_dags/example_dataset_alias.py took 0.810 seconds
[2025-03-02T00:47:55.645+0000] {processor.py:186} INFO - Started process (PID=341) to work on /home/airflow/.local/lib/python3.12/site-packages/airflow/example_dags/example_dataset_alias.py
[2025-03-02T00:47:55.646+0000] {processor.py:914} INFO - Processing file /home/airflow/.local/lib/python3.12/site-packages/airflow/example_dags/example_dataset_alias.py for tasks to queue
[2025-03-02T00:47:55.648+0000] {logging_mixin.py:190} INFO - [2025-03-02T00:47:55.648+0000] {dagbag.py:588} INFO - Filling up the DagBag from /home/airflow/.local/lib/python3.12/site-packages/airflow/example_dags/example_dataset_alias.py
[2025-03-02T00:47:56.224+0000] {processor.py:925} INFO - DAG(s) 'dataset_s3_bucket_consumer', 'dataset_alias_example_alias_consumer', 'dataset_s3_bucket_producer', 'dataset_alias_example_alias_producer' retrieved from /home/airflow/.local/lib/python3.12/site-packages/airflow/example_dags/example_dataset_alias.py
[2025-03-02T00:47:56.239+0000] {logging_mixin.py:190} INFO - [2025-03-02T00:47:56.239+0000] {dag.py:3239} INFO - Sync 4 DAGs
[2025-03-02T00:47:56.256+0000] {logging_mixin.py:190} INFO - [2025-03-02T00:47:56.256+0000] {dag.py:4180} INFO - Setting next_dagrun for dataset_alias_example_alias_consumer to None, run_after=None
[2025-03-02T00:47:56.258+0000] {logging_mixin.py:190} INFO - [2025-03-02T00:47:56.258+0000] {dag.py:4180} INFO - Setting next_dagrun for dataset_alias_example_alias_producer to None, run_after=None
[2025-03-02T00:47:56.259+0000] {logging_mixin.py:190} INFO - [2025-03-02T00:47:56.259+0000] {dag.py:4180} INFO - Setting next_dagrun for dataset_s3_bucket_consumer to None, run_after=None
[2025-03-02T00:47:56.260+0000] {logging_mixin.py:190} INFO - [2025-03-02T00:47:56.260+0000] {dag.py:4180} INFO - Setting next_dagrun for dataset_s3_bucket_producer to None, run_after=None
[2025-03-02T00:47:56.274+0000] {processor.py:208} INFO - Processing /home/airflow/.local/lib/python3.12/site-packages/airflow/example_dags/example_dataset_alias.py took 0.634 seconds
[2025-03-02T00:48:26.787+0000] {processor.py:186} INFO - Started process (PID=405) to work on /home/airflow/.local/lib/python3.12/site-packages/airflow/example_dags/example_dataset_alias.py
[2025-03-02T00:48:26.787+0000] {processor.py:914} INFO - Processing file /home/airflow/.local/lib/python3.12/site-packages/airflow/example_dags/example_dataset_alias.py for tasks to queue
[2025-03-02T00:48:26.789+0000] {logging_mixin.py:190} INFO - [2025-03-02T00:48:26.789+0000] {dagbag.py:588} INFO - Filling up the DagBag from /home/airflow/.local/lib/python3.12/site-packages/airflow/example_dags/example_dataset_alias.py
[2025-03-02T00:48:27.421+0000] {processor.py:925} INFO - DAG(s) 'dataset_s3_bucket_producer', 'dataset_alias_example_alias_consumer', 'dataset_s3_bucket_consumer', 'dataset_alias_example_alias_producer' retrieved from /home/airflow/.local/lib/python3.12/site-packages/airflow/example_dags/example_dataset_alias.py
[2025-03-02T00:48:27.440+0000] {logging_mixin.py:190} INFO - [2025-03-02T00:48:27.439+0000] {dag.py:3239} INFO - Sync 4 DAGs
[2025-03-02T00:48:27.457+0000] {logging_mixin.py:190} INFO - [2025-03-02T00:48:27.457+0000] {dag.py:4180} INFO - Setting next_dagrun for dataset_alias_example_alias_consumer to None, run_after=None
[2025-03-02T00:48:27.459+0000] {logging_mixin.py:190} INFO - [2025-03-02T00:48:27.459+0000] {dag.py:4180} INFO - Setting next_dagrun for dataset_alias_example_alias_producer to None, run_after=None
[2025-03-02T00:48:27.460+0000] {logging_mixin.py:190} INFO - [2025-03-02T00:48:27.460+0000] {dag.py:4180} INFO - Setting next_dagrun for dataset_s3_bucket_consumer to None, run_after=None
[2025-03-02T00:48:27.461+0000] {logging_mixin.py:190} INFO - [2025-03-02T00:48:27.461+0000] {dag.py:4180} INFO - Setting next_dagrun for dataset_s3_bucket_producer to None, run_after=None
[2025-03-02T00:48:27.476+0000] {processor.py:208} INFO - Processing /home/airflow/.local/lib/python3.12/site-packages/airflow/example_dags/example_dataset_alias.py took 0.695 seconds
[2025-03-02T00:48:58.205+0000] {processor.py:186} INFO - Started process (PID=473) to work on /home/airflow/.local/lib/python3.12/site-packages/airflow/example_dags/example_dataset_alias.py
[2025-03-02T00:48:58.206+0000] {processor.py:914} INFO - Processing file /home/airflow/.local/lib/python3.12/site-packages/airflow/example_dags/example_dataset_alias.py for tasks to queue
[2025-03-02T00:48:58.208+0000] {logging_mixin.py:190} INFO - [2025-03-02T00:48:58.208+0000] {dagbag.py:588} INFO - Filling up the DagBag from /home/airflow/.local/lib/python3.12/site-packages/airflow/example_dags/example_dataset_alias.py
[2025-03-02T00:48:58.792+0000] {processor.py:925} INFO - DAG(s) 'dataset_s3_bucket_consumer', 'dataset_s3_bucket_producer', 'dataset_alias_example_alias_consumer', 'dataset_alias_example_alias_producer' retrieved from /home/airflow/.local/lib/python3.12/site-packages/airflow/example_dags/example_dataset_alias.py
[2025-03-02T00:48:58.812+0000] {logging_mixin.py:190} INFO - [2025-03-02T00:48:58.811+0000] {dag.py:3239} INFO - Sync 4 DAGs
[2025-03-02T00:48:58.835+0000] {logging_mixin.py:190} INFO - [2025-03-02T00:48:58.835+0000] {dag.py:4180} INFO - Setting next_dagrun for dataset_alias_example_alias_consumer to None, run_after=None
[2025-03-02T00:48:58.838+0000] {logging_mixin.py:190} INFO - [2025-03-02T00:48:58.838+0000] {dag.py:4180} INFO - Setting next_dagrun for dataset_alias_example_alias_producer to None, run_after=None
[2025-03-02T00:48:58.840+0000] {logging_mixin.py:190} INFO - [2025-03-02T00:48:58.840+0000] {dag.py:4180} INFO - Setting next_dagrun for dataset_s3_bucket_consumer to None, run_after=None
[2025-03-02T00:48:58.841+0000] {logging_mixin.py:190} INFO - [2025-03-02T00:48:58.841+0000] {dag.py:4180} INFO - Setting next_dagrun for dataset_s3_bucket_producer to None, run_after=None
[2025-03-02T00:48:58.860+0000] {processor.py:208} INFO - Processing /home/airflow/.local/lib/python3.12/site-packages/airflow/example_dags/example_dataset_alias.py took 0.661 seconds
[2025-03-02T00:49:29.323+0000] {processor.py:186} INFO - Started process (PID=537) to work on /home/airflow/.local/lib/python3.12/site-packages/airflow/example_dags/example_dataset_alias.py
[2025-03-02T00:49:29.324+0000] {processor.py:914} INFO - Processing file /home/airflow/.local/lib/python3.12/site-packages/airflow/example_dags/example_dataset_alias.py for tasks to queue
[2025-03-02T00:49:29.326+0000] {logging_mixin.py:190} INFO - [2025-03-02T00:49:29.326+0000] {dagbag.py:588} INFO - Filling up the DagBag from /home/airflow/.local/lib/python3.12/site-packages/airflow/example_dags/example_dataset_alias.py
[2025-03-02T00:49:29.955+0000] {processor.py:925} INFO - DAG(s) 'dataset_alias_example_alias_consumer', 'dataset_s3_bucket_producer', 'dataset_alias_example_alias_producer', 'dataset_s3_bucket_consumer' retrieved from /home/airflow/.local/lib/python3.12/site-packages/airflow/example_dags/example_dataset_alias.py
[2025-03-02T00:49:29.981+0000] {logging_mixin.py:190} INFO - [2025-03-02T00:49:29.980+0000] {dag.py:3239} INFO - Sync 4 DAGs
[2025-03-02T00:49:30.020+0000] {logging_mixin.py:190} INFO - [2025-03-02T00:49:30.019+0000] {dag.py:4180} INFO - Setting next_dagrun for dataset_alias_example_alias_consumer to None, run_after=None
[2025-03-02T00:49:30.023+0000] {logging_mixin.py:190} INFO - [2025-03-02T00:49:30.022+0000] {dag.py:4180} INFO - Setting next_dagrun for dataset_alias_example_alias_producer to None, run_after=None
[2025-03-02T00:49:30.024+0000] {logging_mixin.py:190} INFO - [2025-03-02T00:49:30.024+0000] {dag.py:4180} INFO - Setting next_dagrun for dataset_s3_bucket_consumer to None, run_after=None
[2025-03-02T00:49:30.026+0000] {logging_mixin.py:190} INFO - [2025-03-02T00:49:30.026+0000] {dag.py:4180} INFO - Setting next_dagrun for dataset_s3_bucket_producer to None, run_after=None
[2025-03-02T00:49:30.048+0000] {processor.py:208} INFO - Processing /home/airflow/.local/lib/python3.12/site-packages/airflow/example_dags/example_dataset_alias.py took 0.730 seconds
[2025-03-02T00:50:00.118+0000] {processor.py:186} INFO - Started process (PID=605) to work on /home/airflow/.local/lib/python3.12/site-packages/airflow/example_dags/example_dataset_alias.py
[2025-03-02T00:50:00.118+0000] {processor.py:914} INFO - Processing file /home/airflow/.local/lib/python3.12/site-packages/airflow/example_dags/example_dataset_alias.py for tasks to queue
[2025-03-02T00:50:00.120+0000] {logging_mixin.py:190} INFO - [2025-03-02T00:50:00.120+0000] {dagbag.py:588} INFO - Filling up the DagBag from /home/airflow/.local/lib/python3.12/site-packages/airflow/example_dags/example_dataset_alias.py
[2025-03-02T00:50:00.637+0000] {processor.py:925} INFO - DAG(s) 'dataset_alias_example_alias_producer', 'dataset_alias_example_alias_consumer', 'dataset_s3_bucket_producer', 'dataset_s3_bucket_consumer' retrieved from /home/airflow/.local/lib/python3.12/site-packages/airflow/example_dags/example_dataset_alias.py
[2025-03-02T00:50:00.652+0000] {logging_mixin.py:190} INFO - [2025-03-02T00:50:00.651+0000] {dag.py:3239} INFO - Sync 4 DAGs
[2025-03-02T00:50:00.668+0000] {logging_mixin.py:190} INFO - [2025-03-02T00:50:00.668+0000] {dag.py:4180} INFO - Setting next_dagrun for dataset_alias_example_alias_consumer to None, run_after=None
[2025-03-02T00:50:00.670+0000] {logging_mixin.py:190} INFO - [2025-03-02T00:50:00.670+0000] {dag.py:4180} INFO - Setting next_dagrun for dataset_alias_example_alias_producer to None, run_after=None
[2025-03-02T00:50:00.672+0000] {logging_mixin.py:190} INFO - [2025-03-02T00:50:00.672+0000] {dag.py:4180} INFO - Setting next_dagrun for dataset_s3_bucket_consumer to None, run_after=None
[2025-03-02T00:50:00.673+0000] {logging_mixin.py:190} INFO - [2025-03-02T00:50:00.673+0000] {dag.py:4180} INFO - Setting next_dagrun for dataset_s3_bucket_producer to None, run_after=None
[2025-03-02T00:50:00.689+0000] {processor.py:208} INFO - Processing /home/airflow/.local/lib/python3.12/site-packages/airflow/example_dags/example_dataset_alias.py took 0.575 seconds
[2025-03-02T00:50:31.586+0000] {processor.py:186} INFO - Started process (PID=668) to work on /home/airflow/.local/lib/python3.12/site-packages/airflow/example_dags/example_dataset_alias.py
[2025-03-02T00:50:31.587+0000] {processor.py:914} INFO - Processing file /home/airflow/.local/lib/python3.12/site-packages/airflow/example_dags/example_dataset_alias.py for tasks to queue
[2025-03-02T00:50:31.588+0000] {logging_mixin.py:190} INFO - [2025-03-02T00:50:31.588+0000] {dagbag.py:588} INFO - Filling up the DagBag from /home/airflow/.local/lib/python3.12/site-packages/airflow/example_dags/example_dataset_alias.py
[2025-03-02T00:50:32.076+0000] {processor.py:925} INFO - DAG(s) 'dataset_alias_example_alias_consumer', 'dataset_s3_bucket_consumer', 'dataset_s3_bucket_producer', 'dataset_alias_example_alias_producer' retrieved from /home/airflow/.local/lib/python3.12/site-packages/airflow/example_dags/example_dataset_alias.py
[2025-03-02T00:50:32.091+0000] {logging_mixin.py:190} INFO - [2025-03-02T00:50:32.091+0000] {dag.py:3239} INFO - Sync 4 DAGs
[2025-03-02T00:50:32.108+0000] {logging_mixin.py:190} INFO - [2025-03-02T00:50:32.108+0000] {dag.py:4180} INFO - Setting next_dagrun for dataset_alias_example_alias_consumer to None, run_after=None
[2025-03-02T00:50:32.110+0000] {logging_mixin.py:190} INFO - [2025-03-02T00:50:32.110+0000] {dag.py:4180} INFO - Setting next_dagrun for dataset_alias_example_alias_producer to None, run_after=None
[2025-03-02T00:50:32.111+0000] {logging_mixin.py:190} INFO - [2025-03-02T00:50:32.111+0000] {dag.py:4180} INFO - Setting next_dagrun for dataset_s3_bucket_consumer to None, run_after=None
[2025-03-02T00:50:32.112+0000] {logging_mixin.py:190} INFO - [2025-03-02T00:50:32.112+0000] {dag.py:4180} INFO - Setting next_dagrun for dataset_s3_bucket_producer to None, run_after=None
[2025-03-02T00:50:32.126+0000] {processor.py:208} INFO - Processing /home/airflow/.local/lib/python3.12/site-packages/airflow/example_dags/example_dataset_alias.py took 0.544 seconds
[2025-03-02T00:51:02.924+0000] {processor.py:186} INFO - Started process (PID=732) to work on /home/airflow/.local/lib/python3.12/site-packages/airflow/example_dags/example_dataset_alias.py
[2025-03-02T00:51:02.925+0000] {processor.py:914} INFO - Processing file /home/airflow/.local/lib/python3.12/site-packages/airflow/example_dags/example_dataset_alias.py for tasks to queue
[2025-03-02T00:51:02.926+0000] {logging_mixin.py:190} INFO - [2025-03-02T00:51:02.926+0000] {dagbag.py:588} INFO - Filling up the DagBag from /home/airflow/.local/lib/python3.12/site-packages/airflow/example_dags/example_dataset_alias.py
[2025-03-02T00:51:03.427+0000] {processor.py:925} INFO - DAG(s) 'dataset_s3_bucket_consumer', 'dataset_alias_example_alias_consumer', 'dataset_alias_example_alias_producer', 'dataset_s3_bucket_producer' retrieved from /home/airflow/.local/lib/python3.12/site-packages/airflow/example_dags/example_dataset_alias.py
[2025-03-02T00:51:03.445+0000] {logging_mixin.py:190} INFO - [2025-03-02T00:51:03.444+0000] {dag.py:3239} INFO - Sync 4 DAGs
[2025-03-02T00:51:03.463+0000] {logging_mixin.py:190} INFO - [2025-03-02T00:51:03.463+0000] {dag.py:4180} INFO - Setting next_dagrun for dataset_alias_example_alias_consumer to None, run_after=None
[2025-03-02T00:51:03.465+0000] {logging_mixin.py:190} INFO - [2025-03-02T00:51:03.465+0000] {dag.py:4180} INFO - Setting next_dagrun for dataset_alias_example_alias_producer to None, run_after=None
[2025-03-02T00:51:03.466+0000] {logging_mixin.py:190} INFO - [2025-03-02T00:51:03.466+0000] {dag.py:4180} INFO - Setting next_dagrun for dataset_s3_bucket_consumer to None, run_after=None
[2025-03-02T00:51:03.467+0000] {logging_mixin.py:190} INFO - [2025-03-02T00:51:03.467+0000] {dag.py:4180} INFO - Setting next_dagrun for dataset_s3_bucket_producer to None, run_after=None
[2025-03-02T00:51:03.482+0000] {processor.py:208} INFO - Processing /home/airflow/.local/lib/python3.12/site-packages/airflow/example_dags/example_dataset_alias.py took 0.562 seconds
[2025-03-02T00:51:34.193+0000] {processor.py:186} INFO - Started process (PID=796) to work on /home/airflow/.local/lib/python3.12/site-packages/airflow/example_dags/example_dataset_alias.py
[2025-03-02T00:51:34.194+0000] {processor.py:914} INFO - Processing file /home/airflow/.local/lib/python3.12/site-packages/airflow/example_dags/example_dataset_alias.py for tasks to queue
[2025-03-02T00:51:34.195+0000] {logging_mixin.py:190} INFO - [2025-03-02T00:51:34.195+0000] {dagbag.py:588} INFO - Filling up the DagBag from /home/airflow/.local/lib/python3.12/site-packages/airflow/example_dags/example_dataset_alias.py
[2025-03-02T00:51:34.702+0000] {processor.py:925} INFO - DAG(s) 'dataset_s3_bucket_consumer', 'dataset_alias_example_alias_consumer', 'dataset_s3_bucket_producer', 'dataset_alias_example_alias_producer' retrieved from /home/airflow/.local/lib/python3.12/site-packages/airflow/example_dags/example_dataset_alias.py
[2025-03-02T00:51:34.717+0000] {logging_mixin.py:190} INFO - [2025-03-02T00:51:34.716+0000] {dag.py:3239} INFO - Sync 4 DAGs
[2025-03-02T00:51:34.737+0000] {logging_mixin.py:190} INFO - [2025-03-02T00:51:34.737+0000] {dag.py:4180} INFO - Setting next_dagrun for dataset_alias_example_alias_consumer to None, run_after=None
[2025-03-02T00:51:34.740+0000] {logging_mixin.py:190} INFO - [2025-03-02T00:51:34.740+0000] {dag.py:4180} INFO - Setting next_dagrun for dataset_alias_example_alias_producer to None, run_after=None
[2025-03-02T00:51:34.741+0000] {logging_mixin.py:190} INFO - [2025-03-02T00:51:34.741+0000] {dag.py:4180} INFO - Setting next_dagrun for dataset_s3_bucket_consumer to None, run_after=None
[2025-03-02T00:51:34.743+0000] {logging_mixin.py:190} INFO - [2025-03-02T00:51:34.743+0000] {dag.py:4180} INFO - Setting next_dagrun for dataset_s3_bucket_producer to None, run_after=None
[2025-03-02T00:51:34.762+0000] {processor.py:208} INFO - Processing /home/airflow/.local/lib/python3.12/site-packages/airflow/example_dags/example_dataset_alias.py took 0.573 seconds
[2025-03-02T00:52:05.430+0000] {processor.py:186} INFO - Started process (PID=860) to work on /home/airflow/.local/lib/python3.12/site-packages/airflow/example_dags/example_dataset_alias.py
[2025-03-02T00:52:05.431+0000] {processor.py:914} INFO - Processing file /home/airflow/.local/lib/python3.12/site-packages/airflow/example_dags/example_dataset_alias.py for tasks to queue
[2025-03-02T00:52:05.432+0000] {logging_mixin.py:190} INFO - [2025-03-02T00:52:05.432+0000] {dagbag.py:588} INFO - Filling up the DagBag from /home/airflow/.local/lib/python3.12/site-packages/airflow/example_dags/example_dataset_alias.py
[2025-03-02T00:52:05.938+0000] {processor.py:925} INFO - DAG(s) 'dataset_alias_example_alias_consumer', 'dataset_alias_example_alias_producer', 'dataset_s3_bucket_producer', 'dataset_s3_bucket_consumer' retrieved from /home/airflow/.local/lib/python3.12/site-packages/airflow/example_dags/example_dataset_alias.py
[2025-03-02T00:52:05.953+0000] {logging_mixin.py:190} INFO - [2025-03-02T00:52:05.952+0000] {dag.py:3239} INFO - Sync 4 DAGs
[2025-03-02T00:52:05.970+0000] {logging_mixin.py:190} INFO - [2025-03-02T00:52:05.970+0000] {dag.py:4180} INFO - Setting next_dagrun for dataset_alias_example_alias_consumer to None, run_after=None
[2025-03-02T00:52:05.972+0000] {logging_mixin.py:190} INFO - [2025-03-02T00:52:05.972+0000] {dag.py:4180} INFO - Setting next_dagrun for dataset_alias_example_alias_producer to None, run_after=None
[2025-03-02T00:52:05.973+0000] {logging_mixin.py:190} INFO - [2025-03-02T00:52:05.973+0000] {dag.py:4180} INFO - Setting next_dagrun for dataset_s3_bucket_consumer to None, run_after=None
[2025-03-02T00:52:05.974+0000] {logging_mixin.py:190} INFO - [2025-03-02T00:52:05.974+0000] {dag.py:4180} INFO - Setting next_dagrun for dataset_s3_bucket_producer to None, run_after=None
[2025-03-02T00:52:05.988+0000] {processor.py:208} INFO - Processing /home/airflow/.local/lib/python3.12/site-packages/airflow/example_dags/example_dataset_alias.py took 0.562 seconds
[2025-03-02T00:52:36.622+0000] {processor.py:186} INFO - Started process (PID=925) to work on /home/airflow/.local/lib/python3.12/site-packages/airflow/example_dags/example_dataset_alias.py
[2025-03-02T00:52:36.623+0000] {processor.py:914} INFO - Processing file /home/airflow/.local/lib/python3.12/site-packages/airflow/example_dags/example_dataset_alias.py for tasks to queue
[2025-03-02T00:52:36.624+0000] {logging_mixin.py:190} INFO - [2025-03-02T00:52:36.624+0000] {dagbag.py:588} INFO - Filling up the DagBag from /home/airflow/.local/lib/python3.12/site-packages/airflow/example_dags/example_dataset_alias.py
[2025-03-02T00:52:37.120+0000] {processor.py:925} INFO - DAG(s) 'dataset_alias_example_alias_consumer', 'dataset_s3_bucket_consumer', 'dataset_s3_bucket_producer', 'dataset_alias_example_alias_producer' retrieved from /home/airflow/.local/lib/python3.12/site-packages/airflow/example_dags/example_dataset_alias.py
[2025-03-02T00:52:37.136+0000] {logging_mixin.py:190} INFO - [2025-03-02T00:52:37.135+0000] {dag.py:3239} INFO - Sync 4 DAGs
[2025-03-02T00:52:37.153+0000] {logging_mixin.py:190} INFO - [2025-03-02T00:52:37.153+0000] {dag.py:4180} INFO - Setting next_dagrun for dataset_alias_example_alias_consumer to None, run_after=None
[2025-03-02T00:52:37.155+0000] {logging_mixin.py:190} INFO - [2025-03-02T00:52:37.155+0000] {dag.py:4180} INFO - Setting next_dagrun for dataset_alias_example_alias_producer to None, run_after=None
[2025-03-02T00:52:37.156+0000] {logging_mixin.py:190} INFO - [2025-03-02T00:52:37.156+0000] {dag.py:4180} INFO - Setting next_dagrun for dataset_s3_bucket_consumer to None, run_after=None
[2025-03-02T00:52:37.157+0000] {logging_mixin.py:190} INFO - [2025-03-02T00:52:37.157+0000] {dag.py:4180} INFO - Setting next_dagrun for dataset_s3_bucket_producer to None, run_after=None
[2025-03-02T00:52:37.171+0000] {processor.py:208} INFO - Processing /home/airflow/.local/lib/python3.12/site-packages/airflow/example_dags/example_dataset_alias.py took 0.554 seconds
[2025-03-02T00:53:07.816+0000] {processor.py:186} INFO - Started process (PID=989) to work on /home/airflow/.local/lib/python3.12/site-packages/airflow/example_dags/example_dataset_alias.py
[2025-03-02T00:53:07.816+0000] {processor.py:914} INFO - Processing file /home/airflow/.local/lib/python3.12/site-packages/airflow/example_dags/example_dataset_alias.py for tasks to queue
[2025-03-02T00:53:07.818+0000] {logging_mixin.py:190} INFO - [2025-03-02T00:53:07.818+0000] {dagbag.py:588} INFO - Filling up the DagBag from /home/airflow/.local/lib/python3.12/site-packages/airflow/example_dags/example_dataset_alias.py
[2025-03-02T00:53:08.311+0000] {processor.py:925} INFO - DAG(s) 'dataset_alias_example_alias_consumer', 'dataset_alias_example_alias_producer', 'dataset_s3_bucket_producer', 'dataset_s3_bucket_consumer' retrieved from /home/airflow/.local/lib/python3.12/site-packages/airflow/example_dags/example_dataset_alias.py
[2025-03-02T00:53:08.327+0000] {logging_mixin.py:190} INFO - [2025-03-02T00:53:08.327+0000] {dag.py:3239} INFO - Sync 4 DAGs
[2025-03-02T00:53:08.346+0000] {logging_mixin.py:190} INFO - [2025-03-02T00:53:08.346+0000] {dag.py:4180} INFO - Setting next_dagrun for dataset_alias_example_alias_consumer to None, run_after=None
[2025-03-02T00:53:08.348+0000] {logging_mixin.py:190} INFO - [2025-03-02T00:53:08.348+0000] {dag.py:4180} INFO - Setting next_dagrun for dataset_alias_example_alias_producer to None, run_after=None
[2025-03-02T00:53:08.350+0000] {logging_mixin.py:190} INFO - [2025-03-02T00:53:08.350+0000] {dag.py:4180} INFO - Setting next_dagrun for dataset_s3_bucket_consumer to None, run_after=None
[2025-03-02T00:53:08.351+0000] {logging_mixin.py:190} INFO - [2025-03-02T00:53:08.351+0000] {dag.py:4180} INFO - Setting next_dagrun for dataset_s3_bucket_producer to None, run_after=None
[2025-03-02T00:53:08.365+0000] {processor.py:208} INFO - Processing /home/airflow/.local/lib/python3.12/site-packages/airflow/example_dags/example_dataset_alias.py took 0.554 seconds
[2025-03-02T00:53:39.250+0000] {processor.py:186} INFO - Started process (PID=1053) to work on /home/airflow/.local/lib/python3.12/site-packages/airflow/example_dags/example_dataset_alias.py
[2025-03-02T00:53:39.251+0000] {processor.py:914} INFO - Processing file /home/airflow/.local/lib/python3.12/site-packages/airflow/example_dags/example_dataset_alias.py for tasks to queue
[2025-03-02T00:53:39.252+0000] {logging_mixin.py:190} INFO - [2025-03-02T00:53:39.252+0000] {dagbag.py:588} INFO - Filling up the DagBag from /home/airflow/.local/lib/python3.12/site-packages/airflow/example_dags/example_dataset_alias.py
[2025-03-02T00:53:39.738+0000] {processor.py:925} INFO - DAG(s) 'dataset_s3_bucket_producer', 'dataset_alias_example_alias_producer', 'dataset_s3_bucket_consumer', 'dataset_alias_example_alias_consumer' retrieved from /home/airflow/.local/lib/python3.12/site-packages/airflow/example_dags/example_dataset_alias.py
[2025-03-02T00:53:39.753+0000] {logging_mixin.py:190} INFO - [2025-03-02T00:53:39.753+0000] {dag.py:3239} INFO - Sync 4 DAGs
[2025-03-02T00:53:39.770+0000] {logging_mixin.py:190} INFO - [2025-03-02T00:53:39.770+0000] {dag.py:4180} INFO - Setting next_dagrun for dataset_alias_example_alias_consumer to None, run_after=None
[2025-03-02T00:53:39.772+0000] {logging_mixin.py:190} INFO - [2025-03-02T00:53:39.772+0000] {dag.py:4180} INFO - Setting next_dagrun for dataset_alias_example_alias_producer to None, run_after=None
[2025-03-02T00:53:39.773+0000] {logging_mixin.py:190} INFO - [2025-03-02T00:53:39.773+0000] {dag.py:4180} INFO - Setting next_dagrun for dataset_s3_bucket_consumer to None, run_after=None
[2025-03-02T00:53:39.774+0000] {logging_mixin.py:190} INFO - [2025-03-02T00:53:39.774+0000] {dag.py:4180} INFO - Setting next_dagrun for dataset_s3_bucket_producer to None, run_after=None
[2025-03-02T00:53:39.789+0000] {processor.py:208} INFO - Processing /home/airflow/.local/lib/python3.12/site-packages/airflow/example_dags/example_dataset_alias.py took 0.543 seconds
[2025-03-02T00:54:10.583+0000] {processor.py:186} INFO - Started process (PID=1117) to work on /home/airflow/.local/lib/python3.12/site-packages/airflow/example_dags/example_dataset_alias.py
[2025-03-02T00:54:10.584+0000] {processor.py:914} INFO - Processing file /home/airflow/.local/lib/python3.12/site-packages/airflow/example_dags/example_dataset_alias.py for tasks to queue
[2025-03-02T00:54:10.586+0000] {logging_mixin.py:190} INFO - [2025-03-02T00:54:10.585+0000] {dagbag.py:588} INFO - Filling up the DagBag from /home/airflow/.local/lib/python3.12/site-packages/airflow/example_dags/example_dataset_alias.py
[2025-03-02T00:54:11.101+0000] {processor.py:925} INFO - DAG(s) 'dataset_s3_bucket_producer', 'dataset_alias_example_alias_consumer', 'dataset_s3_bucket_consumer', 'dataset_alias_example_alias_producer' retrieved from /home/airflow/.local/lib/python3.12/site-packages/airflow/example_dags/example_dataset_alias.py
[2025-03-02T00:54:11.123+0000] {logging_mixin.py:190} INFO - [2025-03-02T00:54:11.122+0000] {dag.py:3239} INFO - Sync 4 DAGs
[2025-03-02T00:54:11.147+0000] {logging_mixin.py:190} INFO - [2025-03-02T00:54:11.147+0000] {dag.py:4180} INFO - Setting next_dagrun for dataset_alias_example_alias_consumer to None, run_after=None
[2025-03-02T00:54:11.149+0000] {logging_mixin.py:190} INFO - [2025-03-02T00:54:11.149+0000] {dag.py:4180} INFO - Setting next_dagrun for dataset_alias_example_alias_producer to None, run_after=None
[2025-03-02T00:54:11.151+0000] {logging_mixin.py:190} INFO - [2025-03-02T00:54:11.151+0000] {dag.py:4180} INFO - Setting next_dagrun for dataset_s3_bucket_consumer to None, run_after=None
[2025-03-02T00:54:11.152+0000] {logging_mixin.py:190} INFO - [2025-03-02T00:54:11.152+0000] {dag.py:4180} INFO - Setting next_dagrun for dataset_s3_bucket_producer to None, run_after=None
[2025-03-02T00:54:11.171+0000] {processor.py:208} INFO - Processing /home/airflow/.local/lib/python3.12/site-packages/airflow/example_dags/example_dataset_alias.py took 0.592 seconds
[2025-03-02T00:54:41.264+0000] {processor.py:186} INFO - Started process (PID=1181) to work on /home/airflow/.local/lib/python3.12/site-packages/airflow/example_dags/example_dataset_alias.py
[2025-03-02T00:54:41.265+0000] {processor.py:914} INFO - Processing file /home/airflow/.local/lib/python3.12/site-packages/airflow/example_dags/example_dataset_alias.py for tasks to queue
[2025-03-02T00:54:41.267+0000] {logging_mixin.py:190} INFO - [2025-03-02T00:54:41.267+0000] {dagbag.py:588} INFO - Filling up the DagBag from /home/airflow/.local/lib/python3.12/site-packages/airflow/example_dags/example_dataset_alias.py
[2025-03-02T00:54:41.840+0000] {processor.py:925} INFO - DAG(s) 'dataset_alias_example_alias_consumer', 'dataset_alias_example_alias_producer', 'dataset_s3_bucket_consumer', 'dataset_s3_bucket_producer' retrieved from /home/airflow/.local/lib/python3.12/site-packages/airflow/example_dags/example_dataset_alias.py
[2025-03-02T00:54:41.859+0000] {logging_mixin.py:190} INFO - [2025-03-02T00:54:41.858+0000] {dag.py:3239} INFO - Sync 4 DAGs
[2025-03-02T00:54:41.879+0000] {logging_mixin.py:190} INFO - [2025-03-02T00:54:41.879+0000] {dag.py:4180} INFO - Setting next_dagrun for dataset_alias_example_alias_consumer to None, run_after=None
[2025-03-02T00:54:41.881+0000] {logging_mixin.py:190} INFO - [2025-03-02T00:54:41.881+0000] {dag.py:4180} INFO - Setting next_dagrun for dataset_alias_example_alias_producer to None, run_after=None
[2025-03-02T00:54:41.882+0000] {logging_mixin.py:190} INFO - [2025-03-02T00:54:41.882+0000] {dag.py:4180} INFO - Setting next_dagrun for dataset_s3_bucket_consumer to None, run_after=None
[2025-03-02T00:54:41.883+0000] {logging_mixin.py:190} INFO - [2025-03-02T00:54:41.883+0000] {dag.py:4180} INFO - Setting next_dagrun for dataset_s3_bucket_producer to None, run_after=None
[2025-03-02T00:54:41.901+0000] {processor.py:208} INFO - Processing /home/airflow/.local/lib/python3.12/site-packages/airflow/example_dags/example_dataset_alias.py took 0.641 seconds
