[2025-03-02T00:45:50.878+0000] {processor.py:186} INFO - Started process (PID=82) to work on /home/airflow/.local/lib/python3.12/site-packages/airflow/example_dags/example_skip_dag.py
[2025-03-02T00:45:50.879+0000] {processor.py:914} INFO - Processing file /home/airflow/.local/lib/python3.12/site-packages/airflow/example_dags/example_skip_dag.py for tasks to queue
[2025-03-02T00:45:50.882+0000] {logging_mixin.py:190} INFO - [2025-03-02T00:45:50.881+0000] {dagbag.py:588} INFO - Filling up the DagBag from /home/airflow/.local/lib/python3.12/site-packages/airflow/example_dags/example_skip_dag.py
[2025-03-02T00:45:50.902+0000] {processor.py:925} INFO - DAG(s) 'example_skip_dag' retrieved from /home/airflow/.local/lib/python3.12/site-packages/airflow/example_dags/example_skip_dag.py
[2025-03-02T00:45:52.251+0000] {logging_mixin.py:190} INFO - [2025-03-02T00:45:52.250+0000] {override.py:1911} INFO - Created Permission View: can edit on DAG:example_skip_dag
[2025-03-02T00:45:52.263+0000] {logging_mixin.py:190} INFO - [2025-03-02T00:45:52.262+0000] {override.py:1911} INFO - Created Permission View: can read on DAG:example_skip_dag
[2025-03-02T00:45:52.268+0000] {logging_mixin.py:190} INFO - [2025-03-02T00:45:52.268+0000] {override.py:1911} INFO - Created Permission View: can delete on DAG:example_skip_dag
[2025-03-02T00:45:52.274+0000] {logging_mixin.py:190} INFO - [2025-03-02T00:45:52.274+0000] {override.py:1911} INFO - Created Permission View: menu access on DAG Run:example_skip_dag
[2025-03-02T00:45:52.280+0000] {logging_mixin.py:190} INFO - [2025-03-02T00:45:52.279+0000] {override.py:1911} INFO - Created Permission View: can read on DAG Run:example_skip_dag
[2025-03-02T00:45:52.285+0000] {logging_mixin.py:190} INFO - [2025-03-02T00:45:52.285+0000] {override.py:1911} INFO - Created Permission View: can delete on DAG Run:example_skip_dag
[2025-03-02T00:45:52.290+0000] {logging_mixin.py:190} INFO - [2025-03-02T00:45:52.290+0000] {override.py:1911} INFO - Created Permission View: can create on DAG Run:example_skip_dag
[2025-03-02T00:45:52.291+0000] {logging_mixin.py:190} INFO - [2025-03-02T00:45:52.291+0000] {dag.py:3239} INFO - Sync 1 DAGs
[2025-03-02T00:45:52.305+0000] {logging_mixin.py:190} INFO - [2025-03-02T00:45:52.305+0000] {dag.py:3262} INFO - Creating ORM DAG for example_skip_dag
[2025-03-02T00:45:52.315+0000] {logging_mixin.py:190} INFO - [2025-03-02T00:45:52.315+0000] {dag.py:4180} INFO - Setting next_dagrun for example_skip_dag to 2025-03-01 00:00:00+00:00, run_after=2025-03-02 00:00:00+00:00
[2025-03-02T00:45:52.331+0000] {processor.py:208} INFO - Processing /home/airflow/.local/lib/python3.12/site-packages/airflow/example_dags/example_skip_dag.py took 1.469 seconds
[2025-03-02T00:46:23.098+0000] {processor.py:186} INFO - Started process (PID=146) to work on /home/airflow/.local/lib/python3.12/site-packages/airflow/example_dags/example_skip_dag.py
[2025-03-02T00:46:23.098+0000] {processor.py:914} INFO - Processing file /home/airflow/.local/lib/python3.12/site-packages/airflow/example_dags/example_skip_dag.py for tasks to queue
[2025-03-02T00:46:23.100+0000] {logging_mixin.py:190} INFO - [2025-03-02T00:46:23.100+0000] {dagbag.py:588} INFO - Filling up the DagBag from /home/airflow/.local/lib/python3.12/site-packages/airflow/example_dags/example_skip_dag.py
[2025-03-02T00:46:23.106+0000] {processor.py:925} INFO - DAG(s) 'example_skip_dag' retrieved from /home/airflow/.local/lib/python3.12/site-packages/airflow/example_dags/example_skip_dag.py
[2025-03-02T00:46:23.122+0000] {logging_mixin.py:190} INFO - [2025-03-02T00:46:23.122+0000] {dag.py:3239} INFO - Sync 1 DAGs
[2025-03-02T00:46:23.139+0000] {logging_mixin.py:190} INFO - [2025-03-02T00:46:23.139+0000] {dag.py:4180} INFO - Setting next_dagrun for example_skip_dag to 2025-03-01 00:00:00+00:00, run_after=2025-03-02 00:00:00+00:00
[2025-03-02T00:46:23.153+0000] {processor.py:208} INFO - Processing /home/airflow/.local/lib/python3.12/site-packages/airflow/example_dags/example_skip_dag.py took 0.059 seconds
[2025-03-02T00:46:53.841+0000] {processor.py:186} INFO - Started process (PID=209) to work on /home/airflow/.local/lib/python3.12/site-packages/airflow/example_dags/example_skip_dag.py
[2025-03-02T00:46:53.841+0000] {processor.py:914} INFO - Processing file /home/airflow/.local/lib/python3.12/site-packages/airflow/example_dags/example_skip_dag.py for tasks to queue
[2025-03-02T00:46:53.843+0000] {logging_mixin.py:190} INFO - [2025-03-02T00:46:53.842+0000] {dagbag.py:588} INFO - Filling up the DagBag from /home/airflow/.local/lib/python3.12/site-packages/airflow/example_dags/example_skip_dag.py
[2025-03-02T00:46:53.849+0000] {processor.py:925} INFO - DAG(s) 'example_skip_dag' retrieved from /home/airflow/.local/lib/python3.12/site-packages/airflow/example_dags/example_skip_dag.py
[2025-03-02T00:46:53.865+0000] {logging_mixin.py:190} INFO - [2025-03-02T00:46:53.865+0000] {dag.py:3239} INFO - Sync 1 DAGs
[2025-03-02T00:46:53.884+0000] {logging_mixin.py:190} INFO - [2025-03-02T00:46:53.883+0000] {dag.py:4180} INFO - Setting next_dagrun for example_skip_dag to 2025-03-01 00:00:00+00:00, run_after=2025-03-02 00:00:00+00:00
[2025-03-02T00:46:53.896+0000] {processor.py:208} INFO - Processing /home/airflow/.local/lib/python3.12/site-packages/airflow/example_dags/example_skip_dag.py took 0.061 seconds
[2025-03-02T00:47:24.029+0000] {processor.py:186} INFO - Started process (PID=271) to work on /home/airflow/.local/lib/python3.12/site-packages/airflow/example_dags/example_skip_dag.py
[2025-03-02T00:47:24.031+0000] {processor.py:914} INFO - Processing file /home/airflow/.local/lib/python3.12/site-packages/airflow/example_dags/example_skip_dag.py for tasks to queue
[2025-03-02T00:47:24.033+0000] {logging_mixin.py:190} INFO - [2025-03-02T00:47:24.033+0000] {dagbag.py:588} INFO - Filling up the DagBag from /home/airflow/.local/lib/python3.12/site-packages/airflow/example_dags/example_skip_dag.py
[2025-03-02T00:47:24.042+0000] {processor.py:925} INFO - DAG(s) 'example_skip_dag' retrieved from /home/airflow/.local/lib/python3.12/site-packages/airflow/example_dags/example_skip_dag.py
[2025-03-02T00:47:24.064+0000] {logging_mixin.py:190} INFO - [2025-03-02T00:47:24.064+0000] {dag.py:3239} INFO - Sync 1 DAGs
[2025-03-02T00:47:24.090+0000] {logging_mixin.py:190} INFO - [2025-03-02T00:47:24.090+0000] {dag.py:4180} INFO - Setting next_dagrun for example_skip_dag to 2025-03-01 00:00:00+00:00, run_after=2025-03-02 00:00:00+00:00
[2025-03-02T00:47:24.105+0000] {processor.py:208} INFO - Processing /home/airflow/.local/lib/python3.12/site-packages/airflow/example_dags/example_skip_dag.py took 0.081 seconds
[2025-03-02T00:47:54.224+0000] {processor.py:186} INFO - Started process (PID=334) to work on /home/airflow/.local/lib/python3.12/site-packages/airflow/example_dags/example_skip_dag.py
[2025-03-02T00:47:54.225+0000] {processor.py:914} INFO - Processing file /home/airflow/.local/lib/python3.12/site-packages/airflow/example_dags/example_skip_dag.py for tasks to queue
[2025-03-02T00:47:54.226+0000] {logging_mixin.py:190} INFO - [2025-03-02T00:47:54.226+0000] {dagbag.py:588} INFO - Filling up the DagBag from /home/airflow/.local/lib/python3.12/site-packages/airflow/example_dags/example_skip_dag.py
[2025-03-02T00:47:54.233+0000] {processor.py:925} INFO - DAG(s) 'example_skip_dag' retrieved from /home/airflow/.local/lib/python3.12/site-packages/airflow/example_dags/example_skip_dag.py
[2025-03-02T00:47:54.249+0000] {logging_mixin.py:190} INFO - [2025-03-02T00:47:54.249+0000] {dag.py:3239} INFO - Sync 1 DAGs
[2025-03-02T00:47:54.266+0000] {logging_mixin.py:190} INFO - [2025-03-02T00:47:54.266+0000] {dag.py:4180} INFO - Setting next_dagrun for example_skip_dag to 2025-03-01 00:00:00+00:00, run_after=2025-03-02 00:00:00+00:00
[2025-03-02T00:47:54.280+0000] {processor.py:208} INFO - Processing /home/airflow/.local/lib/python3.12/site-packages/airflow/example_dags/example_skip_dag.py took 0.060 seconds
[2025-03-02T00:48:24.332+0000] {processor.py:186} INFO - Started process (PID=397) to work on /home/airflow/.local/lib/python3.12/site-packages/airflow/example_dags/example_skip_dag.py
[2025-03-02T00:48:24.332+0000] {processor.py:914} INFO - Processing file /home/airflow/.local/lib/python3.12/site-packages/airflow/example_dags/example_skip_dag.py for tasks to queue
[2025-03-02T00:48:24.334+0000] {logging_mixin.py:190} INFO - [2025-03-02T00:48:24.334+0000] {dagbag.py:588} INFO - Filling up the DagBag from /home/airflow/.local/lib/python3.12/site-packages/airflow/example_dags/example_skip_dag.py
[2025-03-02T00:48:24.342+0000] {processor.py:925} INFO - DAG(s) 'example_skip_dag' retrieved from /home/airflow/.local/lib/python3.12/site-packages/airflow/example_dags/example_skip_dag.py
[2025-03-02T00:48:24.363+0000] {logging_mixin.py:190} INFO - [2025-03-02T00:48:24.363+0000] {dag.py:3239} INFO - Sync 1 DAGs
[2025-03-02T00:48:24.382+0000] {logging_mixin.py:190} INFO - [2025-03-02T00:48:24.382+0000] {dag.py:4180} INFO - Setting next_dagrun for example_skip_dag to 2025-03-01 00:00:00+00:00, run_after=2025-03-02 00:00:00+00:00
[2025-03-02T00:48:24.396+0000] {processor.py:208} INFO - Processing /home/airflow/.local/lib/python3.12/site-packages/airflow/example_dags/example_skip_dag.py took 0.068 seconds
[2025-03-02T00:48:54.567+0000] {processor.py:186} INFO - Started process (PID=461) to work on /home/airflow/.local/lib/python3.12/site-packages/airflow/example_dags/example_skip_dag.py
[2025-03-02T00:48:54.568+0000] {processor.py:914} INFO - Processing file /home/airflow/.local/lib/python3.12/site-packages/airflow/example_dags/example_skip_dag.py for tasks to queue
[2025-03-02T00:48:54.570+0000] {logging_mixin.py:190} INFO - [2025-03-02T00:48:54.570+0000] {dagbag.py:588} INFO - Filling up the DagBag from /home/airflow/.local/lib/python3.12/site-packages/airflow/example_dags/example_skip_dag.py
[2025-03-02T00:48:54.578+0000] {processor.py:925} INFO - DAG(s) 'example_skip_dag' retrieved from /home/airflow/.local/lib/python3.12/site-packages/airflow/example_dags/example_skip_dag.py
[2025-03-02T00:48:54.601+0000] {logging_mixin.py:190} INFO - [2025-03-02T00:48:54.600+0000] {dag.py:3239} INFO - Sync 1 DAGs
[2025-03-02T00:48:54.626+0000] {logging_mixin.py:190} INFO - [2025-03-02T00:48:54.626+0000] {dag.py:4180} INFO - Setting next_dagrun for example_skip_dag to 2025-03-01 00:00:00+00:00, run_after=2025-03-02 00:00:00+00:00
[2025-03-02T00:48:54.650+0000] {processor.py:208} INFO - Processing /home/airflow/.local/lib/python3.12/site-packages/airflow/example_dags/example_skip_dag.py took 0.089 seconds
[2025-03-02T00:49:24.717+0000] {processor.py:186} INFO - Started process (PID=525) to work on /home/airflow/.local/lib/python3.12/site-packages/airflow/example_dags/example_skip_dag.py
[2025-03-02T00:49:24.718+0000] {processor.py:914} INFO - Processing file /home/airflow/.local/lib/python3.12/site-packages/airflow/example_dags/example_skip_dag.py for tasks to queue
[2025-03-02T00:49:24.719+0000] {logging_mixin.py:190} INFO - [2025-03-02T00:49:24.719+0000] {dagbag.py:588} INFO - Filling up the DagBag from /home/airflow/.local/lib/python3.12/site-packages/airflow/example_dags/example_skip_dag.py
[2025-03-02T00:49:24.725+0000] {processor.py:925} INFO - DAG(s) 'example_skip_dag' retrieved from /home/airflow/.local/lib/python3.12/site-packages/airflow/example_dags/example_skip_dag.py
[2025-03-02T00:49:24.743+0000] {logging_mixin.py:190} INFO - [2025-03-02T00:49:24.742+0000] {dag.py:3239} INFO - Sync 1 DAGs
[2025-03-02T00:49:24.760+0000] {logging_mixin.py:190} INFO - [2025-03-02T00:49:24.760+0000] {dag.py:4180} INFO - Setting next_dagrun for example_skip_dag to 2025-03-01 00:00:00+00:00, run_after=2025-03-02 00:00:00+00:00
[2025-03-02T00:49:24.776+0000] {processor.py:208} INFO - Processing /home/airflow/.local/lib/python3.12/site-packages/airflow/example_dags/example_skip_dag.py took 0.063 seconds
[2025-03-02T00:49:55.230+0000] {processor.py:186} INFO - Started process (PID=588) to work on /home/airflow/.local/lib/python3.12/site-packages/airflow/example_dags/example_skip_dag.py
[2025-03-02T00:49:55.231+0000] {processor.py:914} INFO - Processing file /home/airflow/.local/lib/python3.12/site-packages/airflow/example_dags/example_skip_dag.py for tasks to queue
[2025-03-02T00:49:55.233+0000] {logging_mixin.py:190} INFO - [2025-03-02T00:49:55.232+0000] {dagbag.py:588} INFO - Filling up the DagBag from /home/airflow/.local/lib/python3.12/site-packages/airflow/example_dags/example_skip_dag.py
[2025-03-02T00:49:55.239+0000] {processor.py:925} INFO - DAG(s) 'example_skip_dag' retrieved from /home/airflow/.local/lib/python3.12/site-packages/airflow/example_dags/example_skip_dag.py
[2025-03-02T00:49:55.256+0000] {logging_mixin.py:190} INFO - [2025-03-02T00:49:55.256+0000] {dag.py:3239} INFO - Sync 1 DAGs
[2025-03-02T00:49:55.273+0000] {logging_mixin.py:190} INFO - [2025-03-02T00:49:55.273+0000] {dag.py:4180} INFO - Setting next_dagrun for example_skip_dag to 2025-03-01 00:00:00+00:00, run_after=2025-03-02 00:00:00+00:00
[2025-03-02T00:49:55.286+0000] {processor.py:208} INFO - Processing /home/airflow/.local/lib/python3.12/site-packages/airflow/example_dags/example_skip_dag.py took 0.060 seconds
[2025-03-02T00:50:25.789+0000] {processor.py:186} INFO - Started process (PID=651) to work on /home/airflow/.local/lib/python3.12/site-packages/airflow/example_dags/example_skip_dag.py
[2025-03-02T00:50:25.790+0000] {processor.py:914} INFO - Processing file /home/airflow/.local/lib/python3.12/site-packages/airflow/example_dags/example_skip_dag.py for tasks to queue
[2025-03-02T00:50:25.791+0000] {logging_mixin.py:190} INFO - [2025-03-02T00:50:25.791+0000] {dagbag.py:588} INFO - Filling up the DagBag from /home/airflow/.local/lib/python3.12/site-packages/airflow/example_dags/example_skip_dag.py
[2025-03-02T00:50:25.797+0000] {processor.py:925} INFO - DAG(s) 'example_skip_dag' retrieved from /home/airflow/.local/lib/python3.12/site-packages/airflow/example_dags/example_skip_dag.py
[2025-03-02T00:50:25.814+0000] {logging_mixin.py:190} INFO - [2025-03-02T00:50:25.814+0000] {dag.py:3239} INFO - Sync 1 DAGs
[2025-03-02T00:50:25.831+0000] {logging_mixin.py:190} INFO - [2025-03-02T00:50:25.831+0000] {dag.py:4180} INFO - Setting next_dagrun for example_skip_dag to 2025-03-01 00:00:00+00:00, run_after=2025-03-02 00:00:00+00:00
[2025-03-02T00:50:25.844+0000] {processor.py:208} INFO - Processing /home/airflow/.local/lib/python3.12/site-packages/airflow/example_dags/example_skip_dag.py took 0.059 seconds
[2025-03-02T00:50:56.153+0000] {processor.py:186} INFO - Started process (PID=715) to work on /home/airflow/.local/lib/python3.12/site-packages/airflow/example_dags/example_skip_dag.py
[2025-03-02T00:50:56.153+0000] {processor.py:914} INFO - Processing file /home/airflow/.local/lib/python3.12/site-packages/airflow/example_dags/example_skip_dag.py for tasks to queue
[2025-03-02T00:50:56.155+0000] {logging_mixin.py:190} INFO - [2025-03-02T00:50:56.155+0000] {dagbag.py:588} INFO - Filling up the DagBag from /home/airflow/.local/lib/python3.12/site-packages/airflow/example_dags/example_skip_dag.py
[2025-03-02T00:50:56.161+0000] {processor.py:925} INFO - DAG(s) 'example_skip_dag' retrieved from /home/airflow/.local/lib/python3.12/site-packages/airflow/example_dags/example_skip_dag.py
[2025-03-02T00:50:56.179+0000] {logging_mixin.py:190} INFO - [2025-03-02T00:50:56.179+0000] {dag.py:3239} INFO - Sync 1 DAGs
[2025-03-02T00:50:56.197+0000] {logging_mixin.py:190} INFO - [2025-03-02T00:50:56.197+0000] {dag.py:4180} INFO - Setting next_dagrun for example_skip_dag to 2025-03-01 00:00:00+00:00, run_after=2025-03-02 00:00:00+00:00
[2025-03-02T00:50:56.210+0000] {processor.py:208} INFO - Processing /home/airflow/.local/lib/python3.12/site-packages/airflow/example_dags/example_skip_dag.py took 0.062 seconds
[2025-03-02T00:51:26.419+0000] {processor.py:186} INFO - Started process (PID=779) to work on /home/airflow/.local/lib/python3.12/site-packages/airflow/example_dags/example_skip_dag.py
[2025-03-02T00:51:26.420+0000] {processor.py:914} INFO - Processing file /home/airflow/.local/lib/python3.12/site-packages/airflow/example_dags/example_skip_dag.py for tasks to queue
[2025-03-02T00:51:26.422+0000] {logging_mixin.py:190} INFO - [2025-03-02T00:51:26.421+0000] {dagbag.py:588} INFO - Filling up the DagBag from /home/airflow/.local/lib/python3.12/site-packages/airflow/example_dags/example_skip_dag.py
[2025-03-02T00:51:26.428+0000] {processor.py:925} INFO - DAG(s) 'example_skip_dag' retrieved from /home/airflow/.local/lib/python3.12/site-packages/airflow/example_dags/example_skip_dag.py
[2025-03-02T00:51:26.446+0000] {logging_mixin.py:190} INFO - [2025-03-02T00:51:26.446+0000] {dag.py:3239} INFO - Sync 1 DAGs
[2025-03-02T00:51:26.465+0000] {logging_mixin.py:190} INFO - [2025-03-02T00:51:26.465+0000] {dag.py:4180} INFO - Setting next_dagrun for example_skip_dag to 2025-03-01 00:00:00+00:00, run_after=2025-03-02 00:00:00+00:00
[2025-03-02T00:51:26.479+0000] {processor.py:208} INFO - Processing /home/airflow/.local/lib/python3.12/site-packages/airflow/example_dags/example_skip_dag.py took 0.064 seconds
[2025-03-02T00:51:56.552+0000] {processor.py:186} INFO - Started process (PID=843) to work on /home/airflow/.local/lib/python3.12/site-packages/airflow/example_dags/example_skip_dag.py
[2025-03-02T00:51:56.552+0000] {processor.py:914} INFO - Processing file /home/airflow/.local/lib/python3.12/site-packages/airflow/example_dags/example_skip_dag.py for tasks to queue
[2025-03-02T00:51:56.554+0000] {logging_mixin.py:190} INFO - [2025-03-02T00:51:56.554+0000] {dagbag.py:588} INFO - Filling up the DagBag from /home/airflow/.local/lib/python3.12/site-packages/airflow/example_dags/example_skip_dag.py
[2025-03-02T00:51:56.562+0000] {processor.py:925} INFO - DAG(s) 'example_skip_dag' retrieved from /home/airflow/.local/lib/python3.12/site-packages/airflow/example_dags/example_skip_dag.py
[2025-03-02T00:51:56.579+0000] {logging_mixin.py:190} INFO - [2025-03-02T00:51:56.578+0000] {dag.py:3239} INFO - Sync 1 DAGs
[2025-03-02T00:51:56.606+0000] {logging_mixin.py:190} INFO - [2025-03-02T00:51:56.605+0000] {dag.py:4180} INFO - Setting next_dagrun for example_skip_dag to 2025-03-01 00:00:00+00:00, run_after=2025-03-02 00:00:00+00:00
[2025-03-02T00:51:56.622+0000] {processor.py:208} INFO - Processing /home/airflow/.local/lib/python3.12/site-packages/airflow/example_dags/example_skip_dag.py took 0.076 seconds
[2025-03-02T00:52:26.715+0000] {processor.py:186} INFO - Started process (PID=908) to work on /home/airflow/.local/lib/python3.12/site-packages/airflow/example_dags/example_skip_dag.py
[2025-03-02T00:52:26.715+0000] {processor.py:914} INFO - Processing file /home/airflow/.local/lib/python3.12/site-packages/airflow/example_dags/example_skip_dag.py for tasks to queue
[2025-03-02T00:52:26.717+0000] {logging_mixin.py:190} INFO - [2025-03-02T00:52:26.716+0000] {dagbag.py:588} INFO - Filling up the DagBag from /home/airflow/.local/lib/python3.12/site-packages/airflow/example_dags/example_skip_dag.py
[2025-03-02T00:52:26.723+0000] {processor.py:925} INFO - DAG(s) 'example_skip_dag' retrieved from /home/airflow/.local/lib/python3.12/site-packages/airflow/example_dags/example_skip_dag.py
[2025-03-02T00:52:26.739+0000] {logging_mixin.py:190} INFO - [2025-03-02T00:52:26.739+0000] {dag.py:3239} INFO - Sync 1 DAGs
[2025-03-02T00:52:26.756+0000] {logging_mixin.py:190} INFO - [2025-03-02T00:52:26.756+0000] {dag.py:4180} INFO - Setting next_dagrun for example_skip_dag to 2025-03-01 00:00:00+00:00, run_after=2025-03-02 00:00:00+00:00
[2025-03-02T00:52:26.769+0000] {processor.py:208} INFO - Processing /home/airflow/.local/lib/python3.12/site-packages/airflow/example_dags/example_skip_dag.py took 0.059 seconds
[2025-03-02T00:52:56.959+0000] {processor.py:186} INFO - Started process (PID=972) to work on /home/airflow/.local/lib/python3.12/site-packages/airflow/example_dags/example_skip_dag.py
[2025-03-02T00:52:56.959+0000] {processor.py:914} INFO - Processing file /home/airflow/.local/lib/python3.12/site-packages/airflow/example_dags/example_skip_dag.py for tasks to queue
[2025-03-02T00:52:56.961+0000] {logging_mixin.py:190} INFO - [2025-03-02T00:52:56.961+0000] {dagbag.py:588} INFO - Filling up the DagBag from /home/airflow/.local/lib/python3.12/site-packages/airflow/example_dags/example_skip_dag.py
[2025-03-02T00:52:56.967+0000] {processor.py:925} INFO - DAG(s) 'example_skip_dag' retrieved from /home/airflow/.local/lib/python3.12/site-packages/airflow/example_dags/example_skip_dag.py
[2025-03-02T00:52:56.988+0000] {logging_mixin.py:190} INFO - [2025-03-02T00:52:56.988+0000] {dag.py:3239} INFO - Sync 1 DAGs
[2025-03-02T00:52:57.008+0000] {logging_mixin.py:190} INFO - [2025-03-02T00:52:57.007+0000] {dag.py:4180} INFO - Setting next_dagrun for example_skip_dag to 2025-03-01 00:00:00+00:00, run_after=2025-03-02 00:00:00+00:00
[2025-03-02T00:52:57.022+0000] {processor.py:208} INFO - Processing /home/airflow/.local/lib/python3.12/site-packages/airflow/example_dags/example_skip_dag.py took 0.067 seconds
[2025-03-02T00:53:27.414+0000] {processor.py:186} INFO - Started process (PID=1036) to work on /home/airflow/.local/lib/python3.12/site-packages/airflow/example_dags/example_skip_dag.py
[2025-03-02T00:53:27.415+0000] {processor.py:914} INFO - Processing file /home/airflow/.local/lib/python3.12/site-packages/airflow/example_dags/example_skip_dag.py for tasks to queue
[2025-03-02T00:53:27.417+0000] {logging_mixin.py:190} INFO - [2025-03-02T00:53:27.417+0000] {dagbag.py:588} INFO - Filling up the DagBag from /home/airflow/.local/lib/python3.12/site-packages/airflow/example_dags/example_skip_dag.py
[2025-03-02T00:53:27.424+0000] {processor.py:925} INFO - DAG(s) 'example_skip_dag' retrieved from /home/airflow/.local/lib/python3.12/site-packages/airflow/example_dags/example_skip_dag.py
[2025-03-02T00:53:27.441+0000] {logging_mixin.py:190} INFO - [2025-03-02T00:53:27.441+0000] {dag.py:3239} INFO - Sync 1 DAGs
[2025-03-02T00:53:27.458+0000] {logging_mixin.py:190} INFO - [2025-03-02T00:53:27.458+0000] {dag.py:4180} INFO - Setting next_dagrun for example_skip_dag to 2025-03-01 00:00:00+00:00, run_after=2025-03-02 00:00:00+00:00
[2025-03-02T00:53:27.472+0000] {processor.py:208} INFO - Processing /home/airflow/.local/lib/python3.12/site-packages/airflow/example_dags/example_skip_dag.py took 0.063 seconds
[2025-03-02T00:53:57.848+0000] {processor.py:186} INFO - Started process (PID=1100) to work on /home/airflow/.local/lib/python3.12/site-packages/airflow/example_dags/example_skip_dag.py
[2025-03-02T00:53:57.849+0000] {processor.py:914} INFO - Processing file /home/airflow/.local/lib/python3.12/site-packages/airflow/example_dags/example_skip_dag.py for tasks to queue
[2025-03-02T00:53:57.851+0000] {logging_mixin.py:190} INFO - [2025-03-02T00:53:57.850+0000] {dagbag.py:588} INFO - Filling up the DagBag from /home/airflow/.local/lib/python3.12/site-packages/airflow/example_dags/example_skip_dag.py
[2025-03-02T00:53:57.857+0000] {processor.py:925} INFO - DAG(s) 'example_skip_dag' retrieved from /home/airflow/.local/lib/python3.12/site-packages/airflow/example_dags/example_skip_dag.py
[2025-03-02T00:53:57.873+0000] {logging_mixin.py:190} INFO - [2025-03-02T00:53:57.873+0000] {dag.py:3239} INFO - Sync 1 DAGs
[2025-03-02T00:53:57.891+0000] {logging_mixin.py:190} INFO - [2025-03-02T00:53:57.891+0000] {dag.py:4180} INFO - Setting next_dagrun for example_skip_dag to 2025-03-01 00:00:00+00:00, run_after=2025-03-02 00:00:00+00:00
[2025-03-02T00:53:57.904+0000] {processor.py:208} INFO - Processing /home/airflow/.local/lib/python3.12/site-packages/airflow/example_dags/example_skip_dag.py took 0.060 seconds
[2025-03-02T00:54:28.443+0000] {processor.py:186} INFO - Started process (PID=1164) to work on /home/airflow/.local/lib/python3.12/site-packages/airflow/example_dags/example_skip_dag.py
[2025-03-02T00:54:28.444+0000] {processor.py:914} INFO - Processing file /home/airflow/.local/lib/python3.12/site-packages/airflow/example_dags/example_skip_dag.py for tasks to queue
[2025-03-02T00:54:28.446+0000] {logging_mixin.py:190} INFO - [2025-03-02T00:54:28.445+0000] {dagbag.py:588} INFO - Filling up the DagBag from /home/airflow/.local/lib/python3.12/site-packages/airflow/example_dags/example_skip_dag.py
[2025-03-02T00:54:28.452+0000] {processor.py:925} INFO - DAG(s) 'example_skip_dag' retrieved from /home/airflow/.local/lib/python3.12/site-packages/airflow/example_dags/example_skip_dag.py
[2025-03-02T00:54:28.469+0000] {logging_mixin.py:190} INFO - [2025-03-02T00:54:28.469+0000] {dag.py:3239} INFO - Sync 1 DAGs
[2025-03-02T00:54:28.493+0000] {logging_mixin.py:190} INFO - [2025-03-02T00:54:28.493+0000] {dag.py:4180} INFO - Setting next_dagrun for example_skip_dag to 2025-03-01 00:00:00+00:00, run_after=2025-03-02 00:00:00+00:00
[2025-03-02T00:54:28.508+0000] {processor.py:208} INFO - Processing /home/airflow/.local/lib/python3.12/site-packages/airflow/example_dags/example_skip_dag.py took 0.070 seconds
[2025-03-02T00:54:59.070+0000] {processor.py:186} INFO - Started process (PID=1228) to work on /home/airflow/.local/lib/python3.12/site-packages/airflow/example_dags/example_skip_dag.py
[2025-03-02T00:54:59.071+0000] {processor.py:914} INFO - Processing file /home/airflow/.local/lib/python3.12/site-packages/airflow/example_dags/example_skip_dag.py for tasks to queue
[2025-03-02T00:54:59.072+0000] {logging_mixin.py:190} INFO - [2025-03-02T00:54:59.072+0000] {dagbag.py:588} INFO - Filling up the DagBag from /home/airflow/.local/lib/python3.12/site-packages/airflow/example_dags/example_skip_dag.py
[2025-03-02T00:54:59.079+0000] {processor.py:925} INFO - DAG(s) 'example_skip_dag' retrieved from /home/airflow/.local/lib/python3.12/site-packages/airflow/example_dags/example_skip_dag.py
[2025-03-02T00:54:59.096+0000] {logging_mixin.py:190} INFO - [2025-03-02T00:54:59.096+0000] {dag.py:3239} INFO - Sync 1 DAGs
[2025-03-02T00:54:59.115+0000] {logging_mixin.py:190} INFO - [2025-03-02T00:54:59.115+0000] {dag.py:4180} INFO - Setting next_dagrun for example_skip_dag to 2025-03-01 00:00:00+00:00, run_after=2025-03-02 00:00:00+00:00
[2025-03-02T00:54:59.130+0000] {processor.py:208} INFO - Processing /home/airflow/.local/lib/python3.12/site-packages/airflow/example_dags/example_skip_dag.py took 0.064 seconds
