[2025-03-02T00:45:57.033+0000] {processor.py:186} INFO - Started process (PID=107) to work on /home/airflow/.local/lib/python3.12/site-packages/airflow/example_dags/example_branch_day_of_week_operator.py
[2025-03-02T00:45:57.034+0000] {processor.py:914} INFO - Processing file /home/airflow/.local/lib/python3.12/site-packages/airflow/example_dags/example_branch_day_of_week_operator.py for tasks to queue
[2025-03-02T00:45:57.036+0000] {logging_mixin.py:190} INFO - [2025-03-02T00:45:57.036+0000] {dagbag.py:588} INFO - Filling up the DagBag from /home/airflow/.local/lib/python3.12/site-packages/airflow/example_dags/example_branch_day_of_week_operator.py
[2025-03-02T00:45:57.045+0000] {processor.py:925} INFO - DAG(s) 'example_weekday_branch_operator' retrieved from /home/airflow/.local/lib/python3.12/site-packages/airflow/example_dags/example_branch_day_of_week_operator.py
[2025-03-02T00:45:57.150+0000] {logging_mixin.py:190} INFO - [2025-03-02T00:45:57.149+0000] {override.py:1911} INFO - Created Permission View: can edit on DAG:example_weekday_branch_operator
[2025-03-02T00:45:57.158+0000] {logging_mixin.py:190} INFO - [2025-03-02T00:45:57.158+0000] {override.py:1911} INFO - Created Permission View: can read on DAG:example_weekday_branch_operator
[2025-03-02T00:45:57.164+0000] {logging_mixin.py:190} INFO - [2025-03-02T00:45:57.164+0000] {override.py:1911} INFO - Created Permission View: can delete on DAG:example_weekday_branch_operator
[2025-03-02T00:45:57.170+0000] {logging_mixin.py:190} INFO - [2025-03-02T00:45:57.169+0000] {override.py:1911} INFO - Created Permission View: menu access on DAG Run:example_weekday_branch_operator
[2025-03-02T00:45:57.175+0000] {logging_mixin.py:190} INFO - [2025-03-02T00:45:57.175+0000] {override.py:1911} INFO - Created Permission View: can read on DAG Run:example_weekday_branch_operator
[2025-03-02T00:45:57.180+0000] {logging_mixin.py:190} INFO - [2025-03-02T00:45:57.180+0000] {override.py:1911} INFO - Created Permission View: can delete on DAG Run:example_weekday_branch_operator
[2025-03-02T00:45:57.186+0000] {logging_mixin.py:190} INFO - [2025-03-02T00:45:57.185+0000] {override.py:1911} INFO - Created Permission View: can create on DAG Run:example_weekday_branch_operator
[2025-03-02T00:45:57.186+0000] {logging_mixin.py:190} INFO - [2025-03-02T00:45:57.186+0000] {dag.py:3239} INFO - Sync 1 DAGs
[2025-03-02T00:45:57.212+0000] {logging_mixin.py:190} INFO - [2025-03-02T00:45:57.212+0000] {dag.py:3262} INFO - Creating ORM DAG for example_weekday_branch_operator
[2025-03-02T00:45:57.224+0000] {logging_mixin.py:190} INFO - [2025-03-02T00:45:57.224+0000] {dag.py:4180} INFO - Setting next_dagrun for example_weekday_branch_operator to 2025-03-01 00:00:00+00:00, run_after=2025-03-02 00:00:00+00:00
[2025-03-02T00:45:57.240+0000] {processor.py:208} INFO - Processing /home/airflow/.local/lib/python3.12/site-packages/airflow/example_dags/example_branch_day_of_week_operator.py took 0.212 seconds
[2025-03-02T00:46:27.479+0000] {processor.py:186} INFO - Started process (PID=171) to work on /home/airflow/.local/lib/python3.12/site-packages/airflow/example_dags/example_branch_day_of_week_operator.py
[2025-03-02T00:46:27.480+0000] {processor.py:914} INFO - Processing file /home/airflow/.local/lib/python3.12/site-packages/airflow/example_dags/example_branch_day_of_week_operator.py for tasks to queue
[2025-03-02T00:46:27.481+0000] {logging_mixin.py:190} INFO - [2025-03-02T00:46:27.481+0000] {dagbag.py:588} INFO - Filling up the DagBag from /home/airflow/.local/lib/python3.12/site-packages/airflow/example_dags/example_branch_day_of_week_operator.py
[2025-03-02T00:46:27.492+0000] {processor.py:925} INFO - DAG(s) 'example_weekday_branch_operator' retrieved from /home/airflow/.local/lib/python3.12/site-packages/airflow/example_dags/example_branch_day_of_week_operator.py
[2025-03-02T00:46:27.539+0000] {logging_mixin.py:190} INFO - [2025-03-02T00:46:27.539+0000] {dag.py:3239} INFO - Sync 1 DAGs
[2025-03-02T00:46:27.565+0000] {logging_mixin.py:190} INFO - [2025-03-02T00:46:27.565+0000] {dag.py:4180} INFO - Setting next_dagrun for example_weekday_branch_operator to 2025-03-01 00:00:00+00:00, run_after=2025-03-02 00:00:00+00:00
[2025-03-02T00:46:27.578+0000] {processor.py:208} INFO - Processing /home/airflow/.local/lib/python3.12/site-packages/airflow/example_dags/example_branch_day_of_week_operator.py took 0.104 seconds
[2025-03-02T00:46:58.101+0000] {processor.py:186} INFO - Started process (PID=235) to work on /home/airflow/.local/lib/python3.12/site-packages/airflow/example_dags/example_branch_day_of_week_operator.py
[2025-03-02T00:46:58.102+0000] {processor.py:914} INFO - Processing file /home/airflow/.local/lib/python3.12/site-packages/airflow/example_dags/example_branch_day_of_week_operator.py for tasks to queue
[2025-03-02T00:46:58.103+0000] {logging_mixin.py:190} INFO - [2025-03-02T00:46:58.103+0000] {dagbag.py:588} INFO - Filling up the DagBag from /home/airflow/.local/lib/python3.12/site-packages/airflow/example_dags/example_branch_day_of_week_operator.py
[2025-03-02T00:46:58.110+0000] {processor.py:925} INFO - DAG(s) 'example_weekday_branch_operator' retrieved from /home/airflow/.local/lib/python3.12/site-packages/airflow/example_dags/example_branch_day_of_week_operator.py
[2025-03-02T00:46:58.126+0000] {logging_mixin.py:190} INFO - [2025-03-02T00:46:58.125+0000] {dag.py:3239} INFO - Sync 1 DAGs
[2025-03-02T00:46:58.143+0000] {logging_mixin.py:190} INFO - [2025-03-02T00:46:58.143+0000] {dag.py:4180} INFO - Setting next_dagrun for example_weekday_branch_operator to 2025-03-01 00:00:00+00:00, run_after=2025-03-02 00:00:00+00:00
[2025-03-02T00:46:58.156+0000] {processor.py:208} INFO - Processing /home/airflow/.local/lib/python3.12/site-packages/airflow/example_dags/example_branch_day_of_week_operator.py took 0.059 seconds
[2025-03-02T00:47:29.564+0000] {processor.py:186} INFO - Started process (PID=297) to work on /home/airflow/.local/lib/python3.12/site-packages/airflow/example_dags/example_branch_day_of_week_operator.py
[2025-03-02T00:47:29.564+0000] {processor.py:914} INFO - Processing file /home/airflow/.local/lib/python3.12/site-packages/airflow/example_dags/example_branch_day_of_week_operator.py for tasks to queue
[2025-03-02T00:47:29.566+0000] {logging_mixin.py:190} INFO - [2025-03-02T00:47:29.566+0000] {dagbag.py:588} INFO - Filling up the DagBag from /home/airflow/.local/lib/python3.12/site-packages/airflow/example_dags/example_branch_day_of_week_operator.py
[2025-03-02T00:47:29.574+0000] {processor.py:925} INFO - DAG(s) 'example_weekday_branch_operator' retrieved from /home/airflow/.local/lib/python3.12/site-packages/airflow/example_dags/example_branch_day_of_week_operator.py
[2025-03-02T00:47:29.592+0000] {logging_mixin.py:190} INFO - [2025-03-02T00:47:29.592+0000] {dag.py:3239} INFO - Sync 1 DAGs
[2025-03-02T00:47:29.613+0000] {logging_mixin.py:190} INFO - [2025-03-02T00:47:29.613+0000] {dag.py:4180} INFO - Setting next_dagrun for example_weekday_branch_operator to 2025-03-01 00:00:00+00:00, run_after=2025-03-02 00:00:00+00:00
[2025-03-02T00:47:29.629+0000] {processor.py:208} INFO - Processing /home/airflow/.local/lib/python3.12/site-packages/airflow/example_dags/example_branch_day_of_week_operator.py took 0.069 seconds
[2025-03-02T00:48:00.632+0000] {processor.py:186} INFO - Started process (PID=359) to work on /home/airflow/.local/lib/python3.12/site-packages/airflow/example_dags/example_branch_day_of_week_operator.py
[2025-03-02T00:48:00.633+0000] {processor.py:914} INFO - Processing file /home/airflow/.local/lib/python3.12/site-packages/airflow/example_dags/example_branch_day_of_week_operator.py for tasks to queue
[2025-03-02T00:48:00.634+0000] {logging_mixin.py:190} INFO - [2025-03-02T00:48:00.634+0000] {dagbag.py:588} INFO - Filling up the DagBag from /home/airflow/.local/lib/python3.12/site-packages/airflow/example_dags/example_branch_day_of_week_operator.py
[2025-03-02T00:48:00.642+0000] {processor.py:925} INFO - DAG(s) 'example_weekday_branch_operator' retrieved from /home/airflow/.local/lib/python3.12/site-packages/airflow/example_dags/example_branch_day_of_week_operator.py
[2025-03-02T00:48:00.657+0000] {logging_mixin.py:190} INFO - [2025-03-02T00:48:00.657+0000] {dag.py:3239} INFO - Sync 1 DAGs
[2025-03-02T00:48:00.675+0000] {logging_mixin.py:190} INFO - [2025-03-02T00:48:00.675+0000] {dag.py:4180} INFO - Setting next_dagrun for example_weekday_branch_operator to 2025-03-01 00:00:00+00:00, run_after=2025-03-02 00:00:00+00:00
[2025-03-02T00:48:00.688+0000] {processor.py:208} INFO - Processing /home/airflow/.local/lib/python3.12/site-packages/airflow/example_dags/example_branch_day_of_week_operator.py took 0.060 seconds
[2025-03-02T00:48:32.099+0000] {processor.py:186} INFO - Started process (PID=423) to work on /home/airflow/.local/lib/python3.12/site-packages/airflow/example_dags/example_branch_day_of_week_operator.py
[2025-03-02T00:48:32.100+0000] {processor.py:914} INFO - Processing file /home/airflow/.local/lib/python3.12/site-packages/airflow/example_dags/example_branch_day_of_week_operator.py for tasks to queue
[2025-03-02T00:48:32.101+0000] {logging_mixin.py:190} INFO - [2025-03-02T00:48:32.101+0000] {dagbag.py:588} INFO - Filling up the DagBag from /home/airflow/.local/lib/python3.12/site-packages/airflow/example_dags/example_branch_day_of_week_operator.py
[2025-03-02T00:48:32.109+0000] {processor.py:925} INFO - DAG(s) 'example_weekday_branch_operator' retrieved from /home/airflow/.local/lib/python3.12/site-packages/airflow/example_dags/example_branch_day_of_week_operator.py
[2025-03-02T00:48:32.126+0000] {logging_mixin.py:190} INFO - [2025-03-02T00:48:32.125+0000] {dag.py:3239} INFO - Sync 1 DAGs
[2025-03-02T00:48:32.146+0000] {logging_mixin.py:190} INFO - [2025-03-02T00:48:32.146+0000] {dag.py:4180} INFO - Setting next_dagrun for example_weekday_branch_operator to 2025-03-01 00:00:00+00:00, run_after=2025-03-02 00:00:00+00:00
[2025-03-02T00:48:32.158+0000] {processor.py:208} INFO - Processing /home/airflow/.local/lib/python3.12/site-packages/airflow/example_dags/example_branch_day_of_week_operator.py took 0.063 seconds
[2025-03-02T00:49:03.011+0000] {processor.py:186} INFO - Started process (PID=487) to work on /home/airflow/.local/lib/python3.12/site-packages/airflow/example_dags/example_branch_day_of_week_operator.py
[2025-03-02T00:49:03.012+0000] {processor.py:914} INFO - Processing file /home/airflow/.local/lib/python3.12/site-packages/airflow/example_dags/example_branch_day_of_week_operator.py for tasks to queue
[2025-03-02T00:49:03.015+0000] {logging_mixin.py:190} INFO - [2025-03-02T00:49:03.014+0000] {dagbag.py:588} INFO - Filling up the DagBag from /home/airflow/.local/lib/python3.12/site-packages/airflow/example_dags/example_branch_day_of_week_operator.py
[2025-03-02T00:49:03.027+0000] {processor.py:925} INFO - DAG(s) 'example_weekday_branch_operator' retrieved from /home/airflow/.local/lib/python3.12/site-packages/airflow/example_dags/example_branch_day_of_week_operator.py
[2025-03-02T00:49:03.051+0000] {logging_mixin.py:190} INFO - [2025-03-02T00:49:03.050+0000] {dag.py:3239} INFO - Sync 1 DAGs
[2025-03-02T00:49:03.077+0000] {logging_mixin.py:190} INFO - [2025-03-02T00:49:03.077+0000] {dag.py:4180} INFO - Setting next_dagrun for example_weekday_branch_operator to 2025-03-01 00:00:00+00:00, run_after=2025-03-02 00:00:00+00:00
[2025-03-02T00:49:03.094+0000] {processor.py:208} INFO - Processing /home/airflow/.local/lib/python3.12/site-packages/airflow/example_dags/example_branch_day_of_week_operator.py took 0.090 seconds
[2025-03-02T00:49:33.917+0000] {processor.py:186} INFO - Started process (PID=551) to work on /home/airflow/.local/lib/python3.12/site-packages/airflow/example_dags/example_branch_day_of_week_operator.py
[2025-03-02T00:49:33.917+0000] {processor.py:914} INFO - Processing file /home/airflow/.local/lib/python3.12/site-packages/airflow/example_dags/example_branch_day_of_week_operator.py for tasks to queue
[2025-03-02T00:49:33.919+0000] {logging_mixin.py:190} INFO - [2025-03-02T00:49:33.919+0000] {dagbag.py:588} INFO - Filling up the DagBag from /home/airflow/.local/lib/python3.12/site-packages/airflow/example_dags/example_branch_day_of_week_operator.py
[2025-03-02T00:49:33.927+0000] {processor.py:925} INFO - DAG(s) 'example_weekday_branch_operator' retrieved from /home/airflow/.local/lib/python3.12/site-packages/airflow/example_dags/example_branch_day_of_week_operator.py
[2025-03-02T00:49:33.943+0000] {logging_mixin.py:190} INFO - [2025-03-02T00:49:33.943+0000] {dag.py:3239} INFO - Sync 1 DAGs
[2025-03-02T00:49:33.961+0000] {logging_mixin.py:190} INFO - [2025-03-02T00:49:33.961+0000] {dag.py:4180} INFO - Setting next_dagrun for example_weekday_branch_operator to 2025-03-01 00:00:00+00:00, run_after=2025-03-02 00:00:00+00:00
[2025-03-02T00:49:33.974+0000] {processor.py:208} INFO - Processing /home/airflow/.local/lib/python3.12/site-packages/airflow/example_dags/example_branch_day_of_week_operator.py took 0.062 seconds
[2025-03-02T00:50:04.548+0000] {processor.py:186} INFO - Started process (PID=613) to work on /home/airflow/.local/lib/python3.12/site-packages/airflow/example_dags/example_branch_day_of_week_operator.py
[2025-03-02T00:50:04.548+0000] {processor.py:914} INFO - Processing file /home/airflow/.local/lib/python3.12/site-packages/airflow/example_dags/example_branch_day_of_week_operator.py for tasks to queue
[2025-03-02T00:50:04.550+0000] {logging_mixin.py:190} INFO - [2025-03-02T00:50:04.550+0000] {dagbag.py:588} INFO - Filling up the DagBag from /home/airflow/.local/lib/python3.12/site-packages/airflow/example_dags/example_branch_day_of_week_operator.py
[2025-03-02T00:50:04.560+0000] {processor.py:925} INFO - DAG(s) 'example_weekday_branch_operator' retrieved from /home/airflow/.local/lib/python3.12/site-packages/airflow/example_dags/example_branch_day_of_week_operator.py
[2025-03-02T00:50:04.578+0000] {logging_mixin.py:190} INFO - [2025-03-02T00:50:04.578+0000] {dag.py:3239} INFO - Sync 1 DAGs
[2025-03-02T00:50:04.602+0000] {logging_mixin.py:190} INFO - [2025-03-02T00:50:04.602+0000] {dag.py:4180} INFO - Setting next_dagrun for example_weekday_branch_operator to 2025-03-01 00:00:00+00:00, run_after=2025-03-02 00:00:00+00:00
[2025-03-02T00:50:04.615+0000] {processor.py:208} INFO - Processing /home/airflow/.local/lib/python3.12/site-packages/airflow/example_dags/example_branch_day_of_week_operator.py took 0.073 seconds
[2025-03-02T00:50:35.815+0000] {processor.py:186} INFO - Started process (PID=676) to work on /home/airflow/.local/lib/python3.12/site-packages/airflow/example_dags/example_branch_day_of_week_operator.py
[2025-03-02T00:50:35.816+0000] {processor.py:914} INFO - Processing file /home/airflow/.local/lib/python3.12/site-packages/airflow/example_dags/example_branch_day_of_week_operator.py for tasks to queue
[2025-03-02T00:50:35.818+0000] {logging_mixin.py:190} INFO - [2025-03-02T00:50:35.818+0000] {dagbag.py:588} INFO - Filling up the DagBag from /home/airflow/.local/lib/python3.12/site-packages/airflow/example_dags/example_branch_day_of_week_operator.py
[2025-03-02T00:50:35.827+0000] {processor.py:925} INFO - DAG(s) 'example_weekday_branch_operator' retrieved from /home/airflow/.local/lib/python3.12/site-packages/airflow/example_dags/example_branch_day_of_week_operator.py
[2025-03-02T00:50:35.843+0000] {logging_mixin.py:190} INFO - [2025-03-02T00:50:35.843+0000] {dag.py:3239} INFO - Sync 1 DAGs
[2025-03-02T00:50:35.870+0000] {logging_mixin.py:190} INFO - [2025-03-02T00:50:35.870+0000] {dag.py:4180} INFO - Setting next_dagrun for example_weekday_branch_operator to 2025-03-01 00:00:00+00:00, run_after=2025-03-02 00:00:00+00:00
[2025-03-02T00:50:35.888+0000] {processor.py:208} INFO - Processing /home/airflow/.local/lib/python3.12/site-packages/airflow/example_dags/example_branch_day_of_week_operator.py took 0.079 seconds
[2025-03-02T00:51:06.915+0000] {processor.py:186} INFO - Started process (PID=740) to work on /home/airflow/.local/lib/python3.12/site-packages/airflow/example_dags/example_branch_day_of_week_operator.py
[2025-03-02T00:51:06.915+0000] {processor.py:914} INFO - Processing file /home/airflow/.local/lib/python3.12/site-packages/airflow/example_dags/example_branch_day_of_week_operator.py for tasks to queue
[2025-03-02T00:51:06.917+0000] {logging_mixin.py:190} INFO - [2025-03-02T00:51:06.917+0000] {dagbag.py:588} INFO - Filling up the DagBag from /home/airflow/.local/lib/python3.12/site-packages/airflow/example_dags/example_branch_day_of_week_operator.py
[2025-03-02T00:51:06.925+0000] {processor.py:925} INFO - DAG(s) 'example_weekday_branch_operator' retrieved from /home/airflow/.local/lib/python3.12/site-packages/airflow/example_dags/example_branch_day_of_week_operator.py
[2025-03-02T00:51:06.945+0000] {logging_mixin.py:190} INFO - [2025-03-02T00:51:06.945+0000] {dag.py:3239} INFO - Sync 1 DAGs
[2025-03-02T00:51:06.972+0000] {logging_mixin.py:190} INFO - [2025-03-02T00:51:06.971+0000] {dag.py:4180} INFO - Setting next_dagrun for example_weekday_branch_operator to 2025-03-01 00:00:00+00:00, run_after=2025-03-02 00:00:00+00:00
[2025-03-02T00:51:06.989+0000] {processor.py:208} INFO - Processing /home/airflow/.local/lib/python3.12/site-packages/airflow/example_dags/example_branch_day_of_week_operator.py took 0.080 seconds
[2025-03-02T00:51:37.629+0000] {processor.py:186} INFO - Started process (PID=804) to work on /home/airflow/.local/lib/python3.12/site-packages/airflow/example_dags/example_branch_day_of_week_operator.py
[2025-03-02T00:51:37.629+0000] {processor.py:914} INFO - Processing file /home/airflow/.local/lib/python3.12/site-packages/airflow/example_dags/example_branch_day_of_week_operator.py for tasks to queue
[2025-03-02T00:51:37.631+0000] {logging_mixin.py:190} INFO - [2025-03-02T00:51:37.631+0000] {dagbag.py:588} INFO - Filling up the DagBag from /home/airflow/.local/lib/python3.12/site-packages/airflow/example_dags/example_branch_day_of_week_operator.py
[2025-03-02T00:51:37.638+0000] {processor.py:925} INFO - DAG(s) 'example_weekday_branch_operator' retrieved from /home/airflow/.local/lib/python3.12/site-packages/airflow/example_dags/example_branch_day_of_week_operator.py
[2025-03-02T00:51:37.654+0000] {logging_mixin.py:190} INFO - [2025-03-02T00:51:37.653+0000] {dag.py:3239} INFO - Sync 1 DAGs
[2025-03-02T00:51:37.672+0000] {logging_mixin.py:190} INFO - [2025-03-02T00:51:37.672+0000] {dag.py:4180} INFO - Setting next_dagrun for example_weekday_branch_operator to 2025-03-01 00:00:00+00:00, run_after=2025-03-02 00:00:00+00:00
[2025-03-02T00:51:37.685+0000] {processor.py:208} INFO - Processing /home/airflow/.local/lib/python3.12/site-packages/airflow/example_dags/example_branch_day_of_week_operator.py took 0.061 seconds
[2025-03-02T00:52:08.386+0000] {processor.py:186} INFO - Started process (PID=868) to work on /home/airflow/.local/lib/python3.12/site-packages/airflow/example_dags/example_branch_day_of_week_operator.py
[2025-03-02T00:52:08.387+0000] {processor.py:914} INFO - Processing file /home/airflow/.local/lib/python3.12/site-packages/airflow/example_dags/example_branch_day_of_week_operator.py for tasks to queue
[2025-03-02T00:52:08.389+0000] {logging_mixin.py:190} INFO - [2025-03-02T00:52:08.388+0000] {dagbag.py:588} INFO - Filling up the DagBag from /home/airflow/.local/lib/python3.12/site-packages/airflow/example_dags/example_branch_day_of_week_operator.py
[2025-03-02T00:52:08.396+0000] {processor.py:925} INFO - DAG(s) 'example_weekday_branch_operator' retrieved from /home/airflow/.local/lib/python3.12/site-packages/airflow/example_dags/example_branch_day_of_week_operator.py
[2025-03-02T00:52:08.413+0000] {logging_mixin.py:190} INFO - [2025-03-02T00:52:08.412+0000] {dag.py:3239} INFO - Sync 1 DAGs
[2025-03-02T00:52:08.434+0000] {logging_mixin.py:190} INFO - [2025-03-02T00:52:08.434+0000] {dag.py:4180} INFO - Setting next_dagrun for example_weekday_branch_operator to 2025-03-01 00:00:00+00:00, run_after=2025-03-02 00:00:00+00:00
[2025-03-02T00:52:08.447+0000] {processor.py:208} INFO - Processing /home/airflow/.local/lib/python3.12/site-packages/airflow/example_dags/example_branch_day_of_week_operator.py took 0.065 seconds
[2025-03-02T00:52:39.244+0000] {processor.py:186} INFO - Started process (PID=933) to work on /home/airflow/.local/lib/python3.12/site-packages/airflow/example_dags/example_branch_day_of_week_operator.py
[2025-03-02T00:52:39.245+0000] {processor.py:914} INFO - Processing file /home/airflow/.local/lib/python3.12/site-packages/airflow/example_dags/example_branch_day_of_week_operator.py for tasks to queue
[2025-03-02T00:52:39.246+0000] {logging_mixin.py:190} INFO - [2025-03-02T00:52:39.246+0000] {dagbag.py:588} INFO - Filling up the DagBag from /home/airflow/.local/lib/python3.12/site-packages/airflow/example_dags/example_branch_day_of_week_operator.py
[2025-03-02T00:52:39.254+0000] {processor.py:925} INFO - DAG(s) 'example_weekday_branch_operator' retrieved from /home/airflow/.local/lib/python3.12/site-packages/airflow/example_dags/example_branch_day_of_week_operator.py
[2025-03-02T00:52:39.273+0000] {logging_mixin.py:190} INFO - [2025-03-02T00:52:39.273+0000] {dag.py:3239} INFO - Sync 1 DAGs
[2025-03-02T00:52:39.298+0000] {logging_mixin.py:190} INFO - [2025-03-02T00:52:39.298+0000] {dag.py:4180} INFO - Setting next_dagrun for example_weekday_branch_operator to 2025-03-01 00:00:00+00:00, run_after=2025-03-02 00:00:00+00:00
[2025-03-02T00:52:39.311+0000] {processor.py:208} INFO - Processing /home/airflow/.local/lib/python3.12/site-packages/airflow/example_dags/example_branch_day_of_week_operator.py took 0.072 seconds
[2025-03-02T00:53:09.663+0000] {processor.py:186} INFO - Started process (PID=996) to work on /home/airflow/.local/lib/python3.12/site-packages/airflow/example_dags/example_branch_day_of_week_operator.py
[2025-03-02T00:53:09.663+0000] {processor.py:914} INFO - Processing file /home/airflow/.local/lib/python3.12/site-packages/airflow/example_dags/example_branch_day_of_week_operator.py for tasks to queue
[2025-03-02T00:53:09.665+0000] {logging_mixin.py:190} INFO - [2025-03-02T00:53:09.665+0000] {dagbag.py:588} INFO - Filling up the DagBag from /home/airflow/.local/lib/python3.12/site-packages/airflow/example_dags/example_branch_day_of_week_operator.py
[2025-03-02T00:53:09.673+0000] {processor.py:925} INFO - DAG(s) 'example_weekday_branch_operator' retrieved from /home/airflow/.local/lib/python3.12/site-packages/airflow/example_dags/example_branch_day_of_week_operator.py
[2025-03-02T00:53:09.687+0000] {logging_mixin.py:190} INFO - [2025-03-02T00:53:09.687+0000] {dag.py:3239} INFO - Sync 1 DAGs
[2025-03-02T00:53:09.706+0000] {logging_mixin.py:190} INFO - [2025-03-02T00:53:09.705+0000] {dag.py:4180} INFO - Setting next_dagrun for example_weekday_branch_operator to 2025-03-01 00:00:00+00:00, run_after=2025-03-02 00:00:00+00:00
[2025-03-02T00:53:09.717+0000] {processor.py:208} INFO - Processing /home/airflow/.local/lib/python3.12/site-packages/airflow/example_dags/example_branch_day_of_week_operator.py took 0.059 seconds
[2025-03-02T00:53:40.274+0000] {processor.py:186} INFO - Started process (PID=1060) to work on /home/airflow/.local/lib/python3.12/site-packages/airflow/example_dags/example_branch_day_of_week_operator.py
[2025-03-02T00:53:40.274+0000] {processor.py:914} INFO - Processing file /home/airflow/.local/lib/python3.12/site-packages/airflow/example_dags/example_branch_day_of_week_operator.py for tasks to queue
[2025-03-02T00:53:40.276+0000] {logging_mixin.py:190} INFO - [2025-03-02T00:53:40.276+0000] {dagbag.py:588} INFO - Filling up the DagBag from /home/airflow/.local/lib/python3.12/site-packages/airflow/example_dags/example_branch_day_of_week_operator.py
[2025-03-02T00:53:40.283+0000] {processor.py:925} INFO - DAG(s) 'example_weekday_branch_operator' retrieved from /home/airflow/.local/lib/python3.12/site-packages/airflow/example_dags/example_branch_day_of_week_operator.py
[2025-03-02T00:53:40.302+0000] {logging_mixin.py:190} INFO - [2025-03-02T00:53:40.302+0000] {dag.py:3239} INFO - Sync 1 DAGs
[2025-03-02T00:53:40.328+0000] {logging_mixin.py:190} INFO - [2025-03-02T00:53:40.327+0000] {dag.py:4180} INFO - Setting next_dagrun for example_weekday_branch_operator to 2025-03-01 00:00:00+00:00, run_after=2025-03-02 00:00:00+00:00
[2025-03-02T00:53:40.344+0000] {processor.py:208} INFO - Processing /home/airflow/.local/lib/python3.12/site-packages/airflow/example_dags/example_branch_day_of_week_operator.py took 0.074 seconds
[2025-03-02T00:54:11.387+0000] {processor.py:186} INFO - Started process (PID=1124) to work on /home/airflow/.local/lib/python3.12/site-packages/airflow/example_dags/example_branch_day_of_week_operator.py
[2025-03-02T00:54:11.387+0000] {processor.py:914} INFO - Processing file /home/airflow/.local/lib/python3.12/site-packages/airflow/example_dags/example_branch_day_of_week_operator.py for tasks to queue
[2025-03-02T00:54:11.389+0000] {logging_mixin.py:190} INFO - [2025-03-02T00:54:11.389+0000] {dagbag.py:588} INFO - Filling up the DagBag from /home/airflow/.local/lib/python3.12/site-packages/airflow/example_dags/example_branch_day_of_week_operator.py
[2025-03-02T00:54:11.398+0000] {processor.py:925} INFO - DAG(s) 'example_weekday_branch_operator' retrieved from /home/airflow/.local/lib/python3.12/site-packages/airflow/example_dags/example_branch_day_of_week_operator.py
[2025-03-02T00:54:11.418+0000] {logging_mixin.py:190} INFO - [2025-03-02T00:54:11.418+0000] {dag.py:3239} INFO - Sync 1 DAGs
[2025-03-02T00:54:11.441+0000] {logging_mixin.py:190} INFO - [2025-03-02T00:54:11.441+0000] {dag.py:4180} INFO - Setting next_dagrun for example_weekday_branch_operator to 2025-03-01 00:00:00+00:00, run_after=2025-03-02 00:00:00+00:00
[2025-03-02T00:54:11.456+0000] {processor.py:208} INFO - Processing /home/airflow/.local/lib/python3.12/site-packages/airflow/example_dags/example_branch_day_of_week_operator.py took 0.073 seconds
[2025-03-02T00:54:42.233+0000] {processor.py:186} INFO - Started process (PID=1188) to work on /home/airflow/.local/lib/python3.12/site-packages/airflow/example_dags/example_branch_day_of_week_operator.py
[2025-03-02T00:54:42.233+0000] {processor.py:914} INFO - Processing file /home/airflow/.local/lib/python3.12/site-packages/airflow/example_dags/example_branch_day_of_week_operator.py for tasks to queue
[2025-03-02T00:54:42.235+0000] {logging_mixin.py:190} INFO - [2025-03-02T00:54:42.235+0000] {dagbag.py:588} INFO - Filling up the DagBag from /home/airflow/.local/lib/python3.12/site-packages/airflow/example_dags/example_branch_day_of_week_operator.py
[2025-03-02T00:54:42.243+0000] {processor.py:925} INFO - DAG(s) 'example_weekday_branch_operator' retrieved from /home/airflow/.local/lib/python3.12/site-packages/airflow/example_dags/example_branch_day_of_week_operator.py
[2025-03-02T00:54:42.262+0000] {logging_mixin.py:190} INFO - [2025-03-02T00:54:42.261+0000] {dag.py:3239} INFO - Sync 1 DAGs
[2025-03-02T00:54:42.286+0000] {logging_mixin.py:190} INFO - [2025-03-02T00:54:42.286+0000] {dag.py:4180} INFO - Setting next_dagrun for example_weekday_branch_operator to 2025-03-01 00:00:00+00:00, run_after=2025-03-02 00:00:00+00:00
[2025-03-02T00:54:42.301+0000] {processor.py:208} INFO - Processing /home/airflow/.local/lib/python3.12/site-packages/airflow/example_dags/example_branch_day_of_week_operator.py took 0.073 seconds
