[2025-03-02T00:45:56.802+0000] {processor.py:186} INFO - Started process (PID=106) to work on /home/airflow/.local/lib/python3.12/site-packages/airflow/example_dags/example_short_circuit_decorator.py
[2025-03-02T00:45:56.803+0000] {processor.py:914} INFO - Processing file /home/airflow/.local/lib/python3.12/site-packages/airflow/example_dags/example_short_circuit_decorator.py for tasks to queue
[2025-03-02T00:45:56.804+0000] {logging_mixin.py:190} INFO - [2025-03-02T00:45:56.804+0000] {dagbag.py:588} INFO - Filling up the DagBag from /home/airflow/.local/lib/python3.12/site-packages/airflow/example_dags/example_short_circuit_decorator.py
[2025-03-02T00:45:56.813+0000] {processor.py:925} INFO - DAG(s) 'example_short_circuit_decorator' retrieved from /home/airflow/.local/lib/python3.12/site-packages/airflow/example_dags/example_short_circuit_decorator.py
[2025-03-02T00:45:56.936+0000] {logging_mixin.py:190} INFO - [2025-03-02T00:45:56.936+0000] {override.py:1911} INFO - Created Permission View: can edit on DAG:example_short_circuit_decorator
[2025-03-02T00:45:56.945+0000] {logging_mixin.py:190} INFO - [2025-03-02T00:45:56.945+0000] {override.py:1911} INFO - Created Permission View: can read on DAG:example_short_circuit_decorator
[2025-03-02T00:45:56.950+0000] {logging_mixin.py:190} INFO - [2025-03-02T00:45:56.950+0000] {override.py:1911} INFO - Created Permission View: can delete on DAG:example_short_circuit_decorator
[2025-03-02T00:45:56.955+0000] {logging_mixin.py:190} INFO - [2025-03-02T00:45:56.955+0000] {override.py:1911} INFO - Created Permission View: menu access on DAG Run:example_short_circuit_decorator
[2025-03-02T00:45:56.960+0000] {logging_mixin.py:190} INFO - [2025-03-02T00:45:56.960+0000] {override.py:1911} INFO - Created Permission View: can read on DAG Run:example_short_circuit_decorator
[2025-03-02T00:45:56.966+0000] {logging_mixin.py:190} INFO - [2025-03-02T00:45:56.965+0000] {override.py:1911} INFO - Created Permission View: can delete on DAG Run:example_short_circuit_decorator
[2025-03-02T00:45:56.972+0000] {logging_mixin.py:190} INFO - [2025-03-02T00:45:56.971+0000] {override.py:1911} INFO - Created Permission View: can create on DAG Run:example_short_circuit_decorator
[2025-03-02T00:45:56.972+0000] {logging_mixin.py:190} INFO - [2025-03-02T00:45:56.972+0000] {dag.py:3239} INFO - Sync 1 DAGs
[2025-03-02T00:45:56.987+0000] {logging_mixin.py:190} INFO - [2025-03-02T00:45:56.987+0000] {dag.py:3262} INFO - Creating ORM DAG for example_short_circuit_decorator
[2025-03-02T00:45:56.988+0000] {logging_mixin.py:190} INFO - [2025-03-02T00:45:56.987+0000] {dag.py:4180} INFO - Setting next_dagrun for example_short_circuit_decorator to None, run_after=None
[2025-03-02T00:45:57.002+0000] {processor.py:208} INFO - Processing /home/airflow/.local/lib/python3.12/site-packages/airflow/example_dags/example_short_circuit_decorator.py took 0.204 seconds
[2025-03-02T00:46:27.118+0000] {processor.py:186} INFO - Started process (PID=170) to work on /home/airflow/.local/lib/python3.12/site-packages/airflow/example_dags/example_short_circuit_decorator.py
[2025-03-02T00:46:27.119+0000] {processor.py:914} INFO - Processing file /home/airflow/.local/lib/python3.12/site-packages/airflow/example_dags/example_short_circuit_decorator.py for tasks to queue
[2025-03-02T00:46:27.120+0000] {logging_mixin.py:190} INFO - [2025-03-02T00:46:27.120+0000] {dagbag.py:588} INFO - Filling up the DagBag from /home/airflow/.local/lib/python3.12/site-packages/airflow/example_dags/example_short_circuit_decorator.py
[2025-03-02T00:46:27.128+0000] {processor.py:925} INFO - DAG(s) 'example_short_circuit_decorator' retrieved from /home/airflow/.local/lib/python3.12/site-packages/airflow/example_dags/example_short_circuit_decorator.py
[2025-03-02T00:46:27.146+0000] {logging_mixin.py:190} INFO - [2025-03-02T00:46:27.146+0000] {dag.py:3239} INFO - Sync 1 DAGs
[2025-03-02T00:46:27.157+0000] {logging_mixin.py:190} INFO - [2025-03-02T00:46:27.157+0000] {dag.py:4180} INFO - Setting next_dagrun for example_short_circuit_decorator to None, run_after=None
[2025-03-02T00:46:27.170+0000] {processor.py:208} INFO - Processing /home/airflow/.local/lib/python3.12/site-packages/airflow/example_dags/example_short_circuit_decorator.py took 0.056 seconds
[2025-03-02T00:46:57.925+0000] {processor.py:186} INFO - Started process (PID=233) to work on /home/airflow/.local/lib/python3.12/site-packages/airflow/example_dags/example_short_circuit_decorator.py
[2025-03-02T00:46:57.926+0000] {processor.py:914} INFO - Processing file /home/airflow/.local/lib/python3.12/site-packages/airflow/example_dags/example_short_circuit_decorator.py for tasks to queue
[2025-03-02T00:46:57.928+0000] {logging_mixin.py:190} INFO - [2025-03-02T00:46:57.928+0000] {dagbag.py:588} INFO - Filling up the DagBag from /home/airflow/.local/lib/python3.12/site-packages/airflow/example_dags/example_short_circuit_decorator.py
[2025-03-02T00:46:57.935+0000] {processor.py:925} INFO - DAG(s) 'example_short_circuit_decorator' retrieved from /home/airflow/.local/lib/python3.12/site-packages/airflow/example_dags/example_short_circuit_decorator.py
[2025-03-02T00:46:57.957+0000] {logging_mixin.py:190} INFO - [2025-03-02T00:46:57.956+0000] {dag.py:3239} INFO - Sync 1 DAGs
[2025-03-02T00:46:57.970+0000] {logging_mixin.py:190} INFO - [2025-03-02T00:46:57.970+0000] {dag.py:4180} INFO - Setting next_dagrun for example_short_circuit_decorator to None, run_after=None
[2025-03-02T00:46:57.985+0000] {processor.py:208} INFO - Processing /home/airflow/.local/lib/python3.12/site-packages/airflow/example_dags/example_short_circuit_decorator.py took 0.064 seconds
[2025-03-02T00:47:29.469+0000] {processor.py:186} INFO - Started process (PID=296) to work on /home/airflow/.local/lib/python3.12/site-packages/airflow/example_dags/example_short_circuit_decorator.py
[2025-03-02T00:47:29.470+0000] {processor.py:914} INFO - Processing file /home/airflow/.local/lib/python3.12/site-packages/airflow/example_dags/example_short_circuit_decorator.py for tasks to queue
[2025-03-02T00:47:29.471+0000] {logging_mixin.py:190} INFO - [2025-03-02T00:47:29.471+0000] {dagbag.py:588} INFO - Filling up the DagBag from /home/airflow/.local/lib/python3.12/site-packages/airflow/example_dags/example_short_circuit_decorator.py
[2025-03-02T00:47:29.479+0000] {processor.py:925} INFO - DAG(s) 'example_short_circuit_decorator' retrieved from /home/airflow/.local/lib/python3.12/site-packages/airflow/example_dags/example_short_circuit_decorator.py
[2025-03-02T00:47:29.500+0000] {logging_mixin.py:190} INFO - [2025-03-02T00:47:29.500+0000] {dag.py:3239} INFO - Sync 1 DAGs
[2025-03-02T00:47:29.515+0000] {logging_mixin.py:190} INFO - [2025-03-02T00:47:29.515+0000] {dag.py:4180} INFO - Setting next_dagrun for example_short_circuit_decorator to None, run_after=None
[2025-03-02T00:47:29.534+0000] {processor.py:208} INFO - Processing /home/airflow/.local/lib/python3.12/site-packages/airflow/example_dags/example_short_circuit_decorator.py took 0.069 seconds
[2025-03-02T00:48:00.559+0000] {processor.py:186} INFO - Started process (PID=358) to work on /home/airflow/.local/lib/python3.12/site-packages/airflow/example_dags/example_short_circuit_decorator.py
[2025-03-02T00:48:00.560+0000] {processor.py:914} INFO - Processing file /home/airflow/.local/lib/python3.12/site-packages/airflow/example_dags/example_short_circuit_decorator.py for tasks to queue
[2025-03-02T00:48:00.561+0000] {logging_mixin.py:190} INFO - [2025-03-02T00:48:00.561+0000] {dagbag.py:588} INFO - Filling up the DagBag from /home/airflow/.local/lib/python3.12/site-packages/airflow/example_dags/example_short_circuit_decorator.py
[2025-03-02T00:48:00.569+0000] {processor.py:925} INFO - DAG(s) 'example_short_circuit_decorator' retrieved from /home/airflow/.local/lib/python3.12/site-packages/airflow/example_dags/example_short_circuit_decorator.py
[2025-03-02T00:48:00.586+0000] {logging_mixin.py:190} INFO - [2025-03-02T00:48:00.586+0000] {dag.py:3239} INFO - Sync 1 DAGs
[2025-03-02T00:48:00.597+0000] {logging_mixin.py:190} INFO - [2025-03-02T00:48:00.597+0000] {dag.py:4180} INFO - Setting next_dagrun for example_short_circuit_decorator to None, run_after=None
[2025-03-02T00:48:00.610+0000] {processor.py:208} INFO - Processing /home/airflow/.local/lib/python3.12/site-packages/airflow/example_dags/example_short_circuit_decorator.py took 0.055 seconds
[2025-03-02T00:48:32.093+0000] {processor.py:186} INFO - Started process (PID=422) to work on /home/airflow/.local/lib/python3.12/site-packages/airflow/example_dags/example_short_circuit_decorator.py
[2025-03-02T00:48:32.093+0000] {processor.py:914} INFO - Processing file /home/airflow/.local/lib/python3.12/site-packages/airflow/example_dags/example_short_circuit_decorator.py for tasks to queue
[2025-03-02T00:48:32.095+0000] {logging_mixin.py:190} INFO - [2025-03-02T00:48:32.095+0000] {dagbag.py:588} INFO - Filling up the DagBag from /home/airflow/.local/lib/python3.12/site-packages/airflow/example_dags/example_short_circuit_decorator.py
[2025-03-02T00:48:32.103+0000] {processor.py:925} INFO - DAG(s) 'example_short_circuit_decorator' retrieved from /home/airflow/.local/lib/python3.12/site-packages/airflow/example_dags/example_short_circuit_decorator.py
[2025-03-02T00:48:32.123+0000] {logging_mixin.py:190} INFO - [2025-03-02T00:48:32.123+0000] {dag.py:3239} INFO - Sync 1 DAGs
[2025-03-02T00:48:32.136+0000] {logging_mixin.py:190} INFO - [2025-03-02T00:48:32.135+0000] {dag.py:4180} INFO - Setting next_dagrun for example_short_circuit_decorator to None, run_after=None
[2025-03-02T00:48:32.149+0000] {processor.py:208} INFO - Processing /home/airflow/.local/lib/python3.12/site-packages/airflow/example_dags/example_short_circuit_decorator.py took 0.061 seconds
[2025-03-02T00:49:02.898+0000] {processor.py:186} INFO - Started process (PID=486) to work on /home/airflow/.local/lib/python3.12/site-packages/airflow/example_dags/example_short_circuit_decorator.py
[2025-03-02T00:49:02.899+0000] {processor.py:914} INFO - Processing file /home/airflow/.local/lib/python3.12/site-packages/airflow/example_dags/example_short_circuit_decorator.py for tasks to queue
[2025-03-02T00:49:02.902+0000] {logging_mixin.py:190} INFO - [2025-03-02T00:49:02.901+0000] {dagbag.py:588} INFO - Filling up the DagBag from /home/airflow/.local/lib/python3.12/site-packages/airflow/example_dags/example_short_circuit_decorator.py
[2025-03-02T00:49:02.912+0000] {processor.py:925} INFO - DAG(s) 'example_short_circuit_decorator' retrieved from /home/airflow/.local/lib/python3.12/site-packages/airflow/example_dags/example_short_circuit_decorator.py
[2025-03-02T00:49:02.938+0000] {logging_mixin.py:190} INFO - [2025-03-02T00:49:02.938+0000] {dag.py:3239} INFO - Sync 1 DAGs
[2025-03-02T00:49:02.954+0000] {logging_mixin.py:190} INFO - [2025-03-02T00:49:02.954+0000] {dag.py:4180} INFO - Setting next_dagrun for example_short_circuit_decorator to None, run_after=None
[2025-03-02T00:49:02.972+0000] {processor.py:208} INFO - Processing /home/airflow/.local/lib/python3.12/site-packages/airflow/example_dags/example_short_circuit_decorator.py took 0.079 seconds
[2025-03-02T00:49:33.836+0000] {processor.py:186} INFO - Started process (PID=549) to work on /home/airflow/.local/lib/python3.12/site-packages/airflow/example_dags/example_short_circuit_decorator.py
[2025-03-02T00:49:33.836+0000] {processor.py:914} INFO - Processing file /home/airflow/.local/lib/python3.12/site-packages/airflow/example_dags/example_short_circuit_decorator.py for tasks to queue
[2025-03-02T00:49:33.838+0000] {logging_mixin.py:190} INFO - [2025-03-02T00:49:33.837+0000] {dagbag.py:588} INFO - Filling up the DagBag from /home/airflow/.local/lib/python3.12/site-packages/airflow/example_dags/example_short_circuit_decorator.py
[2025-03-02T00:49:33.848+0000] {processor.py:925} INFO - DAG(s) 'example_short_circuit_decorator' retrieved from /home/airflow/.local/lib/python3.12/site-packages/airflow/example_dags/example_short_circuit_decorator.py
[2025-03-02T00:49:33.865+0000] {logging_mixin.py:190} INFO - [2025-03-02T00:49:33.865+0000] {dag.py:3239} INFO - Sync 1 DAGs
[2025-03-02T00:49:33.876+0000] {logging_mixin.py:190} INFO - [2025-03-02T00:49:33.876+0000] {dag.py:4180} INFO - Setting next_dagrun for example_short_circuit_decorator to None, run_after=None
[2025-03-02T00:49:33.889+0000] {processor.py:208} INFO - Processing /home/airflow/.local/lib/python3.12/site-packages/airflow/example_dags/example_short_circuit_decorator.py took 0.058 seconds
[2025-03-02T00:50:04.525+0000] {processor.py:186} INFO - Started process (PID=612) to work on /home/airflow/.local/lib/python3.12/site-packages/airflow/example_dags/example_short_circuit_decorator.py
[2025-03-02T00:50:04.526+0000] {processor.py:914} INFO - Processing file /home/airflow/.local/lib/python3.12/site-packages/airflow/example_dags/example_short_circuit_decorator.py for tasks to queue
[2025-03-02T00:50:04.528+0000] {logging_mixin.py:190} INFO - [2025-03-02T00:50:04.528+0000] {dagbag.py:588} INFO - Filling up the DagBag from /home/airflow/.local/lib/python3.12/site-packages/airflow/example_dags/example_short_circuit_decorator.py
[2025-03-02T00:50:04.538+0000] {processor.py:925} INFO - DAG(s) 'example_short_circuit_decorator' retrieved from /home/airflow/.local/lib/python3.12/site-packages/airflow/example_dags/example_short_circuit_decorator.py
[2025-03-02T00:50:04.561+0000] {logging_mixin.py:190} INFO - [2025-03-02T00:50:04.561+0000] {dag.py:3239} INFO - Sync 1 DAGs
[2025-03-02T00:50:04.574+0000] {logging_mixin.py:190} INFO - [2025-03-02T00:50:04.573+0000] {dag.py:4180} INFO - Setting next_dagrun for example_short_circuit_decorator to None, run_after=None
[2025-03-02T00:50:04.589+0000] {processor.py:208} INFO - Processing /home/airflow/.local/lib/python3.12/site-packages/airflow/example_dags/example_short_circuit_decorator.py took 0.069 seconds
[2025-03-02T00:50:35.747+0000] {processor.py:186} INFO - Started process (PID=675) to work on /home/airflow/.local/lib/python3.12/site-packages/airflow/example_dags/example_short_circuit_decorator.py
[2025-03-02T00:50:35.748+0000] {processor.py:914} INFO - Processing file /home/airflow/.local/lib/python3.12/site-packages/airflow/example_dags/example_short_circuit_decorator.py for tasks to queue
[2025-03-02T00:50:35.751+0000] {logging_mixin.py:190} INFO - [2025-03-02T00:50:35.751+0000] {dagbag.py:588} INFO - Filling up the DagBag from /home/airflow/.local/lib/python3.12/site-packages/airflow/example_dags/example_short_circuit_decorator.py
[2025-03-02T00:50:35.761+0000] {processor.py:925} INFO - DAG(s) 'example_short_circuit_decorator' retrieved from /home/airflow/.local/lib/python3.12/site-packages/airflow/example_dags/example_short_circuit_decorator.py
[2025-03-02T00:50:35.782+0000] {logging_mixin.py:190} INFO - [2025-03-02T00:50:35.782+0000] {dag.py:3239} INFO - Sync 1 DAGs
[2025-03-02T00:50:35.796+0000] {logging_mixin.py:190} INFO - [2025-03-02T00:50:35.796+0000] {dag.py:4180} INFO - Setting next_dagrun for example_short_circuit_decorator to None, run_after=None
[2025-03-02T00:50:35.813+0000] {processor.py:208} INFO - Processing /home/airflow/.local/lib/python3.12/site-packages/airflow/example_dags/example_short_circuit_decorator.py took 0.072 seconds
[2025-03-02T00:51:06.844+0000] {processor.py:186} INFO - Started process (PID=739) to work on /home/airflow/.local/lib/python3.12/site-packages/airflow/example_dags/example_short_circuit_decorator.py
[2025-03-02T00:51:06.844+0000] {processor.py:914} INFO - Processing file /home/airflow/.local/lib/python3.12/site-packages/airflow/example_dags/example_short_circuit_decorator.py for tasks to queue
[2025-03-02T00:51:06.847+0000] {logging_mixin.py:190} INFO - [2025-03-02T00:51:06.846+0000] {dagbag.py:588} INFO - Filling up the DagBag from /home/airflow/.local/lib/python3.12/site-packages/airflow/example_dags/example_short_circuit_decorator.py
[2025-03-02T00:51:06.855+0000] {processor.py:925} INFO - DAG(s) 'example_short_circuit_decorator' retrieved from /home/airflow/.local/lib/python3.12/site-packages/airflow/example_dags/example_short_circuit_decorator.py
[2025-03-02T00:51:06.875+0000] {logging_mixin.py:190} INFO - [2025-03-02T00:51:06.875+0000] {dag.py:3239} INFO - Sync 1 DAGs
[2025-03-02T00:51:06.887+0000] {logging_mixin.py:190} INFO - [2025-03-02T00:51:06.887+0000] {dag.py:4180} INFO - Setting next_dagrun for example_short_circuit_decorator to None, run_after=None
[2025-03-02T00:51:06.903+0000] {processor.py:208} INFO - Processing /home/airflow/.local/lib/python3.12/site-packages/airflow/example_dags/example_short_circuit_decorator.py took 0.066 seconds
[2025-03-02T00:51:37.602+0000] {processor.py:186} INFO - Started process (PID=803) to work on /home/airflow/.local/lib/python3.12/site-packages/airflow/example_dags/example_short_circuit_decorator.py
[2025-03-02T00:51:37.603+0000] {processor.py:914} INFO - Processing file /home/airflow/.local/lib/python3.12/site-packages/airflow/example_dags/example_short_circuit_decorator.py for tasks to queue
[2025-03-02T00:51:37.604+0000] {logging_mixin.py:190} INFO - [2025-03-02T00:51:37.604+0000] {dagbag.py:588} INFO - Filling up the DagBag from /home/airflow/.local/lib/python3.12/site-packages/airflow/example_dags/example_short_circuit_decorator.py
[2025-03-02T00:51:37.612+0000] {processor.py:925} INFO - DAG(s) 'example_short_circuit_decorator' retrieved from /home/airflow/.local/lib/python3.12/site-packages/airflow/example_dags/example_short_circuit_decorator.py
[2025-03-02T00:51:37.630+0000] {logging_mixin.py:190} INFO - [2025-03-02T00:51:37.630+0000] {dag.py:3239} INFO - Sync 1 DAGs
[2025-03-02T00:51:37.641+0000] {logging_mixin.py:190} INFO - [2025-03-02T00:51:37.640+0000] {dag.py:4180} INFO - Setting next_dagrun for example_short_circuit_decorator to None, run_after=None
[2025-03-02T00:51:37.653+0000] {processor.py:208} INFO - Processing /home/airflow/.local/lib/python3.12/site-packages/airflow/example_dags/example_short_circuit_decorator.py took 0.056 seconds
[2025-03-02T00:52:08.360+0000] {processor.py:186} INFO - Started process (PID=867) to work on /home/airflow/.local/lib/python3.12/site-packages/airflow/example_dags/example_short_circuit_decorator.py
[2025-03-02T00:52:08.361+0000] {processor.py:914} INFO - Processing file /home/airflow/.local/lib/python3.12/site-packages/airflow/example_dags/example_short_circuit_decorator.py for tasks to queue
[2025-03-02T00:52:08.363+0000] {logging_mixin.py:190} INFO - [2025-03-02T00:52:08.363+0000] {dagbag.py:588} INFO - Filling up the DagBag from /home/airflow/.local/lib/python3.12/site-packages/airflow/example_dags/example_short_circuit_decorator.py
[2025-03-02T00:52:08.371+0000] {processor.py:925} INFO - DAG(s) 'example_short_circuit_decorator' retrieved from /home/airflow/.local/lib/python3.12/site-packages/airflow/example_dags/example_short_circuit_decorator.py
[2025-03-02T00:52:08.389+0000] {logging_mixin.py:190} INFO - [2025-03-02T00:52:08.388+0000] {dag.py:3239} INFO - Sync 1 DAGs
[2025-03-02T00:52:08.400+0000] {logging_mixin.py:190} INFO - [2025-03-02T00:52:08.399+0000] {dag.py:4180} INFO - Setting next_dagrun for example_short_circuit_decorator to None, run_after=None
[2025-03-02T00:52:08.413+0000] {processor.py:208} INFO - Processing /home/airflow/.local/lib/python3.12/site-packages/airflow/example_dags/example_short_circuit_decorator.py took 0.057 seconds
[2025-03-02T00:52:39.155+0000] {processor.py:186} INFO - Started process (PID=932) to work on /home/airflow/.local/lib/python3.12/site-packages/airflow/example_dags/example_short_circuit_decorator.py
[2025-03-02T00:52:39.156+0000] {processor.py:914} INFO - Processing file /home/airflow/.local/lib/python3.12/site-packages/airflow/example_dags/example_short_circuit_decorator.py for tasks to queue
[2025-03-02T00:52:39.158+0000] {logging_mixin.py:190} INFO - [2025-03-02T00:52:39.157+0000] {dagbag.py:588} INFO - Filling up the DagBag from /home/airflow/.local/lib/python3.12/site-packages/airflow/example_dags/example_short_circuit_decorator.py
[2025-03-02T00:52:39.165+0000] {processor.py:925} INFO - DAG(s) 'example_short_circuit_decorator' retrieved from /home/airflow/.local/lib/python3.12/site-packages/airflow/example_dags/example_short_circuit_decorator.py
[2025-03-02T00:52:39.188+0000] {logging_mixin.py:190} INFO - [2025-03-02T00:52:39.187+0000] {dag.py:3239} INFO - Sync 1 DAGs
[2025-03-02T00:52:39.203+0000] {logging_mixin.py:190} INFO - [2025-03-02T00:52:39.203+0000] {dag.py:4180} INFO - Setting next_dagrun for example_short_circuit_decorator to None, run_after=None
[2025-03-02T00:52:39.219+0000] {processor.py:208} INFO - Processing /home/airflow/.local/lib/python3.12/site-packages/airflow/example_dags/example_short_circuit_decorator.py took 0.067 seconds
[2025-03-02T00:53:09.591+0000] {processor.py:186} INFO - Started process (PID=995) to work on /home/airflow/.local/lib/python3.12/site-packages/airflow/example_dags/example_short_circuit_decorator.py
[2025-03-02T00:53:09.592+0000] {processor.py:914} INFO - Processing file /home/airflow/.local/lib/python3.12/site-packages/airflow/example_dags/example_short_circuit_decorator.py for tasks to queue
[2025-03-02T00:53:09.593+0000] {logging_mixin.py:190} INFO - [2025-03-02T00:53:09.593+0000] {dagbag.py:588} INFO - Filling up the DagBag from /home/airflow/.local/lib/python3.12/site-packages/airflow/example_dags/example_short_circuit_decorator.py
[2025-03-02T00:53:09.601+0000] {processor.py:925} INFO - DAG(s) 'example_short_circuit_decorator' retrieved from /home/airflow/.local/lib/python3.12/site-packages/airflow/example_dags/example_short_circuit_decorator.py
[2025-03-02T00:53:09.618+0000] {logging_mixin.py:190} INFO - [2025-03-02T00:53:09.617+0000] {dag.py:3239} INFO - Sync 1 DAGs
[2025-03-02T00:53:09.628+0000] {logging_mixin.py:190} INFO - [2025-03-02T00:53:09.628+0000] {dag.py:4180} INFO - Setting next_dagrun for example_short_circuit_decorator to None, run_after=None
[2025-03-02T00:53:09.641+0000] {processor.py:208} INFO - Processing /home/airflow/.local/lib/python3.12/site-packages/airflow/example_dags/example_short_circuit_decorator.py took 0.054 seconds
[2025-03-02T00:53:40.187+0000] {processor.py:186} INFO - Started process (PID=1059) to work on /home/airflow/.local/lib/python3.12/site-packages/airflow/example_dags/example_short_circuit_decorator.py
[2025-03-02T00:53:40.188+0000] {processor.py:914} INFO - Processing file /home/airflow/.local/lib/python3.12/site-packages/airflow/example_dags/example_short_circuit_decorator.py for tasks to queue
[2025-03-02T00:53:40.189+0000] {logging_mixin.py:190} INFO - [2025-03-02T00:53:40.189+0000] {dagbag.py:588} INFO - Filling up the DagBag from /home/airflow/.local/lib/python3.12/site-packages/airflow/example_dags/example_short_circuit_decorator.py
[2025-03-02T00:53:40.197+0000] {processor.py:925} INFO - DAG(s) 'example_short_circuit_decorator' retrieved from /home/airflow/.local/lib/python3.12/site-packages/airflow/example_dags/example_short_circuit_decorator.py
[2025-03-02T00:53:40.214+0000] {logging_mixin.py:190} INFO - [2025-03-02T00:53:40.214+0000] {dag.py:3239} INFO - Sync 1 DAGs
[2025-03-02T00:53:40.225+0000] {logging_mixin.py:190} INFO - [2025-03-02T00:53:40.225+0000] {dag.py:4180} INFO - Setting next_dagrun for example_short_circuit_decorator to None, run_after=None
[2025-03-02T00:53:40.243+0000] {processor.py:208} INFO - Processing /home/airflow/.local/lib/python3.12/site-packages/airflow/example_dags/example_short_circuit_decorator.py took 0.060 seconds
[2025-03-02T00:54:11.373+0000] {processor.py:186} INFO - Started process (PID=1123) to work on /home/airflow/.local/lib/python3.12/site-packages/airflow/example_dags/example_short_circuit_decorator.py
[2025-03-02T00:54:11.373+0000] {processor.py:914} INFO - Processing file /home/airflow/.local/lib/python3.12/site-packages/airflow/example_dags/example_short_circuit_decorator.py for tasks to queue
[2025-03-02T00:54:11.375+0000] {logging_mixin.py:190} INFO - [2025-03-02T00:54:11.375+0000] {dagbag.py:588} INFO - Filling up the DagBag from /home/airflow/.local/lib/python3.12/site-packages/airflow/example_dags/example_short_circuit_decorator.py
[2025-03-02T00:54:11.384+0000] {processor.py:925} INFO - DAG(s) 'example_short_circuit_decorator' retrieved from /home/airflow/.local/lib/python3.12/site-packages/airflow/example_dags/example_short_circuit_decorator.py
[2025-03-02T00:54:11.405+0000] {logging_mixin.py:190} INFO - [2025-03-02T00:54:11.405+0000] {dag.py:3239} INFO - Sync 1 DAGs
[2025-03-02T00:54:11.420+0000] {logging_mixin.py:190} INFO - [2025-03-02T00:54:11.420+0000] {dag.py:4180} INFO - Setting next_dagrun for example_short_circuit_decorator to None, run_after=None
[2025-03-02T00:54:11.437+0000] {processor.py:208} INFO - Processing /home/airflow/.local/lib/python3.12/site-packages/airflow/example_dags/example_short_circuit_decorator.py took 0.069 seconds
[2025-03-02T00:54:42.160+0000] {processor.py:186} INFO - Started process (PID=1187) to work on /home/airflow/.local/lib/python3.12/site-packages/airflow/example_dags/example_short_circuit_decorator.py
[2025-03-02T00:54:42.161+0000] {processor.py:914} INFO - Processing file /home/airflow/.local/lib/python3.12/site-packages/airflow/example_dags/example_short_circuit_decorator.py for tasks to queue
[2025-03-02T00:54:42.162+0000] {logging_mixin.py:190} INFO - [2025-03-02T00:54:42.162+0000] {dagbag.py:588} INFO - Filling up the DagBag from /home/airflow/.local/lib/python3.12/site-packages/airflow/example_dags/example_short_circuit_decorator.py
[2025-03-02T00:54:42.170+0000] {processor.py:925} INFO - DAG(s) 'example_short_circuit_decorator' retrieved from /home/airflow/.local/lib/python3.12/site-packages/airflow/example_dags/example_short_circuit_decorator.py
[2025-03-02T00:54:42.187+0000] {logging_mixin.py:190} INFO - [2025-03-02T00:54:42.187+0000] {dag.py:3239} INFO - Sync 1 DAGs
[2025-03-02T00:54:42.198+0000] {logging_mixin.py:190} INFO - [2025-03-02T00:54:42.198+0000] {dag.py:4180} INFO - Setting next_dagrun for example_short_circuit_decorator to None, run_after=None
[2025-03-02T00:54:42.211+0000] {processor.py:208} INFO - Processing /home/airflow/.local/lib/python3.12/site-packages/airflow/example_dags/example_short_circuit_decorator.py took 0.055 seconds
[2025-03-02T00:55:13.763+0000] {processor.py:186} INFO - Started process (PID=1251) to work on /home/airflow/.local/lib/python3.12/site-packages/airflow/example_dags/example_short_circuit_decorator.py
[2025-03-02T00:55:13.764+0000] {processor.py:914} INFO - Processing file /home/airflow/.local/lib/python3.12/site-packages/airflow/example_dags/example_short_circuit_decorator.py for tasks to queue
[2025-03-02T00:55:13.765+0000] {logging_mixin.py:190} INFO - [2025-03-02T00:55:13.765+0000] {dagbag.py:588} INFO - Filling up the DagBag from /home/airflow/.local/lib/python3.12/site-packages/airflow/example_dags/example_short_circuit_decorator.py
[2025-03-02T00:55:13.773+0000] {processor.py:925} INFO - DAG(s) 'example_short_circuit_decorator' retrieved from /home/airflow/.local/lib/python3.12/site-packages/airflow/example_dags/example_short_circuit_decorator.py
[2025-03-02T00:55:13.796+0000] {logging_mixin.py:190} INFO - [2025-03-02T00:55:13.796+0000] {dag.py:3239} INFO - Sync 1 DAGs
[2025-03-02T00:55:13.809+0000] {logging_mixin.py:190} INFO - [2025-03-02T00:55:13.809+0000] {dag.py:4180} INFO - Setting next_dagrun for example_short_circuit_decorator to None, run_after=None
[2025-03-02T00:55:13.822+0000] {processor.py:208} INFO - Processing /home/airflow/.local/lib/python3.12/site-packages/airflow/example_dags/example_short_circuit_decorator.py took 0.065 seconds
