[2025-03-02T00:45:50.070+0000] {processor.py:186} INFO - Started process (PID=79) to work on /home/airflow/.local/lib/python3.12/site-packages/airflow/example_dags/example_branch_python_dop_operator_3.py
[2025-03-02T00:45:50.070+0000] {processor.py:914} INFO - Processing file /home/airflow/.local/lib/python3.12/site-packages/airflow/example_dags/example_branch_python_dop_operator_3.py for tasks to queue
[2025-03-02T00:45:50.073+0000] {logging_mixin.py:190} INFO - [2025-03-02T00:45:50.072+0000] {dagbag.py:588} INFO - Filling up the DagBag from /home/airflow/.local/lib/python3.12/site-packages/airflow/example_dags/example_branch_python_dop_operator_3.py
[2025-03-02T00:45:50.093+0000] {processor.py:925} INFO - DAG(s) 'example_branch_dop_operator_v3' retrieved from /home/airflow/.local/lib/python3.12/site-packages/airflow/example_dags/example_branch_python_dop_operator_3.py
[2025-03-02T00:45:50.245+0000] {logging_mixin.py:190} INFO - [2025-03-02T00:45:50.244+0000] {override.py:1911} INFO - Created Permission View: can edit on DAG:example_branch_dop_operator_v3
[2025-03-02T00:45:50.252+0000] {logging_mixin.py:190} INFO - [2025-03-02T00:45:50.252+0000] {override.py:1911} INFO - Created Permission View: can read on DAG:example_branch_dop_operator_v3
[2025-03-02T00:45:50.258+0000] {logging_mixin.py:190} INFO - [2025-03-02T00:45:50.257+0000] {override.py:1911} INFO - Created Permission View: can delete on DAG:example_branch_dop_operator_v3
[2025-03-02T00:45:50.296+0000] {logging_mixin.py:190} INFO - [2025-03-02T00:45:50.296+0000] {override.py:1911} INFO - Created Permission View: menu access on DAG Run:example_branch_dop_operator_v3
[2025-03-02T00:45:50.311+0000] {logging_mixin.py:190} INFO - [2025-03-02T00:45:50.310+0000] {override.py:1911} INFO - Created Permission View: can read on DAG Run:example_branch_dop_operator_v3
[2025-03-02T00:45:50.322+0000] {logging_mixin.py:190} INFO - [2025-03-02T00:45:50.322+0000] {override.py:1911} INFO - Created Permission View: can delete on DAG Run:example_branch_dop_operator_v3
[2025-03-02T00:45:50.334+0000] {logging_mixin.py:190} INFO - [2025-03-02T00:45:50.333+0000] {override.py:1911} INFO - Created Permission View: can create on DAG Run:example_branch_dop_operator_v3
[2025-03-02T00:45:50.334+0000] {logging_mixin.py:190} INFO - [2025-03-02T00:45:50.334+0000] {dag.py:3239} INFO - Sync 1 DAGs
[2025-03-02T00:45:50.355+0000] {logging_mixin.py:190} INFO - [2025-03-02T00:45:50.355+0000] {dag.py:3262} INFO - Creating ORM DAG for example_branch_dop_operator_v3
[2025-03-02T00:45:50.369+0000] {logging_mixin.py:190} INFO - [2025-03-02T00:45:50.369+0000] {dag.py:4180} INFO - Setting next_dagrun for example_branch_dop_operator_v3 to 2025-03-02 00:44:00+00:00, run_after=2025-03-02 00:45:00+00:00
[2025-03-02T00:45:50.387+0000] {processor.py:208} INFO - Processing /home/airflow/.local/lib/python3.12/site-packages/airflow/example_dags/example_branch_python_dop_operator_3.py took 0.323 seconds
[2025-03-02T00:46:20.991+0000] {processor.py:186} INFO - Started process (PID=143) to work on /home/airflow/.local/lib/python3.12/site-packages/airflow/example_dags/example_branch_python_dop_operator_3.py
[2025-03-02T00:46:20.992+0000] {processor.py:914} INFO - Processing file /home/airflow/.local/lib/python3.12/site-packages/airflow/example_dags/example_branch_python_dop_operator_3.py for tasks to queue
[2025-03-02T00:46:20.994+0000] {logging_mixin.py:190} INFO - [2025-03-02T00:46:20.994+0000] {dagbag.py:588} INFO - Filling up the DagBag from /home/airflow/.local/lib/python3.12/site-packages/airflow/example_dags/example_branch_python_dop_operator_3.py
[2025-03-02T00:46:21.002+0000] {processor.py:925} INFO - DAG(s) 'example_branch_dop_operator_v3' retrieved from /home/airflow/.local/lib/python3.12/site-packages/airflow/example_dags/example_branch_python_dop_operator_3.py
[2025-03-02T00:46:21.016+0000] {logging_mixin.py:190} INFO - [2025-03-02T00:46:21.016+0000] {dag.py:3239} INFO - Sync 1 DAGs
[2025-03-02T00:46:21.035+0000] {logging_mixin.py:190} INFO - [2025-03-02T00:46:21.035+0000] {dag.py:4180} INFO - Setting next_dagrun for example_branch_dop_operator_v3 to 2025-03-02 00:45:00+00:00, run_after=2025-03-02 00:46:00+00:00
[2025-03-02T00:46:21.051+0000] {processor.py:208} INFO - Processing /home/airflow/.local/lib/python3.12/site-packages/airflow/example_dags/example_branch_python_dop_operator_3.py took 0.064 seconds
[2025-03-02T00:46:51.730+0000] {processor.py:186} INFO - Started process (PID=206) to work on /home/airflow/.local/lib/python3.12/site-packages/airflow/example_dags/example_branch_python_dop_operator_3.py
[2025-03-02T00:46:51.731+0000] {processor.py:914} INFO - Processing file /home/airflow/.local/lib/python3.12/site-packages/airflow/example_dags/example_branch_python_dop_operator_3.py for tasks to queue
[2025-03-02T00:46:51.733+0000] {logging_mixin.py:190} INFO - [2025-03-02T00:46:51.733+0000] {dagbag.py:588} INFO - Filling up the DagBag from /home/airflow/.local/lib/python3.12/site-packages/airflow/example_dags/example_branch_python_dop_operator_3.py
[2025-03-02T00:46:51.743+0000] {processor.py:925} INFO - DAG(s) 'example_branch_dop_operator_v3' retrieved from /home/airflow/.local/lib/python3.12/site-packages/airflow/example_dags/example_branch_python_dop_operator_3.py
[2025-03-02T00:46:51.759+0000] {logging_mixin.py:190} INFO - [2025-03-02T00:46:51.759+0000] {dag.py:3239} INFO - Sync 1 DAGs
[2025-03-02T00:46:51.782+0000] {logging_mixin.py:190} INFO - [2025-03-02T00:46:51.782+0000] {dag.py:4180} INFO - Setting next_dagrun for example_branch_dop_operator_v3 to 2025-03-02 00:45:00+00:00, run_after=2025-03-02 00:46:00+00:00
[2025-03-02T00:46:51.795+0000] {processor.py:208} INFO - Processing /home/airflow/.local/lib/python3.12/site-packages/airflow/example_dags/example_branch_python_dop_operator_3.py took 0.071 seconds
[2025-03-02T00:47:21.926+0000] {processor.py:186} INFO - Started process (PID=269) to work on /home/airflow/.local/lib/python3.12/site-packages/airflow/example_dags/example_branch_python_dop_operator_3.py
[2025-03-02T00:47:21.927+0000] {processor.py:914} INFO - Processing file /home/airflow/.local/lib/python3.12/site-packages/airflow/example_dags/example_branch_python_dop_operator_3.py for tasks to queue
[2025-03-02T00:47:21.928+0000] {logging_mixin.py:190} INFO - [2025-03-02T00:47:21.928+0000] {dagbag.py:588} INFO - Filling up the DagBag from /home/airflow/.local/lib/python3.12/site-packages/airflow/example_dags/example_branch_python_dop_operator_3.py
[2025-03-02T00:47:21.936+0000] {processor.py:925} INFO - DAG(s) 'example_branch_dop_operator_v3' retrieved from /home/airflow/.local/lib/python3.12/site-packages/airflow/example_dags/example_branch_python_dop_operator_3.py
[2025-03-02T00:47:21.951+0000] {logging_mixin.py:190} INFO - [2025-03-02T00:47:21.951+0000] {dag.py:3239} INFO - Sync 1 DAGs
[2025-03-02T00:47:21.970+0000] {logging_mixin.py:190} INFO - [2025-03-02T00:47:21.970+0000] {dag.py:4180} INFO - Setting next_dagrun for example_branch_dop_operator_v3 to 2025-03-02 00:46:00+00:00, run_after=2025-03-02 00:47:00+00:00
[2025-03-02T00:47:21.983+0000] {processor.py:208} INFO - Processing /home/airflow/.local/lib/python3.12/site-packages/airflow/example_dags/example_branch_python_dop_operator_3.py took 0.061 seconds
[2025-03-02T00:47:52.123+0000] {processor.py:186} INFO - Started process (PID=332) to work on /home/airflow/.local/lib/python3.12/site-packages/airflow/example_dags/example_branch_python_dop_operator_3.py
[2025-03-02T00:47:52.124+0000] {processor.py:914} INFO - Processing file /home/airflow/.local/lib/python3.12/site-packages/airflow/example_dags/example_branch_python_dop_operator_3.py for tasks to queue
[2025-03-02T00:47:52.125+0000] {logging_mixin.py:190} INFO - [2025-03-02T00:47:52.125+0000] {dagbag.py:588} INFO - Filling up the DagBag from /home/airflow/.local/lib/python3.12/site-packages/airflow/example_dags/example_branch_python_dop_operator_3.py
[2025-03-02T00:47:52.133+0000] {processor.py:925} INFO - DAG(s) 'example_branch_dop_operator_v3' retrieved from /home/airflow/.local/lib/python3.12/site-packages/airflow/example_dags/example_branch_python_dop_operator_3.py
[2025-03-02T00:47:52.153+0000] {logging_mixin.py:190} INFO - [2025-03-02T00:47:52.153+0000] {dag.py:3239} INFO - Sync 1 DAGs
[2025-03-02T00:47:52.175+0000] {logging_mixin.py:190} INFO - [2025-03-02T00:47:52.175+0000] {dag.py:4180} INFO - Setting next_dagrun for example_branch_dop_operator_v3 to 2025-03-02 00:46:00+00:00, run_after=2025-03-02 00:47:00+00:00
[2025-03-02T00:47:52.188+0000] {processor.py:208} INFO - Processing /home/airflow/.local/lib/python3.12/site-packages/airflow/example_dags/example_branch_python_dop_operator_3.py took 0.069 seconds
[2025-03-02T00:48:22.233+0000] {processor.py:186} INFO - Started process (PID=395) to work on /home/airflow/.local/lib/python3.12/site-packages/airflow/example_dags/example_branch_python_dop_operator_3.py
[2025-03-02T00:48:22.234+0000] {processor.py:914} INFO - Processing file /home/airflow/.local/lib/python3.12/site-packages/airflow/example_dags/example_branch_python_dop_operator_3.py for tasks to queue
[2025-03-02T00:48:22.236+0000] {logging_mixin.py:190} INFO - [2025-03-02T00:48:22.235+0000] {dagbag.py:588} INFO - Filling up the DagBag from /home/airflow/.local/lib/python3.12/site-packages/airflow/example_dags/example_branch_python_dop_operator_3.py
[2025-03-02T00:48:22.244+0000] {processor.py:925} INFO - DAG(s) 'example_branch_dop_operator_v3' retrieved from /home/airflow/.local/lib/python3.12/site-packages/airflow/example_dags/example_branch_python_dop_operator_3.py
[2025-03-02T00:48:22.259+0000] {logging_mixin.py:190} INFO - [2025-03-02T00:48:22.259+0000] {dag.py:3239} INFO - Sync 1 DAGs
[2025-03-02T00:48:22.280+0000] {logging_mixin.py:190} INFO - [2025-03-02T00:48:22.279+0000] {dag.py:4180} INFO - Setting next_dagrun for example_branch_dop_operator_v3 to 2025-03-02 00:47:00+00:00, run_after=2025-03-02 00:48:00+00:00
[2025-03-02T00:48:22.291+0000] {processor.py:208} INFO - Processing /home/airflow/.local/lib/python3.12/site-packages/airflow/example_dags/example_branch_python_dop_operator_3.py took 0.063 seconds
[2025-03-02T00:48:52.467+0000] {processor.py:186} INFO - Started process (PID=459) to work on /home/airflow/.local/lib/python3.12/site-packages/airflow/example_dags/example_branch_python_dop_operator_3.py
[2025-03-02T00:48:52.468+0000] {processor.py:914} INFO - Processing file /home/airflow/.local/lib/python3.12/site-packages/airflow/example_dags/example_branch_python_dop_operator_3.py for tasks to queue
[2025-03-02T00:48:52.469+0000] {logging_mixin.py:190} INFO - [2025-03-02T00:48:52.469+0000] {dagbag.py:588} INFO - Filling up the DagBag from /home/airflow/.local/lib/python3.12/site-packages/airflow/example_dags/example_branch_python_dop_operator_3.py
[2025-03-02T00:48:52.477+0000] {processor.py:925} INFO - DAG(s) 'example_branch_dop_operator_v3' retrieved from /home/airflow/.local/lib/python3.12/site-packages/airflow/example_dags/example_branch_python_dop_operator_3.py
[2025-03-02T00:48:52.491+0000] {logging_mixin.py:190} INFO - [2025-03-02T00:48:52.491+0000] {dag.py:3239} INFO - Sync 1 DAGs
[2025-03-02T00:48:52.511+0000] {logging_mixin.py:190} INFO - [2025-03-02T00:48:52.511+0000] {dag.py:4180} INFO - Setting next_dagrun for example_branch_dop_operator_v3 to 2025-03-02 00:47:00+00:00, run_after=2025-03-02 00:48:00+00:00
[2025-03-02T00:48:52.526+0000] {processor.py:208} INFO - Processing /home/airflow/.local/lib/python3.12/site-packages/airflow/example_dags/example_branch_python_dop_operator_3.py took 0.062 seconds
[2025-03-02T00:49:22.617+0000] {processor.py:186} INFO - Started process (PID=523) to work on /home/airflow/.local/lib/python3.12/site-packages/airflow/example_dags/example_branch_python_dop_operator_3.py
[2025-03-02T00:49:22.618+0000] {processor.py:914} INFO - Processing file /home/airflow/.local/lib/python3.12/site-packages/airflow/example_dags/example_branch_python_dop_operator_3.py for tasks to queue
[2025-03-02T00:49:22.619+0000] {logging_mixin.py:190} INFO - [2025-03-02T00:49:22.619+0000] {dagbag.py:588} INFO - Filling up the DagBag from /home/airflow/.local/lib/python3.12/site-packages/airflow/example_dags/example_branch_python_dop_operator_3.py
[2025-03-02T00:49:22.628+0000] {processor.py:925} INFO - DAG(s) 'example_branch_dop_operator_v3' retrieved from /home/airflow/.local/lib/python3.12/site-packages/airflow/example_dags/example_branch_python_dop_operator_3.py
[2025-03-02T00:49:22.644+0000] {logging_mixin.py:190} INFO - [2025-03-02T00:49:22.644+0000] {dag.py:3239} INFO - Sync 1 DAGs
[2025-03-02T00:49:22.663+0000] {logging_mixin.py:190} INFO - [2025-03-02T00:49:22.663+0000] {dag.py:4180} INFO - Setting next_dagrun for example_branch_dop_operator_v3 to 2025-03-02 00:48:00+00:00, run_after=2025-03-02 00:49:00+00:00
[2025-03-02T00:49:22.677+0000] {processor.py:208} INFO - Processing /home/airflow/.local/lib/python3.12/site-packages/airflow/example_dags/example_branch_python_dop_operator_3.py took 0.064 seconds
[2025-03-02T00:49:53.139+0000] {processor.py:186} INFO - Started process (PID=586) to work on /home/airflow/.local/lib/python3.12/site-packages/airflow/example_dags/example_branch_python_dop_operator_3.py
[2025-03-02T00:49:53.139+0000] {processor.py:914} INFO - Processing file /home/airflow/.local/lib/python3.12/site-packages/airflow/example_dags/example_branch_python_dop_operator_3.py for tasks to queue
[2025-03-02T00:49:53.141+0000] {logging_mixin.py:190} INFO - [2025-03-02T00:49:53.141+0000] {dagbag.py:588} INFO - Filling up the DagBag from /home/airflow/.local/lib/python3.12/site-packages/airflow/example_dags/example_branch_python_dop_operator_3.py
[2025-03-02T00:49:53.149+0000] {processor.py:925} INFO - DAG(s) 'example_branch_dop_operator_v3' retrieved from /home/airflow/.local/lib/python3.12/site-packages/airflow/example_dags/example_branch_python_dop_operator_3.py
[2025-03-02T00:49:53.163+0000] {logging_mixin.py:190} INFO - [2025-03-02T00:49:53.163+0000] {dag.py:3239} INFO - Sync 1 DAGs
[2025-03-02T00:49:53.182+0000] {logging_mixin.py:190} INFO - [2025-03-02T00:49:53.182+0000] {dag.py:4180} INFO - Setting next_dagrun for example_branch_dop_operator_v3 to 2025-03-02 00:48:00+00:00, run_after=2025-03-02 00:49:00+00:00
[2025-03-02T00:49:53.194+0000] {processor.py:208} INFO - Processing /home/airflow/.local/lib/python3.12/site-packages/airflow/example_dags/example_branch_python_dop_operator_3.py took 0.060 seconds
[2025-03-02T00:50:23.696+0000] {processor.py:186} INFO - Started process (PID=649) to work on /home/airflow/.local/lib/python3.12/site-packages/airflow/example_dags/example_branch_python_dop_operator_3.py
[2025-03-02T00:50:23.697+0000] {processor.py:914} INFO - Processing file /home/airflow/.local/lib/python3.12/site-packages/airflow/example_dags/example_branch_python_dop_operator_3.py for tasks to queue
[2025-03-02T00:50:23.698+0000] {logging_mixin.py:190} INFO - [2025-03-02T00:50:23.698+0000] {dagbag.py:588} INFO - Filling up the DagBag from /home/airflow/.local/lib/python3.12/site-packages/airflow/example_dags/example_branch_python_dop_operator_3.py
[2025-03-02T00:50:23.706+0000] {processor.py:925} INFO - DAG(s) 'example_branch_dop_operator_v3' retrieved from /home/airflow/.local/lib/python3.12/site-packages/airflow/example_dags/example_branch_python_dop_operator_3.py
[2025-03-02T00:50:23.720+0000] {logging_mixin.py:190} INFO - [2025-03-02T00:50:23.720+0000] {dag.py:3239} INFO - Sync 1 DAGs
[2025-03-02T00:50:23.739+0000] {logging_mixin.py:190} INFO - [2025-03-02T00:50:23.739+0000] {dag.py:4180} INFO - Setting next_dagrun for example_branch_dop_operator_v3 to 2025-03-02 00:49:00+00:00, run_after=2025-03-02 00:50:00+00:00
[2025-03-02T00:50:23.751+0000] {processor.py:208} INFO - Processing /home/airflow/.local/lib/python3.12/site-packages/airflow/example_dags/example_branch_python_dop_operator_3.py took 0.059 seconds
[2025-03-02T00:50:54.060+0000] {processor.py:186} INFO - Started process (PID=713) to work on /home/airflow/.local/lib/python3.12/site-packages/airflow/example_dags/example_branch_python_dop_operator_3.py
[2025-03-02T00:50:54.061+0000] {processor.py:914} INFO - Processing file /home/airflow/.local/lib/python3.12/site-packages/airflow/example_dags/example_branch_python_dop_operator_3.py for tasks to queue
[2025-03-02T00:50:54.062+0000] {logging_mixin.py:190} INFO - [2025-03-02T00:50:54.062+0000] {dagbag.py:588} INFO - Filling up the DagBag from /home/airflow/.local/lib/python3.12/site-packages/airflow/example_dags/example_branch_python_dop_operator_3.py
[2025-03-02T00:50:54.070+0000] {processor.py:925} INFO - DAG(s) 'example_branch_dop_operator_v3' retrieved from /home/airflow/.local/lib/python3.12/site-packages/airflow/example_dags/example_branch_python_dop_operator_3.py
[2025-03-02T00:50:54.084+0000] {logging_mixin.py:190} INFO - [2025-03-02T00:50:54.084+0000] {dag.py:3239} INFO - Sync 1 DAGs
[2025-03-02T00:50:54.103+0000] {logging_mixin.py:190} INFO - [2025-03-02T00:50:54.103+0000] {dag.py:4180} INFO - Setting next_dagrun for example_branch_dop_operator_v3 to 2025-03-02 00:49:00+00:00, run_after=2025-03-02 00:50:00+00:00
[2025-03-02T00:50:54.115+0000] {processor.py:208} INFO - Processing /home/airflow/.local/lib/python3.12/site-packages/airflow/example_dags/example_branch_python_dop_operator_3.py took 0.060 seconds
[2025-03-02T00:51:24.326+0000] {processor.py:186} INFO - Started process (PID=777) to work on /home/airflow/.local/lib/python3.12/site-packages/airflow/example_dags/example_branch_python_dop_operator_3.py
[2025-03-02T00:51:24.326+0000] {processor.py:914} INFO - Processing file /home/airflow/.local/lib/python3.12/site-packages/airflow/example_dags/example_branch_python_dop_operator_3.py for tasks to queue
[2025-03-02T00:51:24.328+0000] {logging_mixin.py:190} INFO - [2025-03-02T00:51:24.328+0000] {dagbag.py:588} INFO - Filling up the DagBag from /home/airflow/.local/lib/python3.12/site-packages/airflow/example_dags/example_branch_python_dop_operator_3.py
[2025-03-02T00:51:24.336+0000] {processor.py:925} INFO - DAG(s) 'example_branch_dop_operator_v3' retrieved from /home/airflow/.local/lib/python3.12/site-packages/airflow/example_dags/example_branch_python_dop_operator_3.py
[2025-03-02T00:51:24.351+0000] {logging_mixin.py:190} INFO - [2025-03-02T00:51:24.350+0000] {dag.py:3239} INFO - Sync 1 DAGs
[2025-03-02T00:51:24.370+0000] {logging_mixin.py:190} INFO - [2025-03-02T00:51:24.370+0000] {dag.py:4180} INFO - Setting next_dagrun for example_branch_dop_operator_v3 to 2025-03-02 00:50:00+00:00, run_after=2025-03-02 00:51:00+00:00
[2025-03-02T00:51:24.383+0000] {processor.py:208} INFO - Processing /home/airflow/.local/lib/python3.12/site-packages/airflow/example_dags/example_branch_python_dop_operator_3.py took 0.061 seconds
[2025-03-02T00:51:54.452+0000] {processor.py:186} INFO - Started process (PID=841) to work on /home/airflow/.local/lib/python3.12/site-packages/airflow/example_dags/example_branch_python_dop_operator_3.py
[2025-03-02T00:51:54.453+0000] {processor.py:914} INFO - Processing file /home/airflow/.local/lib/python3.12/site-packages/airflow/example_dags/example_branch_python_dop_operator_3.py for tasks to queue
[2025-03-02T00:51:54.454+0000] {logging_mixin.py:190} INFO - [2025-03-02T00:51:54.454+0000] {dagbag.py:588} INFO - Filling up the DagBag from /home/airflow/.local/lib/python3.12/site-packages/airflow/example_dags/example_branch_python_dop_operator_3.py
[2025-03-02T00:51:54.462+0000] {processor.py:925} INFO - DAG(s) 'example_branch_dop_operator_v3' retrieved from /home/airflow/.local/lib/python3.12/site-packages/airflow/example_dags/example_branch_python_dop_operator_3.py
[2025-03-02T00:51:54.476+0000] {logging_mixin.py:190} INFO - [2025-03-02T00:51:54.476+0000] {dag.py:3239} INFO - Sync 1 DAGs
[2025-03-02T00:51:54.495+0000] {logging_mixin.py:190} INFO - [2025-03-02T00:51:54.495+0000] {dag.py:4180} INFO - Setting next_dagrun for example_branch_dop_operator_v3 to 2025-03-02 00:50:00+00:00, run_after=2025-03-02 00:51:00+00:00
[2025-03-02T00:51:54.508+0000] {processor.py:208} INFO - Processing /home/airflow/.local/lib/python3.12/site-packages/airflow/example_dags/example_branch_python_dop_operator_3.py took 0.060 seconds
[2025-03-02T00:52:24.613+0000] {processor.py:186} INFO - Started process (PID=906) to work on /home/airflow/.local/lib/python3.12/site-packages/airflow/example_dags/example_branch_python_dop_operator_3.py
[2025-03-02T00:52:24.614+0000] {processor.py:914} INFO - Processing file /home/airflow/.local/lib/python3.12/site-packages/airflow/example_dags/example_branch_python_dop_operator_3.py for tasks to queue
[2025-03-02T00:52:24.615+0000] {logging_mixin.py:190} INFO - [2025-03-02T00:52:24.615+0000] {dagbag.py:588} INFO - Filling up the DagBag from /home/airflow/.local/lib/python3.12/site-packages/airflow/example_dags/example_branch_python_dop_operator_3.py
[2025-03-02T00:52:24.623+0000] {processor.py:925} INFO - DAG(s) 'example_branch_dop_operator_v3' retrieved from /home/airflow/.local/lib/python3.12/site-packages/airflow/example_dags/example_branch_python_dop_operator_3.py
[2025-03-02T00:52:24.638+0000] {logging_mixin.py:190} INFO - [2025-03-02T00:52:24.638+0000] {dag.py:3239} INFO - Sync 1 DAGs
[2025-03-02T00:52:24.663+0000] {logging_mixin.py:190} INFO - [2025-03-02T00:52:24.663+0000] {dag.py:4180} INFO - Setting next_dagrun for example_branch_dop_operator_v3 to 2025-03-02 00:51:00+00:00, run_after=2025-03-02 00:52:00+00:00
[2025-03-02T00:52:24.676+0000] {processor.py:208} INFO - Processing /home/airflow/.local/lib/python3.12/site-packages/airflow/example_dags/example_branch_python_dop_operator_3.py took 0.067 seconds
[2025-03-02T00:52:54.865+0000] {processor.py:186} INFO - Started process (PID=970) to work on /home/airflow/.local/lib/python3.12/site-packages/airflow/example_dags/example_branch_python_dop_operator_3.py
[2025-03-02T00:52:54.866+0000] {processor.py:914} INFO - Processing file /home/airflow/.local/lib/python3.12/site-packages/airflow/example_dags/example_branch_python_dop_operator_3.py for tasks to queue
[2025-03-02T00:52:54.868+0000] {logging_mixin.py:190} INFO - [2025-03-02T00:52:54.867+0000] {dagbag.py:588} INFO - Filling up the DagBag from /home/airflow/.local/lib/python3.12/site-packages/airflow/example_dags/example_branch_python_dop_operator_3.py
[2025-03-02T00:52:54.875+0000] {processor.py:925} INFO - DAG(s) 'example_branch_dop_operator_v3' retrieved from /home/airflow/.local/lib/python3.12/site-packages/airflow/example_dags/example_branch_python_dop_operator_3.py
[2025-03-02T00:52:54.889+0000] {logging_mixin.py:190} INFO - [2025-03-02T00:52:54.889+0000] {dag.py:3239} INFO - Sync 1 DAGs
[2025-03-02T00:52:54.908+0000] {logging_mixin.py:190} INFO - [2025-03-02T00:52:54.908+0000] {dag.py:4180} INFO - Setting next_dagrun for example_branch_dop_operator_v3 to 2025-03-02 00:51:00+00:00, run_after=2025-03-02 00:52:00+00:00
[2025-03-02T00:52:54.922+0000] {processor.py:208} INFO - Processing /home/airflow/.local/lib/python3.12/site-packages/airflow/example_dags/example_branch_python_dop_operator_3.py took 0.061 seconds
[2025-03-02T00:53:25.319+0000] {processor.py:186} INFO - Started process (PID=1034) to work on /home/airflow/.local/lib/python3.12/site-packages/airflow/example_dags/example_branch_python_dop_operator_3.py
[2025-03-02T00:53:25.320+0000] {processor.py:914} INFO - Processing file /home/airflow/.local/lib/python3.12/site-packages/airflow/example_dags/example_branch_python_dop_operator_3.py for tasks to queue
[2025-03-02T00:53:25.321+0000] {logging_mixin.py:190} INFO - [2025-03-02T00:53:25.321+0000] {dagbag.py:588} INFO - Filling up the DagBag from /home/airflow/.local/lib/python3.12/site-packages/airflow/example_dags/example_branch_python_dop_operator_3.py
[2025-03-02T00:53:25.329+0000] {processor.py:925} INFO - DAG(s) 'example_branch_dop_operator_v3' retrieved from /home/airflow/.local/lib/python3.12/site-packages/airflow/example_dags/example_branch_python_dop_operator_3.py
[2025-03-02T00:53:25.343+0000] {logging_mixin.py:190} INFO - [2025-03-02T00:53:25.343+0000] {dag.py:3239} INFO - Sync 1 DAGs
[2025-03-02T00:53:25.365+0000] {logging_mixin.py:190} INFO - [2025-03-02T00:53:25.365+0000] {dag.py:4180} INFO - Setting next_dagrun for example_branch_dop_operator_v3 to 2025-03-02 00:52:00+00:00, run_after=2025-03-02 00:53:00+00:00
[2025-03-02T00:53:25.377+0000] {processor.py:208} INFO - Processing /home/airflow/.local/lib/python3.12/site-packages/airflow/example_dags/example_branch_python_dop_operator_3.py took 0.062 seconds
[2025-03-02T00:53:55.810+0000] {processor.py:186} INFO - Started process (PID=1098) to work on /home/airflow/.local/lib/python3.12/site-packages/airflow/example_dags/example_branch_python_dop_operator_3.py
[2025-03-02T00:53:55.811+0000] {processor.py:914} INFO - Processing file /home/airflow/.local/lib/python3.12/site-packages/airflow/example_dags/example_branch_python_dop_operator_3.py for tasks to queue
[2025-03-02T00:53:55.813+0000] {logging_mixin.py:190} INFO - [2025-03-02T00:53:55.813+0000] {dagbag.py:588} INFO - Filling up the DagBag from /home/airflow/.local/lib/python3.12/site-packages/airflow/example_dags/example_branch_python_dop_operator_3.py
[2025-03-02T00:53:55.823+0000] {processor.py:925} INFO - DAG(s) 'example_branch_dop_operator_v3' retrieved from /home/airflow/.local/lib/python3.12/site-packages/airflow/example_dags/example_branch_python_dop_operator_3.py
[2025-03-02T00:53:55.843+0000] {logging_mixin.py:190} INFO - [2025-03-02T00:53:55.842+0000] {dag.py:3239} INFO - Sync 1 DAGs
[2025-03-02T00:53:55.871+0000] {logging_mixin.py:190} INFO - [2025-03-02T00:53:55.870+0000] {dag.py:4180} INFO - Setting next_dagrun for example_branch_dop_operator_v3 to 2025-03-02 00:52:00+00:00, run_after=2025-03-02 00:53:00+00:00
[2025-03-02T00:53:55.886+0000] {processor.py:208} INFO - Processing /home/airflow/.local/lib/python3.12/site-packages/airflow/example_dags/example_branch_python_dop_operator_3.py took 0.082 seconds
[2025-03-02T00:54:26.343+0000] {processor.py:186} INFO - Started process (PID=1162) to work on /home/airflow/.local/lib/python3.12/site-packages/airflow/example_dags/example_branch_python_dop_operator_3.py
[2025-03-02T00:54:26.343+0000] {processor.py:914} INFO - Processing file /home/airflow/.local/lib/python3.12/site-packages/airflow/example_dags/example_branch_python_dop_operator_3.py for tasks to queue
[2025-03-02T00:54:26.345+0000] {logging_mixin.py:190} INFO - [2025-03-02T00:54:26.344+0000] {dagbag.py:588} INFO - Filling up the DagBag from /home/airflow/.local/lib/python3.12/site-packages/airflow/example_dags/example_branch_python_dop_operator_3.py
[2025-03-02T00:54:26.352+0000] {processor.py:925} INFO - DAG(s) 'example_branch_dop_operator_v3' retrieved from /home/airflow/.local/lib/python3.12/site-packages/airflow/example_dags/example_branch_python_dop_operator_3.py
[2025-03-02T00:54:26.367+0000] {logging_mixin.py:190} INFO - [2025-03-02T00:54:26.366+0000] {dag.py:3239} INFO - Sync 1 DAGs
[2025-03-02T00:54:26.386+0000] {logging_mixin.py:190} INFO - [2025-03-02T00:54:26.386+0000] {dag.py:4180} INFO - Setting next_dagrun for example_branch_dop_operator_v3 to 2025-03-02 00:53:00+00:00, run_after=2025-03-02 00:54:00+00:00
[2025-03-02T00:54:26.400+0000] {processor.py:208} INFO - Processing /home/airflow/.local/lib/python3.12/site-packages/airflow/example_dags/example_branch_python_dop_operator_3.py took 0.062 seconds
[2025-03-02T00:54:56.960+0000] {processor.py:186} INFO - Started process (PID=1226) to work on /home/airflow/.local/lib/python3.12/site-packages/airflow/example_dags/example_branch_python_dop_operator_3.py
[2025-03-02T00:54:56.960+0000] {processor.py:914} INFO - Processing file /home/airflow/.local/lib/python3.12/site-packages/airflow/example_dags/example_branch_python_dop_operator_3.py for tasks to queue
[2025-03-02T00:54:56.962+0000] {logging_mixin.py:190} INFO - [2025-03-02T00:54:56.962+0000] {dagbag.py:588} INFO - Filling up the DagBag from /home/airflow/.local/lib/python3.12/site-packages/airflow/example_dags/example_branch_python_dop_operator_3.py
[2025-03-02T00:54:56.970+0000] {processor.py:925} INFO - DAG(s) 'example_branch_dop_operator_v3' retrieved from /home/airflow/.local/lib/python3.12/site-packages/airflow/example_dags/example_branch_python_dop_operator_3.py
[2025-03-02T00:54:56.988+0000] {logging_mixin.py:190} INFO - [2025-03-02T00:54:56.987+0000] {dag.py:3239} INFO - Sync 1 DAGs
[2025-03-02T00:54:57.011+0000] {logging_mixin.py:190} INFO - [2025-03-02T00:54:57.011+0000] {dag.py:4180} INFO - Setting next_dagrun for example_branch_dop_operator_v3 to 2025-03-02 00:53:00+00:00, run_after=2025-03-02 00:54:00+00:00
[2025-03-02T00:54:57.025+0000] {processor.py:208} INFO - Processing /home/airflow/.local/lib/python3.12/site-packages/airflow/example_dags/example_branch_python_dop_operator_3.py took 0.070 seconds
