[2025-03-02T00:45:55.041+0000] {processor.py:186} INFO - Started process (PID=100) to work on /home/airflow/.local/lib/python3.12/site-packages/airflow/example_dags/example_dataset_alias_with_no_taskflow.py
[2025-03-02T00:45:55.042+0000] {processor.py:914} INFO - Processing file /home/airflow/.local/lib/python3.12/site-packages/airflow/example_dags/example_dataset_alias_with_no_taskflow.py for tasks to queue
[2025-03-02T00:45:55.044+0000] {logging_mixin.py:190} INFO - [2025-03-02T00:45:55.044+0000] {dagbag.py:588} INFO - Filling up the DagBag from /home/airflow/.local/lib/python3.12/site-packages/airflow/example_dags/example_dataset_alias_with_no_taskflow.py
[2025-03-02T00:45:55.681+0000] {processor.py:925} INFO - DAG(s) 'dataset_s3_bucket_consumer_with_no_taskflow', 'dataset_s3_bucket_producer_with_no_taskflow', 'dataset_alias_example_alias_producer_with_no_taskflow', 'dataset_alias_example_alias_consumer_with_no_taskflow' retrieved from /home/airflow/.local/lib/python3.12/site-packages/airflow/example_dags/example_dataset_alias_with_no_taskflow.py
[2025-03-02T00:45:55.794+0000] {logging_mixin.py:190} INFO - [2025-03-02T00:45:55.793+0000] {override.py:1911} INFO - Created Permission View: can edit on DAG:dataset_s3_bucket_consumer_with_no_taskflow
[2025-03-02T00:45:55.803+0000] {logging_mixin.py:190} INFO - [2025-03-02T00:45:55.803+0000] {override.py:1911} INFO - Created Permission View: can read on DAG:dataset_s3_bucket_consumer_with_no_taskflow
[2025-03-02T00:45:55.810+0000] {logging_mixin.py:190} INFO - [2025-03-02T00:45:55.809+0000] {override.py:1911} INFO - Created Permission View: can delete on DAG:dataset_s3_bucket_consumer_with_no_taskflow
[2025-03-02T00:45:55.816+0000] {logging_mixin.py:190} INFO - [2025-03-02T00:45:55.816+0000] {override.py:1911} INFO - Created Permission View: menu access on DAG Run:dataset_s3_bucket_consumer_with_no_taskflow
[2025-03-02T00:45:55.822+0000] {logging_mixin.py:190} INFO - [2025-03-02T00:45:55.822+0000] {override.py:1911} INFO - Created Permission View: can read on DAG Run:dataset_s3_bucket_consumer_with_no_taskflow
[2025-03-02T00:45:55.846+0000] {logging_mixin.py:190} INFO - [2025-03-02T00:45:55.846+0000] {override.py:1911} INFO - Created Permission View: can delete on DAG Run:dataset_s3_bucket_consumer_with_no_taskflow
[2025-03-02T00:45:55.853+0000] {logging_mixin.py:190} INFO - [2025-03-02T00:45:55.853+0000] {override.py:1911} INFO - Created Permission View: can create on DAG Run:dataset_s3_bucket_consumer_with_no_taskflow
[2025-03-02T00:45:55.865+0000] {logging_mixin.py:190} INFO - [2025-03-02T00:45:55.865+0000] {override.py:1911} INFO - Created Permission View: can edit on DAG:dataset_s3_bucket_producer_with_no_taskflow
[2025-03-02T00:45:55.871+0000] {logging_mixin.py:190} INFO - [2025-03-02T00:45:55.871+0000] {override.py:1911} INFO - Created Permission View: can read on DAG:dataset_s3_bucket_producer_with_no_taskflow
[2025-03-02T00:45:55.877+0000] {logging_mixin.py:190} INFO - [2025-03-02T00:45:55.877+0000] {override.py:1911} INFO - Created Permission View: can delete on DAG:dataset_s3_bucket_producer_with_no_taskflow
[2025-03-02T00:45:55.884+0000] {logging_mixin.py:190} INFO - [2025-03-02T00:45:55.883+0000] {override.py:1911} INFO - Created Permission View: menu access on DAG Run:dataset_s3_bucket_producer_with_no_taskflow
[2025-03-02T00:45:55.890+0000] {logging_mixin.py:190} INFO - [2025-03-02T00:45:55.889+0000] {override.py:1911} INFO - Created Permission View: can read on DAG Run:dataset_s3_bucket_producer_with_no_taskflow
[2025-03-02T00:45:55.896+0000] {logging_mixin.py:190} INFO - [2025-03-02T00:45:55.895+0000] {override.py:1911} INFO - Created Permission View: can delete on DAG Run:dataset_s3_bucket_producer_with_no_taskflow
[2025-03-02T00:45:55.902+0000] {logging_mixin.py:190} INFO - [2025-03-02T00:45:55.901+0000] {override.py:1911} INFO - Created Permission View: can create on DAG Run:dataset_s3_bucket_producer_with_no_taskflow
[2025-03-02T00:45:55.915+0000] {logging_mixin.py:190} INFO - [2025-03-02T00:45:55.915+0000] {override.py:1911} INFO - Created Permission View: can edit on DAG:dataset_alias_example_alias_producer_with_no_taskflow
[2025-03-02T00:45:55.921+0000] {logging_mixin.py:190} INFO - [2025-03-02T00:45:55.921+0000] {override.py:1911} INFO - Created Permission View: can read on DAG:dataset_alias_example_alias_producer_with_no_taskflow
[2025-03-02T00:45:55.927+0000] {logging_mixin.py:190} INFO - [2025-03-02T00:45:55.927+0000] {override.py:1911} INFO - Created Permission View: can delete on DAG:dataset_alias_example_alias_producer_with_no_taskflow
[2025-03-02T00:45:55.933+0000] {logging_mixin.py:190} INFO - [2025-03-02T00:45:55.933+0000] {override.py:1911} INFO - Created Permission View: menu access on DAG Run:dataset_alias_example_alias_producer_with_no_taskflow
[2025-03-02T00:45:55.946+0000] {logging_mixin.py:190} INFO - [2025-03-02T00:45:55.945+0000] {override.py:1911} INFO - Created Permission View: can read on DAG Run:dataset_alias_example_alias_producer_with_no_taskflow
[2025-03-02T00:45:55.952+0000] {logging_mixin.py:190} INFO - [2025-03-02T00:45:55.951+0000] {override.py:1911} INFO - Created Permission View: can delete on DAG Run:dataset_alias_example_alias_producer_with_no_taskflow
[2025-03-02T00:45:55.958+0000] {logging_mixin.py:190} INFO - [2025-03-02T00:45:55.958+0000] {override.py:1911} INFO - Created Permission View: can create on DAG Run:dataset_alias_example_alias_producer_with_no_taskflow
[2025-03-02T00:45:55.969+0000] {logging_mixin.py:190} INFO - [2025-03-02T00:45:55.969+0000] {override.py:1911} INFO - Created Permission View: can edit on DAG:dataset_alias_example_alias_consumer_with_no_taskflow
[2025-03-02T00:45:55.975+0000] {logging_mixin.py:190} INFO - [2025-03-02T00:45:55.975+0000] {override.py:1911} INFO - Created Permission View: can read on DAG:dataset_alias_example_alias_consumer_with_no_taskflow
[2025-03-02T00:45:55.980+0000] {logging_mixin.py:190} INFO - [2025-03-02T00:45:55.980+0000] {override.py:1911} INFO - Created Permission View: can delete on DAG:dataset_alias_example_alias_consumer_with_no_taskflow
[2025-03-02T00:45:55.986+0000] {logging_mixin.py:190} INFO - [2025-03-02T00:45:55.986+0000] {override.py:1911} INFO - Created Permission View: menu access on DAG Run:dataset_alias_example_alias_consumer_with_no_taskflow
[2025-03-02T00:45:55.992+0000] {logging_mixin.py:190} INFO - [2025-03-02T00:45:55.991+0000] {override.py:1911} INFO - Created Permission View: can read on DAG Run:dataset_alias_example_alias_consumer_with_no_taskflow
[2025-03-02T00:45:55.997+0000] {logging_mixin.py:190} INFO - [2025-03-02T00:45:55.997+0000] {override.py:1911} INFO - Created Permission View: can delete on DAG Run:dataset_alias_example_alias_consumer_with_no_taskflow
[2025-03-02T00:45:56.003+0000] {logging_mixin.py:190} INFO - [2025-03-02T00:45:56.003+0000] {override.py:1911} INFO - Created Permission View: can create on DAG Run:dataset_alias_example_alias_consumer_with_no_taskflow
[2025-03-02T00:45:56.004+0000] {logging_mixin.py:190} INFO - [2025-03-02T00:45:56.003+0000] {dag.py:3239} INFO - Sync 4 DAGs
[2025-03-02T00:45:56.020+0000] {logging_mixin.py:190} INFO - [2025-03-02T00:45:56.019+0000] {dag.py:3262} INFO - Creating ORM DAG for dataset_s3_bucket_producer_with_no_taskflow
[2025-03-02T00:45:56.021+0000] {logging_mixin.py:190} INFO - [2025-03-02T00:45:56.021+0000] {dag.py:3262} INFO - Creating ORM DAG for dataset_alias_example_alias_producer_with_no_taskflow
[2025-03-02T00:45:56.021+0000] {logging_mixin.py:190} INFO - [2025-03-02T00:45:56.021+0000] {dag.py:3262} INFO - Creating ORM DAG for dataset_s3_bucket_consumer_with_no_taskflow
[2025-03-02T00:45:56.022+0000] {logging_mixin.py:190} INFO - [2025-03-02T00:45:56.022+0000] {dag.py:3262} INFO - Creating ORM DAG for dataset_alias_example_alias_consumer_with_no_taskflow
[2025-03-02T00:45:56.033+0000] {logging_mixin.py:190} INFO - [2025-03-02T00:45:56.033+0000] {dag.py:4180} INFO - Setting next_dagrun for dataset_alias_example_alias_consumer_with_no_taskflow to None, run_after=None
[2025-03-02T00:45:56.034+0000] {logging_mixin.py:190} INFO - [2025-03-02T00:45:56.034+0000] {dag.py:4180} INFO - Setting next_dagrun for dataset_alias_example_alias_producer_with_no_taskflow to None, run_after=None
[2025-03-02T00:45:56.035+0000] {logging_mixin.py:190} INFO - [2025-03-02T00:45:56.035+0000] {dag.py:4180} INFO - Setting next_dagrun for dataset_s3_bucket_consumer_with_no_taskflow to None, run_after=None
[2025-03-02T00:45:56.035+0000] {logging_mixin.py:190} INFO - [2025-03-02T00:45:56.035+0000] {dag.py:4180} INFO - Setting next_dagrun for dataset_s3_bucket_producer_with_no_taskflow to None, run_after=None
[2025-03-02T00:45:56.063+0000] {processor.py:208} INFO - Processing /home/airflow/.local/lib/python3.12/site-packages/airflow/example_dags/example_dataset_alias_with_no_taskflow.py took 1.028 seconds
[2025-03-02T00:46:26.144+0000] {processor.py:186} INFO - Started process (PID=164) to work on /home/airflow/.local/lib/python3.12/site-packages/airflow/example_dags/example_dataset_alias_with_no_taskflow.py
[2025-03-02T00:46:26.145+0000] {processor.py:914} INFO - Processing file /home/airflow/.local/lib/python3.12/site-packages/airflow/example_dags/example_dataset_alias_with_no_taskflow.py for tasks to queue
[2025-03-02T00:46:26.146+0000] {logging_mixin.py:190} INFO - [2025-03-02T00:46:26.146+0000] {dagbag.py:588} INFO - Filling up the DagBag from /home/airflow/.local/lib/python3.12/site-packages/airflow/example_dags/example_dataset_alias_with_no_taskflow.py
[2025-03-02T00:46:26.653+0000] {processor.py:925} INFO - DAG(s) 'dataset_s3_bucket_consumer_with_no_taskflow', 'dataset_alias_example_alias_producer_with_no_taskflow', 'dataset_alias_example_alias_consumer_with_no_taskflow', 'dataset_s3_bucket_producer_with_no_taskflow' retrieved from /home/airflow/.local/lib/python3.12/site-packages/airflow/example_dags/example_dataset_alias_with_no_taskflow.py
[2025-03-02T00:46:26.669+0000] {logging_mixin.py:190} INFO - [2025-03-02T00:46:26.669+0000] {dag.py:3239} INFO - Sync 4 DAGs
[2025-03-02T00:46:26.693+0000] {logging_mixin.py:190} INFO - [2025-03-02T00:46:26.693+0000] {dag.py:4180} INFO - Setting next_dagrun for dataset_alias_example_alias_consumer_with_no_taskflow to None, run_after=None
[2025-03-02T00:46:26.696+0000] {logging_mixin.py:190} INFO - [2025-03-02T00:46:26.696+0000] {dag.py:4180} INFO - Setting next_dagrun for dataset_alias_example_alias_producer_with_no_taskflow to None, run_after=None
[2025-03-02T00:46:26.697+0000] {logging_mixin.py:190} INFO - [2025-03-02T00:46:26.697+0000] {dag.py:4180} INFO - Setting next_dagrun for dataset_s3_bucket_consumer_with_no_taskflow to None, run_after=None
[2025-03-02T00:46:26.698+0000] {logging_mixin.py:190} INFO - [2025-03-02T00:46:26.698+0000] {dag.py:4180} INFO - Setting next_dagrun for dataset_s3_bucket_producer_with_no_taskflow to None, run_after=None
[2025-03-02T00:46:26.759+0000] {processor.py:208} INFO - Processing /home/airflow/.local/lib/python3.12/site-packages/airflow/example_dags/example_dataset_alias_with_no_taskflow.py took 0.619 seconds
[2025-03-02T00:46:56.911+0000] {processor.py:186} INFO - Started process (PID=227) to work on /home/airflow/.local/lib/python3.12/site-packages/airflow/example_dags/example_dataset_alias_with_no_taskflow.py
[2025-03-02T00:46:56.911+0000] {processor.py:914} INFO - Processing file /home/airflow/.local/lib/python3.12/site-packages/airflow/example_dags/example_dataset_alias_with_no_taskflow.py for tasks to queue
[2025-03-02T00:46:56.913+0000] {logging_mixin.py:190} INFO - [2025-03-02T00:46:56.913+0000] {dagbag.py:588} INFO - Filling up the DagBag from /home/airflow/.local/lib/python3.12/site-packages/airflow/example_dags/example_dataset_alias_with_no_taskflow.py
[2025-03-02T00:46:57.474+0000] {processor.py:925} INFO - DAG(s) 'dataset_s3_bucket_consumer_with_no_taskflow', 'dataset_alias_example_alias_producer_with_no_taskflow', 'dataset_s3_bucket_producer_with_no_taskflow', 'dataset_alias_example_alias_consumer_with_no_taskflow' retrieved from /home/airflow/.local/lib/python3.12/site-packages/airflow/example_dags/example_dataset_alias_with_no_taskflow.py
[2025-03-02T00:46:57.492+0000] {logging_mixin.py:190} INFO - [2025-03-02T00:46:57.491+0000] {dag.py:3239} INFO - Sync 4 DAGs
[2025-03-02T00:46:57.513+0000] {logging_mixin.py:190} INFO - [2025-03-02T00:46:57.512+0000] {dag.py:4180} INFO - Setting next_dagrun for dataset_alias_example_alias_consumer_with_no_taskflow to None, run_after=None
[2025-03-02T00:46:57.515+0000] {logging_mixin.py:190} INFO - [2025-03-02T00:46:57.515+0000] {dag.py:4180} INFO - Setting next_dagrun for dataset_alias_example_alias_producer_with_no_taskflow to None, run_after=None
[2025-03-02T00:46:57.516+0000] {logging_mixin.py:190} INFO - [2025-03-02T00:46:57.516+0000] {dag.py:4180} INFO - Setting next_dagrun for dataset_s3_bucket_consumer_with_no_taskflow to None, run_after=None
[2025-03-02T00:46:57.517+0000] {logging_mixin.py:190} INFO - [2025-03-02T00:46:57.517+0000] {dag.py:4180} INFO - Setting next_dagrun for dataset_s3_bucket_producer_with_no_taskflow to None, run_after=None
[2025-03-02T00:46:57.535+0000] {processor.py:208} INFO - Processing /home/airflow/.local/lib/python3.12/site-packages/airflow/example_dags/example_dataset_alias_with_no_taskflow.py took 0.629 seconds
[2025-03-02T00:47:28.485+0000] {processor.py:186} INFO - Started process (PID=290) to work on /home/airflow/.local/lib/python3.12/site-packages/airflow/example_dags/example_dataset_alias_with_no_taskflow.py
[2025-03-02T00:47:28.486+0000] {processor.py:914} INFO - Processing file /home/airflow/.local/lib/python3.12/site-packages/airflow/example_dags/example_dataset_alias_with_no_taskflow.py for tasks to queue
[2025-03-02T00:47:28.488+0000] {logging_mixin.py:190} INFO - [2025-03-02T00:47:28.488+0000] {dagbag.py:588} INFO - Filling up the DagBag from /home/airflow/.local/lib/python3.12/site-packages/airflow/example_dags/example_dataset_alias_with_no_taskflow.py
[2025-03-02T00:47:29.035+0000] {processor.py:925} INFO - DAG(s) 'dataset_s3_bucket_consumer_with_no_taskflow', 'dataset_alias_example_alias_producer_with_no_taskflow', 'dataset_alias_example_alias_consumer_with_no_taskflow', 'dataset_s3_bucket_producer_with_no_taskflow' retrieved from /home/airflow/.local/lib/python3.12/site-packages/airflow/example_dags/example_dataset_alias_with_no_taskflow.py
[2025-03-02T00:47:29.056+0000] {logging_mixin.py:190} INFO - [2025-03-02T00:47:29.055+0000] {dag.py:3239} INFO - Sync 4 DAGs
[2025-03-02T00:47:29.079+0000] {logging_mixin.py:190} INFO - [2025-03-02T00:47:29.079+0000] {dag.py:4180} INFO - Setting next_dagrun for dataset_alias_example_alias_consumer_with_no_taskflow to None, run_after=None
[2025-03-02T00:47:29.081+0000] {logging_mixin.py:190} INFO - [2025-03-02T00:47:29.081+0000] {dag.py:4180} INFO - Setting next_dagrun for dataset_alias_example_alias_producer_with_no_taskflow to None, run_after=None
[2025-03-02T00:47:29.082+0000] {logging_mixin.py:190} INFO - [2025-03-02T00:47:29.082+0000] {dag.py:4180} INFO - Setting next_dagrun for dataset_s3_bucket_consumer_with_no_taskflow to None, run_after=None
[2025-03-02T00:47:29.083+0000] {logging_mixin.py:190} INFO - [2025-03-02T00:47:29.083+0000] {dag.py:4180} INFO - Setting next_dagrun for dataset_s3_bucket_producer_with_no_taskflow to None, run_after=None
[2025-03-02T00:47:29.099+0000] {processor.py:208} INFO - Processing /home/airflow/.local/lib/python3.12/site-packages/airflow/example_dags/example_dataset_alias_with_no_taskflow.py took 0.619 seconds
[2025-03-02T00:47:59.732+0000] {processor.py:186} INFO - Started process (PID=353) to work on /home/airflow/.local/lib/python3.12/site-packages/airflow/example_dags/example_dataset_alias_with_no_taskflow.py
[2025-03-02T00:47:59.733+0000] {processor.py:914} INFO - Processing file /home/airflow/.local/lib/python3.12/site-packages/airflow/example_dags/example_dataset_alias_with_no_taskflow.py for tasks to queue
[2025-03-02T00:47:59.735+0000] {logging_mixin.py:190} INFO - [2025-03-02T00:47:59.734+0000] {dagbag.py:588} INFO - Filling up the DagBag from /home/airflow/.local/lib/python3.12/site-packages/airflow/example_dags/example_dataset_alias_with_no_taskflow.py
[2025-03-02T00:48:00.253+0000] {processor.py:925} INFO - DAG(s) 'dataset_s3_bucket_consumer_with_no_taskflow', 'dataset_alias_example_alias_consumer_with_no_taskflow', 'dataset_s3_bucket_producer_with_no_taskflow', 'dataset_alias_example_alias_producer_with_no_taskflow' retrieved from /home/airflow/.local/lib/python3.12/site-packages/airflow/example_dags/example_dataset_alias_with_no_taskflow.py
[2025-03-02T00:48:00.275+0000] {logging_mixin.py:190} INFO - [2025-03-02T00:48:00.274+0000] {dag.py:3239} INFO - Sync 4 DAGs
[2025-03-02T00:48:00.300+0000] {logging_mixin.py:190} INFO - [2025-03-02T00:48:00.299+0000] {dag.py:4180} INFO - Setting next_dagrun for dataset_alias_example_alias_consumer_with_no_taskflow to None, run_after=None
[2025-03-02T00:48:00.302+0000] {logging_mixin.py:190} INFO - [2025-03-02T00:48:00.302+0000] {dag.py:4180} INFO - Setting next_dagrun for dataset_alias_example_alias_producer_with_no_taskflow to None, run_after=None
[2025-03-02T00:48:00.305+0000] {logging_mixin.py:190} INFO - [2025-03-02T00:48:00.304+0000] {dag.py:4180} INFO - Setting next_dagrun for dataset_s3_bucket_consumer_with_no_taskflow to None, run_after=None
[2025-03-02T00:48:00.306+0000] {logging_mixin.py:190} INFO - [2025-03-02T00:48:00.306+0000] {dag.py:4180} INFO - Setting next_dagrun for dataset_s3_bucket_producer_with_no_taskflow to None, run_after=None
[2025-03-02T00:48:00.324+0000] {processor.py:208} INFO - Processing /home/airflow/.local/lib/python3.12/site-packages/airflow/example_dags/example_dataset_alias_with_no_taskflow.py took 0.597 seconds
[2025-03-02T00:48:30.614+0000] {processor.py:186} INFO - Started process (PID=416) to work on /home/airflow/.local/lib/python3.12/site-packages/airflow/example_dags/example_dataset_alias_with_no_taskflow.py
[2025-03-02T00:48:30.615+0000] {processor.py:914} INFO - Processing file /home/airflow/.local/lib/python3.12/site-packages/airflow/example_dags/example_dataset_alias_with_no_taskflow.py for tasks to queue
[2025-03-02T00:48:30.617+0000] {logging_mixin.py:190} INFO - [2025-03-02T00:48:30.616+0000] {dagbag.py:588} INFO - Filling up the DagBag from /home/airflow/.local/lib/python3.12/site-packages/airflow/example_dags/example_dataset_alias_with_no_taskflow.py
[2025-03-02T00:48:31.230+0000] {processor.py:925} INFO - DAG(s) 'dataset_s3_bucket_consumer_with_no_taskflow', 'dataset_s3_bucket_producer_with_no_taskflow', 'dataset_alias_example_alias_producer_with_no_taskflow', 'dataset_alias_example_alias_consumer_with_no_taskflow' retrieved from /home/airflow/.local/lib/python3.12/site-packages/airflow/example_dags/example_dataset_alias_with_no_taskflow.py
[2025-03-02T00:48:31.246+0000] {logging_mixin.py:190} INFO - [2025-03-02T00:48:31.246+0000] {dag.py:3239} INFO - Sync 4 DAGs
[2025-03-02T00:48:31.263+0000] {logging_mixin.py:190} INFO - [2025-03-02T00:48:31.263+0000] {dag.py:4180} INFO - Setting next_dagrun for dataset_alias_example_alias_consumer_with_no_taskflow to None, run_after=None
[2025-03-02T00:48:31.265+0000] {logging_mixin.py:190} INFO - [2025-03-02T00:48:31.265+0000] {dag.py:4180} INFO - Setting next_dagrun for dataset_alias_example_alias_producer_with_no_taskflow to None, run_after=None
[2025-03-02T00:48:31.267+0000] {logging_mixin.py:190} INFO - [2025-03-02T00:48:31.266+0000] {dag.py:4180} INFO - Setting next_dagrun for dataset_s3_bucket_consumer_with_no_taskflow to None, run_after=None
[2025-03-02T00:48:31.268+0000] {logging_mixin.py:190} INFO - [2025-03-02T00:48:31.268+0000] {dag.py:4180} INFO - Setting next_dagrun for dataset_s3_bucket_producer_with_no_taskflow to None, run_after=None
[2025-03-02T00:48:31.286+0000] {processor.py:208} INFO - Processing /home/airflow/.local/lib/python3.12/site-packages/airflow/example_dags/example_dataset_alias_with_no_taskflow.py took 0.678 seconds
[2025-03-02T00:49:01.759+0000] {processor.py:186} INFO - Started process (PID=480) to work on /home/airflow/.local/lib/python3.12/site-packages/airflow/example_dags/example_dataset_alias_with_no_taskflow.py
[2025-03-02T00:49:01.759+0000] {processor.py:914} INFO - Processing file /home/airflow/.local/lib/python3.12/site-packages/airflow/example_dags/example_dataset_alias_with_no_taskflow.py for tasks to queue
[2025-03-02T00:49:01.761+0000] {logging_mixin.py:190} INFO - [2025-03-02T00:49:01.761+0000] {dagbag.py:588} INFO - Filling up the DagBag from /home/airflow/.local/lib/python3.12/site-packages/airflow/example_dags/example_dataset_alias_with_no_taskflow.py
[2025-03-02T00:49:02.488+0000] {processor.py:925} INFO - DAG(s) 'dataset_alias_example_alias_producer_with_no_taskflow', 'dataset_s3_bucket_consumer_with_no_taskflow', 'dataset_alias_example_alias_consumer_with_no_taskflow', 'dataset_s3_bucket_producer_with_no_taskflow' retrieved from /home/airflow/.local/lib/python3.12/site-packages/airflow/example_dags/example_dataset_alias_with_no_taskflow.py
[2025-03-02T00:49:02.504+0000] {logging_mixin.py:190} INFO - [2025-03-02T00:49:02.504+0000] {dag.py:3239} INFO - Sync 4 DAGs
[2025-03-02T00:49:02.529+0000] {logging_mixin.py:190} INFO - [2025-03-02T00:49:02.529+0000] {dag.py:4180} INFO - Setting next_dagrun for dataset_alias_example_alias_consumer_with_no_taskflow to None, run_after=None
[2025-03-02T00:49:02.532+0000] {logging_mixin.py:190} INFO - [2025-03-02T00:49:02.532+0000] {dag.py:4180} INFO - Setting next_dagrun for dataset_alias_example_alias_producer_with_no_taskflow to None, run_after=None
[2025-03-02T00:49:02.534+0000] {logging_mixin.py:190} INFO - [2025-03-02T00:49:02.534+0000] {dag.py:4180} INFO - Setting next_dagrun for dataset_s3_bucket_consumer_with_no_taskflow to None, run_after=None
[2025-03-02T00:49:02.535+0000] {logging_mixin.py:190} INFO - [2025-03-02T00:49:02.535+0000] {dag.py:4180} INFO - Setting next_dagrun for dataset_s3_bucket_producer_with_no_taskflow to None, run_after=None
[2025-03-02T00:49:02.557+0000] {processor.py:208} INFO - Processing /home/airflow/.local/lib/python3.12/site-packages/airflow/example_dags/example_dataset_alias_with_no_taskflow.py took 0.804 seconds
[2025-03-02T00:49:33.059+0000] {processor.py:186} INFO - Started process (PID=544) to work on /home/airflow/.local/lib/python3.12/site-packages/airflow/example_dags/example_dataset_alias_with_no_taskflow.py
[2025-03-02T00:49:33.059+0000] {processor.py:914} INFO - Processing file /home/airflow/.local/lib/python3.12/site-packages/airflow/example_dags/example_dataset_alias_with_no_taskflow.py for tasks to queue
[2025-03-02T00:49:33.061+0000] {logging_mixin.py:190} INFO - [2025-03-02T00:49:33.061+0000] {dagbag.py:588} INFO - Filling up the DagBag from /home/airflow/.local/lib/python3.12/site-packages/airflow/example_dags/example_dataset_alias_with_no_taskflow.py
[2025-03-02T00:49:33.558+0000] {processor.py:925} INFO - DAG(s) 'dataset_alias_example_alias_consumer_with_no_taskflow', 'dataset_s3_bucket_producer_with_no_taskflow', 'dataset_alias_example_alias_producer_with_no_taskflow', 'dataset_s3_bucket_consumer_with_no_taskflow' retrieved from /home/airflow/.local/lib/python3.12/site-packages/airflow/example_dags/example_dataset_alias_with_no_taskflow.py
[2025-03-02T00:49:33.575+0000] {logging_mixin.py:190} INFO - [2025-03-02T00:49:33.574+0000] {dag.py:3239} INFO - Sync 4 DAGs
[2025-03-02T00:49:33.594+0000] {logging_mixin.py:190} INFO - [2025-03-02T00:49:33.594+0000] {dag.py:4180} INFO - Setting next_dagrun for dataset_alias_example_alias_consumer_with_no_taskflow to None, run_after=None
[2025-03-02T00:49:33.596+0000] {logging_mixin.py:190} INFO - [2025-03-02T00:49:33.596+0000] {dag.py:4180} INFO - Setting next_dagrun for dataset_alias_example_alias_producer_with_no_taskflow to None, run_after=None
[2025-03-02T00:49:33.597+0000] {logging_mixin.py:190} INFO - [2025-03-02T00:49:33.597+0000] {dag.py:4180} INFO - Setting next_dagrun for dataset_s3_bucket_consumer_with_no_taskflow to None, run_after=None
[2025-03-02T00:49:33.598+0000] {logging_mixin.py:190} INFO - [2025-03-02T00:49:33.598+0000] {dag.py:4180} INFO - Setting next_dagrun for dataset_s3_bucket_producer_with_no_taskflow to None, run_after=None
[2025-03-02T00:49:33.614+0000] {processor.py:208} INFO - Processing /home/airflow/.local/lib/python3.12/site-packages/airflow/example_dags/example_dataset_alias_with_no_taskflow.py took 0.559 seconds
[2025-03-02T00:50:03.739+0000] {processor.py:186} INFO - Started process (PID=607) to work on /home/airflow/.local/lib/python3.12/site-packages/airflow/example_dags/example_dataset_alias_with_no_taskflow.py
[2025-03-02T00:50:03.739+0000] {processor.py:914} INFO - Processing file /home/airflow/.local/lib/python3.12/site-packages/airflow/example_dags/example_dataset_alias_with_no_taskflow.py for tasks to queue
[2025-03-02T00:50:03.741+0000] {logging_mixin.py:190} INFO - [2025-03-02T00:50:03.740+0000] {dagbag.py:588} INFO - Filling up the DagBag from /home/airflow/.local/lib/python3.12/site-packages/airflow/example_dags/example_dataset_alias_with_no_taskflow.py
[2025-03-02T00:50:04.242+0000] {processor.py:925} INFO - DAG(s) 'dataset_alias_example_alias_producer_with_no_taskflow', 'dataset_alias_example_alias_consumer_with_no_taskflow', 'dataset_s3_bucket_consumer_with_no_taskflow', 'dataset_s3_bucket_producer_with_no_taskflow' retrieved from /home/airflow/.local/lib/python3.12/site-packages/airflow/example_dags/example_dataset_alias_with_no_taskflow.py
[2025-03-02T00:50:04.263+0000] {logging_mixin.py:190} INFO - [2025-03-02T00:50:04.262+0000] {dag.py:3239} INFO - Sync 4 DAGs
[2025-03-02T00:50:04.287+0000] {logging_mixin.py:190} INFO - [2025-03-02T00:50:04.287+0000] {dag.py:4180} INFO - Setting next_dagrun for dataset_alias_example_alias_consumer_with_no_taskflow to None, run_after=None
[2025-03-02T00:50:04.289+0000] {logging_mixin.py:190} INFO - [2025-03-02T00:50:04.289+0000] {dag.py:4180} INFO - Setting next_dagrun for dataset_alias_example_alias_producer_with_no_taskflow to None, run_after=None
[2025-03-02T00:50:04.291+0000] {logging_mixin.py:190} INFO - [2025-03-02T00:50:04.290+0000] {dag.py:4180} INFO - Setting next_dagrun for dataset_s3_bucket_consumer_with_no_taskflow to None, run_after=None
[2025-03-02T00:50:04.291+0000] {logging_mixin.py:190} INFO - [2025-03-02T00:50:04.291+0000] {dag.py:4180} INFO - Setting next_dagrun for dataset_s3_bucket_producer_with_no_taskflow to None, run_after=None
[2025-03-02T00:50:04.307+0000] {processor.py:208} INFO - Processing /home/airflow/.local/lib/python3.12/site-packages/airflow/example_dags/example_dataset_alias_with_no_taskflow.py took 0.573 seconds
[2025-03-02T00:50:34.672+0000] {processor.py:186} INFO - Started process (PID=670) to work on /home/airflow/.local/lib/python3.12/site-packages/airflow/example_dags/example_dataset_alias_with_no_taskflow.py
[2025-03-02T00:50:34.673+0000] {processor.py:914} INFO - Processing file /home/airflow/.local/lib/python3.12/site-packages/airflow/example_dags/example_dataset_alias_with_no_taskflow.py for tasks to queue
[2025-03-02T00:50:34.675+0000] {logging_mixin.py:190} INFO - [2025-03-02T00:50:34.674+0000] {dagbag.py:588} INFO - Filling up the DagBag from /home/airflow/.local/lib/python3.12/site-packages/airflow/example_dags/example_dataset_alias_with_no_taskflow.py
[2025-03-02T00:50:35.420+0000] {processor.py:925} INFO - DAG(s) 'dataset_alias_example_alias_producer_with_no_taskflow', 'dataset_s3_bucket_producer_with_no_taskflow', 'dataset_alias_example_alias_consumer_with_no_taskflow', 'dataset_s3_bucket_consumer_with_no_taskflow' retrieved from /home/airflow/.local/lib/python3.12/site-packages/airflow/example_dags/example_dataset_alias_with_no_taskflow.py
[2025-03-02T00:50:35.441+0000] {logging_mixin.py:190} INFO - [2025-03-02T00:50:35.440+0000] {dag.py:3239} INFO - Sync 4 DAGs
[2025-03-02T00:50:35.468+0000] {logging_mixin.py:190} INFO - [2025-03-02T00:50:35.468+0000] {dag.py:4180} INFO - Setting next_dagrun for dataset_alias_example_alias_consumer_with_no_taskflow to None, run_after=None
[2025-03-02T00:50:35.471+0000] {logging_mixin.py:190} INFO - [2025-03-02T00:50:35.471+0000] {dag.py:4180} INFO - Setting next_dagrun for dataset_alias_example_alias_producer_with_no_taskflow to None, run_after=None
[2025-03-02T00:50:35.473+0000] {logging_mixin.py:190} INFO - [2025-03-02T00:50:35.473+0000] {dag.py:4180} INFO - Setting next_dagrun for dataset_s3_bucket_consumer_with_no_taskflow to None, run_after=None
[2025-03-02T00:50:35.474+0000] {logging_mixin.py:190} INFO - [2025-03-02T00:50:35.474+0000] {dag.py:4180} INFO - Setting next_dagrun for dataset_s3_bucket_producer_with_no_taskflow to None, run_after=None
[2025-03-02T00:50:35.495+0000] {processor.py:208} INFO - Processing /home/airflow/.local/lib/python3.12/site-packages/airflow/example_dags/example_dataset_alias_with_no_taskflow.py took 0.829 seconds
[2025-03-02T00:51:06.005+0000] {processor.py:186} INFO - Started process (PID=734) to work on /home/airflow/.local/lib/python3.12/site-packages/airflow/example_dags/example_dataset_alias_with_no_taskflow.py
[2025-03-02T00:51:06.005+0000] {processor.py:914} INFO - Processing file /home/airflow/.local/lib/python3.12/site-packages/airflow/example_dags/example_dataset_alias_with_no_taskflow.py for tasks to queue
[2025-03-02T00:51:06.007+0000] {logging_mixin.py:190} INFO - [2025-03-02T00:51:06.006+0000] {dagbag.py:588} INFO - Filling up the DagBag from /home/airflow/.local/lib/python3.12/site-packages/airflow/example_dags/example_dataset_alias_with_no_taskflow.py
[2025-03-02T00:51:06.514+0000] {processor.py:925} INFO - DAG(s) 'dataset_s3_bucket_consumer_with_no_taskflow', 'dataset_alias_example_alias_producer_with_no_taskflow', 'dataset_s3_bucket_producer_with_no_taskflow', 'dataset_alias_example_alias_consumer_with_no_taskflow' retrieved from /home/airflow/.local/lib/python3.12/site-packages/airflow/example_dags/example_dataset_alias_with_no_taskflow.py
[2025-03-02T00:51:06.534+0000] {logging_mixin.py:190} INFO - [2025-03-02T00:51:06.533+0000] {dag.py:3239} INFO - Sync 4 DAGs
[2025-03-02T00:51:06.561+0000] {logging_mixin.py:190} INFO - [2025-03-02T00:51:06.561+0000] {dag.py:4180} INFO - Setting next_dagrun for dataset_alias_example_alias_consumer_with_no_taskflow to None, run_after=None
[2025-03-02T00:51:06.564+0000] {logging_mixin.py:190} INFO - [2025-03-02T00:51:06.563+0000] {dag.py:4180} INFO - Setting next_dagrun for dataset_alias_example_alias_producer_with_no_taskflow to None, run_after=None
[2025-03-02T00:51:06.565+0000] {logging_mixin.py:190} INFO - [2025-03-02T00:51:06.565+0000] {dag.py:4180} INFO - Setting next_dagrun for dataset_s3_bucket_consumer_with_no_taskflow to None, run_after=None
[2025-03-02T00:51:06.567+0000] {logging_mixin.py:190} INFO - [2025-03-02T00:51:06.566+0000] {dag.py:4180} INFO - Setting next_dagrun for dataset_s3_bucket_producer_with_no_taskflow to None, run_after=None
[2025-03-02T00:51:06.587+0000] {processor.py:208} INFO - Processing /home/airflow/.local/lib/python3.12/site-packages/airflow/example_dags/example_dataset_alias_with_no_taskflow.py took 0.587 seconds
[2025-03-02T00:51:36.808+0000] {processor.py:186} INFO - Started process (PID=798) to work on /home/airflow/.local/lib/python3.12/site-packages/airflow/example_dags/example_dataset_alias_with_no_taskflow.py
[2025-03-02T00:51:36.809+0000] {processor.py:914} INFO - Processing file /home/airflow/.local/lib/python3.12/site-packages/airflow/example_dags/example_dataset_alias_with_no_taskflow.py for tasks to queue
[2025-03-02T00:51:36.810+0000] {logging_mixin.py:190} INFO - [2025-03-02T00:51:36.810+0000] {dagbag.py:588} INFO - Filling up the DagBag from /home/airflow/.local/lib/python3.12/site-packages/airflow/example_dags/example_dataset_alias_with_no_taskflow.py
[2025-03-02T00:51:37.327+0000] {processor.py:925} INFO - DAG(s) 'dataset_alias_example_alias_producer_with_no_taskflow', 'dataset_alias_example_alias_consumer_with_no_taskflow', 'dataset_s3_bucket_producer_with_no_taskflow', 'dataset_s3_bucket_consumer_with_no_taskflow' retrieved from /home/airflow/.local/lib/python3.12/site-packages/airflow/example_dags/example_dataset_alias_with_no_taskflow.py
[2025-03-02T00:51:37.343+0000] {logging_mixin.py:190} INFO - [2025-03-02T00:51:37.343+0000] {dag.py:3239} INFO - Sync 4 DAGs
[2025-03-02T00:51:37.362+0000] {logging_mixin.py:190} INFO - [2025-03-02T00:51:37.361+0000] {dag.py:4180} INFO - Setting next_dagrun for dataset_alias_example_alias_consumer_with_no_taskflow to None, run_after=None
[2025-03-02T00:51:37.364+0000] {logging_mixin.py:190} INFO - [2025-03-02T00:51:37.364+0000] {dag.py:4180} INFO - Setting next_dagrun for dataset_alias_example_alias_producer_with_no_taskflow to None, run_after=None
[2025-03-02T00:51:37.365+0000] {logging_mixin.py:190} INFO - [2025-03-02T00:51:37.365+0000] {dag.py:4180} INFO - Setting next_dagrun for dataset_s3_bucket_consumer_with_no_taskflow to None, run_after=None
[2025-03-02T00:51:37.366+0000] {logging_mixin.py:190} INFO - [2025-03-02T00:51:37.366+0000] {dag.py:4180} INFO - Setting next_dagrun for dataset_s3_bucket_producer_with_no_taskflow to None, run_after=None
[2025-03-02T00:51:37.385+0000] {processor.py:208} INFO - Processing /home/airflow/.local/lib/python3.12/site-packages/airflow/example_dags/example_dataset_alias_with_no_taskflow.py took 0.580 seconds
[2025-03-02T00:52:07.519+0000] {processor.py:186} INFO - Started process (PID=862) to work on /home/airflow/.local/lib/python3.12/site-packages/airflow/example_dags/example_dataset_alias_with_no_taskflow.py
[2025-03-02T00:52:07.519+0000] {processor.py:914} INFO - Processing file /home/airflow/.local/lib/python3.12/site-packages/airflow/example_dags/example_dataset_alias_with_no_taskflow.py for tasks to queue
[2025-03-02T00:52:07.521+0000] {logging_mixin.py:190} INFO - [2025-03-02T00:52:07.520+0000] {dagbag.py:588} INFO - Filling up the DagBag from /home/airflow/.local/lib/python3.12/site-packages/airflow/example_dags/example_dataset_alias_with_no_taskflow.py
[2025-03-02T00:52:08.078+0000] {processor.py:925} INFO - DAG(s) 'dataset_s3_bucket_consumer_with_no_taskflow', 'dataset_alias_example_alias_consumer_with_no_taskflow', 'dataset_s3_bucket_producer_with_no_taskflow', 'dataset_alias_example_alias_producer_with_no_taskflow' retrieved from /home/airflow/.local/lib/python3.12/site-packages/airflow/example_dags/example_dataset_alias_with_no_taskflow.py
[2025-03-02T00:52:08.100+0000] {logging_mixin.py:190} INFO - [2025-03-02T00:52:08.100+0000] {dag.py:3239} INFO - Sync 4 DAGs
[2025-03-02T00:52:08.120+0000] {logging_mixin.py:190} INFO - [2025-03-02T00:52:08.120+0000] {dag.py:4180} INFO - Setting next_dagrun for dataset_alias_example_alias_consumer_with_no_taskflow to None, run_after=None
[2025-03-02T00:52:08.122+0000] {logging_mixin.py:190} INFO - [2025-03-02T00:52:08.122+0000] {dag.py:4180} INFO - Setting next_dagrun for dataset_alias_example_alias_producer_with_no_taskflow to None, run_after=None
[2025-03-02T00:52:08.123+0000] {logging_mixin.py:190} INFO - [2025-03-02T00:52:08.123+0000] {dag.py:4180} INFO - Setting next_dagrun for dataset_s3_bucket_consumer_with_no_taskflow to None, run_after=None
[2025-03-02T00:52:08.124+0000] {logging_mixin.py:190} INFO - [2025-03-02T00:52:08.124+0000] {dag.py:4180} INFO - Setting next_dagrun for dataset_s3_bucket_producer_with_no_taskflow to None, run_after=None
[2025-03-02T00:52:08.140+0000] {processor.py:208} INFO - Processing /home/airflow/.local/lib/python3.12/site-packages/airflow/example_dags/example_dataset_alias_with_no_taskflow.py took 0.625 seconds
[2025-03-02T00:52:38.205+0000] {processor.py:186} INFO - Started process (PID=926) to work on /home/airflow/.local/lib/python3.12/site-packages/airflow/example_dags/example_dataset_alias_with_no_taskflow.py
[2025-03-02T00:52:38.206+0000] {processor.py:914} INFO - Processing file /home/airflow/.local/lib/python3.12/site-packages/airflow/example_dags/example_dataset_alias_with_no_taskflow.py for tasks to queue
[2025-03-02T00:52:38.208+0000] {logging_mixin.py:190} INFO - [2025-03-02T00:52:38.208+0000] {dagbag.py:588} INFO - Filling up the DagBag from /home/airflow/.local/lib/python3.12/site-packages/airflow/example_dags/example_dataset_alias_with_no_taskflow.py
[2025-03-02T00:52:38.699+0000] {processor.py:925} INFO - DAG(s) 'dataset_alias_example_alias_producer_with_no_taskflow', 'dataset_s3_bucket_producer_with_no_taskflow', 'dataset_s3_bucket_consumer_with_no_taskflow', 'dataset_alias_example_alias_consumer_with_no_taskflow' retrieved from /home/airflow/.local/lib/python3.12/site-packages/airflow/example_dags/example_dataset_alias_with_no_taskflow.py
[2025-03-02T00:52:38.722+0000] {logging_mixin.py:190} INFO - [2025-03-02T00:52:38.721+0000] {dag.py:3239} INFO - Sync 4 DAGs
[2025-03-02T00:52:38.750+0000] {logging_mixin.py:190} INFO - [2025-03-02T00:52:38.750+0000] {dag.py:4180} INFO - Setting next_dagrun for dataset_alias_example_alias_consumer_with_no_taskflow to None, run_after=None
[2025-03-02T00:52:38.753+0000] {logging_mixin.py:190} INFO - [2025-03-02T00:52:38.753+0000] {dag.py:4180} INFO - Setting next_dagrun for dataset_alias_example_alias_producer_with_no_taskflow to None, run_after=None
[2025-03-02T00:52:38.754+0000] {logging_mixin.py:190} INFO - [2025-03-02T00:52:38.754+0000] {dag.py:4180} INFO - Setting next_dagrun for dataset_s3_bucket_consumer_with_no_taskflow to None, run_after=None
[2025-03-02T00:52:38.756+0000] {logging_mixin.py:190} INFO - [2025-03-02T00:52:38.755+0000] {dag.py:4180} INFO - Setting next_dagrun for dataset_s3_bucket_producer_with_no_taskflow to None, run_after=None
[2025-03-02T00:52:38.775+0000] {processor.py:208} INFO - Processing /home/airflow/.local/lib/python3.12/site-packages/airflow/example_dags/example_dataset_alias_with_no_taskflow.py took 0.574 seconds
[2025-03-02T00:53:08.875+0000] {processor.py:186} INFO - Started process (PID=990) to work on /home/airflow/.local/lib/python3.12/site-packages/airflow/example_dags/example_dataset_alias_with_no_taskflow.py
[2025-03-02T00:53:08.875+0000] {processor.py:914} INFO - Processing file /home/airflow/.local/lib/python3.12/site-packages/airflow/example_dags/example_dataset_alias_with_no_taskflow.py for tasks to queue
[2025-03-02T00:53:08.877+0000] {logging_mixin.py:190} INFO - [2025-03-02T00:53:08.877+0000] {dagbag.py:588} INFO - Filling up the DagBag from /home/airflow/.local/lib/python3.12/site-packages/airflow/example_dags/example_dataset_alias_with_no_taskflow.py
[2025-03-02T00:53:09.349+0000] {processor.py:925} INFO - DAG(s) 'dataset_alias_example_alias_producer_with_no_taskflow', 'dataset_alias_example_alias_consumer_with_no_taskflow', 'dataset_s3_bucket_consumer_with_no_taskflow', 'dataset_s3_bucket_producer_with_no_taskflow' retrieved from /home/airflow/.local/lib/python3.12/site-packages/airflow/example_dags/example_dataset_alias_with_no_taskflow.py
[2025-03-02T00:53:09.364+0000] {logging_mixin.py:190} INFO - [2025-03-02T00:53:09.363+0000] {dag.py:3239} INFO - Sync 4 DAGs
[2025-03-02T00:53:09.382+0000] {logging_mixin.py:190} INFO - [2025-03-02T00:53:09.382+0000] {dag.py:4180} INFO - Setting next_dagrun for dataset_alias_example_alias_consumer_with_no_taskflow to None, run_after=None
[2025-03-02T00:53:09.384+0000] {logging_mixin.py:190} INFO - [2025-03-02T00:53:09.384+0000] {dag.py:4180} INFO - Setting next_dagrun for dataset_alias_example_alias_producer_with_no_taskflow to None, run_after=None
[2025-03-02T00:53:09.385+0000] {logging_mixin.py:190} INFO - [2025-03-02T00:53:09.385+0000] {dag.py:4180} INFO - Setting next_dagrun for dataset_s3_bucket_consumer_with_no_taskflow to None, run_after=None
[2025-03-02T00:53:09.386+0000] {logging_mixin.py:190} INFO - [2025-03-02T00:53:09.386+0000] {dag.py:4180} INFO - Setting next_dagrun for dataset_s3_bucket_producer_with_no_taskflow to None, run_after=None
[2025-03-02T00:53:09.403+0000] {processor.py:208} INFO - Processing /home/airflow/.local/lib/python3.12/site-packages/airflow/example_dags/example_dataset_alias_with_no_taskflow.py took 0.532 seconds
[2025-03-02T00:53:39.818+0000] {processor.py:186} INFO - Started process (PID=1054) to work on /home/airflow/.local/lib/python3.12/site-packages/airflow/example_dags/example_dataset_alias_with_no_taskflow.py
[2025-03-02T00:53:39.819+0000] {processor.py:914} INFO - Processing file /home/airflow/.local/lib/python3.12/site-packages/airflow/example_dags/example_dataset_alias_with_no_taskflow.py for tasks to queue
[2025-03-02T00:53:39.820+0000] {logging_mixin.py:190} INFO - [2025-03-02T00:53:39.820+0000] {dagbag.py:588} INFO - Filling up the DagBag from /home/airflow/.local/lib/python3.12/site-packages/airflow/example_dags/example_dataset_alias_with_no_taskflow.py
[2025-03-02T00:53:40.416+0000] {processor.py:925} INFO - DAG(s) 'dataset_s3_bucket_consumer_with_no_taskflow', 'dataset_s3_bucket_producer_with_no_taskflow', 'dataset_alias_example_alias_consumer_with_no_taskflow', 'dataset_alias_example_alias_producer_with_no_taskflow' retrieved from /home/airflow/.local/lib/python3.12/site-packages/airflow/example_dags/example_dataset_alias_with_no_taskflow.py
[2025-03-02T00:53:40.437+0000] {logging_mixin.py:190} INFO - [2025-03-02T00:53:40.437+0000] {dag.py:3239} INFO - Sync 4 DAGs
[2025-03-02T00:53:40.464+0000] {logging_mixin.py:190} INFO - [2025-03-02T00:53:40.464+0000] {dag.py:4180} INFO - Setting next_dagrun for dataset_alias_example_alias_consumer_with_no_taskflow to None, run_after=None
[2025-03-02T00:53:40.467+0000] {logging_mixin.py:190} INFO - [2025-03-02T00:53:40.467+0000] {dag.py:4180} INFO - Setting next_dagrun for dataset_alias_example_alias_producer_with_no_taskflow to None, run_after=None
[2025-03-02T00:53:40.469+0000] {logging_mixin.py:190} INFO - [2025-03-02T00:53:40.468+0000] {dag.py:4180} INFO - Setting next_dagrun for dataset_s3_bucket_consumer_with_no_taskflow to None, run_after=None
[2025-03-02T00:53:40.470+0000] {logging_mixin.py:190} INFO - [2025-03-02T00:53:40.470+0000] {dag.py:4180} INFO - Setting next_dagrun for dataset_s3_bucket_producer_with_no_taskflow to None, run_after=None
[2025-03-02T00:53:40.487+0000] {processor.py:208} INFO - Processing /home/airflow/.local/lib/python3.12/site-packages/airflow/example_dags/example_dataset_alias_with_no_taskflow.py took 0.673 seconds
[2025-03-02T00:54:10.590+0000] {processor.py:186} INFO - Started process (PID=1118) to work on /home/airflow/.local/lib/python3.12/site-packages/airflow/example_dags/example_dataset_alias_with_no_taskflow.py
[2025-03-02T00:54:10.591+0000] {processor.py:914} INFO - Processing file /home/airflow/.local/lib/python3.12/site-packages/airflow/example_dags/example_dataset_alias_with_no_taskflow.py for tasks to queue
[2025-03-02T00:54:10.592+0000] {logging_mixin.py:190} INFO - [2025-03-02T00:54:10.592+0000] {dagbag.py:588} INFO - Filling up the DagBag from /home/airflow/.local/lib/python3.12/site-packages/airflow/example_dags/example_dataset_alias_with_no_taskflow.py
[2025-03-02T00:54:11.101+0000] {processor.py:925} INFO - DAG(s) 'dataset_alias_example_alias_consumer_with_no_taskflow', 'dataset_alias_example_alias_producer_with_no_taskflow', 'dataset_s3_bucket_producer_with_no_taskflow', 'dataset_s3_bucket_consumer_with_no_taskflow' retrieved from /home/airflow/.local/lib/python3.12/site-packages/airflow/example_dags/example_dataset_alias_with_no_taskflow.py
[2025-03-02T00:54:11.123+0000] {logging_mixin.py:190} INFO - [2025-03-02T00:54:11.122+0000] {dag.py:3239} INFO - Sync 4 DAGs
[2025-03-02T00:54:11.147+0000] {logging_mixin.py:190} INFO - [2025-03-02T00:54:11.147+0000] {dag.py:4180} INFO - Setting next_dagrun for dataset_alias_example_alias_consumer_with_no_taskflow to None, run_after=None
[2025-03-02T00:54:11.149+0000] {logging_mixin.py:190} INFO - [2025-03-02T00:54:11.149+0000] {dag.py:4180} INFO - Setting next_dagrun for dataset_alias_example_alias_producer_with_no_taskflow to None, run_after=None
[2025-03-02T00:54:11.151+0000] {logging_mixin.py:190} INFO - [2025-03-02T00:54:11.151+0000] {dag.py:4180} INFO - Setting next_dagrun for dataset_s3_bucket_consumer_with_no_taskflow to None, run_after=None
[2025-03-02T00:54:11.152+0000] {logging_mixin.py:190} INFO - [2025-03-02T00:54:11.152+0000] {dag.py:4180} INFO - Setting next_dagrun for dataset_s3_bucket_producer_with_no_taskflow to None, run_after=None
[2025-03-02T00:54:11.171+0000] {processor.py:208} INFO - Processing /home/airflow/.local/lib/python3.12/site-packages/airflow/example_dags/example_dataset_alias_with_no_taskflow.py took 0.585 seconds
[2025-03-02T00:54:41.274+0000] {processor.py:186} INFO - Started process (PID=1182) to work on /home/airflow/.local/lib/python3.12/site-packages/airflow/example_dags/example_dataset_alias_with_no_taskflow.py
[2025-03-02T00:54:41.274+0000] {processor.py:914} INFO - Processing file /home/airflow/.local/lib/python3.12/site-packages/airflow/example_dags/example_dataset_alias_with_no_taskflow.py for tasks to queue
[2025-03-02T00:54:41.276+0000] {logging_mixin.py:190} INFO - [2025-03-02T00:54:41.276+0000] {dagbag.py:588} INFO - Filling up the DagBag from /home/airflow/.local/lib/python3.12/site-packages/airflow/example_dags/example_dataset_alias_with_no_taskflow.py
[2025-03-02T00:54:41.843+0000] {processor.py:925} INFO - DAG(s) 'dataset_alias_example_alias_consumer_with_no_taskflow', 'dataset_alias_example_alias_producer_with_no_taskflow', 'dataset_s3_bucket_producer_with_no_taskflow', 'dataset_s3_bucket_consumer_with_no_taskflow' retrieved from /home/airflow/.local/lib/python3.12/site-packages/airflow/example_dags/example_dataset_alias_with_no_taskflow.py
[2025-03-02T00:54:41.861+0000] {logging_mixin.py:190} INFO - [2025-03-02T00:54:41.861+0000] {dag.py:3239} INFO - Sync 4 DAGs
[2025-03-02T00:54:41.882+0000] {logging_mixin.py:190} INFO - [2025-03-02T00:54:41.881+0000] {dag.py:4180} INFO - Setting next_dagrun for dataset_alias_example_alias_consumer_with_no_taskflow to None, run_after=None
[2025-03-02T00:54:41.884+0000] {logging_mixin.py:190} INFO - [2025-03-02T00:54:41.884+0000] {dag.py:4180} INFO - Setting next_dagrun for dataset_alias_example_alias_producer_with_no_taskflow to None, run_after=None
[2025-03-02T00:54:41.885+0000] {logging_mixin.py:190} INFO - [2025-03-02T00:54:41.885+0000] {dag.py:4180} INFO - Setting next_dagrun for dataset_s3_bucket_consumer_with_no_taskflow to None, run_after=None
[2025-03-02T00:54:41.886+0000] {logging_mixin.py:190} INFO - [2025-03-02T00:54:41.886+0000] {dag.py:4180} INFO - Setting next_dagrun for dataset_s3_bucket_producer_with_no_taskflow to None, run_after=None
[2025-03-02T00:54:41.905+0000] {processor.py:208} INFO - Processing /home/airflow/.local/lib/python3.12/site-packages/airflow/example_dags/example_dataset_alias_with_no_taskflow.py took 0.637 seconds
[2025-03-02T00:55:12.834+0000] {processor.py:186} INFO - Started process (PID=1246) to work on /home/airflow/.local/lib/python3.12/site-packages/airflow/example_dags/example_dataset_alias_with_no_taskflow.py
[2025-03-02T00:55:12.835+0000] {processor.py:914} INFO - Processing file /home/airflow/.local/lib/python3.12/site-packages/airflow/example_dags/example_dataset_alias_with_no_taskflow.py for tasks to queue
[2025-03-02T00:55:12.836+0000] {logging_mixin.py:190} INFO - [2025-03-02T00:55:12.836+0000] {dagbag.py:588} INFO - Filling up the DagBag from /home/airflow/.local/lib/python3.12/site-packages/airflow/example_dags/example_dataset_alias_with_no_taskflow.py
[2025-03-02T00:55:13.477+0000] {processor.py:925} INFO - DAG(s) 'dataset_alias_example_alias_consumer_with_no_taskflow', 'dataset_alias_example_alias_producer_with_no_taskflow', 'dataset_s3_bucket_consumer_with_no_taskflow', 'dataset_s3_bucket_producer_with_no_taskflow' retrieved from /home/airflow/.local/lib/python3.12/site-packages/airflow/example_dags/example_dataset_alias_with_no_taskflow.py
[2025-03-02T00:55:13.494+0000] {logging_mixin.py:190} INFO - [2025-03-02T00:55:13.493+0000] {dag.py:3239} INFO - Sync 4 DAGs
[2025-03-02T00:55:13.511+0000] {logging_mixin.py:190} INFO - [2025-03-02T00:55:13.511+0000] {dag.py:4180} INFO - Setting next_dagrun for dataset_alias_example_alias_consumer_with_no_taskflow to None, run_after=None
[2025-03-02T00:55:13.513+0000] {logging_mixin.py:190} INFO - [2025-03-02T00:55:13.513+0000] {dag.py:4180} INFO - Setting next_dagrun for dataset_alias_example_alias_producer_with_no_taskflow to None, run_after=None
[2025-03-02T00:55:13.514+0000] {logging_mixin.py:190} INFO - [2025-03-02T00:55:13.514+0000] {dag.py:4180} INFO - Setting next_dagrun for dataset_s3_bucket_consumer_with_no_taskflow to None, run_after=None
[2025-03-02T00:55:13.515+0000] {logging_mixin.py:190} INFO - [2025-03-02T00:55:13.515+0000] {dag.py:4180} INFO - Setting next_dagrun for dataset_s3_bucket_producer_with_no_taskflow to None, run_after=None
[2025-03-02T00:55:13.532+0000] {processor.py:208} INFO - Processing /home/airflow/.local/lib/python3.12/site-packages/airflow/example_dags/example_dataset_alias_with_no_taskflow.py took 0.702 seconds
