[2025-03-02T00:45:48.521+0000] {processor.py:186} INFO - Started process (PID=73) to work on /home/airflow/.local/lib/python3.12/site-packages/airflow/example_dags/example_setup_teardown.py
[2025-03-02T00:45:48.522+0000] {processor.py:914} INFO - Processing file /home/airflow/.local/lib/python3.12/site-packages/airflow/example_dags/example_setup_teardown.py for tasks to queue
[2025-03-02T00:45:48.541+0000] {logging_mixin.py:190} INFO - [2025-03-02T00:45:48.540+0000] {dagbag.py:588} INFO - Filling up the DagBag from /home/airflow/.local/lib/python3.12/site-packages/airflow/example_dags/example_setup_teardown.py
[2025-03-02T00:45:48.563+0000] {processor.py:925} INFO - DAG(s) 'example_setup_teardown' retrieved from /home/airflow/.local/lib/python3.12/site-packages/airflow/example_dags/example_setup_teardown.py
[2025-03-02T00:45:48.728+0000] {logging_mixin.py:190} INFO - [2025-03-02T00:45:48.727+0000] {override.py:1911} INFO - Created Permission View: can edit on DAG:example_setup_teardown
[2025-03-02T00:45:48.748+0000] {logging_mixin.py:190} INFO - [2025-03-02T00:45:48.747+0000] {override.py:1911} INFO - Created Permission View: can read on DAG:example_setup_teardown
[2025-03-02T00:45:48.759+0000] {logging_mixin.py:190} INFO - [2025-03-02T00:45:48.758+0000] {override.py:1911} INFO - Created Permission View: can delete on DAG:example_setup_teardown
[2025-03-02T00:45:48.776+0000] {logging_mixin.py:190} INFO - [2025-03-02T00:45:48.776+0000] {override.py:1911} INFO - Created Permission View: menu access on DAG Run:example_setup_teardown
[2025-03-02T00:45:48.781+0000] {logging_mixin.py:190} INFO - [2025-03-02T00:45:48.781+0000] {override.py:1911} INFO - Created Permission View: can read on DAG Run:example_setup_teardown
[2025-03-02T00:45:48.789+0000] {logging_mixin.py:190} INFO - [2025-03-02T00:45:48.789+0000] {override.py:1911} INFO - Created Permission View: can delete on DAG Run:example_setup_teardown
[2025-03-02T00:45:48.795+0000] {logging_mixin.py:190} INFO - [2025-03-02T00:45:48.794+0000] {override.py:1911} INFO - Created Permission View: can create on DAG Run:example_setup_teardown
[2025-03-02T00:45:48.795+0000] {logging_mixin.py:190} INFO - [2025-03-02T00:45:48.795+0000] {dag.py:3239} INFO - Sync 1 DAGs
[2025-03-02T00:45:48.817+0000] {logging_mixin.py:190} INFO - [2025-03-02T00:45:48.817+0000] {dag.py:3262} INFO - Creating ORM DAG for example_setup_teardown
[2025-03-02T00:45:48.819+0000] {logging_mixin.py:190} INFO - [2025-03-02T00:45:48.818+0000] {dag.py:4180} INFO - Setting next_dagrun for example_setup_teardown to None, run_after=None
[2025-03-02T00:45:48.835+0000] {processor.py:208} INFO - Processing /home/airflow/.local/lib/python3.12/site-packages/airflow/example_dags/example_setup_teardown.py took 0.320 seconds
[2025-03-02T00:46:19.593+0000] {processor.py:186} INFO - Started process (PID=137) to work on /home/airflow/.local/lib/python3.12/site-packages/airflow/example_dags/example_setup_teardown.py
[2025-03-02T00:46:19.594+0000] {processor.py:914} INFO - Processing file /home/airflow/.local/lib/python3.12/site-packages/airflow/example_dags/example_setup_teardown.py for tasks to queue
[2025-03-02T00:46:19.596+0000] {logging_mixin.py:190} INFO - [2025-03-02T00:46:19.596+0000] {dagbag.py:588} INFO - Filling up the DagBag from /home/airflow/.local/lib/python3.12/site-packages/airflow/example_dags/example_setup_teardown.py
[2025-03-02T00:46:19.604+0000] {processor.py:925} INFO - DAG(s) 'example_setup_teardown' retrieved from /home/airflow/.local/lib/python3.12/site-packages/airflow/example_dags/example_setup_teardown.py
[2025-03-02T00:46:19.624+0000] {logging_mixin.py:190} INFO - [2025-03-02T00:46:19.624+0000] {dag.py:3239} INFO - Sync 1 DAGs
[2025-03-02T00:46:19.640+0000] {logging_mixin.py:190} INFO - [2025-03-02T00:46:19.640+0000] {dag.py:4180} INFO - Setting next_dagrun for example_setup_teardown to None, run_after=None
[2025-03-02T00:46:19.658+0000] {processor.py:208} INFO - Processing /home/airflow/.local/lib/python3.12/site-packages/airflow/example_dags/example_setup_teardown.py took 0.071 seconds
[2025-03-02T00:46:50.410+0000] {processor.py:186} INFO - Started process (PID=200) to work on /home/airflow/.local/lib/python3.12/site-packages/airflow/example_dags/example_setup_teardown.py
[2025-03-02T00:46:50.410+0000] {processor.py:914} INFO - Processing file /home/airflow/.local/lib/python3.12/site-packages/airflow/example_dags/example_setup_teardown.py for tasks to queue
[2025-03-02T00:46:50.412+0000] {logging_mixin.py:190} INFO - [2025-03-02T00:46:50.412+0000] {dagbag.py:588} INFO - Filling up the DagBag from /home/airflow/.local/lib/python3.12/site-packages/airflow/example_dags/example_setup_teardown.py
[2025-03-02T00:46:50.421+0000] {processor.py:925} INFO - DAG(s) 'example_setup_teardown' retrieved from /home/airflow/.local/lib/python3.12/site-packages/airflow/example_dags/example_setup_teardown.py
[2025-03-02T00:46:50.442+0000] {logging_mixin.py:190} INFO - [2025-03-02T00:46:50.442+0000] {dag.py:3239} INFO - Sync 1 DAGs
[2025-03-02T00:46:50.458+0000] {logging_mixin.py:190} INFO - [2025-03-02T00:46:50.458+0000] {dag.py:4180} INFO - Setting next_dagrun for example_setup_teardown to None, run_after=None
[2025-03-02T00:46:50.479+0000] {processor.py:208} INFO - Processing /home/airflow/.local/lib/python3.12/site-packages/airflow/example_dags/example_setup_teardown.py took 0.075 seconds
[2025-03-02T00:47:20.655+0000] {processor.py:186} INFO - Started process (PID=263) to work on /home/airflow/.local/lib/python3.12/site-packages/airflow/example_dags/example_setup_teardown.py
[2025-03-02T00:47:20.656+0000] {processor.py:914} INFO - Processing file /home/airflow/.local/lib/python3.12/site-packages/airflow/example_dags/example_setup_teardown.py for tasks to queue
[2025-03-02T00:47:20.658+0000] {logging_mixin.py:190} INFO - [2025-03-02T00:47:20.658+0000] {dagbag.py:588} INFO - Filling up the DagBag from /home/airflow/.local/lib/python3.12/site-packages/airflow/example_dags/example_setup_teardown.py
[2025-03-02T00:47:20.664+0000] {processor.py:925} INFO - DAG(s) 'example_setup_teardown' retrieved from /home/airflow/.local/lib/python3.12/site-packages/airflow/example_dags/example_setup_teardown.py
[2025-03-02T00:47:20.684+0000] {logging_mixin.py:190} INFO - [2025-03-02T00:47:20.684+0000] {dag.py:3239} INFO - Sync 1 DAGs
[2025-03-02T00:47:20.698+0000] {logging_mixin.py:190} INFO - [2025-03-02T00:47:20.698+0000] {dag.py:4180} INFO - Setting next_dagrun for example_setup_teardown to None, run_after=None
[2025-03-02T00:47:20.713+0000] {processor.py:208} INFO - Processing /home/airflow/.local/lib/python3.12/site-packages/airflow/example_dags/example_setup_teardown.py took 0.063 seconds
[2025-03-02T00:47:50.812+0000] {processor.py:186} INFO - Started process (PID=326) to work on /home/airflow/.local/lib/python3.12/site-packages/airflow/example_dags/example_setup_teardown.py
[2025-03-02T00:47:50.813+0000] {processor.py:914} INFO - Processing file /home/airflow/.local/lib/python3.12/site-packages/airflow/example_dags/example_setup_teardown.py for tasks to queue
[2025-03-02T00:47:50.815+0000] {logging_mixin.py:190} INFO - [2025-03-02T00:47:50.815+0000] {dagbag.py:588} INFO - Filling up the DagBag from /home/airflow/.local/lib/python3.12/site-packages/airflow/example_dags/example_setup_teardown.py
[2025-03-02T00:47:50.827+0000] {processor.py:925} INFO - DAG(s) 'example_setup_teardown' retrieved from /home/airflow/.local/lib/python3.12/site-packages/airflow/example_dags/example_setup_teardown.py
[2025-03-02T00:47:50.851+0000] {logging_mixin.py:190} INFO - [2025-03-02T00:47:50.851+0000] {dag.py:3239} INFO - Sync 1 DAGs
[2025-03-02T00:47:50.867+0000] {logging_mixin.py:190} INFO - [2025-03-02T00:47:50.867+0000] {dag.py:4180} INFO - Setting next_dagrun for example_setup_teardown to None, run_after=None
[2025-03-02T00:47:50.881+0000] {processor.py:208} INFO - Processing /home/airflow/.local/lib/python3.12/site-packages/airflow/example_dags/example_setup_teardown.py took 0.075 seconds
[2025-03-02T00:48:20.964+0000] {processor.py:186} INFO - Started process (PID=389) to work on /home/airflow/.local/lib/python3.12/site-packages/airflow/example_dags/example_setup_teardown.py
[2025-03-02T00:48:20.965+0000] {processor.py:914} INFO - Processing file /home/airflow/.local/lib/python3.12/site-packages/airflow/example_dags/example_setup_teardown.py for tasks to queue
[2025-03-02T00:48:20.966+0000] {logging_mixin.py:190} INFO - [2025-03-02T00:48:20.966+0000] {dagbag.py:588} INFO - Filling up the DagBag from /home/airflow/.local/lib/python3.12/site-packages/airflow/example_dags/example_setup_teardown.py
[2025-03-02T00:48:20.972+0000] {processor.py:925} INFO - DAG(s) 'example_setup_teardown' retrieved from /home/airflow/.local/lib/python3.12/site-packages/airflow/example_dags/example_setup_teardown.py
[2025-03-02T00:48:20.989+0000] {logging_mixin.py:190} INFO - [2025-03-02T00:48:20.988+0000] {dag.py:3239} INFO - Sync 1 DAGs
[2025-03-02T00:48:21.004+0000] {logging_mixin.py:190} INFO - [2025-03-02T00:48:21.004+0000] {dag.py:4180} INFO - Setting next_dagrun for example_setup_teardown to None, run_after=None
[2025-03-02T00:48:21.019+0000] {processor.py:208} INFO - Processing /home/airflow/.local/lib/python3.12/site-packages/airflow/example_dags/example_setup_teardown.py took 0.059 seconds
[2025-03-02T00:48:51.112+0000] {processor.py:186} INFO - Started process (PID=453) to work on /home/airflow/.local/lib/python3.12/site-packages/airflow/example_dags/example_setup_teardown.py
[2025-03-02T00:48:51.112+0000] {processor.py:914} INFO - Processing file /home/airflow/.local/lib/python3.12/site-packages/airflow/example_dags/example_setup_teardown.py for tasks to queue
[2025-03-02T00:48:51.114+0000] {logging_mixin.py:190} INFO - [2025-03-02T00:48:51.113+0000] {dagbag.py:588} INFO - Filling up the DagBag from /home/airflow/.local/lib/python3.12/site-packages/airflow/example_dags/example_setup_teardown.py
[2025-03-02T00:48:51.120+0000] {processor.py:925} INFO - DAG(s) 'example_setup_teardown' retrieved from /home/airflow/.local/lib/python3.12/site-packages/airflow/example_dags/example_setup_teardown.py
[2025-03-02T00:48:51.135+0000] {logging_mixin.py:190} INFO - [2025-03-02T00:48:51.134+0000] {dag.py:3239} INFO - Sync 1 DAGs
[2025-03-02T00:48:51.145+0000] {logging_mixin.py:190} INFO - [2025-03-02T00:48:51.145+0000] {dag.py:4180} INFO - Setting next_dagrun for example_setup_teardown to None, run_after=None
[2025-03-02T00:48:51.158+0000] {processor.py:208} INFO - Processing /home/airflow/.local/lib/python3.12/site-packages/airflow/example_dags/example_setup_teardown.py took 0.050 seconds
[2025-03-02T00:49:21.336+0000] {processor.py:186} INFO - Started process (PID=517) to work on /home/airflow/.local/lib/python3.12/site-packages/airflow/example_dags/example_setup_teardown.py
[2025-03-02T00:49:21.336+0000] {processor.py:914} INFO - Processing file /home/airflow/.local/lib/python3.12/site-packages/airflow/example_dags/example_setup_teardown.py for tasks to queue
[2025-03-02T00:49:21.338+0000] {logging_mixin.py:190} INFO - [2025-03-02T00:49:21.338+0000] {dagbag.py:588} INFO - Filling up the DagBag from /home/airflow/.local/lib/python3.12/site-packages/airflow/example_dags/example_setup_teardown.py
[2025-03-02T00:49:21.344+0000] {processor.py:925} INFO - DAG(s) 'example_setup_teardown' retrieved from /home/airflow/.local/lib/python3.12/site-packages/airflow/example_dags/example_setup_teardown.py
[2025-03-02T00:49:21.361+0000] {logging_mixin.py:190} INFO - [2025-03-02T00:49:21.361+0000] {dag.py:3239} INFO - Sync 1 DAGs
[2025-03-02T00:49:21.375+0000] {logging_mixin.py:190} INFO - [2025-03-02T00:49:21.375+0000] {dag.py:4180} INFO - Setting next_dagrun for example_setup_teardown to None, run_after=None
[2025-03-02T00:49:21.390+0000] {processor.py:208} INFO - Processing /home/airflow/.local/lib/python3.12/site-packages/airflow/example_dags/example_setup_teardown.py took 0.058 seconds
[2025-03-02T00:49:51.870+0000] {processor.py:186} INFO - Started process (PID=580) to work on /home/airflow/.local/lib/python3.12/site-packages/airflow/example_dags/example_setup_teardown.py
[2025-03-02T00:49:51.871+0000] {processor.py:914} INFO - Processing file /home/airflow/.local/lib/python3.12/site-packages/airflow/example_dags/example_setup_teardown.py for tasks to queue
[2025-03-02T00:49:51.872+0000] {logging_mixin.py:190} INFO - [2025-03-02T00:49:51.872+0000] {dagbag.py:588} INFO - Filling up the DagBag from /home/airflow/.local/lib/python3.12/site-packages/airflow/example_dags/example_setup_teardown.py
[2025-03-02T00:49:51.878+0000] {processor.py:925} INFO - DAG(s) 'example_setup_teardown' retrieved from /home/airflow/.local/lib/python3.12/site-packages/airflow/example_dags/example_setup_teardown.py
[2025-03-02T00:49:51.896+0000] {logging_mixin.py:190} INFO - [2025-03-02T00:49:51.896+0000] {dag.py:3239} INFO - Sync 1 DAGs
[2025-03-02T00:49:51.911+0000] {logging_mixin.py:190} INFO - [2025-03-02T00:49:51.911+0000] {dag.py:4180} INFO - Setting next_dagrun for example_setup_teardown to None, run_after=None
[2025-03-02T00:49:51.926+0000] {processor.py:208} INFO - Processing /home/airflow/.local/lib/python3.12/site-packages/airflow/example_dags/example_setup_teardown.py took 0.060 seconds
[2025-03-02T00:50:22.431+0000] {processor.py:186} INFO - Started process (PID=643) to work on /home/airflow/.local/lib/python3.12/site-packages/airflow/example_dags/example_setup_teardown.py
[2025-03-02T00:50:22.432+0000] {processor.py:914} INFO - Processing file /home/airflow/.local/lib/python3.12/site-packages/airflow/example_dags/example_setup_teardown.py for tasks to queue
[2025-03-02T00:50:22.434+0000] {logging_mixin.py:190} INFO - [2025-03-02T00:50:22.433+0000] {dagbag.py:588} INFO - Filling up the DagBag from /home/airflow/.local/lib/python3.12/site-packages/airflow/example_dags/example_setup_teardown.py
[2025-03-02T00:50:22.441+0000] {processor.py:925} INFO - DAG(s) 'example_setup_teardown' retrieved from /home/airflow/.local/lib/python3.12/site-packages/airflow/example_dags/example_setup_teardown.py
[2025-03-02T00:50:22.455+0000] {logging_mixin.py:190} INFO - [2025-03-02T00:50:22.455+0000] {dag.py:3239} INFO - Sync 1 DAGs
[2025-03-02T00:50:22.466+0000] {logging_mixin.py:190} INFO - [2025-03-02T00:50:22.466+0000] {dag.py:4180} INFO - Setting next_dagrun for example_setup_teardown to None, run_after=None
[2025-03-02T00:50:22.478+0000] {processor.py:208} INFO - Processing /home/airflow/.local/lib/python3.12/site-packages/airflow/example_dags/example_setup_teardown.py took 0.053 seconds
[2025-03-02T00:50:52.792+0000] {processor.py:186} INFO - Started process (PID=707) to work on /home/airflow/.local/lib/python3.12/site-packages/airflow/example_dags/example_setup_teardown.py
[2025-03-02T00:50:52.793+0000] {processor.py:914} INFO - Processing file /home/airflow/.local/lib/python3.12/site-packages/airflow/example_dags/example_setup_teardown.py for tasks to queue
[2025-03-02T00:50:52.794+0000] {logging_mixin.py:190} INFO - [2025-03-02T00:50:52.794+0000] {dagbag.py:588} INFO - Filling up the DagBag from /home/airflow/.local/lib/python3.12/site-packages/airflow/example_dags/example_setup_teardown.py
[2025-03-02T00:50:52.801+0000] {processor.py:925} INFO - DAG(s) 'example_setup_teardown' retrieved from /home/airflow/.local/lib/python3.12/site-packages/airflow/example_dags/example_setup_teardown.py
[2025-03-02T00:50:52.815+0000] {logging_mixin.py:190} INFO - [2025-03-02T00:50:52.815+0000] {dag.py:3239} INFO - Sync 1 DAGs
[2025-03-02T00:50:52.825+0000] {logging_mixin.py:190} INFO - [2025-03-02T00:50:52.825+0000] {dag.py:4180} INFO - Setting next_dagrun for example_setup_teardown to None, run_after=None
[2025-03-02T00:50:52.837+0000] {processor.py:208} INFO - Processing /home/airflow/.local/lib/python3.12/site-packages/airflow/example_dags/example_setup_teardown.py took 0.049 seconds
[2025-03-02T00:51:23.056+0000] {processor.py:186} INFO - Started process (PID=771) to work on /home/airflow/.local/lib/python3.12/site-packages/airflow/example_dags/example_setup_teardown.py
[2025-03-02T00:51:23.057+0000] {processor.py:914} INFO - Processing file /home/airflow/.local/lib/python3.12/site-packages/airflow/example_dags/example_setup_teardown.py for tasks to queue
[2025-03-02T00:51:23.058+0000] {logging_mixin.py:190} INFO - [2025-03-02T00:51:23.058+0000] {dagbag.py:588} INFO - Filling up the DagBag from /home/airflow/.local/lib/python3.12/site-packages/airflow/example_dags/example_setup_teardown.py
[2025-03-02T00:51:23.064+0000] {processor.py:925} INFO - DAG(s) 'example_setup_teardown' retrieved from /home/airflow/.local/lib/python3.12/site-packages/airflow/example_dags/example_setup_teardown.py
[2025-03-02T00:51:23.080+0000] {logging_mixin.py:190} INFO - [2025-03-02T00:51:23.080+0000] {dag.py:3239} INFO - Sync 1 DAGs
[2025-03-02T00:51:23.092+0000] {logging_mixin.py:190} INFO - [2025-03-02T00:51:23.092+0000] {dag.py:4180} INFO - Setting next_dagrun for example_setup_teardown to None, run_after=None
[2025-03-02T00:51:23.105+0000] {processor.py:208} INFO - Processing /home/airflow/.local/lib/python3.12/site-packages/airflow/example_dags/example_setup_teardown.py took 0.053 seconds
[2025-03-02T00:51:53.175+0000] {processor.py:186} INFO - Started process (PID=835) to work on /home/airflow/.local/lib/python3.12/site-packages/airflow/example_dags/example_setup_teardown.py
[2025-03-02T00:51:53.175+0000] {processor.py:914} INFO - Processing file /home/airflow/.local/lib/python3.12/site-packages/airflow/example_dags/example_setup_teardown.py for tasks to queue
[2025-03-02T00:51:53.177+0000] {logging_mixin.py:190} INFO - [2025-03-02T00:51:53.177+0000] {dagbag.py:588} INFO - Filling up the DagBag from /home/airflow/.local/lib/python3.12/site-packages/airflow/example_dags/example_setup_teardown.py
[2025-03-02T00:51:53.183+0000] {processor.py:925} INFO - DAG(s) 'example_setup_teardown' retrieved from /home/airflow/.local/lib/python3.12/site-packages/airflow/example_dags/example_setup_teardown.py
[2025-03-02T00:51:53.200+0000] {logging_mixin.py:190} INFO - [2025-03-02T00:51:53.200+0000] {dag.py:3239} INFO - Sync 1 DAGs
[2025-03-02T00:51:53.213+0000] {logging_mixin.py:190} INFO - [2025-03-02T00:51:53.213+0000] {dag.py:4180} INFO - Setting next_dagrun for example_setup_teardown to None, run_after=None
[2025-03-02T00:51:53.227+0000] {processor.py:208} INFO - Processing /home/airflow/.local/lib/python3.12/site-packages/airflow/example_dags/example_setup_teardown.py took 0.056 seconds
[2025-03-02T00:52:23.340+0000] {processor.py:186} INFO - Started process (PID=900) to work on /home/airflow/.local/lib/python3.12/site-packages/airflow/example_dags/example_setup_teardown.py
[2025-03-02T00:52:23.341+0000] {processor.py:914} INFO - Processing file /home/airflow/.local/lib/python3.12/site-packages/airflow/example_dags/example_setup_teardown.py for tasks to queue
[2025-03-02T00:52:23.342+0000] {logging_mixin.py:190} INFO - [2025-03-02T00:52:23.342+0000] {dagbag.py:588} INFO - Filling up the DagBag from /home/airflow/.local/lib/python3.12/site-packages/airflow/example_dags/example_setup_teardown.py
[2025-03-02T00:52:23.348+0000] {processor.py:925} INFO - DAG(s) 'example_setup_teardown' retrieved from /home/airflow/.local/lib/python3.12/site-packages/airflow/example_dags/example_setup_teardown.py
[2025-03-02T00:52:23.363+0000] {logging_mixin.py:190} INFO - [2025-03-02T00:52:23.363+0000] {dag.py:3239} INFO - Sync 1 DAGs
[2025-03-02T00:52:23.375+0000] {logging_mixin.py:190} INFO - [2025-03-02T00:52:23.375+0000] {dag.py:4180} INFO - Setting next_dagrun for example_setup_teardown to None, run_after=None
[2025-03-02T00:52:23.388+0000] {processor.py:208} INFO - Processing /home/airflow/.local/lib/python3.12/site-packages/airflow/example_dags/example_setup_teardown.py took 0.052 seconds
[2025-03-02T00:52:53.597+0000] {processor.py:186} INFO - Started process (PID=964) to work on /home/airflow/.local/lib/python3.12/site-packages/airflow/example_dags/example_setup_teardown.py
[2025-03-02T00:52:53.598+0000] {processor.py:914} INFO - Processing file /home/airflow/.local/lib/python3.12/site-packages/airflow/example_dags/example_setup_teardown.py for tasks to queue
[2025-03-02T00:52:53.599+0000] {logging_mixin.py:190} INFO - [2025-03-02T00:52:53.599+0000] {dagbag.py:588} INFO - Filling up the DagBag from /home/airflow/.local/lib/python3.12/site-packages/airflow/example_dags/example_setup_teardown.py
[2025-03-02T00:52:53.606+0000] {processor.py:925} INFO - DAG(s) 'example_setup_teardown' retrieved from /home/airflow/.local/lib/python3.12/site-packages/airflow/example_dags/example_setup_teardown.py
[2025-03-02T00:52:53.624+0000] {logging_mixin.py:190} INFO - [2025-03-02T00:52:53.623+0000] {dag.py:3239} INFO - Sync 1 DAGs
[2025-03-02T00:52:53.637+0000] {logging_mixin.py:190} INFO - [2025-03-02T00:52:53.637+0000] {dag.py:4180} INFO - Setting next_dagrun for example_setup_teardown to None, run_after=None
[2025-03-02T00:52:53.652+0000] {processor.py:208} INFO - Processing /home/airflow/.local/lib/python3.12/site-packages/airflow/example_dags/example_setup_teardown.py took 0.059 seconds
[2025-03-02T00:53:24.010+0000] {processor.py:186} INFO - Started process (PID=1028) to work on /home/airflow/.local/lib/python3.12/site-packages/airflow/example_dags/example_setup_teardown.py
[2025-03-02T00:53:24.011+0000] {processor.py:914} INFO - Processing file /home/airflow/.local/lib/python3.12/site-packages/airflow/example_dags/example_setup_teardown.py for tasks to queue
[2025-03-02T00:53:24.013+0000] {logging_mixin.py:190} INFO - [2025-03-02T00:53:24.012+0000] {dagbag.py:588} INFO - Filling up the DagBag from /home/airflow/.local/lib/python3.12/site-packages/airflow/example_dags/example_setup_teardown.py
[2025-03-02T00:53:24.022+0000] {processor.py:925} INFO - DAG(s) 'example_setup_teardown' retrieved from /home/airflow/.local/lib/python3.12/site-packages/airflow/example_dags/example_setup_teardown.py
[2025-03-02T00:53:24.043+0000] {logging_mixin.py:190} INFO - [2025-03-02T00:53:24.043+0000] {dag.py:3239} INFO - Sync 1 DAGs
[2025-03-02T00:53:24.059+0000] {logging_mixin.py:190} INFO - [2025-03-02T00:53:24.059+0000] {dag.py:4180} INFO - Setting next_dagrun for example_setup_teardown to None, run_after=None
[2025-03-02T00:53:24.077+0000] {processor.py:208} INFO - Processing /home/airflow/.local/lib/python3.12/site-packages/airflow/example_dags/example_setup_teardown.py took 0.072 seconds
[2025-03-02T00:53:54.435+0000] {processor.py:186} INFO - Started process (PID=1092) to work on /home/airflow/.local/lib/python3.12/site-packages/airflow/example_dags/example_setup_teardown.py
[2025-03-02T00:53:54.436+0000] {processor.py:914} INFO - Processing file /home/airflow/.local/lib/python3.12/site-packages/airflow/example_dags/example_setup_teardown.py for tasks to queue
[2025-03-02T00:53:54.437+0000] {logging_mixin.py:190} INFO - [2025-03-02T00:53:54.437+0000] {dagbag.py:588} INFO - Filling up the DagBag from /home/airflow/.local/lib/python3.12/site-packages/airflow/example_dags/example_setup_teardown.py
[2025-03-02T00:53:54.444+0000] {processor.py:925} INFO - DAG(s) 'example_setup_teardown' retrieved from /home/airflow/.local/lib/python3.12/site-packages/airflow/example_dags/example_setup_teardown.py
[2025-03-02T00:53:54.462+0000] {logging_mixin.py:190} INFO - [2025-03-02T00:53:54.462+0000] {dag.py:3239} INFO - Sync 1 DAGs
[2025-03-02T00:53:54.476+0000] {logging_mixin.py:190} INFO - [2025-03-02T00:53:54.476+0000] {dag.py:4180} INFO - Setting next_dagrun for example_setup_teardown to None, run_after=None
[2025-03-02T00:53:54.492+0000] {processor.py:208} INFO - Processing /home/airflow/.local/lib/python3.12/site-packages/airflow/example_dags/example_setup_teardown.py took 0.061 seconds
[2025-03-02T00:54:24.976+0000] {processor.py:186} INFO - Started process (PID=1156) to work on /home/airflow/.local/lib/python3.12/site-packages/airflow/example_dags/example_setup_teardown.py
[2025-03-02T00:54:24.977+0000] {processor.py:914} INFO - Processing file /home/airflow/.local/lib/python3.12/site-packages/airflow/example_dags/example_setup_teardown.py for tasks to queue
[2025-03-02T00:54:24.979+0000] {logging_mixin.py:190} INFO - [2025-03-02T00:54:24.979+0000] {dagbag.py:588} INFO - Filling up the DagBag from /home/airflow/.local/lib/python3.12/site-packages/airflow/example_dags/example_setup_teardown.py
[2025-03-02T00:54:24.988+0000] {processor.py:925} INFO - DAG(s) 'example_setup_teardown' retrieved from /home/airflow/.local/lib/python3.12/site-packages/airflow/example_dags/example_setup_teardown.py
[2025-03-02T00:54:25.009+0000] {logging_mixin.py:190} INFO - [2025-03-02T00:54:25.009+0000] {dag.py:3239} INFO - Sync 1 DAGs
[2025-03-02T00:54:25.022+0000] {logging_mixin.py:190} INFO - [2025-03-02T00:54:25.022+0000] {dag.py:4180} INFO - Setting next_dagrun for example_setup_teardown to None, run_after=None
[2025-03-02T00:54:25.037+0000] {processor.py:208} INFO - Processing /home/airflow/.local/lib/python3.12/site-packages/airflow/example_dags/example_setup_teardown.py took 0.066 seconds
[2025-03-02T00:54:55.586+0000] {processor.py:186} INFO - Started process (PID=1220) to work on /home/airflow/.local/lib/python3.12/site-packages/airflow/example_dags/example_setup_teardown.py
[2025-03-02T00:54:55.587+0000] {processor.py:914} INFO - Processing file /home/airflow/.local/lib/python3.12/site-packages/airflow/example_dags/example_setup_teardown.py for tasks to queue
[2025-03-02T00:54:55.588+0000] {logging_mixin.py:190} INFO - [2025-03-02T00:54:55.588+0000] {dagbag.py:588} INFO - Filling up the DagBag from /home/airflow/.local/lib/python3.12/site-packages/airflow/example_dags/example_setup_teardown.py
[2025-03-02T00:54:55.595+0000] {processor.py:925} INFO - DAG(s) 'example_setup_teardown' retrieved from /home/airflow/.local/lib/python3.12/site-packages/airflow/example_dags/example_setup_teardown.py
[2025-03-02T00:54:55.609+0000] {logging_mixin.py:190} INFO - [2025-03-02T00:54:55.609+0000] {dag.py:3239} INFO - Sync 1 DAGs
[2025-03-02T00:54:55.620+0000] {logging_mixin.py:190} INFO - [2025-03-02T00:54:55.620+0000] {dag.py:4180} INFO - Setting next_dagrun for example_setup_teardown to None, run_after=None
[2025-03-02T00:54:55.637+0000] {processor.py:208} INFO - Processing /home/airflow/.local/lib/python3.12/site-packages/airflow/example_dags/example_setup_teardown.py took 0.055 seconds
[2025-03-02T00:55:25.980+0000] {processor.py:186} INFO - Started process (PID=1284) to work on /home/airflow/.local/lib/python3.12/site-packages/airflow/example_dags/example_setup_teardown.py
[2025-03-02T00:55:25.981+0000] {processor.py:914} INFO - Processing file /home/airflow/.local/lib/python3.12/site-packages/airflow/example_dags/example_setup_teardown.py for tasks to queue
[2025-03-02T00:55:25.982+0000] {logging_mixin.py:190} INFO - [2025-03-02T00:55:25.982+0000] {dagbag.py:588} INFO - Filling up the DagBag from /home/airflow/.local/lib/python3.12/site-packages/airflow/example_dags/example_setup_teardown.py
[2025-03-02T00:55:25.989+0000] {processor.py:925} INFO - DAG(s) 'example_setup_teardown' retrieved from /home/airflow/.local/lib/python3.12/site-packages/airflow/example_dags/example_setup_teardown.py
[2025-03-02T00:55:26.005+0000] {logging_mixin.py:190} INFO - [2025-03-02T00:55:26.005+0000] {dag.py:3239} INFO - Sync 1 DAGs
[2025-03-02T00:55:26.018+0000] {logging_mixin.py:190} INFO - [2025-03-02T00:55:26.017+0000] {dag.py:4180} INFO - Setting next_dagrun for example_setup_teardown to None, run_after=None
[2025-03-02T00:55:26.033+0000] {processor.py:208} INFO - Processing /home/airflow/.local/lib/python3.12/site-packages/airflow/example_dags/example_setup_teardown.py took 0.057 seconds
