[2025-03-02T00:45:49.738+0000] {processor.py:186} INFO - Started process (PID=78) to work on /home/airflow/.local/lib/python3.12/site-packages/airflow/example_dags/example_bash_decorator.py
[2025-03-02T00:45:49.738+0000] {processor.py:914} INFO - Processing file /home/airflow/.local/lib/python3.12/site-packages/airflow/example_dags/example_bash_decorator.py for tasks to queue
[2025-03-02T00:45:49.741+0000] {logging_mixin.py:190} INFO - [2025-03-02T00:45:49.740+0000] {dagbag.py:588} INFO - Filling up the DagBag from /home/airflow/.local/lib/python3.12/site-packages/airflow/example_dags/example_bash_decorator.py
[2025-03-02T00:45:49.761+0000] {processor.py:925} INFO - DAG(s) 'example_bash_decorator' retrieved from /home/airflow/.local/lib/python3.12/site-packages/airflow/example_dags/example_bash_decorator.py
[2025-03-02T00:45:49.936+0000] {logging_mixin.py:190} INFO - [2025-03-02T00:45:49.935+0000] {override.py:1911} INFO - Created Permission View: can edit on DAG:example_bash_decorator
[2025-03-02T00:45:49.945+0000] {logging_mixin.py:190} INFO - [2025-03-02T00:45:49.945+0000] {override.py:1911} INFO - Created Permission View: can read on DAG:example_bash_decorator
[2025-03-02T00:45:49.951+0000] {logging_mixin.py:190} INFO - [2025-03-02T00:45:49.951+0000] {override.py:1911} INFO - Created Permission View: can delete on DAG:example_bash_decorator
[2025-03-02T00:45:49.959+0000] {logging_mixin.py:190} INFO - [2025-03-02T00:45:49.959+0000] {override.py:1911} INFO - Created Permission View: menu access on DAG Run:example_bash_decorator
[2025-03-02T00:45:49.969+0000] {logging_mixin.py:190} INFO - [2025-03-02T00:45:49.969+0000] {override.py:1911} INFO - Created Permission View: can read on DAG Run:example_bash_decorator
[2025-03-02T00:45:49.983+0000] {logging_mixin.py:190} INFO - [2025-03-02T00:45:49.983+0000] {override.py:1911} INFO - Created Permission View: can delete on DAG Run:example_bash_decorator
[2025-03-02T00:45:50.002+0000] {logging_mixin.py:190} INFO - [2025-03-02T00:45:50.002+0000] {override.py:1911} INFO - Created Permission View: can create on DAG Run:example_bash_decorator
[2025-03-02T00:45:50.003+0000] {logging_mixin.py:190} INFO - [2025-03-02T00:45:50.003+0000] {dag.py:3239} INFO - Sync 1 DAGs
[2025-03-02T00:45:50.018+0000] {logging_mixin.py:190} INFO - [2025-03-02T00:45:50.017+0000] {dag.py:3262} INFO - Creating ORM DAG for example_bash_decorator
[2025-03-02T00:45:50.019+0000] {logging_mixin.py:190} INFO - [2025-03-02T00:45:50.018+0000] {dag.py:4180} INFO - Setting next_dagrun for example_bash_decorator to None, run_after=None
[2025-03-02T00:45:50.037+0000] {processor.py:208} INFO - Processing /home/airflow/.local/lib/python3.12/site-packages/airflow/example_dags/example_bash_decorator.py took 0.305 seconds
[2025-03-02T00:46:20.826+0000] {processor.py:186} INFO - Started process (PID=142) to work on /home/airflow/.local/lib/python3.12/site-packages/airflow/example_dags/example_bash_decorator.py
[2025-03-02T00:46:20.827+0000] {processor.py:914} INFO - Processing file /home/airflow/.local/lib/python3.12/site-packages/airflow/example_dags/example_bash_decorator.py for tasks to queue
[2025-03-02T00:46:20.828+0000] {logging_mixin.py:190} INFO - [2025-03-02T00:46:20.828+0000] {dagbag.py:588} INFO - Filling up the DagBag from /home/airflow/.local/lib/python3.12/site-packages/airflow/example_dags/example_bash_decorator.py
[2025-03-02T00:46:20.842+0000] {processor.py:925} INFO - DAG(s) 'example_bash_decorator' retrieved from /home/airflow/.local/lib/python3.12/site-packages/airflow/example_dags/example_bash_decorator.py
[2025-03-02T00:46:20.865+0000] {logging_mixin.py:190} INFO - [2025-03-02T00:46:20.865+0000] {dag.py:3239} INFO - Sync 1 DAGs
[2025-03-02T00:46:20.878+0000] {logging_mixin.py:190} INFO - [2025-03-02T00:46:20.877+0000] {dag.py:4180} INFO - Setting next_dagrun for example_bash_decorator to None, run_after=None
[2025-03-02T00:46:20.967+0000] {processor.py:208} INFO - Processing /home/airflow/.local/lib/python3.12/site-packages/airflow/example_dags/example_bash_decorator.py took 0.145 seconds
[2025-03-02T00:46:51.642+0000] {processor.py:186} INFO - Started process (PID=205) to work on /home/airflow/.local/lib/python3.12/site-packages/airflow/example_dags/example_bash_decorator.py
[2025-03-02T00:46:51.643+0000] {processor.py:914} INFO - Processing file /home/airflow/.local/lib/python3.12/site-packages/airflow/example_dags/example_bash_decorator.py for tasks to queue
[2025-03-02T00:46:51.645+0000] {logging_mixin.py:190} INFO - [2025-03-02T00:46:51.645+0000] {dagbag.py:588} INFO - Filling up the DagBag from /home/airflow/.local/lib/python3.12/site-packages/airflow/example_dags/example_bash_decorator.py
[2025-03-02T00:46:51.658+0000] {processor.py:925} INFO - DAG(s) 'example_bash_decorator' retrieved from /home/airflow/.local/lib/python3.12/site-packages/airflow/example_dags/example_bash_decorator.py
[2025-03-02T00:46:51.684+0000] {logging_mixin.py:190} INFO - [2025-03-02T00:46:51.684+0000] {dag.py:3239} INFO - Sync 1 DAGs
[2025-03-02T00:46:51.698+0000] {logging_mixin.py:190} INFO - [2025-03-02T00:46:51.697+0000] {dag.py:4180} INFO - Setting next_dagrun for example_bash_decorator to None, run_after=None
[2025-03-02T00:46:51.715+0000] {processor.py:208} INFO - Processing /home/airflow/.local/lib/python3.12/site-packages/airflow/example_dags/example_bash_decorator.py took 0.078 seconds
[2025-03-02T00:47:21.852+0000] {processor.py:186} INFO - Started process (PID=268) to work on /home/airflow/.local/lib/python3.12/site-packages/airflow/example_dags/example_bash_decorator.py
[2025-03-02T00:47:21.853+0000] {processor.py:914} INFO - Processing file /home/airflow/.local/lib/python3.12/site-packages/airflow/example_dags/example_bash_decorator.py for tasks to queue
[2025-03-02T00:47:21.854+0000] {logging_mixin.py:190} INFO - [2025-03-02T00:47:21.854+0000] {dagbag.py:588} INFO - Filling up the DagBag from /home/airflow/.local/lib/python3.12/site-packages/airflow/example_dags/example_bash_decorator.py
[2025-03-02T00:47:21.866+0000] {processor.py:925} INFO - DAG(s) 'example_bash_decorator' retrieved from /home/airflow/.local/lib/python3.12/site-packages/airflow/example_dags/example_bash_decorator.py
[2025-03-02T00:47:21.884+0000] {logging_mixin.py:190} INFO - [2025-03-02T00:47:21.883+0000] {dag.py:3239} INFO - Sync 1 DAGs
[2025-03-02T00:47:21.895+0000] {logging_mixin.py:190} INFO - [2025-03-02T00:47:21.894+0000] {dag.py:4180} INFO - Setting next_dagrun for example_bash_decorator to None, run_after=None
[2025-03-02T00:47:21.908+0000] {processor.py:208} INFO - Processing /home/airflow/.local/lib/python3.12/site-packages/airflow/example_dags/example_bash_decorator.py took 0.062 seconds
[2025-03-02T00:47:52.041+0000] {processor.py:186} INFO - Started process (PID=331) to work on /home/airflow/.local/lib/python3.12/site-packages/airflow/example_dags/example_bash_decorator.py
[2025-03-02T00:47:52.042+0000] {processor.py:914} INFO - Processing file /home/airflow/.local/lib/python3.12/site-packages/airflow/example_dags/example_bash_decorator.py for tasks to queue
[2025-03-02T00:47:52.044+0000] {logging_mixin.py:190} INFO - [2025-03-02T00:47:52.044+0000] {dagbag.py:588} INFO - Filling up the DagBag from /home/airflow/.local/lib/python3.12/site-packages/airflow/example_dags/example_bash_decorator.py
[2025-03-02T00:47:52.056+0000] {processor.py:925} INFO - DAG(s) 'example_bash_decorator' retrieved from /home/airflow/.local/lib/python3.12/site-packages/airflow/example_dags/example_bash_decorator.py
[2025-03-02T00:47:52.073+0000] {logging_mixin.py:190} INFO - [2025-03-02T00:47:52.073+0000] {dag.py:3239} INFO - Sync 1 DAGs
[2025-03-02T00:47:52.084+0000] {logging_mixin.py:190} INFO - [2025-03-02T00:47:52.084+0000] {dag.py:4180} INFO - Setting next_dagrun for example_bash_decorator to None, run_after=None
[2025-03-02T00:47:52.097+0000] {processor.py:208} INFO - Processing /home/airflow/.local/lib/python3.12/site-packages/airflow/example_dags/example_bash_decorator.py took 0.062 seconds
[2025-03-02T00:48:22.155+0000] {processor.py:186} INFO - Started process (PID=394) to work on /home/airflow/.local/lib/python3.12/site-packages/airflow/example_dags/example_bash_decorator.py
[2025-03-02T00:48:22.156+0000] {processor.py:914} INFO - Processing file /home/airflow/.local/lib/python3.12/site-packages/airflow/example_dags/example_bash_decorator.py for tasks to queue
[2025-03-02T00:48:22.158+0000] {logging_mixin.py:190} INFO - [2025-03-02T00:48:22.157+0000] {dagbag.py:588} INFO - Filling up the DagBag from /home/airflow/.local/lib/python3.12/site-packages/airflow/example_dags/example_bash_decorator.py
[2025-03-02T00:48:22.171+0000] {processor.py:925} INFO - DAG(s) 'example_bash_decorator' retrieved from /home/airflow/.local/lib/python3.12/site-packages/airflow/example_dags/example_bash_decorator.py
[2025-03-02T00:48:22.189+0000] {logging_mixin.py:190} INFO - [2025-03-02T00:48:22.189+0000] {dag.py:3239} INFO - Sync 1 DAGs
[2025-03-02T00:48:22.200+0000] {logging_mixin.py:190} INFO - [2025-03-02T00:48:22.200+0000] {dag.py:4180} INFO - Setting next_dagrun for example_bash_decorator to None, run_after=None
[2025-03-02T00:48:22.214+0000] {processor.py:208} INFO - Processing /home/airflow/.local/lib/python3.12/site-packages/airflow/example_dags/example_bash_decorator.py took 0.065 seconds
[2025-03-02T00:48:52.383+0000] {processor.py:186} INFO - Started process (PID=458) to work on /home/airflow/.local/lib/python3.12/site-packages/airflow/example_dags/example_bash_decorator.py
[2025-03-02T00:48:52.384+0000] {processor.py:914} INFO - Processing file /home/airflow/.local/lib/python3.12/site-packages/airflow/example_dags/example_bash_decorator.py for tasks to queue
[2025-03-02T00:48:52.385+0000] {logging_mixin.py:190} INFO - [2025-03-02T00:48:52.385+0000] {dagbag.py:588} INFO - Filling up the DagBag from /home/airflow/.local/lib/python3.12/site-packages/airflow/example_dags/example_bash_decorator.py
[2025-03-02T00:48:52.398+0000] {processor.py:925} INFO - DAG(s) 'example_bash_decorator' retrieved from /home/airflow/.local/lib/python3.12/site-packages/airflow/example_dags/example_bash_decorator.py
[2025-03-02T00:48:52.421+0000] {logging_mixin.py:190} INFO - [2025-03-02T00:48:52.421+0000] {dag.py:3239} INFO - Sync 1 DAGs
[2025-03-02T00:48:52.435+0000] {logging_mixin.py:190} INFO - [2025-03-02T00:48:52.435+0000] {dag.py:4180} INFO - Setting next_dagrun for example_bash_decorator to None, run_after=None
[2025-03-02T00:48:52.448+0000] {processor.py:208} INFO - Processing /home/airflow/.local/lib/python3.12/site-packages/airflow/example_dags/example_bash_decorator.py took 0.069 seconds
[2025-03-02T00:49:22.531+0000] {processor.py:186} INFO - Started process (PID=522) to work on /home/airflow/.local/lib/python3.12/site-packages/airflow/example_dags/example_bash_decorator.py
[2025-03-02T00:49:22.531+0000] {processor.py:914} INFO - Processing file /home/airflow/.local/lib/python3.12/site-packages/airflow/example_dags/example_bash_decorator.py for tasks to queue
[2025-03-02T00:49:22.533+0000] {logging_mixin.py:190} INFO - [2025-03-02T00:49:22.532+0000] {dagbag.py:588} INFO - Filling up the DagBag from /home/airflow/.local/lib/python3.12/site-packages/airflow/example_dags/example_bash_decorator.py
[2025-03-02T00:49:22.544+0000] {processor.py:925} INFO - DAG(s) 'example_bash_decorator' retrieved from /home/airflow/.local/lib/python3.12/site-packages/airflow/example_dags/example_bash_decorator.py
[2025-03-02T00:49:22.565+0000] {logging_mixin.py:190} INFO - [2025-03-02T00:49:22.565+0000] {dag.py:3239} INFO - Sync 1 DAGs
[2025-03-02T00:49:22.579+0000] {logging_mixin.py:190} INFO - [2025-03-02T00:49:22.578+0000] {dag.py:4180} INFO - Setting next_dagrun for example_bash_decorator to None, run_after=None
[2025-03-02T00:49:22.594+0000] {processor.py:208} INFO - Processing /home/airflow/.local/lib/python3.12/site-packages/airflow/example_dags/example_bash_decorator.py took 0.067 seconds
[2025-03-02T00:49:53.054+0000] {processor.py:186} INFO - Started process (PID=585) to work on /home/airflow/.local/lib/python3.12/site-packages/airflow/example_dags/example_bash_decorator.py
[2025-03-02T00:49:53.055+0000] {processor.py:914} INFO - Processing file /home/airflow/.local/lib/python3.12/site-packages/airflow/example_dags/example_bash_decorator.py for tasks to queue
[2025-03-02T00:49:53.056+0000] {logging_mixin.py:190} INFO - [2025-03-02T00:49:53.056+0000] {dagbag.py:588} INFO - Filling up the DagBag from /home/airflow/.local/lib/python3.12/site-packages/airflow/example_dags/example_bash_decorator.py
[2025-03-02T00:49:53.069+0000] {processor.py:925} INFO - DAG(s) 'example_bash_decorator' retrieved from /home/airflow/.local/lib/python3.12/site-packages/airflow/example_dags/example_bash_decorator.py
[2025-03-02T00:49:53.091+0000] {logging_mixin.py:190} INFO - [2025-03-02T00:49:53.091+0000] {dag.py:3239} INFO - Sync 1 DAGs
[2025-03-02T00:49:53.105+0000] {logging_mixin.py:190} INFO - [2025-03-02T00:49:53.105+0000] {dag.py:4180} INFO - Setting next_dagrun for example_bash_decorator to None, run_after=None
[2025-03-02T00:49:53.119+0000] {processor.py:208} INFO - Processing /home/airflow/.local/lib/python3.12/site-packages/airflow/example_dags/example_bash_decorator.py took 0.069 seconds
[2025-03-02T00:50:23.619+0000] {processor.py:186} INFO - Started process (PID=648) to work on /home/airflow/.local/lib/python3.12/site-packages/airflow/example_dags/example_bash_decorator.py
[2025-03-02T00:50:23.620+0000] {processor.py:914} INFO - Processing file /home/airflow/.local/lib/python3.12/site-packages/airflow/example_dags/example_bash_decorator.py for tasks to queue
[2025-03-02T00:50:23.622+0000] {logging_mixin.py:190} INFO - [2025-03-02T00:50:23.621+0000] {dagbag.py:588} INFO - Filling up the DagBag from /home/airflow/.local/lib/python3.12/site-packages/airflow/example_dags/example_bash_decorator.py
[2025-03-02T00:50:23.633+0000] {processor.py:925} INFO - DAG(s) 'example_bash_decorator' retrieved from /home/airflow/.local/lib/python3.12/site-packages/airflow/example_dags/example_bash_decorator.py
[2025-03-02T00:50:23.650+0000] {logging_mixin.py:190} INFO - [2025-03-02T00:50:23.650+0000] {dag.py:3239} INFO - Sync 1 DAGs
[2025-03-02T00:50:23.661+0000] {logging_mixin.py:190} INFO - [2025-03-02T00:50:23.660+0000] {dag.py:4180} INFO - Setting next_dagrun for example_bash_decorator to None, run_after=None
[2025-03-02T00:50:23.675+0000] {processor.py:208} INFO - Processing /home/airflow/.local/lib/python3.12/site-packages/airflow/example_dags/example_bash_decorator.py took 0.062 seconds
[2025-03-02T00:50:53.973+0000] {processor.py:186} INFO - Started process (PID=712) to work on /home/airflow/.local/lib/python3.12/site-packages/airflow/example_dags/example_bash_decorator.py
[2025-03-02T00:50:53.974+0000] {processor.py:914} INFO - Processing file /home/airflow/.local/lib/python3.12/site-packages/airflow/example_dags/example_bash_decorator.py for tasks to queue
[2025-03-02T00:50:53.976+0000] {logging_mixin.py:190} INFO - [2025-03-02T00:50:53.975+0000] {dagbag.py:588} INFO - Filling up the DagBag from /home/airflow/.local/lib/python3.12/site-packages/airflow/example_dags/example_bash_decorator.py
[2025-03-02T00:50:53.990+0000] {processor.py:925} INFO - DAG(s) 'example_bash_decorator' retrieved from /home/airflow/.local/lib/python3.12/site-packages/airflow/example_dags/example_bash_decorator.py
[2025-03-02T00:50:54.012+0000] {logging_mixin.py:190} INFO - [2025-03-02T00:50:54.012+0000] {dag.py:3239} INFO - Sync 1 DAGs
[2025-03-02T00:50:54.026+0000] {logging_mixin.py:190} INFO - [2025-03-02T00:50:54.026+0000] {dag.py:4180} INFO - Setting next_dagrun for example_bash_decorator to None, run_after=None
[2025-03-02T00:50:54.039+0000] {processor.py:208} INFO - Processing /home/airflow/.local/lib/python3.12/site-packages/airflow/example_dags/example_bash_decorator.py took 0.071 seconds
[2025-03-02T00:51:24.238+0000] {processor.py:186} INFO - Started process (PID=776) to work on /home/airflow/.local/lib/python3.12/site-packages/airflow/example_dags/example_bash_decorator.py
[2025-03-02T00:51:24.239+0000] {processor.py:914} INFO - Processing file /home/airflow/.local/lib/python3.12/site-packages/airflow/example_dags/example_bash_decorator.py for tasks to queue
[2025-03-02T00:51:24.241+0000] {logging_mixin.py:190} INFO - [2025-03-02T00:51:24.240+0000] {dagbag.py:588} INFO - Filling up the DagBag from /home/airflow/.local/lib/python3.12/site-packages/airflow/example_dags/example_bash_decorator.py
[2025-03-02T00:51:24.258+0000] {processor.py:925} INFO - DAG(s) 'example_bash_decorator' retrieved from /home/airflow/.local/lib/python3.12/site-packages/airflow/example_dags/example_bash_decorator.py
[2025-03-02T00:51:24.282+0000] {logging_mixin.py:190} INFO - [2025-03-02T00:51:24.282+0000] {dag.py:3239} INFO - Sync 1 DAGs
[2025-03-02T00:51:24.294+0000] {logging_mixin.py:190} INFO - [2025-03-02T00:51:24.294+0000] {dag.py:4180} INFO - Setting next_dagrun for example_bash_decorator to None, run_after=None
[2025-03-02T00:51:24.307+0000] {processor.py:208} INFO - Processing /home/airflow/.local/lib/python3.12/site-packages/airflow/example_dags/example_bash_decorator.py took 0.075 seconds
[2025-03-02T00:51:54.366+0000] {processor.py:186} INFO - Started process (PID=840) to work on /home/airflow/.local/lib/python3.12/site-packages/airflow/example_dags/example_bash_decorator.py
[2025-03-02T00:51:54.367+0000] {processor.py:914} INFO - Processing file /home/airflow/.local/lib/python3.12/site-packages/airflow/example_dags/example_bash_decorator.py for tasks to queue
[2025-03-02T00:51:54.369+0000] {logging_mixin.py:190} INFO - [2025-03-02T00:51:54.369+0000] {dagbag.py:588} INFO - Filling up the DagBag from /home/airflow/.local/lib/python3.12/site-packages/airflow/example_dags/example_bash_decorator.py
[2025-03-02T00:51:54.381+0000] {processor.py:925} INFO - DAG(s) 'example_bash_decorator' retrieved from /home/airflow/.local/lib/python3.12/site-packages/airflow/example_dags/example_bash_decorator.py
[2025-03-02T00:51:54.403+0000] {logging_mixin.py:190} INFO - [2025-03-02T00:51:54.402+0000] {dag.py:3239} INFO - Sync 1 DAGs
[2025-03-02T00:51:54.417+0000] {logging_mixin.py:190} INFO - [2025-03-02T00:51:54.417+0000] {dag.py:4180} INFO - Setting next_dagrun for example_bash_decorator to None, run_after=None
[2025-03-02T00:51:54.434+0000] {processor.py:208} INFO - Processing /home/airflow/.local/lib/python3.12/site-packages/airflow/example_dags/example_bash_decorator.py took 0.073 seconds
[2025-03-02T00:52:24.524+0000] {processor.py:186} INFO - Started process (PID=905) to work on /home/airflow/.local/lib/python3.12/site-packages/airflow/example_dags/example_bash_decorator.py
[2025-03-02T00:52:24.524+0000] {processor.py:914} INFO - Processing file /home/airflow/.local/lib/python3.12/site-packages/airflow/example_dags/example_bash_decorator.py for tasks to queue
[2025-03-02T00:52:24.526+0000] {logging_mixin.py:190} INFO - [2025-03-02T00:52:24.525+0000] {dagbag.py:588} INFO - Filling up the DagBag from /home/airflow/.local/lib/python3.12/site-packages/airflow/example_dags/example_bash_decorator.py
[2025-03-02T00:52:24.540+0000] {processor.py:925} INFO - DAG(s) 'example_bash_decorator' retrieved from /home/airflow/.local/lib/python3.12/site-packages/airflow/example_dags/example_bash_decorator.py
[2025-03-02T00:52:24.562+0000] {logging_mixin.py:190} INFO - [2025-03-02T00:52:24.562+0000] {dag.py:3239} INFO - Sync 1 DAGs
[2025-03-02T00:52:24.576+0000] {logging_mixin.py:190} INFO - [2025-03-02T00:52:24.576+0000] {dag.py:4180} INFO - Setting next_dagrun for example_bash_decorator to None, run_after=None
[2025-03-02T00:52:24.591+0000] {processor.py:208} INFO - Processing /home/airflow/.local/lib/python3.12/site-packages/airflow/example_dags/example_bash_decorator.py took 0.071 seconds
[2025-03-02T00:52:54.787+0000] {processor.py:186} INFO - Started process (PID=969) to work on /home/airflow/.local/lib/python3.12/site-packages/airflow/example_dags/example_bash_decorator.py
[2025-03-02T00:52:54.787+0000] {processor.py:914} INFO - Processing file /home/airflow/.local/lib/python3.12/site-packages/airflow/example_dags/example_bash_decorator.py for tasks to queue
[2025-03-02T00:52:54.789+0000] {logging_mixin.py:190} INFO - [2025-03-02T00:52:54.789+0000] {dagbag.py:588} INFO - Filling up the DagBag from /home/airflow/.local/lib/python3.12/site-packages/airflow/example_dags/example_bash_decorator.py
[2025-03-02T00:52:54.803+0000] {processor.py:925} INFO - DAG(s) 'example_bash_decorator' retrieved from /home/airflow/.local/lib/python3.12/site-packages/airflow/example_dags/example_bash_decorator.py
[2025-03-02T00:52:54.821+0000] {logging_mixin.py:190} INFO - [2025-03-02T00:52:54.821+0000] {dag.py:3239} INFO - Sync 1 DAGs
[2025-03-02T00:52:54.833+0000] {logging_mixin.py:190} INFO - [2025-03-02T00:52:54.832+0000] {dag.py:4180} INFO - Setting next_dagrun for example_bash_decorator to None, run_after=None
[2025-03-02T00:52:54.845+0000] {processor.py:208} INFO - Processing /home/airflow/.local/lib/python3.12/site-packages/airflow/example_dags/example_bash_decorator.py took 0.065 seconds
[2025-03-02T00:53:25.232+0000] {processor.py:186} INFO - Started process (PID=1033) to work on /home/airflow/.local/lib/python3.12/site-packages/airflow/example_dags/example_bash_decorator.py
[2025-03-02T00:53:25.232+0000] {processor.py:914} INFO - Processing file /home/airflow/.local/lib/python3.12/site-packages/airflow/example_dags/example_bash_decorator.py for tasks to queue
[2025-03-02T00:53:25.234+0000] {logging_mixin.py:190} INFO - [2025-03-02T00:53:25.234+0000] {dagbag.py:588} INFO - Filling up the DagBag from /home/airflow/.local/lib/python3.12/site-packages/airflow/example_dags/example_bash_decorator.py
[2025-03-02T00:53:25.247+0000] {processor.py:925} INFO - DAG(s) 'example_bash_decorator' retrieved from /home/airflow/.local/lib/python3.12/site-packages/airflow/example_dags/example_bash_decorator.py
[2025-03-02T00:53:25.269+0000] {logging_mixin.py:190} INFO - [2025-03-02T00:53:25.269+0000] {dag.py:3239} INFO - Sync 1 DAGs
[2025-03-02T00:53:25.282+0000] {logging_mixin.py:190} INFO - [2025-03-02T00:53:25.282+0000] {dag.py:4180} INFO - Setting next_dagrun for example_bash_decorator to None, run_after=None
[2025-03-02T00:53:25.296+0000] {processor.py:208} INFO - Processing /home/airflow/.local/lib/python3.12/site-packages/airflow/example_dags/example_bash_decorator.py took 0.068 seconds
[2025-03-02T00:53:55.724+0000] {processor.py:186} INFO - Started process (PID=1097) to work on /home/airflow/.local/lib/python3.12/site-packages/airflow/example_dags/example_bash_decorator.py
[2025-03-02T00:53:55.725+0000] {processor.py:914} INFO - Processing file /home/airflow/.local/lib/python3.12/site-packages/airflow/example_dags/example_bash_decorator.py for tasks to queue
[2025-03-02T00:53:55.727+0000] {logging_mixin.py:190} INFO - [2025-03-02T00:53:55.727+0000] {dagbag.py:588} INFO - Filling up the DagBag from /home/airflow/.local/lib/python3.12/site-packages/airflow/example_dags/example_bash_decorator.py
[2025-03-02T00:53:55.743+0000] {processor.py:925} INFO - DAG(s) 'example_bash_decorator' retrieved from /home/airflow/.local/lib/python3.12/site-packages/airflow/example_dags/example_bash_decorator.py
[2025-03-02T00:53:55.769+0000] {logging_mixin.py:190} INFO - [2025-03-02T00:53:55.768+0000] {dag.py:3239} INFO - Sync 1 DAGs
[2025-03-02T00:53:55.785+0000] {logging_mixin.py:190} INFO - [2025-03-02T00:53:55.785+0000] {dag.py:4180} INFO - Setting next_dagrun for example_bash_decorator to None, run_after=None
[2025-03-02T00:53:55.803+0000] {processor.py:208} INFO - Processing /home/airflow/.local/lib/python3.12/site-packages/airflow/example_dags/example_bash_decorator.py took 0.084 seconds
[2025-03-02T00:54:26.258+0000] {processor.py:186} INFO - Started process (PID=1161) to work on /home/airflow/.local/lib/python3.12/site-packages/airflow/example_dags/example_bash_decorator.py
[2025-03-02T00:54:26.259+0000] {processor.py:914} INFO - Processing file /home/airflow/.local/lib/python3.12/site-packages/airflow/example_dags/example_bash_decorator.py for tasks to queue
[2025-03-02T00:54:26.260+0000] {logging_mixin.py:190} INFO - [2025-03-02T00:54:26.260+0000] {dagbag.py:588} INFO - Filling up the DagBag from /home/airflow/.local/lib/python3.12/site-packages/airflow/example_dags/example_bash_decorator.py
[2025-03-02T00:54:26.272+0000] {processor.py:925} INFO - DAG(s) 'example_bash_decorator' retrieved from /home/airflow/.local/lib/python3.12/site-packages/airflow/example_dags/example_bash_decorator.py
[2025-03-02T00:54:26.298+0000] {logging_mixin.py:190} INFO - [2025-03-02T00:54:26.298+0000] {dag.py:3239} INFO - Sync 1 DAGs
[2025-03-02T00:54:26.311+0000] {logging_mixin.py:190} INFO - [2025-03-02T00:54:26.311+0000] {dag.py:4180} INFO - Setting next_dagrun for example_bash_decorator to None, run_after=None
[2025-03-02T00:54:26.326+0000] {processor.py:208} INFO - Processing /home/airflow/.local/lib/python3.12/site-packages/airflow/example_dags/example_bash_decorator.py took 0.073 seconds
[2025-03-02T00:54:56.872+0000] {processor.py:186} INFO - Started process (PID=1225) to work on /home/airflow/.local/lib/python3.12/site-packages/airflow/example_dags/example_bash_decorator.py
[2025-03-02T00:54:56.873+0000] {processor.py:914} INFO - Processing file /home/airflow/.local/lib/python3.12/site-packages/airflow/example_dags/example_bash_decorator.py for tasks to queue
[2025-03-02T00:54:56.875+0000] {logging_mixin.py:190} INFO - [2025-03-02T00:54:56.875+0000] {dagbag.py:588} INFO - Filling up the DagBag from /home/airflow/.local/lib/python3.12/site-packages/airflow/example_dags/example_bash_decorator.py
[2025-03-02T00:54:56.887+0000] {processor.py:925} INFO - DAG(s) 'example_bash_decorator' retrieved from /home/airflow/.local/lib/python3.12/site-packages/airflow/example_dags/example_bash_decorator.py
[2025-03-02T00:54:56.908+0000] {logging_mixin.py:190} INFO - [2025-03-02T00:54:56.908+0000] {dag.py:3239} INFO - Sync 1 DAGs
[2025-03-02T00:54:56.919+0000] {logging_mixin.py:190} INFO - [2025-03-02T00:54:56.919+0000] {dag.py:4180} INFO - Setting next_dagrun for example_bash_decorator to None, run_after=None
[2025-03-02T00:54:56.935+0000] {processor.py:208} INFO - Processing /home/airflow/.local/lib/python3.12/site-packages/airflow/example_dags/example_bash_decorator.py took 0.068 seconds
[2025-03-02T00:55:27.166+0000] {processor.py:186} INFO - Started process (PID=1289) to work on /home/airflow/.local/lib/python3.12/site-packages/airflow/example_dags/example_bash_decorator.py
[2025-03-02T00:55:27.167+0000] {processor.py:914} INFO - Processing file /home/airflow/.local/lib/python3.12/site-packages/airflow/example_dags/example_bash_decorator.py for tasks to queue
[2025-03-02T00:55:27.168+0000] {logging_mixin.py:190} INFO - [2025-03-02T00:55:27.168+0000] {dagbag.py:588} INFO - Filling up the DagBag from /home/airflow/.local/lib/python3.12/site-packages/airflow/example_dags/example_bash_decorator.py
[2025-03-02T00:55:27.180+0000] {processor.py:925} INFO - DAG(s) 'example_bash_decorator' retrieved from /home/airflow/.local/lib/python3.12/site-packages/airflow/example_dags/example_bash_decorator.py
[2025-03-02T00:55:27.202+0000] {logging_mixin.py:190} INFO - [2025-03-02T00:55:27.201+0000] {dag.py:3239} INFO - Sync 1 DAGs
[2025-03-02T00:55:27.215+0000] {logging_mixin.py:190} INFO - [2025-03-02T00:55:27.215+0000] {dag.py:4180} INFO - Setting next_dagrun for example_bash_decorator to None, run_after=None
[2025-03-02T00:55:27.229+0000] {processor.py:208} INFO - Processing /home/airflow/.local/lib/python3.12/site-packages/airflow/example_dags/example_bash_decorator.py took 0.067 seconds
