[2025-03-02T00:45:53.734+0000] {processor.py:186} INFO - Started process (PID=93) to work on /home/airflow/.local/lib/python3.12/site-packages/airflow/example_dags/example_complex.py
[2025-03-02T00:45:53.735+0000] {processor.py:914} INFO - Processing file /home/airflow/.local/lib/python3.12/site-packages/airflow/example_dags/example_complex.py for tasks to queue
[2025-03-02T00:45:53.737+0000] {logging_mixin.py:190} INFO - [2025-03-02T00:45:53.737+0000] {dagbag.py:588} INFO - Filling up the DagBag from /home/airflow/.local/lib/python3.12/site-packages/airflow/example_dags/example_complex.py
[2025-03-02T00:45:53.752+0000] {processor.py:925} INFO - DAG(s) 'example_complex' retrieved from /home/airflow/.local/lib/python3.12/site-packages/airflow/example_dags/example_complex.py
[2025-03-02T00:45:53.876+0000] {logging_mixin.py:190} INFO - [2025-03-02T00:45:53.876+0000] {override.py:1911} INFO - Created Permission View: can edit on DAG:example_complex
[2025-03-02T00:45:53.883+0000] {logging_mixin.py:190} INFO - [2025-03-02T00:45:53.883+0000] {override.py:1911} INFO - Created Permission View: can read on DAG:example_complex
[2025-03-02T00:45:53.888+0000] {logging_mixin.py:190} INFO - [2025-03-02T00:45:53.888+0000] {override.py:1911} INFO - Created Permission View: can delete on DAG:example_complex
[2025-03-02T00:45:53.892+0000] {logging_mixin.py:190} INFO - [2025-03-02T00:45:53.892+0000] {override.py:1911} INFO - Created Permission View: menu access on DAG Run:example_complex
[2025-03-02T00:45:53.897+0000] {logging_mixin.py:190} INFO - [2025-03-02T00:45:53.896+0000] {override.py:1911} INFO - Created Permission View: can read on DAG Run:example_complex
[2025-03-02T00:45:53.901+0000] {logging_mixin.py:190} INFO - [2025-03-02T00:45:53.901+0000] {override.py:1911} INFO - Created Permission View: can delete on DAG Run:example_complex
[2025-03-02T00:45:53.905+0000] {logging_mixin.py:190} INFO - [2025-03-02T00:45:53.905+0000] {override.py:1911} INFO - Created Permission View: can create on DAG Run:example_complex
[2025-03-02T00:45:53.906+0000] {logging_mixin.py:190} INFO - [2025-03-02T00:45:53.906+0000] {dag.py:3239} INFO - Sync 1 DAGs
[2025-03-02T00:45:53.916+0000] {logging_mixin.py:190} INFO - [2025-03-02T00:45:53.915+0000] {dag.py:3262} INFO - Creating ORM DAG for example_complex
[2025-03-02T00:45:53.916+0000] {logging_mixin.py:190} INFO - [2025-03-02T00:45:53.916+0000] {dag.py:4180} INFO - Setting next_dagrun for example_complex to None, run_after=None
[2025-03-02T00:45:53.930+0000] {processor.py:208} INFO - Processing /home/airflow/.local/lib/python3.12/site-packages/airflow/example_dags/example_complex.py took 0.201 seconds
[2025-03-02T00:46:24.894+0000] {processor.py:186} INFO - Started process (PID=157) to work on /home/airflow/.local/lib/python3.12/site-packages/airflow/example_dags/example_complex.py
[2025-03-02T00:46:24.895+0000] {processor.py:914} INFO - Processing file /home/airflow/.local/lib/python3.12/site-packages/airflow/example_dags/example_complex.py for tasks to queue
[2025-03-02T00:46:24.896+0000] {logging_mixin.py:190} INFO - [2025-03-02T00:46:24.896+0000] {dagbag.py:588} INFO - Filling up the DagBag from /home/airflow/.local/lib/python3.12/site-packages/airflow/example_dags/example_complex.py
[2025-03-02T00:46:24.906+0000] {processor.py:925} INFO - DAG(s) 'example_complex' retrieved from /home/airflow/.local/lib/python3.12/site-packages/airflow/example_dags/example_complex.py
[2025-03-02T00:46:24.931+0000] {logging_mixin.py:190} INFO - [2025-03-02T00:46:24.930+0000] {dag.py:3239} INFO - Sync 1 DAGs
[2025-03-02T00:46:24.942+0000] {logging_mixin.py:190} INFO - [2025-03-02T00:46:24.942+0000] {dag.py:4180} INFO - Setting next_dagrun for example_complex to None, run_after=None
[2025-03-02T00:46:24.954+0000] {processor.py:208} INFO - Processing /home/airflow/.local/lib/python3.12/site-packages/airflow/example_dags/example_complex.py took 0.064 seconds
[2025-03-02T00:46:55.634+0000] {processor.py:186} INFO - Started process (PID=220) to work on /home/airflow/.local/lib/python3.12/site-packages/airflow/example_dags/example_complex.py
[2025-03-02T00:46:55.635+0000] {processor.py:914} INFO - Processing file /home/airflow/.local/lib/python3.12/site-packages/airflow/example_dags/example_complex.py for tasks to queue
[2025-03-02T00:46:55.636+0000] {logging_mixin.py:190} INFO - [2025-03-02T00:46:55.636+0000] {dagbag.py:588} INFO - Filling up the DagBag from /home/airflow/.local/lib/python3.12/site-packages/airflow/example_dags/example_complex.py
[2025-03-02T00:46:55.646+0000] {processor.py:925} INFO - DAG(s) 'example_complex' retrieved from /home/airflow/.local/lib/python3.12/site-packages/airflow/example_dags/example_complex.py
[2025-03-02T00:46:55.680+0000] {logging_mixin.py:190} INFO - [2025-03-02T00:46:55.680+0000] {dag.py:3239} INFO - Sync 1 DAGs
[2025-03-02T00:46:55.694+0000] {logging_mixin.py:190} INFO - [2025-03-02T00:46:55.694+0000] {dag.py:4180} INFO - Setting next_dagrun for example_complex to None, run_after=None
[2025-03-02T00:46:55.708+0000] {processor.py:208} INFO - Processing /home/airflow/.local/lib/python3.12/site-packages/airflow/example_dags/example_complex.py took 0.078 seconds
[2025-03-02T00:47:26.133+0000] {processor.py:186} INFO - Started process (PID=283) to work on /home/airflow/.local/lib/python3.12/site-packages/airflow/example_dags/example_complex.py
[2025-03-02T00:47:26.133+0000] {processor.py:914} INFO - Processing file /home/airflow/.local/lib/python3.12/site-packages/airflow/example_dags/example_complex.py for tasks to queue
[2025-03-02T00:47:26.135+0000] {logging_mixin.py:190} INFO - [2025-03-02T00:47:26.135+0000] {dagbag.py:588} INFO - Filling up the DagBag from /home/airflow/.local/lib/python3.12/site-packages/airflow/example_dags/example_complex.py
[2025-03-02T00:47:26.145+0000] {processor.py:925} INFO - DAG(s) 'example_complex' retrieved from /home/airflow/.local/lib/python3.12/site-packages/airflow/example_dags/example_complex.py
[2025-03-02T00:47:26.172+0000] {logging_mixin.py:190} INFO - [2025-03-02T00:47:26.172+0000] {dag.py:3239} INFO - Sync 1 DAGs
[2025-03-02T00:47:26.184+0000] {logging_mixin.py:190} INFO - [2025-03-02T00:47:26.184+0000] {dag.py:4180} INFO - Setting next_dagrun for example_complex to None, run_after=None
[2025-03-02T00:47:26.197+0000] {processor.py:208} INFO - Processing /home/airflow/.local/lib/python3.12/site-packages/airflow/example_dags/example_complex.py took 0.070 seconds
[2025-03-02T00:47:56.307+0000] {processor.py:186} INFO - Started process (PID=346) to work on /home/airflow/.local/lib/python3.12/site-packages/airflow/example_dags/example_complex.py
[2025-03-02T00:47:56.307+0000] {processor.py:914} INFO - Processing file /home/airflow/.local/lib/python3.12/site-packages/airflow/example_dags/example_complex.py for tasks to queue
[2025-03-02T00:47:56.309+0000] {logging_mixin.py:190} INFO - [2025-03-02T00:47:56.309+0000] {dagbag.py:588} INFO - Filling up the DagBag from /home/airflow/.local/lib/python3.12/site-packages/airflow/example_dags/example_complex.py
[2025-03-02T00:47:56.319+0000] {processor.py:925} INFO - DAG(s) 'example_complex' retrieved from /home/airflow/.local/lib/python3.12/site-packages/airflow/example_dags/example_complex.py
[2025-03-02T00:47:56.345+0000] {logging_mixin.py:190} INFO - [2025-03-02T00:47:56.345+0000] {dag.py:3239} INFO - Sync 1 DAGs
[2025-03-02T00:47:56.356+0000] {logging_mixin.py:190} INFO - [2025-03-02T00:47:56.355+0000] {dag.py:4180} INFO - Setting next_dagrun for example_complex to None, run_after=None
[2025-03-02T00:47:56.369+0000] {processor.py:208} INFO - Processing /home/airflow/.local/lib/python3.12/site-packages/airflow/example_dags/example_complex.py took 0.068 seconds
[2025-03-02T00:48:27.064+0000] {processor.py:186} INFO - Started process (PID=409) to work on /home/airflow/.local/lib/python3.12/site-packages/airflow/example_dags/example_complex.py
[2025-03-02T00:48:27.064+0000] {processor.py:914} INFO - Processing file /home/airflow/.local/lib/python3.12/site-packages/airflow/example_dags/example_complex.py for tasks to queue
[2025-03-02T00:48:27.066+0000] {logging_mixin.py:190} INFO - [2025-03-02T00:48:27.066+0000] {dagbag.py:588} INFO - Filling up the DagBag from /home/airflow/.local/lib/python3.12/site-packages/airflow/example_dags/example_complex.py
[2025-03-02T00:48:27.081+0000] {processor.py:925} INFO - DAG(s) 'example_complex' retrieved from /home/airflow/.local/lib/python3.12/site-packages/airflow/example_dags/example_complex.py
[2025-03-02T00:48:27.106+0000] {logging_mixin.py:190} INFO - [2025-03-02T00:48:27.106+0000] {dag.py:3239} INFO - Sync 1 DAGs
[2025-03-02T00:48:27.118+0000] {logging_mixin.py:190} INFO - [2025-03-02T00:48:27.118+0000] {dag.py:4180} INFO - Setting next_dagrun for example_complex to None, run_after=None
[2025-03-02T00:48:27.133+0000] {processor.py:208} INFO - Processing /home/airflow/.local/lib/python3.12/site-packages/airflow/example_dags/example_complex.py took 0.075 seconds
[2025-03-02T00:48:57.195+0000] {processor.py:186} INFO - Started process (PID=472) to work on /home/airflow/.local/lib/python3.12/site-packages/airflow/example_dags/example_complex.py
[2025-03-02T00:48:57.196+0000] {processor.py:914} INFO - Processing file /home/airflow/.local/lib/python3.12/site-packages/airflow/example_dags/example_complex.py for tasks to queue
[2025-03-02T00:48:57.198+0000] {logging_mixin.py:190} INFO - [2025-03-02T00:48:57.197+0000] {dagbag.py:588} INFO - Filling up the DagBag from /home/airflow/.local/lib/python3.12/site-packages/airflow/example_dags/example_complex.py
[2025-03-02T00:48:57.213+0000] {processor.py:925} INFO - DAG(s) 'example_complex' retrieved from /home/airflow/.local/lib/python3.12/site-packages/airflow/example_dags/example_complex.py
[2025-03-02T00:48:57.238+0000] {logging_mixin.py:190} INFO - [2025-03-02T00:48:57.238+0000] {dag.py:3239} INFO - Sync 1 DAGs
[2025-03-02T00:48:57.250+0000] {logging_mixin.py:190} INFO - [2025-03-02T00:48:57.250+0000] {dag.py:4180} INFO - Setting next_dagrun for example_complex to None, run_after=None
[2025-03-02T00:48:57.263+0000] {processor.py:208} INFO - Processing /home/airflow/.local/lib/python3.12/site-packages/airflow/example_dags/example_complex.py took 0.074 seconds
[2025-03-02T00:49:27.308+0000] {processor.py:186} INFO - Started process (PID=536) to work on /home/airflow/.local/lib/python3.12/site-packages/airflow/example_dags/example_complex.py
[2025-03-02T00:49:27.308+0000] {processor.py:914} INFO - Processing file /home/airflow/.local/lib/python3.12/site-packages/airflow/example_dags/example_complex.py for tasks to queue
[2025-03-02T00:49:27.310+0000] {logging_mixin.py:190} INFO - [2025-03-02T00:49:27.309+0000] {dagbag.py:588} INFO - Filling up the DagBag from /home/airflow/.local/lib/python3.12/site-packages/airflow/example_dags/example_complex.py
[2025-03-02T00:49:27.319+0000] {processor.py:925} INFO - DAG(s) 'example_complex' retrieved from /home/airflow/.local/lib/python3.12/site-packages/airflow/example_dags/example_complex.py
[2025-03-02T00:49:27.342+0000] {logging_mixin.py:190} INFO - [2025-03-02T00:49:27.342+0000] {dag.py:3239} INFO - Sync 1 DAGs
[2025-03-02T00:49:27.352+0000] {logging_mixin.py:190} INFO - [2025-03-02T00:49:27.352+0000] {dag.py:4180} INFO - Setting next_dagrun for example_complex to None, run_after=None
[2025-03-02T00:49:27.364+0000] {processor.py:208} INFO - Processing /home/airflow/.local/lib/python3.12/site-packages/airflow/example_dags/example_complex.py took 0.061 seconds
[2025-03-02T00:49:57.735+0000] {processor.py:186} INFO - Started process (PID=599) to work on /home/airflow/.local/lib/python3.12/site-packages/airflow/example_dags/example_complex.py
[2025-03-02T00:49:57.736+0000] {processor.py:914} INFO - Processing file /home/airflow/.local/lib/python3.12/site-packages/airflow/example_dags/example_complex.py for tasks to queue
[2025-03-02T00:49:57.738+0000] {logging_mixin.py:190} INFO - [2025-03-02T00:49:57.737+0000] {dagbag.py:588} INFO - Filling up the DagBag from /home/airflow/.local/lib/python3.12/site-packages/airflow/example_dags/example_complex.py
[2025-03-02T00:49:57.747+0000] {processor.py:925} INFO - DAG(s) 'example_complex' retrieved from /home/airflow/.local/lib/python3.12/site-packages/airflow/example_dags/example_complex.py
[2025-03-02T00:49:57.772+0000] {logging_mixin.py:190} INFO - [2025-03-02T00:49:57.772+0000] {dag.py:3239} INFO - Sync 1 DAGs
[2025-03-02T00:49:57.783+0000] {logging_mixin.py:190} INFO - [2025-03-02T00:49:57.783+0000] {dag.py:4180} INFO - Setting next_dagrun for example_complex to None, run_after=None
[2025-03-02T00:49:57.795+0000] {processor.py:208} INFO - Processing /home/airflow/.local/lib/python3.12/site-packages/airflow/example_dags/example_complex.py took 0.064 seconds
[2025-03-02T00:50:28.331+0000] {processor.py:186} INFO - Started process (PID=662) to work on /home/airflow/.local/lib/python3.12/site-packages/airflow/example_dags/example_complex.py
[2025-03-02T00:50:28.332+0000] {processor.py:914} INFO - Processing file /home/airflow/.local/lib/python3.12/site-packages/airflow/example_dags/example_complex.py for tasks to queue
[2025-03-02T00:50:28.333+0000] {logging_mixin.py:190} INFO - [2025-03-02T00:50:28.333+0000] {dagbag.py:588} INFO - Filling up the DagBag from /home/airflow/.local/lib/python3.12/site-packages/airflow/example_dags/example_complex.py
[2025-03-02T00:50:28.343+0000] {processor.py:925} INFO - DAG(s) 'example_complex' retrieved from /home/airflow/.local/lib/python3.12/site-packages/airflow/example_dags/example_complex.py
[2025-03-02T00:50:28.366+0000] {logging_mixin.py:190} INFO - [2025-03-02T00:50:28.366+0000] {dag.py:3239} INFO - Sync 1 DAGs
[2025-03-02T00:50:28.378+0000] {logging_mixin.py:190} INFO - [2025-03-02T00:50:28.378+0000] {dag.py:4180} INFO - Setting next_dagrun for example_complex to None, run_after=None
[2025-03-02T00:50:28.391+0000] {processor.py:208} INFO - Processing /home/airflow/.local/lib/python3.12/site-packages/airflow/example_dags/example_complex.py took 0.064 seconds
[2025-03-02T00:50:58.658+0000] {processor.py:186} INFO - Started process (PID=726) to work on /home/airflow/.local/lib/python3.12/site-packages/airflow/example_dags/example_complex.py
[2025-03-02T00:50:58.659+0000] {processor.py:914} INFO - Processing file /home/airflow/.local/lib/python3.12/site-packages/airflow/example_dags/example_complex.py for tasks to queue
[2025-03-02T00:50:58.661+0000] {logging_mixin.py:190} INFO - [2025-03-02T00:50:58.660+0000] {dagbag.py:588} INFO - Filling up the DagBag from /home/airflow/.local/lib/python3.12/site-packages/airflow/example_dags/example_complex.py
[2025-03-02T00:50:58.670+0000] {processor.py:925} INFO - DAG(s) 'example_complex' retrieved from /home/airflow/.local/lib/python3.12/site-packages/airflow/example_dags/example_complex.py
[2025-03-02T00:50:58.693+0000] {logging_mixin.py:190} INFO - [2025-03-02T00:50:58.693+0000] {dag.py:3239} INFO - Sync 1 DAGs
[2025-03-02T00:50:58.703+0000] {logging_mixin.py:190} INFO - [2025-03-02T00:50:58.703+0000] {dag.py:4180} INFO - Setting next_dagrun for example_complex to None, run_after=None
[2025-03-02T00:50:58.715+0000] {processor.py:208} INFO - Processing /home/airflow/.local/lib/python3.12/site-packages/airflow/example_dags/example_complex.py took 0.061 seconds
[2025-03-02T00:51:28.972+0000] {processor.py:186} INFO - Started process (PID=790) to work on /home/airflow/.local/lib/python3.12/site-packages/airflow/example_dags/example_complex.py
[2025-03-02T00:51:28.972+0000] {processor.py:914} INFO - Processing file /home/airflow/.local/lib/python3.12/site-packages/airflow/example_dags/example_complex.py for tasks to queue
[2025-03-02T00:51:28.974+0000] {logging_mixin.py:190} INFO - [2025-03-02T00:51:28.974+0000] {dagbag.py:588} INFO - Filling up the DagBag from /home/airflow/.local/lib/python3.12/site-packages/airflow/example_dags/example_complex.py
[2025-03-02T00:51:28.983+0000] {processor.py:925} INFO - DAG(s) 'example_complex' retrieved from /home/airflow/.local/lib/python3.12/site-packages/airflow/example_dags/example_complex.py
[2025-03-02T00:51:29.006+0000] {logging_mixin.py:190} INFO - [2025-03-02T00:51:29.006+0000] {dag.py:3239} INFO - Sync 1 DAGs
[2025-03-02T00:51:29.017+0000] {logging_mixin.py:190} INFO - [2025-03-02T00:51:29.017+0000] {dag.py:4180} INFO - Setting next_dagrun for example_complex to None, run_after=None
[2025-03-02T00:51:29.031+0000] {processor.py:208} INFO - Processing /home/airflow/.local/lib/python3.12/site-packages/airflow/example_dags/example_complex.py took 0.063 seconds
[2025-03-02T00:51:59.076+0000] {processor.py:186} INFO - Started process (PID=854) to work on /home/airflow/.local/lib/python3.12/site-packages/airflow/example_dags/example_complex.py
[2025-03-02T00:51:59.076+0000] {processor.py:914} INFO - Processing file /home/airflow/.local/lib/python3.12/site-packages/airflow/example_dags/example_complex.py for tasks to queue
[2025-03-02T00:51:59.078+0000] {logging_mixin.py:190} INFO - [2025-03-02T00:51:59.078+0000] {dagbag.py:588} INFO - Filling up the DagBag from /home/airflow/.local/lib/python3.12/site-packages/airflow/example_dags/example_complex.py
[2025-03-02T00:51:59.087+0000] {processor.py:925} INFO - DAG(s) 'example_complex' retrieved from /home/airflow/.local/lib/python3.12/site-packages/airflow/example_dags/example_complex.py
[2025-03-02T00:51:59.111+0000] {logging_mixin.py:190} INFO - [2025-03-02T00:51:59.110+0000] {dag.py:3239} INFO - Sync 1 DAGs
[2025-03-02T00:51:59.122+0000] {logging_mixin.py:190} INFO - [2025-03-02T00:51:59.122+0000] {dag.py:4180} INFO - Setting next_dagrun for example_complex to None, run_after=None
[2025-03-02T00:51:59.134+0000] {processor.py:208} INFO - Processing /home/airflow/.local/lib/python3.12/site-packages/airflow/example_dags/example_complex.py took 0.063 seconds
[2025-03-02T00:52:29.280+0000] {processor.py:186} INFO - Started process (PID=919) to work on /home/airflow/.local/lib/python3.12/site-packages/airflow/example_dags/example_complex.py
[2025-03-02T00:52:29.281+0000] {processor.py:914} INFO - Processing file /home/airflow/.local/lib/python3.12/site-packages/airflow/example_dags/example_complex.py for tasks to queue
[2025-03-02T00:52:29.283+0000] {logging_mixin.py:190} INFO - [2025-03-02T00:52:29.282+0000] {dagbag.py:588} INFO - Filling up the DagBag from /home/airflow/.local/lib/python3.12/site-packages/airflow/example_dags/example_complex.py
[2025-03-02T00:52:29.292+0000] {processor.py:925} INFO - DAG(s) 'example_complex' retrieved from /home/airflow/.local/lib/python3.12/site-packages/airflow/example_dags/example_complex.py
[2025-03-02T00:52:29.317+0000] {logging_mixin.py:190} INFO - [2025-03-02T00:52:29.317+0000] {dag.py:3239} INFO - Sync 1 DAGs
[2025-03-02T00:52:29.328+0000] {logging_mixin.py:190} INFO - [2025-03-02T00:52:29.328+0000] {dag.py:4180} INFO - Setting next_dagrun for example_complex to None, run_after=None
[2025-03-02T00:52:29.341+0000] {processor.py:208} INFO - Processing /home/airflow/.local/lib/python3.12/site-packages/airflow/example_dags/example_complex.py took 0.065 seconds
[2025-03-02T00:52:59.528+0000] {processor.py:186} INFO - Started process (PID=983) to work on /home/airflow/.local/lib/python3.12/site-packages/airflow/example_dags/example_complex.py
[2025-03-02T00:52:59.529+0000] {processor.py:914} INFO - Processing file /home/airflow/.local/lib/python3.12/site-packages/airflow/example_dags/example_complex.py for tasks to queue
[2025-03-02T00:52:59.530+0000] {logging_mixin.py:190} INFO - [2025-03-02T00:52:59.530+0000] {dagbag.py:588} INFO - Filling up the DagBag from /home/airflow/.local/lib/python3.12/site-packages/airflow/example_dags/example_complex.py
[2025-03-02T00:52:59.540+0000] {processor.py:925} INFO - DAG(s) 'example_complex' retrieved from /home/airflow/.local/lib/python3.12/site-packages/airflow/example_dags/example_complex.py
[2025-03-02T00:52:59.564+0000] {logging_mixin.py:190} INFO - [2025-03-02T00:52:59.564+0000] {dag.py:3239} INFO - Sync 1 DAGs
[2025-03-02T00:52:59.575+0000] {logging_mixin.py:190} INFO - [2025-03-02T00:52:59.574+0000] {dag.py:4180} INFO - Setting next_dagrun for example_complex to None, run_after=None
[2025-03-02T00:52:59.587+0000] {processor.py:208} INFO - Processing /home/airflow/.local/lib/python3.12/site-packages/airflow/example_dags/example_complex.py took 0.063 seconds
[2025-03-02T00:53:29.968+0000] {processor.py:186} INFO - Started process (PID=1047) to work on /home/airflow/.local/lib/python3.12/site-packages/airflow/example_dags/example_complex.py
[2025-03-02T00:53:29.968+0000] {processor.py:914} INFO - Processing file /home/airflow/.local/lib/python3.12/site-packages/airflow/example_dags/example_complex.py for tasks to queue
[2025-03-02T00:53:29.970+0000] {logging_mixin.py:190} INFO - [2025-03-02T00:53:29.970+0000] {dagbag.py:588} INFO - Filling up the DagBag from /home/airflow/.local/lib/python3.12/site-packages/airflow/example_dags/example_complex.py
[2025-03-02T00:53:29.979+0000] {processor.py:925} INFO - DAG(s) 'example_complex' retrieved from /home/airflow/.local/lib/python3.12/site-packages/airflow/example_dags/example_complex.py
[2025-03-02T00:53:30.002+0000] {logging_mixin.py:190} INFO - [2025-03-02T00:53:30.002+0000] {dag.py:3239} INFO - Sync 1 DAGs
[2025-03-02T00:53:30.013+0000] {logging_mixin.py:190} INFO - [2025-03-02T00:53:30.013+0000] {dag.py:4180} INFO - Setting next_dagrun for example_complex to None, run_after=None
[2025-03-02T00:53:30.025+0000] {processor.py:208} INFO - Processing /home/airflow/.local/lib/python3.12/site-packages/airflow/example_dags/example_complex.py took 0.062 seconds
[2025-03-02T00:54:00.285+0000] {processor.py:186} INFO - Started process (PID=1111) to work on /home/airflow/.local/lib/python3.12/site-packages/airflow/example_dags/example_complex.py
[2025-03-02T00:54:00.286+0000] {processor.py:914} INFO - Processing file /home/airflow/.local/lib/python3.12/site-packages/airflow/example_dags/example_complex.py for tasks to queue
[2025-03-02T00:54:00.287+0000] {logging_mixin.py:190} INFO - [2025-03-02T00:54:00.287+0000] {dagbag.py:588} INFO - Filling up the DagBag from /home/airflow/.local/lib/python3.12/site-packages/airflow/example_dags/example_complex.py
[2025-03-02T00:54:00.297+0000] {processor.py:925} INFO - DAG(s) 'example_complex' retrieved from /home/airflow/.local/lib/python3.12/site-packages/airflow/example_dags/example_complex.py
[2025-03-02T00:54:00.320+0000] {logging_mixin.py:190} INFO - [2025-03-02T00:54:00.320+0000] {dag.py:3239} INFO - Sync 1 DAGs
[2025-03-02T00:54:00.331+0000] {logging_mixin.py:190} INFO - [2025-03-02T00:54:00.331+0000] {dag.py:4180} INFO - Setting next_dagrun for example_complex to None, run_after=None
[2025-03-02T00:54:00.343+0000] {processor.py:208} INFO - Processing /home/airflow/.local/lib/python3.12/site-packages/airflow/example_dags/example_complex.py took 0.062 seconds
[2025-03-02T00:54:30.971+0000] {processor.py:186} INFO - Started process (PID=1175) to work on /home/airflow/.local/lib/python3.12/site-packages/airflow/example_dags/example_complex.py
[2025-03-02T00:54:30.972+0000] {processor.py:914} INFO - Processing file /home/airflow/.local/lib/python3.12/site-packages/airflow/example_dags/example_complex.py for tasks to queue
[2025-03-02T00:54:30.973+0000] {logging_mixin.py:190} INFO - [2025-03-02T00:54:30.973+0000] {dagbag.py:588} INFO - Filling up the DagBag from /home/airflow/.local/lib/python3.12/site-packages/airflow/example_dags/example_complex.py
[2025-03-02T00:54:30.983+0000] {processor.py:925} INFO - DAG(s) 'example_complex' retrieved from /home/airflow/.local/lib/python3.12/site-packages/airflow/example_dags/example_complex.py
[2025-03-02T00:54:31.006+0000] {logging_mixin.py:190} INFO - [2025-03-02T00:54:31.006+0000] {dag.py:3239} INFO - Sync 1 DAGs
[2025-03-02T00:54:31.017+0000] {logging_mixin.py:190} INFO - [2025-03-02T00:54:31.017+0000] {dag.py:4180} INFO - Setting next_dagrun for example_complex to None, run_after=None
[2025-03-02T00:54:31.030+0000] {processor.py:208} INFO - Processing /home/airflow/.local/lib/python3.12/site-packages/airflow/example_dags/example_complex.py took 0.063 seconds
[2025-03-02T00:55:01.537+0000] {processor.py:186} INFO - Started process (PID=1239) to work on /home/airflow/.local/lib/python3.12/site-packages/airflow/example_dags/example_complex.py
[2025-03-02T00:55:01.538+0000] {processor.py:914} INFO - Processing file /home/airflow/.local/lib/python3.12/site-packages/airflow/example_dags/example_complex.py for tasks to queue
[2025-03-02T00:55:01.539+0000] {logging_mixin.py:190} INFO - [2025-03-02T00:55:01.539+0000] {dagbag.py:588} INFO - Filling up the DagBag from /home/airflow/.local/lib/python3.12/site-packages/airflow/example_dags/example_complex.py
[2025-03-02T00:55:01.549+0000] {processor.py:925} INFO - DAG(s) 'example_complex' retrieved from /home/airflow/.local/lib/python3.12/site-packages/airflow/example_dags/example_complex.py
[2025-03-02T00:55:01.584+0000] {logging_mixin.py:190} INFO - [2025-03-02T00:55:01.584+0000] {dag.py:3239} INFO - Sync 1 DAGs
[2025-03-02T00:55:01.596+0000] {logging_mixin.py:190} INFO - [2025-03-02T00:55:01.596+0000] {dag.py:4180} INFO - Setting next_dagrun for example_complex to None, run_after=None
[2025-03-02T00:55:01.609+0000] {processor.py:208} INFO - Processing /home/airflow/.local/lib/python3.12/site-packages/airflow/example_dags/example_complex.py took 0.076 seconds
