[2025-03-02T00:45:53.347+0000] {processor.py:186} INFO - Started process (PID=90) to work on /home/airflow/.local/lib/python3.12/site-packages/airflow/example_dags/example_nested_branch_dag.py
[2025-03-02T00:45:53.348+0000] {processor.py:914} INFO - Processing file /home/airflow/.local/lib/python3.12/site-packages/airflow/example_dags/example_nested_branch_dag.py for tasks to queue
[2025-03-02T00:45:53.350+0000] {logging_mixin.py:190} INFO - [2025-03-02T00:45:53.350+0000] {dagbag.py:588} INFO - Filling up the DagBag from /home/airflow/.local/lib/python3.12/site-packages/airflow/example_dags/example_nested_branch_dag.py
[2025-03-02T00:45:53.364+0000] {processor.py:925} INFO - DAG(s) 'example_nested_branch_dag' retrieved from /home/airflow/.local/lib/python3.12/site-packages/airflow/example_dags/example_nested_branch_dag.py
[2025-03-02T00:45:53.490+0000] {logging_mixin.py:190} INFO - [2025-03-02T00:45:53.489+0000] {override.py:1911} INFO - Created Permission View: can edit on DAG:example_nested_branch_dag
[2025-03-02T00:45:53.499+0000] {logging_mixin.py:190} INFO - [2025-03-02T00:45:53.499+0000] {override.py:1911} INFO - Created Permission View: can read on DAG:example_nested_branch_dag
[2025-03-02T00:45:53.505+0000] {logging_mixin.py:190} INFO - [2025-03-02T00:45:53.505+0000] {override.py:1911} INFO - Created Permission View: can delete on DAG:example_nested_branch_dag
[2025-03-02T00:45:53.511+0000] {logging_mixin.py:190} INFO - [2025-03-02T00:45:53.511+0000] {override.py:1911} INFO - Created Permission View: menu access on DAG Run:example_nested_branch_dag
[2025-03-02T00:45:53.517+0000] {logging_mixin.py:190} INFO - [2025-03-02T00:45:53.517+0000] {override.py:1911} INFO - Created Permission View: can read on DAG Run:example_nested_branch_dag
[2025-03-02T00:45:53.524+0000] {logging_mixin.py:190} INFO - [2025-03-02T00:45:53.523+0000] {override.py:1911} INFO - Created Permission View: can delete on DAG Run:example_nested_branch_dag
[2025-03-02T00:45:53.530+0000] {logging_mixin.py:190} INFO - [2025-03-02T00:45:53.530+0000] {override.py:1911} INFO - Created Permission View: can create on DAG Run:example_nested_branch_dag
[2025-03-02T00:45:53.531+0000] {logging_mixin.py:190} INFO - [2025-03-02T00:45:53.530+0000] {dag.py:3239} INFO - Sync 1 DAGs
[2025-03-02T00:45:53.545+0000] {logging_mixin.py:190} INFO - [2025-03-02T00:45:53.545+0000] {dag.py:3262} INFO - Creating ORM DAG for example_nested_branch_dag
[2025-03-02T00:45:53.557+0000] {logging_mixin.py:190} INFO - [2025-03-02T00:45:53.557+0000] {dag.py:4180} INFO - Setting next_dagrun for example_nested_branch_dag to 2025-03-01 00:00:00+00:00, run_after=2025-03-02 00:00:00+00:00
[2025-03-02T00:45:53.575+0000] {processor.py:208} INFO - Processing /home/airflow/.local/lib/python3.12/site-packages/airflow/example_dags/example_nested_branch_dag.py took 0.234 seconds
[2025-03-02T00:46:23.781+0000] {processor.py:186} INFO - Started process (PID=154) to work on /home/airflow/.local/lib/python3.12/site-packages/airflow/example_dags/example_nested_branch_dag.py
[2025-03-02T00:46:23.782+0000] {processor.py:914} INFO - Processing file /home/airflow/.local/lib/python3.12/site-packages/airflow/example_dags/example_nested_branch_dag.py for tasks to queue
[2025-03-02T00:46:23.784+0000] {logging_mixin.py:190} INFO - [2025-03-02T00:46:23.783+0000] {dagbag.py:588} INFO - Filling up the DagBag from /home/airflow/.local/lib/python3.12/site-packages/airflow/example_dags/example_nested_branch_dag.py
[2025-03-02T00:46:23.793+0000] {processor.py:925} INFO - DAG(s) 'example_nested_branch_dag' retrieved from /home/airflow/.local/lib/python3.12/site-packages/airflow/example_dags/example_nested_branch_dag.py
[2025-03-02T00:46:23.810+0000] {logging_mixin.py:190} INFO - [2025-03-02T00:46:23.810+0000] {dag.py:3239} INFO - Sync 1 DAGs
[2025-03-02T00:46:23.831+0000] {logging_mixin.py:190} INFO - [2025-03-02T00:46:23.831+0000] {dag.py:4180} INFO - Setting next_dagrun for example_nested_branch_dag to 2025-03-01 00:00:00+00:00, run_after=2025-03-02 00:00:00+00:00
[2025-03-02T00:46:23.845+0000] {processor.py:208} INFO - Processing /home/airflow/.local/lib/python3.12/site-packages/airflow/example_dags/example_nested_branch_dag.py took 0.068 seconds
[2025-03-02T00:46:54.513+0000] {processor.py:186} INFO - Started process (PID=217) to work on /home/airflow/.local/lib/python3.12/site-packages/airflow/example_dags/example_nested_branch_dag.py
[2025-03-02T00:46:54.513+0000] {processor.py:914} INFO - Processing file /home/airflow/.local/lib/python3.12/site-packages/airflow/example_dags/example_nested_branch_dag.py for tasks to queue
[2025-03-02T00:46:54.515+0000] {logging_mixin.py:190} INFO - [2025-03-02T00:46:54.515+0000] {dagbag.py:588} INFO - Filling up the DagBag from /home/airflow/.local/lib/python3.12/site-packages/airflow/example_dags/example_nested_branch_dag.py
[2025-03-02T00:46:54.524+0000] {processor.py:925} INFO - DAG(s) 'example_nested_branch_dag' retrieved from /home/airflow/.local/lib/python3.12/site-packages/airflow/example_dags/example_nested_branch_dag.py
[2025-03-02T00:46:54.542+0000] {logging_mixin.py:190} INFO - [2025-03-02T00:46:54.542+0000] {dag.py:3239} INFO - Sync 1 DAGs
[2025-03-02T00:46:54.562+0000] {logging_mixin.py:190} INFO - [2025-03-02T00:46:54.561+0000] {dag.py:4180} INFO - Setting next_dagrun for example_nested_branch_dag to 2025-03-01 00:00:00+00:00, run_after=2025-03-02 00:00:00+00:00
[2025-03-02T00:46:54.575+0000] {processor.py:208} INFO - Processing /home/airflow/.local/lib/python3.12/site-packages/airflow/example_dags/example_nested_branch_dag.py took 0.068 seconds
[2025-03-02T00:47:24.757+0000] {processor.py:186} INFO - Started process (PID=280) to work on /home/airflow/.local/lib/python3.12/site-packages/airflow/example_dags/example_nested_branch_dag.py
[2025-03-02T00:47:24.758+0000] {processor.py:914} INFO - Processing file /home/airflow/.local/lib/python3.12/site-packages/airflow/example_dags/example_nested_branch_dag.py for tasks to queue
[2025-03-02T00:47:24.760+0000] {logging_mixin.py:190} INFO - [2025-03-02T00:47:24.760+0000] {dagbag.py:588} INFO - Filling up the DagBag from /home/airflow/.local/lib/python3.12/site-packages/airflow/example_dags/example_nested_branch_dag.py
[2025-03-02T00:47:24.779+0000] {processor.py:925} INFO - DAG(s) 'example_nested_branch_dag' retrieved from /home/airflow/.local/lib/python3.12/site-packages/airflow/example_dags/example_nested_branch_dag.py
[2025-03-02T00:47:24.816+0000] {logging_mixin.py:190} INFO - [2025-03-02T00:47:24.814+0000] {dag.py:3239} INFO - Sync 1 DAGs
[2025-03-02T00:47:24.845+0000] {logging_mixin.py:190} INFO - [2025-03-02T00:47:24.845+0000] {dag.py:4180} INFO - Setting next_dagrun for example_nested_branch_dag to 2025-03-01 00:00:00+00:00, run_after=2025-03-02 00:00:00+00:00
[2025-03-02T00:47:24.889+0000] {processor.py:208} INFO - Processing /home/airflow/.local/lib/python3.12/site-packages/airflow/example_dags/example_nested_branch_dag.py took 0.139 seconds
[2025-03-02T00:47:55.759+0000] {processor.py:186} INFO - Started process (PID=343) to work on /home/airflow/.local/lib/python3.12/site-packages/airflow/example_dags/example_nested_branch_dag.py
[2025-03-02T00:47:55.760+0000] {processor.py:914} INFO - Processing file /home/airflow/.local/lib/python3.12/site-packages/airflow/example_dags/example_nested_branch_dag.py for tasks to queue
[2025-03-02T00:47:55.762+0000] {logging_mixin.py:190} INFO - [2025-03-02T00:47:55.762+0000] {dagbag.py:588} INFO - Filling up the DagBag from /home/airflow/.local/lib/python3.12/site-packages/airflow/example_dags/example_nested_branch_dag.py
[2025-03-02T00:47:55.775+0000] {processor.py:925} INFO - DAG(s) 'example_nested_branch_dag' retrieved from /home/airflow/.local/lib/python3.12/site-packages/airflow/example_dags/example_nested_branch_dag.py
[2025-03-02T00:47:55.798+0000] {logging_mixin.py:190} INFO - [2025-03-02T00:47:55.798+0000] {dag.py:3239} INFO - Sync 1 DAGs
[2025-03-02T00:47:55.825+0000] {logging_mixin.py:190} INFO - [2025-03-02T00:47:55.824+0000] {dag.py:4180} INFO - Setting next_dagrun for example_nested_branch_dag to 2025-03-01 00:00:00+00:00, run_after=2025-03-02 00:00:00+00:00
[2025-03-02T00:47:55.841+0000] {processor.py:208} INFO - Processing /home/airflow/.local/lib/python3.12/site-packages/airflow/example_dags/example_nested_branch_dag.py took 0.089 seconds
[2025-03-02T00:48:26.797+0000] {processor.py:186} INFO - Started process (PID=406) to work on /home/airflow/.local/lib/python3.12/site-packages/airflow/example_dags/example_nested_branch_dag.py
[2025-03-02T00:48:26.798+0000] {processor.py:914} INFO - Processing file /home/airflow/.local/lib/python3.12/site-packages/airflow/example_dags/example_nested_branch_dag.py for tasks to queue
[2025-03-02T00:48:26.800+0000] {logging_mixin.py:190} INFO - [2025-03-02T00:48:26.800+0000] {dagbag.py:588} INFO - Filling up the DagBag from /home/airflow/.local/lib/python3.12/site-packages/airflow/example_dags/example_nested_branch_dag.py
[2025-03-02T00:48:26.810+0000] {processor.py:925} INFO - DAG(s) 'example_nested_branch_dag' retrieved from /home/airflow/.local/lib/python3.12/site-packages/airflow/example_dags/example_nested_branch_dag.py
[2025-03-02T00:48:26.826+0000] {logging_mixin.py:190} INFO - [2025-03-02T00:48:26.826+0000] {dag.py:3239} INFO - Sync 1 DAGs
[2025-03-02T00:48:26.845+0000] {logging_mixin.py:190} INFO - [2025-03-02T00:48:26.845+0000] {dag.py:4180} INFO - Setting next_dagrun for example_nested_branch_dag to 2025-03-01 00:00:00+00:00, run_after=2025-03-02 00:00:00+00:00
[2025-03-02T00:48:26.857+0000] {processor.py:208} INFO - Processing /home/airflow/.local/lib/python3.12/site-packages/airflow/example_dags/example_nested_branch_dag.py took 0.066 seconds
[2025-03-02T00:48:57.022+0000] {processor.py:186} INFO - Started process (PID=469) to work on /home/airflow/.local/lib/python3.12/site-packages/airflow/example_dags/example_nested_branch_dag.py
[2025-03-02T00:48:57.023+0000] {processor.py:914} INFO - Processing file /home/airflow/.local/lib/python3.12/site-packages/airflow/example_dags/example_nested_branch_dag.py for tasks to queue
[2025-03-02T00:48:57.024+0000] {logging_mixin.py:190} INFO - [2025-03-02T00:48:57.024+0000] {dagbag.py:588} INFO - Filling up the DagBag from /home/airflow/.local/lib/python3.12/site-packages/airflow/example_dags/example_nested_branch_dag.py
[2025-03-02T00:48:57.036+0000] {processor.py:925} INFO - DAG(s) 'example_nested_branch_dag' retrieved from /home/airflow/.local/lib/python3.12/site-packages/airflow/example_dags/example_nested_branch_dag.py
[2025-03-02T00:48:57.058+0000] {logging_mixin.py:190} INFO - [2025-03-02T00:48:57.057+0000] {dag.py:3239} INFO - Sync 1 DAGs
[2025-03-02T00:48:57.081+0000] {logging_mixin.py:190} INFO - [2025-03-02T00:48:57.081+0000] {dag.py:4180} INFO - Setting next_dagrun for example_nested_branch_dag to 2025-03-01 00:00:00+00:00, run_after=2025-03-02 00:00:00+00:00
[2025-03-02T00:48:57.099+0000] {processor.py:208} INFO - Processing /home/airflow/.local/lib/python3.12/site-packages/airflow/example_dags/example_nested_branch_dag.py took 0.082 seconds
[2025-03-02T00:49:27.147+0000] {processor.py:186} INFO - Started process (PID=533) to work on /home/airflow/.local/lib/python3.12/site-packages/airflow/example_dags/example_nested_branch_dag.py
[2025-03-02T00:49:27.148+0000] {processor.py:914} INFO - Processing file /home/airflow/.local/lib/python3.12/site-packages/airflow/example_dags/example_nested_branch_dag.py for tasks to queue
[2025-03-02T00:49:27.149+0000] {logging_mixin.py:190} INFO - [2025-03-02T00:49:27.149+0000] {dagbag.py:588} INFO - Filling up the DagBag from /home/airflow/.local/lib/python3.12/site-packages/airflow/example_dags/example_nested_branch_dag.py
[2025-03-02T00:49:27.158+0000] {processor.py:925} INFO - DAG(s) 'example_nested_branch_dag' retrieved from /home/airflow/.local/lib/python3.12/site-packages/airflow/example_dags/example_nested_branch_dag.py
[2025-03-02T00:49:27.178+0000] {logging_mixin.py:190} INFO - [2025-03-02T00:49:27.177+0000] {dag.py:3239} INFO - Sync 1 DAGs
[2025-03-02T00:49:27.203+0000] {logging_mixin.py:190} INFO - [2025-03-02T00:49:27.203+0000] {dag.py:4180} INFO - Setting next_dagrun for example_nested_branch_dag to 2025-03-01 00:00:00+00:00, run_after=2025-03-02 00:00:00+00:00
[2025-03-02T00:49:27.220+0000] {processor.py:208} INFO - Processing /home/airflow/.local/lib/python3.12/site-packages/airflow/example_dags/example_nested_branch_dag.py took 0.078 seconds
[2025-03-02T00:49:57.582+0000] {processor.py:186} INFO - Started process (PID=596) to work on /home/airflow/.local/lib/python3.12/site-packages/airflow/example_dags/example_nested_branch_dag.py
[2025-03-02T00:49:57.583+0000] {processor.py:914} INFO - Processing file /home/airflow/.local/lib/python3.12/site-packages/airflow/example_dags/example_nested_branch_dag.py for tasks to queue
[2025-03-02T00:49:57.585+0000] {logging_mixin.py:190} INFO - [2025-03-02T00:49:57.584+0000] {dagbag.py:588} INFO - Filling up the DagBag from /home/airflow/.local/lib/python3.12/site-packages/airflow/example_dags/example_nested_branch_dag.py
[2025-03-02T00:49:57.593+0000] {processor.py:925} INFO - DAG(s) 'example_nested_branch_dag' retrieved from /home/airflow/.local/lib/python3.12/site-packages/airflow/example_dags/example_nested_branch_dag.py
[2025-03-02T00:49:57.614+0000] {logging_mixin.py:190} INFO - [2025-03-02T00:49:57.613+0000] {dag.py:3239} INFO - Sync 1 DAGs
[2025-03-02T00:49:57.637+0000] {logging_mixin.py:190} INFO - [2025-03-02T00:49:57.637+0000] {dag.py:4180} INFO - Setting next_dagrun for example_nested_branch_dag to 2025-03-01 00:00:00+00:00, run_after=2025-03-02 00:00:00+00:00
[2025-03-02T00:49:57.651+0000] {processor.py:208} INFO - Processing /home/airflow/.local/lib/python3.12/site-packages/airflow/example_dags/example_nested_branch_dag.py took 0.073 seconds
[2025-03-02T00:50:28.173+0000] {processor.py:186} INFO - Started process (PID=659) to work on /home/airflow/.local/lib/python3.12/site-packages/airflow/example_dags/example_nested_branch_dag.py
[2025-03-02T00:50:28.173+0000] {processor.py:914} INFO - Processing file /home/airflow/.local/lib/python3.12/site-packages/airflow/example_dags/example_nested_branch_dag.py for tasks to queue
[2025-03-02T00:50:28.175+0000] {logging_mixin.py:190} INFO - [2025-03-02T00:50:28.175+0000] {dagbag.py:588} INFO - Filling up the DagBag from /home/airflow/.local/lib/python3.12/site-packages/airflow/example_dags/example_nested_branch_dag.py
[2025-03-02T00:50:28.187+0000] {processor.py:925} INFO - DAG(s) 'example_nested_branch_dag' retrieved from /home/airflow/.local/lib/python3.12/site-packages/airflow/example_dags/example_nested_branch_dag.py
[2025-03-02T00:50:28.206+0000] {logging_mixin.py:190} INFO - [2025-03-02T00:50:28.205+0000] {dag.py:3239} INFO - Sync 1 DAGs
[2025-03-02T00:50:28.228+0000] {logging_mixin.py:190} INFO - [2025-03-02T00:50:28.228+0000] {dag.py:4180} INFO - Setting next_dagrun for example_nested_branch_dag to 2025-03-01 00:00:00+00:00, run_after=2025-03-02 00:00:00+00:00
[2025-03-02T00:50:28.244+0000] {processor.py:208} INFO - Processing /home/airflow/.local/lib/python3.12/site-packages/airflow/example_dags/example_nested_branch_dag.py took 0.076 seconds
[2025-03-02T00:50:58.504+0000] {processor.py:186} INFO - Started process (PID=723) to work on /home/airflow/.local/lib/python3.12/site-packages/airflow/example_dags/example_nested_branch_dag.py
[2025-03-02T00:50:58.504+0000] {processor.py:914} INFO - Processing file /home/airflow/.local/lib/python3.12/site-packages/airflow/example_dags/example_nested_branch_dag.py for tasks to queue
[2025-03-02T00:50:58.506+0000] {logging_mixin.py:190} INFO - [2025-03-02T00:50:58.506+0000] {dagbag.py:588} INFO - Filling up the DagBag from /home/airflow/.local/lib/python3.12/site-packages/airflow/example_dags/example_nested_branch_dag.py
[2025-03-02T00:50:58.515+0000] {processor.py:925} INFO - DAG(s) 'example_nested_branch_dag' retrieved from /home/airflow/.local/lib/python3.12/site-packages/airflow/example_dags/example_nested_branch_dag.py
[2025-03-02T00:50:58.535+0000] {logging_mixin.py:190} INFO - [2025-03-02T00:50:58.534+0000] {dag.py:3239} INFO - Sync 1 DAGs
[2025-03-02T00:50:58.559+0000] {logging_mixin.py:190} INFO - [2025-03-02T00:50:58.559+0000] {dag.py:4180} INFO - Setting next_dagrun for example_nested_branch_dag to 2025-03-01 00:00:00+00:00, run_after=2025-03-02 00:00:00+00:00
[2025-03-02T00:50:58.573+0000] {processor.py:208} INFO - Processing /home/airflow/.local/lib/python3.12/site-packages/airflow/example_dags/example_nested_branch_dag.py took 0.074 seconds
[2025-03-02T00:51:28.817+0000] {processor.py:186} INFO - Started process (PID=787) to work on /home/airflow/.local/lib/python3.12/site-packages/airflow/example_dags/example_nested_branch_dag.py
[2025-03-02T00:51:28.817+0000] {processor.py:914} INFO - Processing file /home/airflow/.local/lib/python3.12/site-packages/airflow/example_dags/example_nested_branch_dag.py for tasks to queue
[2025-03-02T00:51:28.819+0000] {logging_mixin.py:190} INFO - [2025-03-02T00:51:28.819+0000] {dagbag.py:588} INFO - Filling up the DagBag from /home/airflow/.local/lib/python3.12/site-packages/airflow/example_dags/example_nested_branch_dag.py
[2025-03-02T00:51:28.828+0000] {processor.py:925} INFO - DAG(s) 'example_nested_branch_dag' retrieved from /home/airflow/.local/lib/python3.12/site-packages/airflow/example_dags/example_nested_branch_dag.py
[2025-03-02T00:51:28.848+0000] {logging_mixin.py:190} INFO - [2025-03-02T00:51:28.848+0000] {dag.py:3239} INFO - Sync 1 DAGs
[2025-03-02T00:51:28.872+0000] {logging_mixin.py:190} INFO - [2025-03-02T00:51:28.872+0000] {dag.py:4180} INFO - Setting next_dagrun for example_nested_branch_dag to 2025-03-01 00:00:00+00:00, run_after=2025-03-02 00:00:00+00:00
[2025-03-02T00:51:28.887+0000] {processor.py:208} INFO - Processing /home/airflow/.local/lib/python3.12/site-packages/airflow/example_dags/example_nested_branch_dag.py took 0.074 seconds
[2025-03-02T00:51:58.927+0000] {processor.py:186} INFO - Started process (PID=851) to work on /home/airflow/.local/lib/python3.12/site-packages/airflow/example_dags/example_nested_branch_dag.py
[2025-03-02T00:51:58.927+0000] {processor.py:914} INFO - Processing file /home/airflow/.local/lib/python3.12/site-packages/airflow/example_dags/example_nested_branch_dag.py for tasks to queue
[2025-03-02T00:51:58.929+0000] {logging_mixin.py:190} INFO - [2025-03-02T00:51:58.929+0000] {dagbag.py:588} INFO - Filling up the DagBag from /home/airflow/.local/lib/python3.12/site-packages/airflow/example_dags/example_nested_branch_dag.py
[2025-03-02T00:51:58.938+0000] {processor.py:925} INFO - DAG(s) 'example_nested_branch_dag' retrieved from /home/airflow/.local/lib/python3.12/site-packages/airflow/example_dags/example_nested_branch_dag.py
[2025-03-02T00:51:58.955+0000] {logging_mixin.py:190} INFO - [2025-03-02T00:51:58.955+0000] {dag.py:3239} INFO - Sync 1 DAGs
[2025-03-02T00:51:58.975+0000] {logging_mixin.py:190} INFO - [2025-03-02T00:51:58.975+0000] {dag.py:4180} INFO - Setting next_dagrun for example_nested_branch_dag to 2025-03-01 00:00:00+00:00, run_after=2025-03-02 00:00:00+00:00
[2025-03-02T00:51:58.989+0000] {processor.py:208} INFO - Processing /home/airflow/.local/lib/python3.12/site-packages/airflow/example_dags/example_nested_branch_dag.py took 0.067 seconds
[2025-03-02T00:52:29.122+0000] {processor.py:186} INFO - Started process (PID=916) to work on /home/airflow/.local/lib/python3.12/site-packages/airflow/example_dags/example_nested_branch_dag.py
[2025-03-02T00:52:29.123+0000] {processor.py:914} INFO - Processing file /home/airflow/.local/lib/python3.12/site-packages/airflow/example_dags/example_nested_branch_dag.py for tasks to queue
[2025-03-02T00:52:29.125+0000] {logging_mixin.py:190} INFO - [2025-03-02T00:52:29.125+0000] {dagbag.py:588} INFO - Filling up the DagBag from /home/airflow/.local/lib/python3.12/site-packages/airflow/example_dags/example_nested_branch_dag.py
[2025-03-02T00:52:29.134+0000] {processor.py:925} INFO - DAG(s) 'example_nested_branch_dag' retrieved from /home/airflow/.local/lib/python3.12/site-packages/airflow/example_dags/example_nested_branch_dag.py
[2025-03-02T00:52:29.152+0000] {logging_mixin.py:190} INFO - [2025-03-02T00:52:29.151+0000] {dag.py:3239} INFO - Sync 1 DAGs
[2025-03-02T00:52:29.172+0000] {logging_mixin.py:190} INFO - [2025-03-02T00:52:29.172+0000] {dag.py:4180} INFO - Setting next_dagrun for example_nested_branch_dag to 2025-03-01 00:00:00+00:00, run_after=2025-03-02 00:00:00+00:00
[2025-03-02T00:52:29.185+0000] {processor.py:208} INFO - Processing /home/airflow/.local/lib/python3.12/site-packages/airflow/example_dags/example_nested_branch_dag.py took 0.067 seconds
[2025-03-02T00:52:59.362+0000] {processor.py:186} INFO - Started process (PID=980) to work on /home/airflow/.local/lib/python3.12/site-packages/airflow/example_dags/example_nested_branch_dag.py
[2025-03-02T00:52:59.363+0000] {processor.py:914} INFO - Processing file /home/airflow/.local/lib/python3.12/site-packages/airflow/example_dags/example_nested_branch_dag.py for tasks to queue
[2025-03-02T00:52:59.364+0000] {logging_mixin.py:190} INFO - [2025-03-02T00:52:59.364+0000] {dagbag.py:588} INFO - Filling up the DagBag from /home/airflow/.local/lib/python3.12/site-packages/airflow/example_dags/example_nested_branch_dag.py
[2025-03-02T00:52:59.374+0000] {processor.py:925} INFO - DAG(s) 'example_nested_branch_dag' retrieved from /home/airflow/.local/lib/python3.12/site-packages/airflow/example_dags/example_nested_branch_dag.py
[2025-03-02T00:52:59.390+0000] {logging_mixin.py:190} INFO - [2025-03-02T00:52:59.390+0000] {dag.py:3239} INFO - Sync 1 DAGs
[2025-03-02T00:52:59.408+0000] {logging_mixin.py:190} INFO - [2025-03-02T00:52:59.408+0000] {dag.py:4180} INFO - Setting next_dagrun for example_nested_branch_dag to 2025-03-01 00:00:00+00:00, run_after=2025-03-02 00:00:00+00:00
[2025-03-02T00:52:59.422+0000] {processor.py:208} INFO - Processing /home/airflow/.local/lib/python3.12/site-packages/airflow/example_dags/example_nested_branch_dag.py took 0.064 seconds
[2025-03-02T00:53:29.824+0000] {processor.py:186} INFO - Started process (PID=1044) to work on /home/airflow/.local/lib/python3.12/site-packages/airflow/example_dags/example_nested_branch_dag.py
[2025-03-02T00:53:29.824+0000] {processor.py:914} INFO - Processing file /home/airflow/.local/lib/python3.12/site-packages/airflow/example_dags/example_nested_branch_dag.py for tasks to queue
[2025-03-02T00:53:29.826+0000] {logging_mixin.py:190} INFO - [2025-03-02T00:53:29.826+0000] {dagbag.py:588} INFO - Filling up the DagBag from /home/airflow/.local/lib/python3.12/site-packages/airflow/example_dags/example_nested_branch_dag.py
[2025-03-02T00:53:29.835+0000] {processor.py:925} INFO - DAG(s) 'example_nested_branch_dag' retrieved from /home/airflow/.local/lib/python3.12/site-packages/airflow/example_dags/example_nested_branch_dag.py
[2025-03-02T00:53:29.852+0000] {logging_mixin.py:190} INFO - [2025-03-02T00:53:29.852+0000] {dag.py:3239} INFO - Sync 1 DAGs
[2025-03-02T00:53:29.869+0000] {logging_mixin.py:190} INFO - [2025-03-02T00:53:29.869+0000] {dag.py:4180} INFO - Setting next_dagrun for example_nested_branch_dag to 2025-03-01 00:00:00+00:00, run_after=2025-03-02 00:00:00+00:00
[2025-03-02T00:53:29.882+0000] {processor.py:208} INFO - Processing /home/airflow/.local/lib/python3.12/site-packages/airflow/example_dags/example_nested_branch_dag.py took 0.062 seconds
[2025-03-02T00:54:00.131+0000] {processor.py:186} INFO - Started process (PID=1108) to work on /home/airflow/.local/lib/python3.12/site-packages/airflow/example_dags/example_nested_branch_dag.py
[2025-03-02T00:54:00.132+0000] {processor.py:914} INFO - Processing file /home/airflow/.local/lib/python3.12/site-packages/airflow/example_dags/example_nested_branch_dag.py for tasks to queue
[2025-03-02T00:54:00.133+0000] {logging_mixin.py:190} INFO - [2025-03-02T00:54:00.133+0000] {dagbag.py:588} INFO - Filling up the DagBag from /home/airflow/.local/lib/python3.12/site-packages/airflow/example_dags/example_nested_branch_dag.py
[2025-03-02T00:54:00.142+0000] {processor.py:925} INFO - DAG(s) 'example_nested_branch_dag' retrieved from /home/airflow/.local/lib/python3.12/site-packages/airflow/example_dags/example_nested_branch_dag.py
[2025-03-02T00:54:00.163+0000] {logging_mixin.py:190} INFO - [2025-03-02T00:54:00.163+0000] {dag.py:3239} INFO - Sync 1 DAGs
[2025-03-02T00:54:00.187+0000] {logging_mixin.py:190} INFO - [2025-03-02T00:54:00.187+0000] {dag.py:4180} INFO - Setting next_dagrun for example_nested_branch_dag to 2025-03-01 00:00:00+00:00, run_after=2025-03-02 00:00:00+00:00
[2025-03-02T00:54:00.201+0000] {processor.py:208} INFO - Processing /home/airflow/.local/lib/python3.12/site-packages/airflow/example_dags/example_nested_branch_dag.py took 0.074 seconds
[2025-03-02T00:54:30.813+0000] {processor.py:186} INFO - Started process (PID=1172) to work on /home/airflow/.local/lib/python3.12/site-packages/airflow/example_dags/example_nested_branch_dag.py
[2025-03-02T00:54:30.814+0000] {processor.py:914} INFO - Processing file /home/airflow/.local/lib/python3.12/site-packages/airflow/example_dags/example_nested_branch_dag.py for tasks to queue
[2025-03-02T00:54:30.815+0000] {logging_mixin.py:190} INFO - [2025-03-02T00:54:30.815+0000] {dagbag.py:588} INFO - Filling up the DagBag from /home/airflow/.local/lib/python3.12/site-packages/airflow/example_dags/example_nested_branch_dag.py
[2025-03-02T00:54:30.824+0000] {processor.py:925} INFO - DAG(s) 'example_nested_branch_dag' retrieved from /home/airflow/.local/lib/python3.12/site-packages/airflow/example_dags/example_nested_branch_dag.py
[2025-03-02T00:54:30.845+0000] {logging_mixin.py:190} INFO - [2025-03-02T00:54:30.845+0000] {dag.py:3239} INFO - Sync 1 DAGs
[2025-03-02T00:54:30.870+0000] {logging_mixin.py:190} INFO - [2025-03-02T00:54:30.870+0000] {dag.py:4180} INFO - Setting next_dagrun for example_nested_branch_dag to 2025-03-01 00:00:00+00:00, run_after=2025-03-02 00:00:00+00:00
[2025-03-02T00:54:30.884+0000] {processor.py:208} INFO - Processing /home/airflow/.local/lib/python3.12/site-packages/airflow/example_dags/example_nested_branch_dag.py took 0.075 seconds
[2025-03-02T00:55:01.419+0000] {processor.py:186} INFO - Started process (PID=1236) to work on /home/airflow/.local/lib/python3.12/site-packages/airflow/example_dags/example_nested_branch_dag.py
[2025-03-02T00:55:01.420+0000] {processor.py:914} INFO - Processing file /home/airflow/.local/lib/python3.12/site-packages/airflow/example_dags/example_nested_branch_dag.py for tasks to queue
[2025-03-02T00:55:01.422+0000] {logging_mixin.py:190} INFO - [2025-03-02T00:55:01.422+0000] {dagbag.py:588} INFO - Filling up the DagBag from /home/airflow/.local/lib/python3.12/site-packages/airflow/example_dags/example_nested_branch_dag.py
[2025-03-02T00:55:01.431+0000] {processor.py:925} INFO - DAG(s) 'example_nested_branch_dag' retrieved from /home/airflow/.local/lib/python3.12/site-packages/airflow/example_dags/example_nested_branch_dag.py
[2025-03-02T00:55:01.449+0000] {logging_mixin.py:190} INFO - [2025-03-02T00:55:01.449+0000] {dag.py:3239} INFO - Sync 1 DAGs
[2025-03-02T00:55:01.468+0000] {logging_mixin.py:190} INFO - [2025-03-02T00:55:01.468+0000] {dag.py:4180} INFO - Setting next_dagrun for example_nested_branch_dag to 2025-03-01 00:00:00+00:00, run_after=2025-03-02 00:00:00+00:00
[2025-03-02T00:55:01.482+0000] {processor.py:208} INFO - Processing /home/airflow/.local/lib/python3.12/site-packages/airflow/example_dags/example_nested_branch_dag.py took 0.068 seconds
