[2025-03-02T00:45:57.338+0000] {processor.py:186} INFO - Started process (PID=110) to work on /home/airflow/.local/lib/python3.12/site-packages/airflow/example_dags/example_workday_timetable.py
[2025-03-02T00:45:57.338+0000] {processor.py:914} INFO - Processing file /home/airflow/.local/lib/python3.12/site-packages/airflow/example_dags/example_workday_timetable.py for tasks to queue
[2025-03-02T00:45:57.341+0000] {logging_mixin.py:190} INFO - [2025-03-02T00:45:57.341+0000] {dagbag.py:588} INFO - Filling up the DagBag from /home/airflow/.local/lib/python3.12/site-packages/airflow/example_dags/example_workday_timetable.py
[2025-03-02T00:45:57.348+0000] {processor.py:925} INFO - DAG(s) 'example_workday_timetable' retrieved from /home/airflow/.local/lib/python3.12/site-packages/airflow/example_dags/example_workday_timetable.py
[2025-03-02T00:45:57.492+0000] {logging_mixin.py:190} INFO - [2025-03-02T00:45:57.491+0000] {override.py:1911} INFO - Created Permission View: can edit on DAG:example_workday_timetable
[2025-03-02T00:45:57.499+0000] {logging_mixin.py:190} INFO - [2025-03-02T00:45:57.499+0000] {override.py:1911} INFO - Created Permission View: can read on DAG:example_workday_timetable
[2025-03-02T00:45:57.504+0000] {logging_mixin.py:190} INFO - [2025-03-02T00:45:57.504+0000] {override.py:1911} INFO - Created Permission View: can delete on DAG:example_workday_timetable
[2025-03-02T00:45:57.509+0000] {logging_mixin.py:190} INFO - [2025-03-02T00:45:57.509+0000] {override.py:1911} INFO - Created Permission View: menu access on DAG Run:example_workday_timetable
[2025-03-02T00:45:57.514+0000] {logging_mixin.py:190} INFO - [2025-03-02T00:45:57.513+0000] {override.py:1911} INFO - Created Permission View: can read on DAG Run:example_workday_timetable
[2025-03-02T00:45:57.518+0000] {logging_mixin.py:190} INFO - [2025-03-02T00:45:57.518+0000] {override.py:1911} INFO - Created Permission View: can delete on DAG Run:example_workday_timetable
[2025-03-02T00:45:57.523+0000] {logging_mixin.py:190} INFO - [2025-03-02T00:45:57.523+0000] {override.py:1911} INFO - Created Permission View: can create on DAG Run:example_workday_timetable
[2025-03-02T00:45:57.524+0000] {logging_mixin.py:190} INFO - [2025-03-02T00:45:57.523+0000] {dag.py:3239} INFO - Sync 1 DAGs
[2025-03-02T00:45:57.535+0000] {logging_mixin.py:190} INFO - [2025-03-02T00:45:57.535+0000] {dag.py:3262} INFO - Creating ORM DAG for example_workday_timetable
[2025-03-02T00:45:57.579+0000] {logging_mixin.py:190} INFO - [2025-03-02T00:45:57.579+0000] {dag.py:4180} INFO - Setting next_dagrun for example_workday_timetable to 2021-01-04 00:00:00+00:00, run_after=2021-01-05 00:00:00+00:00
[2025-03-02T00:45:57.593+0000] {processor.py:208} INFO - Processing /home/airflow/.local/lib/python3.12/site-packages/airflow/example_dags/example_workday_timetable.py took 0.261 seconds
[2025-03-02T00:46:27.676+0000] {processor.py:186} INFO - Started process (PID=174) to work on /home/airflow/.local/lib/python3.12/site-packages/airflow/example_dags/example_workday_timetable.py
[2025-03-02T00:46:27.677+0000] {processor.py:914} INFO - Processing file /home/airflow/.local/lib/python3.12/site-packages/airflow/example_dags/example_workday_timetable.py for tasks to queue
[2025-03-02T00:46:27.679+0000] {logging_mixin.py:190} INFO - [2025-03-02T00:46:27.678+0000] {dagbag.py:588} INFO - Filling up the DagBag from /home/airflow/.local/lib/python3.12/site-packages/airflow/example_dags/example_workday_timetable.py
[2025-03-02T00:46:27.684+0000] {processor.py:925} INFO - DAG(s) 'example_workday_timetable' retrieved from /home/airflow/.local/lib/python3.12/site-packages/airflow/example_dags/example_workday_timetable.py
[2025-03-02T00:46:27.700+0000] {logging_mixin.py:190} INFO - [2025-03-02T00:46:27.699+0000] {dag.py:3239} INFO - Sync 1 DAGs
[2025-03-02T00:46:27.747+0000] {logging_mixin.py:190} INFO - [2025-03-02T00:46:27.747+0000] {dag.py:4180} INFO - Setting next_dagrun for example_workday_timetable to 2021-01-04 00:00:00+00:00, run_after=2021-01-05 00:00:00+00:00
[2025-03-02T00:46:27.760+0000] {processor.py:208} INFO - Processing /home/airflow/.local/lib/python3.12/site-packages/airflow/example_dags/example_workday_timetable.py took 0.088 seconds
[2025-03-02T00:46:58.264+0000] {processor.py:186} INFO - Started process (PID=237) to work on /home/airflow/.local/lib/python3.12/site-packages/airflow/example_dags/example_workday_timetable.py
[2025-03-02T00:46:58.264+0000] {processor.py:914} INFO - Processing file /home/airflow/.local/lib/python3.12/site-packages/airflow/example_dags/example_workday_timetable.py for tasks to queue
[2025-03-02T00:46:58.267+0000] {logging_mixin.py:190} INFO - [2025-03-02T00:46:58.267+0000] {dagbag.py:588} INFO - Filling up the DagBag from /home/airflow/.local/lib/python3.12/site-packages/airflow/example_dags/example_workday_timetable.py
[2025-03-02T00:46:58.271+0000] {processor.py:925} INFO - DAG(s) 'example_workday_timetable' retrieved from /home/airflow/.local/lib/python3.12/site-packages/airflow/example_dags/example_workday_timetable.py
[2025-03-02T00:46:58.286+0000] {logging_mixin.py:190} INFO - [2025-03-02T00:46:58.285+0000] {dag.py:3239} INFO - Sync 1 DAGs
[2025-03-02T00:46:58.333+0000] {logging_mixin.py:190} INFO - [2025-03-02T00:46:58.333+0000] {dag.py:4180} INFO - Setting next_dagrun for example_workday_timetable to 2021-01-04 00:00:00+00:00, run_after=2021-01-05 00:00:00+00:00
[2025-03-02T00:46:58.345+0000] {processor.py:208} INFO - Processing /home/airflow/.local/lib/python3.12/site-packages/airflow/example_dags/example_workday_timetable.py took 0.086 seconds
[2025-03-02T00:47:29.839+0000] {processor.py:186} INFO - Started process (PID=300) to work on /home/airflow/.local/lib/python3.12/site-packages/airflow/example_dags/example_workday_timetable.py
[2025-03-02T00:47:29.840+0000] {processor.py:914} INFO - Processing file /home/airflow/.local/lib/python3.12/site-packages/airflow/example_dags/example_workday_timetable.py for tasks to queue
[2025-03-02T00:47:29.841+0000] {logging_mixin.py:190} INFO - [2025-03-02T00:47:29.841+0000] {dagbag.py:588} INFO - Filling up the DagBag from /home/airflow/.local/lib/python3.12/site-packages/airflow/example_dags/example_workday_timetable.py
[2025-03-02T00:47:29.846+0000] {processor.py:925} INFO - DAG(s) 'example_workday_timetable' retrieved from /home/airflow/.local/lib/python3.12/site-packages/airflow/example_dags/example_workday_timetable.py
[2025-03-02T00:47:29.860+0000] {logging_mixin.py:190} INFO - [2025-03-02T00:47:29.860+0000] {dag.py:3239} INFO - Sync 1 DAGs
[2025-03-02T00:47:29.910+0000] {logging_mixin.py:190} INFO - [2025-03-02T00:47:29.909+0000] {dag.py:4180} INFO - Setting next_dagrun for example_workday_timetable to 2021-01-04 00:00:00+00:00, run_after=2021-01-05 00:00:00+00:00
[2025-03-02T00:47:29.922+0000] {processor.py:208} INFO - Processing /home/airflow/.local/lib/python3.12/site-packages/airflow/example_dags/example_workday_timetable.py took 0.087 seconds
[2025-03-02T00:48:00.907+0000] {processor.py:186} INFO - Started process (PID=363) to work on /home/airflow/.local/lib/python3.12/site-packages/airflow/example_dags/example_workday_timetable.py
[2025-03-02T00:48:00.908+0000] {processor.py:914} INFO - Processing file /home/airflow/.local/lib/python3.12/site-packages/airflow/example_dags/example_workday_timetable.py for tasks to queue
[2025-03-02T00:48:00.910+0000] {logging_mixin.py:190} INFO - [2025-03-02T00:48:00.910+0000] {dagbag.py:588} INFO - Filling up the DagBag from /home/airflow/.local/lib/python3.12/site-packages/airflow/example_dags/example_workday_timetable.py
[2025-03-02T00:48:00.916+0000] {processor.py:925} INFO - DAG(s) 'example_workday_timetable' retrieved from /home/airflow/.local/lib/python3.12/site-packages/airflow/example_dags/example_workday_timetable.py
[2025-03-02T00:48:00.935+0000] {logging_mixin.py:190} INFO - [2025-03-02T00:48:00.935+0000] {dag.py:3239} INFO - Sync 1 DAGs
[2025-03-02T00:48:00.984+0000] {logging_mixin.py:190} INFO - [2025-03-02T00:48:00.984+0000] {dag.py:4180} INFO - Setting next_dagrun for example_workday_timetable to 2021-01-04 00:00:00+00:00, run_after=2021-01-05 00:00:00+00:00
[2025-03-02T00:48:00.997+0000] {processor.py:208} INFO - Processing /home/airflow/.local/lib/python3.12/site-packages/airflow/example_dags/example_workday_timetable.py took 0.096 seconds
[2025-03-02T00:48:32.251+0000] {processor.py:186} INFO - Started process (PID=426) to work on /home/airflow/.local/lib/python3.12/site-packages/airflow/example_dags/example_workday_timetable.py
[2025-03-02T00:48:32.252+0000] {processor.py:914} INFO - Processing file /home/airflow/.local/lib/python3.12/site-packages/airflow/example_dags/example_workday_timetable.py for tasks to queue
[2025-03-02T00:48:32.253+0000] {logging_mixin.py:190} INFO - [2025-03-02T00:48:32.253+0000] {dagbag.py:588} INFO - Filling up the DagBag from /home/airflow/.local/lib/python3.12/site-packages/airflow/example_dags/example_workday_timetable.py
[2025-03-02T00:48:32.258+0000] {processor.py:925} INFO - DAG(s) 'example_workday_timetable' retrieved from /home/airflow/.local/lib/python3.12/site-packages/airflow/example_dags/example_workday_timetable.py
[2025-03-02T00:48:32.274+0000] {logging_mixin.py:190} INFO - [2025-03-02T00:48:32.274+0000] {dag.py:3239} INFO - Sync 1 DAGs
[2025-03-02T00:48:32.335+0000] {logging_mixin.py:190} INFO - [2025-03-02T00:48:32.335+0000] {dag.py:4180} INFO - Setting next_dagrun for example_workday_timetable to 2021-01-04 00:00:00+00:00, run_after=2021-01-05 00:00:00+00:00
[2025-03-02T00:48:32.349+0000] {processor.py:208} INFO - Processing /home/airflow/.local/lib/python3.12/site-packages/airflow/example_dags/example_workday_timetable.py took 0.102 seconds
[2025-03-02T00:49:03.329+0000] {processor.py:186} INFO - Started process (PID=490) to work on /home/airflow/.local/lib/python3.12/site-packages/airflow/example_dags/example_workday_timetable.py
[2025-03-02T00:49:03.329+0000] {processor.py:914} INFO - Processing file /home/airflow/.local/lib/python3.12/site-packages/airflow/example_dags/example_workday_timetable.py for tasks to queue
[2025-03-02T00:49:03.332+0000] {logging_mixin.py:190} INFO - [2025-03-02T00:49:03.331+0000] {dagbag.py:588} INFO - Filling up the DagBag from /home/airflow/.local/lib/python3.12/site-packages/airflow/example_dags/example_workday_timetable.py
[2025-03-02T00:49:03.337+0000] {processor.py:925} INFO - DAG(s) 'example_workday_timetable' retrieved from /home/airflow/.local/lib/python3.12/site-packages/airflow/example_dags/example_workday_timetable.py
[2025-03-02T00:49:03.356+0000] {logging_mixin.py:190} INFO - [2025-03-02T00:49:03.356+0000] {dag.py:3239} INFO - Sync 1 DAGs
[2025-03-02T00:49:03.432+0000] {logging_mixin.py:190} INFO - [2025-03-02T00:49:03.432+0000] {dag.py:4180} INFO - Setting next_dagrun for example_workday_timetable to 2021-01-04 00:00:00+00:00, run_after=2021-01-05 00:00:00+00:00
[2025-03-02T00:49:03.449+0000] {processor.py:208} INFO - Processing /home/airflow/.local/lib/python3.12/site-packages/airflow/example_dags/example_workday_timetable.py took 0.126 seconds
[2025-03-02T00:49:34.154+0000] {processor.py:186} INFO - Started process (PID=554) to work on /home/airflow/.local/lib/python3.12/site-packages/airflow/example_dags/example_workday_timetable.py
[2025-03-02T00:49:34.154+0000] {processor.py:914} INFO - Processing file /home/airflow/.local/lib/python3.12/site-packages/airflow/example_dags/example_workday_timetable.py for tasks to queue
[2025-03-02T00:49:34.157+0000] {logging_mixin.py:190} INFO - [2025-03-02T00:49:34.156+0000] {dagbag.py:588} INFO - Filling up the DagBag from /home/airflow/.local/lib/python3.12/site-packages/airflow/example_dags/example_workday_timetable.py
[2025-03-02T00:49:34.162+0000] {processor.py:925} INFO - DAG(s) 'example_workday_timetable' retrieved from /home/airflow/.local/lib/python3.12/site-packages/airflow/example_dags/example_workday_timetable.py
[2025-03-02T00:49:34.187+0000] {logging_mixin.py:190} INFO - [2025-03-02T00:49:34.187+0000] {dag.py:3239} INFO - Sync 1 DAGs
[2025-03-02T00:49:34.268+0000] {logging_mixin.py:190} INFO - [2025-03-02T00:49:34.267+0000] {dag.py:4180} INFO - Setting next_dagrun for example_workday_timetable to 2021-01-04 00:00:00+00:00, run_after=2021-01-05 00:00:00+00:00
[2025-03-02T00:49:34.286+0000] {processor.py:208} INFO - Processing /home/airflow/.local/lib/python3.12/site-packages/airflow/example_dags/example_workday_timetable.py took 0.138 seconds
[2025-03-02T00:50:04.699+0000] {processor.py:186} INFO - Started process (PID=616) to work on /home/airflow/.local/lib/python3.12/site-packages/airflow/example_dags/example_workday_timetable.py
[2025-03-02T00:50:04.700+0000] {processor.py:914} INFO - Processing file /home/airflow/.local/lib/python3.12/site-packages/airflow/example_dags/example_workday_timetable.py for tasks to queue
[2025-03-02T00:50:04.702+0000] {logging_mixin.py:190} INFO - [2025-03-02T00:50:04.701+0000] {dagbag.py:588} INFO - Filling up the DagBag from /home/airflow/.local/lib/python3.12/site-packages/airflow/example_dags/example_workday_timetable.py
[2025-03-02T00:50:04.706+0000] {processor.py:925} INFO - DAG(s) 'example_workday_timetable' retrieved from /home/airflow/.local/lib/python3.12/site-packages/airflow/example_dags/example_workday_timetable.py
[2025-03-02T00:50:04.721+0000] {logging_mixin.py:190} INFO - [2025-03-02T00:50:04.721+0000] {dag.py:3239} INFO - Sync 1 DAGs
[2025-03-02T00:50:04.771+0000] {logging_mixin.py:190} INFO - [2025-03-02T00:50:04.771+0000] {dag.py:4180} INFO - Setting next_dagrun for example_workday_timetable to 2021-01-04 00:00:00+00:00, run_after=2021-01-05 00:00:00+00:00
[2025-03-02T00:50:04.784+0000] {processor.py:208} INFO - Processing /home/airflow/.local/lib/python3.12/site-packages/airflow/example_dags/example_workday_timetable.py took 0.090 seconds
[2025-03-02T00:50:36.139+0000] {processor.py:186} INFO - Started process (PID=680) to work on /home/airflow/.local/lib/python3.12/site-packages/airflow/example_dags/example_workday_timetable.py
[2025-03-02T00:50:36.140+0000] {processor.py:914} INFO - Processing file /home/airflow/.local/lib/python3.12/site-packages/airflow/example_dags/example_workday_timetable.py for tasks to queue
[2025-03-02T00:50:36.143+0000] {logging_mixin.py:190} INFO - [2025-03-02T00:50:36.142+0000] {dagbag.py:588} INFO - Filling up the DagBag from /home/airflow/.local/lib/python3.12/site-packages/airflow/example_dags/example_workday_timetable.py
[2025-03-02T00:50:36.148+0000] {processor.py:925} INFO - DAG(s) 'example_workday_timetable' retrieved from /home/airflow/.local/lib/python3.12/site-packages/airflow/example_dags/example_workday_timetable.py
[2025-03-02T00:50:36.166+0000] {logging_mixin.py:190} INFO - [2025-03-02T00:50:36.166+0000] {dag.py:3239} INFO - Sync 1 DAGs
[2025-03-02T00:50:36.235+0000] {logging_mixin.py:190} INFO - [2025-03-02T00:50:36.234+0000] {dag.py:4180} INFO - Setting next_dagrun for example_workday_timetable to 2021-01-04 00:00:00+00:00, run_after=2021-01-05 00:00:00+00:00
[2025-03-02T00:50:36.251+0000] {processor.py:208} INFO - Processing /home/airflow/.local/lib/python3.12/site-packages/airflow/example_dags/example_workday_timetable.py took 0.118 seconds
[2025-03-02T00:51:07.232+0000] {processor.py:186} INFO - Started process (PID=744) to work on /home/airflow/.local/lib/python3.12/site-packages/airflow/example_dags/example_workday_timetable.py
[2025-03-02T00:51:07.232+0000] {processor.py:914} INFO - Processing file /home/airflow/.local/lib/python3.12/site-packages/airflow/example_dags/example_workday_timetable.py for tasks to queue
[2025-03-02T00:51:07.234+0000] {logging_mixin.py:190} INFO - [2025-03-02T00:51:07.234+0000] {dagbag.py:588} INFO - Filling up the DagBag from /home/airflow/.local/lib/python3.12/site-packages/airflow/example_dags/example_workday_timetable.py
[2025-03-02T00:51:07.240+0000] {processor.py:925} INFO - DAG(s) 'example_workday_timetable' retrieved from /home/airflow/.local/lib/python3.12/site-packages/airflow/example_dags/example_workday_timetable.py
[2025-03-02T00:51:07.259+0000] {logging_mixin.py:190} INFO - [2025-03-02T00:51:07.259+0000] {dag.py:3239} INFO - Sync 1 DAGs
[2025-03-02T00:51:07.326+0000] {logging_mixin.py:190} INFO - [2025-03-02T00:51:07.325+0000] {dag.py:4180} INFO - Setting next_dagrun for example_workday_timetable to 2021-01-04 00:00:00+00:00, run_after=2021-01-05 00:00:00+00:00
[2025-03-02T00:51:07.343+0000] {processor.py:208} INFO - Processing /home/airflow/.local/lib/python3.12/site-packages/airflow/example_dags/example_workday_timetable.py took 0.118 seconds
[2025-03-02T00:51:37.759+0000] {processor.py:186} INFO - Started process (PID=807) to work on /home/airflow/.local/lib/python3.12/site-packages/airflow/example_dags/example_workday_timetable.py
[2025-03-02T00:51:37.760+0000] {processor.py:914} INFO - Processing file /home/airflow/.local/lib/python3.12/site-packages/airflow/example_dags/example_workday_timetable.py for tasks to queue
[2025-03-02T00:51:37.761+0000] {logging_mixin.py:190} INFO - [2025-03-02T00:51:37.761+0000] {dagbag.py:588} INFO - Filling up the DagBag from /home/airflow/.local/lib/python3.12/site-packages/airflow/example_dags/example_workday_timetable.py
[2025-03-02T00:51:37.766+0000] {processor.py:925} INFO - DAG(s) 'example_workday_timetable' retrieved from /home/airflow/.local/lib/python3.12/site-packages/airflow/example_dags/example_workday_timetable.py
[2025-03-02T00:51:37.781+0000] {logging_mixin.py:190} INFO - [2025-03-02T00:51:37.780+0000] {dag.py:3239} INFO - Sync 1 DAGs
[2025-03-02T00:51:37.840+0000] {logging_mixin.py:190} INFO - [2025-03-02T00:51:37.840+0000] {dag.py:4180} INFO - Setting next_dagrun for example_workday_timetable to 2021-01-04 00:00:00+00:00, run_after=2021-01-05 00:00:00+00:00
[2025-03-02T00:51:37.853+0000] {processor.py:208} INFO - Processing /home/airflow/.local/lib/python3.12/site-packages/airflow/example_dags/example_workday_timetable.py took 0.099 seconds
[2025-03-02T00:52:08.519+0000] {processor.py:186} INFO - Started process (PID=871) to work on /home/airflow/.local/lib/python3.12/site-packages/airflow/example_dags/example_workday_timetable.py
[2025-03-02T00:52:08.519+0000] {processor.py:914} INFO - Processing file /home/airflow/.local/lib/python3.12/site-packages/airflow/example_dags/example_workday_timetable.py for tasks to queue
[2025-03-02T00:52:08.521+0000] {logging_mixin.py:190} INFO - [2025-03-02T00:52:08.521+0000] {dagbag.py:588} INFO - Filling up the DagBag from /home/airflow/.local/lib/python3.12/site-packages/airflow/example_dags/example_workday_timetable.py
[2025-03-02T00:52:08.526+0000] {processor.py:925} INFO - DAG(s) 'example_workday_timetable' retrieved from /home/airflow/.local/lib/python3.12/site-packages/airflow/example_dags/example_workday_timetable.py
[2025-03-02T00:52:08.541+0000] {logging_mixin.py:190} INFO - [2025-03-02T00:52:08.541+0000] {dag.py:3239} INFO - Sync 1 DAGs
[2025-03-02T00:52:08.611+0000] {logging_mixin.py:190} INFO - [2025-03-02T00:52:08.610+0000] {dag.py:4180} INFO - Setting next_dagrun for example_workday_timetable to 2021-01-04 00:00:00+00:00, run_after=2021-01-05 00:00:00+00:00
[2025-03-02T00:52:08.626+0000] {processor.py:208} INFO - Processing /home/airflow/.local/lib/python3.12/site-packages/airflow/example_dags/example_workday_timetable.py took 0.112 seconds
[2025-03-02T00:52:39.440+0000] {processor.py:186} INFO - Started process (PID=936) to work on /home/airflow/.local/lib/python3.12/site-packages/airflow/example_dags/example_workday_timetable.py
[2025-03-02T00:52:39.441+0000] {processor.py:914} INFO - Processing file /home/airflow/.local/lib/python3.12/site-packages/airflow/example_dags/example_workday_timetable.py for tasks to queue
[2025-03-02T00:52:39.443+0000] {logging_mixin.py:190} INFO - [2025-03-02T00:52:39.442+0000] {dagbag.py:588} INFO - Filling up the DagBag from /home/airflow/.local/lib/python3.12/site-packages/airflow/example_dags/example_workday_timetable.py
[2025-03-02T00:52:39.447+0000] {processor.py:925} INFO - DAG(s) 'example_workday_timetable' retrieved from /home/airflow/.local/lib/python3.12/site-packages/airflow/example_dags/example_workday_timetable.py
[2025-03-02T00:52:39.464+0000] {logging_mixin.py:190} INFO - [2025-03-02T00:52:39.463+0000] {dag.py:3239} INFO - Sync 1 DAGs
[2025-03-02T00:52:39.517+0000] {logging_mixin.py:190} INFO - [2025-03-02T00:52:39.516+0000] {dag.py:4180} INFO - Setting next_dagrun for example_workday_timetable to 2021-01-04 00:00:00+00:00, run_after=2021-01-05 00:00:00+00:00
[2025-03-02T00:52:39.530+0000] {processor.py:208} INFO - Processing /home/airflow/.local/lib/python3.12/site-packages/airflow/example_dags/example_workday_timetable.py took 0.094 seconds
[2025-03-02T00:53:09.926+0000] {processor.py:186} INFO - Started process (PID=1000) to work on /home/airflow/.local/lib/python3.12/site-packages/airflow/example_dags/example_workday_timetable.py
[2025-03-02T00:53:09.926+0000] {processor.py:914} INFO - Processing file /home/airflow/.local/lib/python3.12/site-packages/airflow/example_dags/example_workday_timetable.py for tasks to queue
[2025-03-02T00:53:09.928+0000] {logging_mixin.py:190} INFO - [2025-03-02T00:53:09.928+0000] {dagbag.py:588} INFO - Filling up the DagBag from /home/airflow/.local/lib/python3.12/site-packages/airflow/example_dags/example_workday_timetable.py
[2025-03-02T00:53:09.932+0000] {processor.py:925} INFO - DAG(s) 'example_workday_timetable' retrieved from /home/airflow/.local/lib/python3.12/site-packages/airflow/example_dags/example_workday_timetable.py
[2025-03-02T00:53:09.946+0000] {logging_mixin.py:190} INFO - [2025-03-02T00:53:09.946+0000] {dag.py:3239} INFO - Sync 1 DAGs
[2025-03-02T00:53:09.994+0000] {logging_mixin.py:190} INFO - [2025-03-02T00:53:09.994+0000] {dag.py:4180} INFO - Setting next_dagrun for example_workday_timetable to 2021-01-04 00:00:00+00:00, run_after=2021-01-05 00:00:00+00:00
[2025-03-02T00:53:10.011+0000] {processor.py:208} INFO - Processing /home/airflow/.local/lib/python3.12/site-packages/airflow/example_dags/example_workday_timetable.py took 0.090 seconds
[2025-03-02T00:53:40.522+0000] {processor.py:186} INFO - Started process (PID=1063) to work on /home/airflow/.local/lib/python3.12/site-packages/airflow/example_dags/example_workday_timetable.py
[2025-03-02T00:53:40.523+0000] {processor.py:914} INFO - Processing file /home/airflow/.local/lib/python3.12/site-packages/airflow/example_dags/example_workday_timetable.py for tasks to queue
[2025-03-02T00:53:40.524+0000] {logging_mixin.py:190} INFO - [2025-03-02T00:53:40.524+0000] {dagbag.py:588} INFO - Filling up the DagBag from /home/airflow/.local/lib/python3.12/site-packages/airflow/example_dags/example_workday_timetable.py
[2025-03-02T00:53:40.529+0000] {processor.py:925} INFO - DAG(s) 'example_workday_timetable' retrieved from /home/airflow/.local/lib/python3.12/site-packages/airflow/example_dags/example_workday_timetable.py
[2025-03-02T00:53:40.544+0000] {logging_mixin.py:190} INFO - [2025-03-02T00:53:40.544+0000] {dag.py:3239} INFO - Sync 1 DAGs
[2025-03-02T00:53:40.597+0000] {logging_mixin.py:190} INFO - [2025-03-02T00:53:40.596+0000] {dag.py:4180} INFO - Setting next_dagrun for example_workday_timetable to 2021-01-04 00:00:00+00:00, run_after=2021-01-05 00:00:00+00:00
[2025-03-02T00:53:40.610+0000] {processor.py:208} INFO - Processing /home/airflow/.local/lib/python3.12/site-packages/airflow/example_dags/example_workday_timetable.py took 0.093 seconds
[2025-03-02T00:54:11.574+0000] {processor.py:186} INFO - Started process (PID=1128) to work on /home/airflow/.local/lib/python3.12/site-packages/airflow/example_dags/example_workday_timetable.py
[2025-03-02T00:54:11.574+0000] {processor.py:914} INFO - Processing file /home/airflow/.local/lib/python3.12/site-packages/airflow/example_dags/example_workday_timetable.py for tasks to queue
[2025-03-02T00:54:11.576+0000] {logging_mixin.py:190} INFO - [2025-03-02T00:54:11.576+0000] {dagbag.py:588} INFO - Filling up the DagBag from /home/airflow/.local/lib/python3.12/site-packages/airflow/example_dags/example_workday_timetable.py
[2025-03-02T00:54:11.580+0000] {processor.py:925} INFO - DAG(s) 'example_workday_timetable' retrieved from /home/airflow/.local/lib/python3.12/site-packages/airflow/example_dags/example_workday_timetable.py
[2025-03-02T00:54:11.595+0000] {logging_mixin.py:190} INFO - [2025-03-02T00:54:11.595+0000] {dag.py:3239} INFO - Sync 1 DAGs
[2025-03-02T00:54:11.644+0000] {logging_mixin.py:190} INFO - [2025-03-02T00:54:11.644+0000] {dag.py:4180} INFO - Setting next_dagrun for example_workday_timetable to 2021-01-04 00:00:00+00:00, run_after=2021-01-05 00:00:00+00:00
[2025-03-02T00:54:11.661+0000] {processor.py:208} INFO - Processing /home/airflow/.local/lib/python3.12/site-packages/airflow/example_dags/example_workday_timetable.py took 0.092 seconds
[2025-03-02T00:54:42.386+0000] {processor.py:186} INFO - Started process (PID=1191) to work on /home/airflow/.local/lib/python3.12/site-packages/airflow/example_dags/example_workday_timetable.py
[2025-03-02T00:54:42.387+0000] {processor.py:914} INFO - Processing file /home/airflow/.local/lib/python3.12/site-packages/airflow/example_dags/example_workday_timetable.py for tasks to queue
[2025-03-02T00:54:42.388+0000] {logging_mixin.py:190} INFO - [2025-03-02T00:54:42.388+0000] {dagbag.py:588} INFO - Filling up the DagBag from /home/airflow/.local/lib/python3.12/site-packages/airflow/example_dags/example_workday_timetable.py
[2025-03-02T00:54:42.393+0000] {processor.py:925} INFO - DAG(s) 'example_workday_timetable' retrieved from /home/airflow/.local/lib/python3.12/site-packages/airflow/example_dags/example_workday_timetable.py
[2025-03-02T00:54:42.407+0000] {logging_mixin.py:190} INFO - [2025-03-02T00:54:42.407+0000] {dag.py:3239} INFO - Sync 1 DAGs
[2025-03-02T00:54:42.458+0000] {logging_mixin.py:190} INFO - [2025-03-02T00:54:42.457+0000] {dag.py:4180} INFO - Setting next_dagrun for example_workday_timetable to 2021-01-04 00:00:00+00:00, run_after=2021-01-05 00:00:00+00:00
[2025-03-02T00:54:42.471+0000] {processor.py:208} INFO - Processing /home/airflow/.local/lib/python3.12/site-packages/airflow/example_dags/example_workday_timetable.py took 0.089 seconds
