[2025-03-02T00:45:49.242+0000] {processor.py:186} INFO - Started process (PID=76) to work on /home/airflow/.local/lib/python3.12/site-packages/airflow/example_dags/example_external_task_marker_dag.py
[2025-03-02T00:45:49.243+0000] {processor.py:914} INFO - Processing file /home/airflow/.local/lib/python3.12/site-packages/airflow/example_dags/example_external_task_marker_dag.py for tasks to queue
[2025-03-02T00:45:49.251+0000] {logging_mixin.py:190} INFO - [2025-03-02T00:45:49.251+0000] {dagbag.py:588} INFO - Filling up the DagBag from /home/airflow/.local/lib/python3.12/site-packages/airflow/example_dags/example_external_task_marker_dag.py
[2025-03-02T00:45:49.273+0000] {processor.py:925} INFO - DAG(s) 'example_external_task_marker_parent', 'example_external_task_marker_child' retrieved from /home/airflow/.local/lib/python3.12/site-packages/airflow/example_dags/example_external_task_marker_dag.py
[2025-03-02T00:45:49.533+0000] {logging_mixin.py:190} INFO - [2025-03-02T00:45:49.532+0000] {override.py:1911} INFO - Created Permission View: can edit on DAG:example_external_task_marker_parent
[2025-03-02T00:45:49.542+0000] {logging_mixin.py:190} INFO - [2025-03-02T00:45:49.542+0000] {override.py:1911} INFO - Created Permission View: can read on DAG:example_external_task_marker_parent
[2025-03-02T00:45:49.548+0000] {logging_mixin.py:190} INFO - [2025-03-02T00:45:49.548+0000] {override.py:1911} INFO - Created Permission View: can delete on DAG:example_external_task_marker_parent
[2025-03-02T00:45:49.554+0000] {logging_mixin.py:190} INFO - [2025-03-02T00:45:49.553+0000] {override.py:1911} INFO - Created Permission View: menu access on DAG Run:example_external_task_marker_parent
[2025-03-02T00:45:49.559+0000] {logging_mixin.py:190} INFO - [2025-03-02T00:45:49.559+0000] {override.py:1911} INFO - Created Permission View: can read on DAG Run:example_external_task_marker_parent
[2025-03-02T00:45:49.565+0000] {logging_mixin.py:190} INFO - [2025-03-02T00:45:49.564+0000] {override.py:1911} INFO - Created Permission View: can delete on DAG Run:example_external_task_marker_parent
[2025-03-02T00:45:49.570+0000] {logging_mixin.py:190} INFO - [2025-03-02T00:45:49.570+0000] {override.py:1911} INFO - Created Permission View: can create on DAG Run:example_external_task_marker_parent
[2025-03-02T00:45:49.583+0000] {logging_mixin.py:190} INFO - [2025-03-02T00:45:49.582+0000] {override.py:1911} INFO - Created Permission View: can edit on DAG:example_external_task_marker_child
[2025-03-02T00:45:49.588+0000] {logging_mixin.py:190} INFO - [2025-03-02T00:45:49.588+0000] {override.py:1911} INFO - Created Permission View: can read on DAG:example_external_task_marker_child
[2025-03-02T00:45:49.593+0000] {logging_mixin.py:190} INFO - [2025-03-02T00:45:49.593+0000] {override.py:1911} INFO - Created Permission View: can delete on DAG:example_external_task_marker_child
[2025-03-02T00:45:49.598+0000] {logging_mixin.py:190} INFO - [2025-03-02T00:45:49.598+0000] {override.py:1911} INFO - Created Permission View: menu access on DAG Run:example_external_task_marker_child
[2025-03-02T00:45:49.604+0000] {logging_mixin.py:190} INFO - [2025-03-02T00:45:49.604+0000] {override.py:1911} INFO - Created Permission View: can read on DAG Run:example_external_task_marker_child
[2025-03-02T00:45:49.609+0000] {logging_mixin.py:190} INFO - [2025-03-02T00:45:49.609+0000] {override.py:1911} INFO - Created Permission View: can delete on DAG Run:example_external_task_marker_child
[2025-03-02T00:45:49.614+0000] {logging_mixin.py:190} INFO - [2025-03-02T00:45:49.614+0000] {override.py:1911} INFO - Created Permission View: can create on DAG Run:example_external_task_marker_child
[2025-03-02T00:45:49.615+0000] {logging_mixin.py:190} INFO - [2025-03-02T00:45:49.614+0000] {dag.py:3239} INFO - Sync 2 DAGs
[2025-03-02T00:45:49.629+0000] {logging_mixin.py:190} INFO - [2025-03-02T00:45:49.628+0000] {dag.py:3262} INFO - Creating ORM DAG for example_external_task_marker_parent
[2025-03-02T00:45:49.629+0000] {logging_mixin.py:190} INFO - [2025-03-02T00:45:49.629+0000] {dag.py:3262} INFO - Creating ORM DAG for example_external_task_marker_child
[2025-03-02T00:45:49.630+0000] {logging_mixin.py:190} INFO - [2025-03-02T00:45:49.630+0000] {dag.py:4180} INFO - Setting next_dagrun for example_external_task_marker_child to None, run_after=None
[2025-03-02T00:45:49.631+0000] {logging_mixin.py:190} INFO - [2025-03-02T00:45:49.630+0000] {dag.py:4180} INFO - Setting next_dagrun for example_external_task_marker_parent to None, run_after=None
[2025-03-02T00:45:49.647+0000] {processor.py:208} INFO - Processing /home/airflow/.local/lib/python3.12/site-packages/airflow/example_dags/example_external_task_marker_dag.py took 0.431 seconds
[2025-03-02T00:46:19.793+0000] {processor.py:186} INFO - Started process (PID=140) to work on /home/airflow/.local/lib/python3.12/site-packages/airflow/example_dags/example_external_task_marker_dag.py
[2025-03-02T00:46:19.794+0000] {processor.py:914} INFO - Processing file /home/airflow/.local/lib/python3.12/site-packages/airflow/example_dags/example_external_task_marker_dag.py for tasks to queue
[2025-03-02T00:46:19.796+0000] {logging_mixin.py:190} INFO - [2025-03-02T00:46:19.796+0000] {dagbag.py:588} INFO - Filling up the DagBag from /home/airflow/.local/lib/python3.12/site-packages/airflow/example_dags/example_external_task_marker_dag.py
[2025-03-02T00:46:19.803+0000] {processor.py:925} INFO - DAG(s) 'example_external_task_marker_child', 'example_external_task_marker_parent' retrieved from /home/airflow/.local/lib/python3.12/site-packages/airflow/example_dags/example_external_task_marker_dag.py
[2025-03-02T00:46:19.820+0000] {logging_mixin.py:190} INFO - [2025-03-02T00:46:19.820+0000] {dag.py:3239} INFO - Sync 2 DAGs
[2025-03-02T00:46:19.832+0000] {logging_mixin.py:190} INFO - [2025-03-02T00:46:19.832+0000] {dag.py:4180} INFO - Setting next_dagrun for example_external_task_marker_child to None, run_after=None
[2025-03-02T00:46:19.835+0000] {logging_mixin.py:190} INFO - [2025-03-02T00:46:19.835+0000] {dag.py:4180} INFO - Setting next_dagrun for example_external_task_marker_parent to None, run_after=None
[2025-03-02T00:46:19.847+0000] {processor.py:208} INFO - Processing /home/airflow/.local/lib/python3.12/site-packages/airflow/example_dags/example_external_task_marker_dag.py took 0.060 seconds
[2025-03-02T00:46:50.615+0000] {processor.py:186} INFO - Started process (PID=203) to work on /home/airflow/.local/lib/python3.12/site-packages/airflow/example_dags/example_external_task_marker_dag.py
[2025-03-02T00:46:50.615+0000] {processor.py:914} INFO - Processing file /home/airflow/.local/lib/python3.12/site-packages/airflow/example_dags/example_external_task_marker_dag.py for tasks to queue
[2025-03-02T00:46:50.617+0000] {logging_mixin.py:190} INFO - [2025-03-02T00:46:50.617+0000] {dagbag.py:588} INFO - Filling up the DagBag from /home/airflow/.local/lib/python3.12/site-packages/airflow/example_dags/example_external_task_marker_dag.py
[2025-03-02T00:46:50.624+0000] {processor.py:925} INFO - DAG(s) 'example_external_task_marker_parent', 'example_external_task_marker_child' retrieved from /home/airflow/.local/lib/python3.12/site-packages/airflow/example_dags/example_external_task_marker_dag.py
[2025-03-02T00:46:50.642+0000] {logging_mixin.py:190} INFO - [2025-03-02T00:46:50.642+0000] {dag.py:3239} INFO - Sync 2 DAGs
[2025-03-02T00:46:50.656+0000] {logging_mixin.py:190} INFO - [2025-03-02T00:46:50.656+0000] {dag.py:4180} INFO - Setting next_dagrun for example_external_task_marker_child to None, run_after=None
[2025-03-02T00:46:50.659+0000] {logging_mixin.py:190} INFO - [2025-03-02T00:46:50.658+0000] {dag.py:4180} INFO - Setting next_dagrun for example_external_task_marker_parent to None, run_after=None
[2025-03-02T00:46:50.672+0000] {processor.py:208} INFO - Processing /home/airflow/.local/lib/python3.12/site-packages/airflow/example_dags/example_external_task_marker_dag.py took 0.062 seconds
[2025-03-02T00:47:20.827+0000] {processor.py:186} INFO - Started process (PID=266) to work on /home/airflow/.local/lib/python3.12/site-packages/airflow/example_dags/example_external_task_marker_dag.py
[2025-03-02T00:47:20.827+0000] {processor.py:914} INFO - Processing file /home/airflow/.local/lib/python3.12/site-packages/airflow/example_dags/example_external_task_marker_dag.py for tasks to queue
[2025-03-02T00:47:20.829+0000] {logging_mixin.py:190} INFO - [2025-03-02T00:47:20.829+0000] {dagbag.py:588} INFO - Filling up the DagBag from /home/airflow/.local/lib/python3.12/site-packages/airflow/example_dags/example_external_task_marker_dag.py
[2025-03-02T00:47:20.835+0000] {processor.py:925} INFO - DAG(s) 'example_external_task_marker_child', 'example_external_task_marker_parent' retrieved from /home/airflow/.local/lib/python3.12/site-packages/airflow/example_dags/example_external_task_marker_dag.py
[2025-03-02T00:47:20.852+0000] {logging_mixin.py:190} INFO - [2025-03-02T00:47:20.851+0000] {dag.py:3239} INFO - Sync 2 DAGs
[2025-03-02T00:47:20.863+0000] {logging_mixin.py:190} INFO - [2025-03-02T00:47:20.863+0000] {dag.py:4180} INFO - Setting next_dagrun for example_external_task_marker_child to None, run_after=None
[2025-03-02T00:47:20.865+0000] {logging_mixin.py:190} INFO - [2025-03-02T00:47:20.865+0000] {dag.py:4180} INFO - Setting next_dagrun for example_external_task_marker_parent to None, run_after=None
[2025-03-02T00:47:20.876+0000] {processor.py:208} INFO - Processing /home/airflow/.local/lib/python3.12/site-packages/airflow/example_dags/example_external_task_marker_dag.py took 0.053 seconds
[2025-03-02T00:47:51.014+0000] {processor.py:186} INFO - Started process (PID=329) to work on /home/airflow/.local/lib/python3.12/site-packages/airflow/example_dags/example_external_task_marker_dag.py
[2025-03-02T00:47:51.015+0000] {processor.py:914} INFO - Processing file /home/airflow/.local/lib/python3.12/site-packages/airflow/example_dags/example_external_task_marker_dag.py for tasks to queue
[2025-03-02T00:47:51.017+0000] {logging_mixin.py:190} INFO - [2025-03-02T00:47:51.017+0000] {dagbag.py:588} INFO - Filling up the DagBag from /home/airflow/.local/lib/python3.12/site-packages/airflow/example_dags/example_external_task_marker_dag.py
[2025-03-02T00:47:51.024+0000] {processor.py:925} INFO - DAG(s) 'example_external_task_marker_child', 'example_external_task_marker_parent' retrieved from /home/airflow/.local/lib/python3.12/site-packages/airflow/example_dags/example_external_task_marker_dag.py
[2025-03-02T00:47:51.041+0000] {logging_mixin.py:190} INFO - [2025-03-02T00:47:51.041+0000] {dag.py:3239} INFO - Sync 2 DAGs
[2025-03-02T00:47:51.052+0000] {logging_mixin.py:190} INFO - [2025-03-02T00:47:51.052+0000] {dag.py:4180} INFO - Setting next_dagrun for example_external_task_marker_child to None, run_after=None
[2025-03-02T00:47:51.055+0000] {logging_mixin.py:190} INFO - [2025-03-02T00:47:51.055+0000] {dag.py:4180} INFO - Setting next_dagrun for example_external_task_marker_parent to None, run_after=None
[2025-03-02T00:47:51.069+0000] {processor.py:208} INFO - Processing /home/airflow/.local/lib/python3.12/site-packages/airflow/example_dags/example_external_task_marker_dag.py took 0.060 seconds
[2025-03-02T00:48:21.131+0000] {processor.py:186} INFO - Started process (PID=392) to work on /home/airflow/.local/lib/python3.12/site-packages/airflow/example_dags/example_external_task_marker_dag.py
[2025-03-02T00:48:21.132+0000] {processor.py:914} INFO - Processing file /home/airflow/.local/lib/python3.12/site-packages/airflow/example_dags/example_external_task_marker_dag.py for tasks to queue
[2025-03-02T00:48:21.133+0000] {logging_mixin.py:190} INFO - [2025-03-02T00:48:21.133+0000] {dagbag.py:588} INFO - Filling up the DagBag from /home/airflow/.local/lib/python3.12/site-packages/airflow/example_dags/example_external_task_marker_dag.py
[2025-03-02T00:48:21.139+0000] {processor.py:925} INFO - DAG(s) 'example_external_task_marker_parent', 'example_external_task_marker_child' retrieved from /home/airflow/.local/lib/python3.12/site-packages/airflow/example_dags/example_external_task_marker_dag.py
[2025-03-02T00:48:21.156+0000] {logging_mixin.py:190} INFO - [2025-03-02T00:48:21.156+0000] {dag.py:3239} INFO - Sync 2 DAGs
[2025-03-02T00:48:21.167+0000] {logging_mixin.py:190} INFO - [2025-03-02T00:48:21.167+0000] {dag.py:4180} INFO - Setting next_dagrun for example_external_task_marker_child to None, run_after=None
[2025-03-02T00:48:21.170+0000] {logging_mixin.py:190} INFO - [2025-03-02T00:48:21.170+0000] {dag.py:4180} INFO - Setting next_dagrun for example_external_task_marker_parent to None, run_after=None
[2025-03-02T00:48:21.181+0000] {processor.py:208} INFO - Processing /home/airflow/.local/lib/python3.12/site-packages/airflow/example_dags/example_external_task_marker_dag.py took 0.054 seconds
[2025-03-02T00:48:51.365+0000] {processor.py:186} INFO - Started process (PID=456) to work on /home/airflow/.local/lib/python3.12/site-packages/airflow/example_dags/example_external_task_marker_dag.py
[2025-03-02T00:48:51.365+0000] {processor.py:914} INFO - Processing file /home/airflow/.local/lib/python3.12/site-packages/airflow/example_dags/example_external_task_marker_dag.py for tasks to queue
[2025-03-02T00:48:51.367+0000] {logging_mixin.py:190} INFO - [2025-03-02T00:48:51.367+0000] {dagbag.py:588} INFO - Filling up the DagBag from /home/airflow/.local/lib/python3.12/site-packages/airflow/example_dags/example_external_task_marker_dag.py
[2025-03-02T00:48:51.373+0000] {processor.py:925} INFO - DAG(s) 'example_external_task_marker_child', 'example_external_task_marker_parent' retrieved from /home/airflow/.local/lib/python3.12/site-packages/airflow/example_dags/example_external_task_marker_dag.py
[2025-03-02T00:48:51.390+0000] {logging_mixin.py:190} INFO - [2025-03-02T00:48:51.390+0000] {dag.py:3239} INFO - Sync 2 DAGs
[2025-03-02T00:48:51.402+0000] {logging_mixin.py:190} INFO - [2025-03-02T00:48:51.402+0000] {dag.py:4180} INFO - Setting next_dagrun for example_external_task_marker_child to None, run_after=None
[2025-03-02T00:48:51.405+0000] {logging_mixin.py:190} INFO - [2025-03-02T00:48:51.405+0000] {dag.py:4180} INFO - Setting next_dagrun for example_external_task_marker_parent to None, run_after=None
[2025-03-02T00:48:51.416+0000] {processor.py:208} INFO - Processing /home/airflow/.local/lib/python3.12/site-packages/airflow/example_dags/example_external_task_marker_dag.py took 0.055 seconds
[2025-03-02T00:49:21.512+0000] {processor.py:186} INFO - Started process (PID=520) to work on /home/airflow/.local/lib/python3.12/site-packages/airflow/example_dags/example_external_task_marker_dag.py
[2025-03-02T00:49:21.513+0000] {processor.py:914} INFO - Processing file /home/airflow/.local/lib/python3.12/site-packages/airflow/example_dags/example_external_task_marker_dag.py for tasks to queue
[2025-03-02T00:49:21.514+0000] {logging_mixin.py:190} INFO - [2025-03-02T00:49:21.514+0000] {dagbag.py:588} INFO - Filling up the DagBag from /home/airflow/.local/lib/python3.12/site-packages/airflow/example_dags/example_external_task_marker_dag.py
[2025-03-02T00:49:21.521+0000] {processor.py:925} INFO - DAG(s) 'example_external_task_marker_parent', 'example_external_task_marker_child' retrieved from /home/airflow/.local/lib/python3.12/site-packages/airflow/example_dags/example_external_task_marker_dag.py
[2025-03-02T00:49:21.539+0000] {logging_mixin.py:190} INFO - [2025-03-02T00:49:21.539+0000] {dag.py:3239} INFO - Sync 2 DAGs
[2025-03-02T00:49:21.552+0000] {logging_mixin.py:190} INFO - [2025-03-02T00:49:21.551+0000] {dag.py:4180} INFO - Setting next_dagrun for example_external_task_marker_child to None, run_after=None
[2025-03-02T00:49:21.554+0000] {logging_mixin.py:190} INFO - [2025-03-02T00:49:21.554+0000] {dag.py:4180} INFO - Setting next_dagrun for example_external_task_marker_parent to None, run_after=None
[2025-03-02T00:49:21.565+0000] {processor.py:208} INFO - Processing /home/airflow/.local/lib/python3.12/site-packages/airflow/example_dags/example_external_task_marker_dag.py took 0.057 seconds
[2025-03-02T00:49:52.038+0000] {processor.py:186} INFO - Started process (PID=583) to work on /home/airflow/.local/lib/python3.12/site-packages/airflow/example_dags/example_external_task_marker_dag.py
[2025-03-02T00:49:52.039+0000] {processor.py:914} INFO - Processing file /home/airflow/.local/lib/python3.12/site-packages/airflow/example_dags/example_external_task_marker_dag.py for tasks to queue
[2025-03-02T00:49:52.041+0000] {logging_mixin.py:190} INFO - [2025-03-02T00:49:52.041+0000] {dagbag.py:588} INFO - Filling up the DagBag from /home/airflow/.local/lib/python3.12/site-packages/airflow/example_dags/example_external_task_marker_dag.py
[2025-03-02T00:49:52.048+0000] {processor.py:925} INFO - DAG(s) 'example_external_task_marker_child', 'example_external_task_marker_parent' retrieved from /home/airflow/.local/lib/python3.12/site-packages/airflow/example_dags/example_external_task_marker_dag.py
[2025-03-02T00:49:52.068+0000] {logging_mixin.py:190} INFO - [2025-03-02T00:49:52.068+0000] {dag.py:3239} INFO - Sync 2 DAGs
[2025-03-02T00:49:52.083+0000] {logging_mixin.py:190} INFO - [2025-03-02T00:49:52.083+0000] {dag.py:4180} INFO - Setting next_dagrun for example_external_task_marker_child to None, run_after=None
[2025-03-02T00:49:52.086+0000] {logging_mixin.py:190} INFO - [2025-03-02T00:49:52.086+0000] {dag.py:4180} INFO - Setting next_dagrun for example_external_task_marker_parent to None, run_after=None
[2025-03-02T00:49:52.099+0000] {processor.py:208} INFO - Processing /home/airflow/.local/lib/python3.12/site-packages/airflow/example_dags/example_external_task_marker_dag.py took 0.066 seconds
[2025-03-02T00:50:22.598+0000] {processor.py:186} INFO - Started process (PID=646) to work on /home/airflow/.local/lib/python3.12/site-packages/airflow/example_dags/example_external_task_marker_dag.py
[2025-03-02T00:50:22.599+0000] {processor.py:914} INFO - Processing file /home/airflow/.local/lib/python3.12/site-packages/airflow/example_dags/example_external_task_marker_dag.py for tasks to queue
[2025-03-02T00:50:22.600+0000] {logging_mixin.py:190} INFO - [2025-03-02T00:50:22.600+0000] {dagbag.py:588} INFO - Filling up the DagBag from /home/airflow/.local/lib/python3.12/site-packages/airflow/example_dags/example_external_task_marker_dag.py
[2025-03-02T00:50:22.607+0000] {processor.py:925} INFO - DAG(s) 'example_external_task_marker_parent', 'example_external_task_marker_child' retrieved from /home/airflow/.local/lib/python3.12/site-packages/airflow/example_dags/example_external_task_marker_dag.py
[2025-03-02T00:50:22.623+0000] {logging_mixin.py:190} INFO - [2025-03-02T00:50:22.623+0000] {dag.py:3239} INFO - Sync 2 DAGs
[2025-03-02T00:50:22.634+0000] {logging_mixin.py:190} INFO - [2025-03-02T00:50:22.634+0000] {dag.py:4180} INFO - Setting next_dagrun for example_external_task_marker_child to None, run_after=None
[2025-03-02T00:50:22.637+0000] {logging_mixin.py:190} INFO - [2025-03-02T00:50:22.637+0000] {dag.py:4180} INFO - Setting next_dagrun for example_external_task_marker_parent to None, run_after=None
[2025-03-02T00:50:22.648+0000] {processor.py:208} INFO - Processing /home/airflow/.local/lib/python3.12/site-packages/airflow/example_dags/example_external_task_marker_dag.py took 0.054 seconds
[2025-03-02T00:50:52.952+0000] {processor.py:186} INFO - Started process (PID=710) to work on /home/airflow/.local/lib/python3.12/site-packages/airflow/example_dags/example_external_task_marker_dag.py
[2025-03-02T00:50:52.952+0000] {processor.py:914} INFO - Processing file /home/airflow/.local/lib/python3.12/site-packages/airflow/example_dags/example_external_task_marker_dag.py for tasks to queue
[2025-03-02T00:50:52.954+0000] {logging_mixin.py:190} INFO - [2025-03-02T00:50:52.953+0000] {dagbag.py:588} INFO - Filling up the DagBag from /home/airflow/.local/lib/python3.12/site-packages/airflow/example_dags/example_external_task_marker_dag.py
[2025-03-02T00:50:52.960+0000] {processor.py:925} INFO - DAG(s) 'example_external_task_marker_child', 'example_external_task_marker_parent' retrieved from /home/airflow/.local/lib/python3.12/site-packages/airflow/example_dags/example_external_task_marker_dag.py
[2025-03-02T00:50:52.977+0000] {logging_mixin.py:190} INFO - [2025-03-02T00:50:52.977+0000] {dag.py:3239} INFO - Sync 2 DAGs
[2025-03-02T00:50:52.989+0000] {logging_mixin.py:190} INFO - [2025-03-02T00:50:52.989+0000] {dag.py:4180} INFO - Setting next_dagrun for example_external_task_marker_child to None, run_after=None
[2025-03-02T00:50:52.993+0000] {logging_mixin.py:190} INFO - [2025-03-02T00:50:52.993+0000] {dag.py:4180} INFO - Setting next_dagrun for example_external_task_marker_parent to None, run_after=None
[2025-03-02T00:50:53.005+0000] {processor.py:208} INFO - Processing /home/airflow/.local/lib/python3.12/site-packages/airflow/example_dags/example_external_task_marker_dag.py took 0.058 seconds
[2025-03-02T00:51:23.218+0000] {processor.py:186} INFO - Started process (PID=774) to work on /home/airflow/.local/lib/python3.12/site-packages/airflow/example_dags/example_external_task_marker_dag.py
[2025-03-02T00:51:23.219+0000] {processor.py:914} INFO - Processing file /home/airflow/.local/lib/python3.12/site-packages/airflow/example_dags/example_external_task_marker_dag.py for tasks to queue
[2025-03-02T00:51:23.220+0000] {logging_mixin.py:190} INFO - [2025-03-02T00:51:23.220+0000] {dagbag.py:588} INFO - Filling up the DagBag from /home/airflow/.local/lib/python3.12/site-packages/airflow/example_dags/example_external_task_marker_dag.py
[2025-03-02T00:51:23.226+0000] {processor.py:925} INFO - DAG(s) 'example_external_task_marker_child', 'example_external_task_marker_parent' retrieved from /home/airflow/.local/lib/python3.12/site-packages/airflow/example_dags/example_external_task_marker_dag.py
[2025-03-02T00:51:23.242+0000] {logging_mixin.py:190} INFO - [2025-03-02T00:51:23.242+0000] {dag.py:3239} INFO - Sync 2 DAGs
[2025-03-02T00:51:23.255+0000] {logging_mixin.py:190} INFO - [2025-03-02T00:51:23.255+0000] {dag.py:4180} INFO - Setting next_dagrun for example_external_task_marker_child to None, run_after=None
[2025-03-02T00:51:23.258+0000] {logging_mixin.py:190} INFO - [2025-03-02T00:51:23.258+0000] {dag.py:4180} INFO - Setting next_dagrun for example_external_task_marker_parent to None, run_after=None
[2025-03-02T00:51:23.269+0000] {processor.py:208} INFO - Processing /home/airflow/.local/lib/python3.12/site-packages/airflow/example_dags/example_external_task_marker_dag.py took 0.055 seconds
[2025-03-02T00:51:53.346+0000] {processor.py:186} INFO - Started process (PID=838) to work on /home/airflow/.local/lib/python3.12/site-packages/airflow/example_dags/example_external_task_marker_dag.py
[2025-03-02T00:51:53.346+0000] {processor.py:914} INFO - Processing file /home/airflow/.local/lib/python3.12/site-packages/airflow/example_dags/example_external_task_marker_dag.py for tasks to queue
[2025-03-02T00:51:53.348+0000] {logging_mixin.py:190} INFO - [2025-03-02T00:51:53.348+0000] {dagbag.py:588} INFO - Filling up the DagBag from /home/airflow/.local/lib/python3.12/site-packages/airflow/example_dags/example_external_task_marker_dag.py
[2025-03-02T00:51:53.354+0000] {processor.py:925} INFO - DAG(s) 'example_external_task_marker_parent', 'example_external_task_marker_child' retrieved from /home/airflow/.local/lib/python3.12/site-packages/airflow/example_dags/example_external_task_marker_dag.py
[2025-03-02T00:51:53.371+0000] {logging_mixin.py:190} INFO - [2025-03-02T00:51:53.371+0000] {dag.py:3239} INFO - Sync 2 DAGs
[2025-03-02T00:51:53.384+0000] {logging_mixin.py:190} INFO - [2025-03-02T00:51:53.384+0000] {dag.py:4180} INFO - Setting next_dagrun for example_external_task_marker_child to None, run_after=None
[2025-03-02T00:51:53.387+0000] {logging_mixin.py:190} INFO - [2025-03-02T00:51:53.387+0000] {dag.py:4180} INFO - Setting next_dagrun for example_external_task_marker_parent to None, run_after=None
[2025-03-02T00:51:53.399+0000] {processor.py:208} INFO - Processing /home/airflow/.local/lib/python3.12/site-packages/airflow/example_dags/example_external_task_marker_dag.py took 0.058 seconds
[2025-03-02T00:52:23.505+0000] {processor.py:186} INFO - Started process (PID=903) to work on /home/airflow/.local/lib/python3.12/site-packages/airflow/example_dags/example_external_task_marker_dag.py
[2025-03-02T00:52:23.506+0000] {processor.py:914} INFO - Processing file /home/airflow/.local/lib/python3.12/site-packages/airflow/example_dags/example_external_task_marker_dag.py for tasks to queue
[2025-03-02T00:52:23.508+0000] {logging_mixin.py:190} INFO - [2025-03-02T00:52:23.507+0000] {dagbag.py:588} INFO - Filling up the DagBag from /home/airflow/.local/lib/python3.12/site-packages/airflow/example_dags/example_external_task_marker_dag.py
[2025-03-02T00:52:23.514+0000] {processor.py:925} INFO - DAG(s) 'example_external_task_marker_parent', 'example_external_task_marker_child' retrieved from /home/airflow/.local/lib/python3.12/site-packages/airflow/example_dags/example_external_task_marker_dag.py
[2025-03-02T00:52:23.534+0000] {logging_mixin.py:190} INFO - [2025-03-02T00:52:23.534+0000] {dag.py:3239} INFO - Sync 2 DAGs
[2025-03-02T00:52:23.548+0000] {logging_mixin.py:190} INFO - [2025-03-02T00:52:23.548+0000] {dag.py:4180} INFO - Setting next_dagrun for example_external_task_marker_child to None, run_after=None
[2025-03-02T00:52:23.551+0000] {logging_mixin.py:190} INFO - [2025-03-02T00:52:23.551+0000] {dag.py:4180} INFO - Setting next_dagrun for example_external_task_marker_parent to None, run_after=None
[2025-03-02T00:52:23.563+0000] {processor.py:208} INFO - Processing /home/airflow/.local/lib/python3.12/site-packages/airflow/example_dags/example_external_task_marker_dag.py took 0.063 seconds
[2025-03-02T00:52:53.765+0000] {processor.py:186} INFO - Started process (PID=967) to work on /home/airflow/.local/lib/python3.12/site-packages/airflow/example_dags/example_external_task_marker_dag.py
[2025-03-02T00:52:53.766+0000] {processor.py:914} INFO - Processing file /home/airflow/.local/lib/python3.12/site-packages/airflow/example_dags/example_external_task_marker_dag.py for tasks to queue
[2025-03-02T00:52:53.767+0000] {logging_mixin.py:190} INFO - [2025-03-02T00:52:53.767+0000] {dagbag.py:588} INFO - Filling up the DagBag from /home/airflow/.local/lib/python3.12/site-packages/airflow/example_dags/example_external_task_marker_dag.py
[2025-03-02T00:52:53.773+0000] {processor.py:925} INFO - DAG(s) 'example_external_task_marker_parent', 'example_external_task_marker_child' retrieved from /home/airflow/.local/lib/python3.12/site-packages/airflow/example_dags/example_external_task_marker_dag.py
[2025-03-02T00:52:53.790+0000] {logging_mixin.py:190} INFO - [2025-03-02T00:52:53.790+0000] {dag.py:3239} INFO - Sync 2 DAGs
[2025-03-02T00:52:53.802+0000] {logging_mixin.py:190} INFO - [2025-03-02T00:52:53.802+0000] {dag.py:4180} INFO - Setting next_dagrun for example_external_task_marker_child to None, run_after=None
[2025-03-02T00:52:53.804+0000] {logging_mixin.py:190} INFO - [2025-03-02T00:52:53.804+0000] {dag.py:4180} INFO - Setting next_dagrun for example_external_task_marker_parent to None, run_after=None
[2025-03-02T00:52:53.816+0000] {processor.py:208} INFO - Processing /home/airflow/.local/lib/python3.12/site-packages/airflow/example_dags/example_external_task_marker_dag.py took 0.055 seconds
[2025-03-02T00:53:24.215+0000] {processor.py:186} INFO - Started process (PID=1031) to work on /home/airflow/.local/lib/python3.12/site-packages/airflow/example_dags/example_external_task_marker_dag.py
[2025-03-02T00:53:24.215+0000] {processor.py:914} INFO - Processing file /home/airflow/.local/lib/python3.12/site-packages/airflow/example_dags/example_external_task_marker_dag.py for tasks to queue
[2025-03-02T00:53:24.217+0000] {logging_mixin.py:190} INFO - [2025-03-02T00:53:24.216+0000] {dagbag.py:588} INFO - Filling up the DagBag from /home/airflow/.local/lib/python3.12/site-packages/airflow/example_dags/example_external_task_marker_dag.py
[2025-03-02T00:53:24.223+0000] {processor.py:925} INFO - DAG(s) 'example_external_task_marker_parent', 'example_external_task_marker_child' retrieved from /home/airflow/.local/lib/python3.12/site-packages/airflow/example_dags/example_external_task_marker_dag.py
[2025-03-02T00:53:24.239+0000] {logging_mixin.py:190} INFO - [2025-03-02T00:53:24.239+0000] {dag.py:3239} INFO - Sync 2 DAGs
[2025-03-02T00:53:24.250+0000] {logging_mixin.py:190} INFO - [2025-03-02T00:53:24.250+0000] {dag.py:4180} INFO - Setting next_dagrun for example_external_task_marker_child to None, run_after=None
[2025-03-02T00:53:24.253+0000] {logging_mixin.py:190} INFO - [2025-03-02T00:53:24.253+0000] {dag.py:4180} INFO - Setting next_dagrun for example_external_task_marker_parent to None, run_after=None
[2025-03-02T00:53:24.264+0000] {processor.py:208} INFO - Processing /home/airflow/.local/lib/python3.12/site-packages/airflow/example_dags/example_external_task_marker_dag.py took 0.053 seconds
[2025-03-02T00:53:54.624+0000] {processor.py:186} INFO - Started process (PID=1095) to work on /home/airflow/.local/lib/python3.12/site-packages/airflow/example_dags/example_external_task_marker_dag.py
[2025-03-02T00:53:54.625+0000] {processor.py:914} INFO - Processing file /home/airflow/.local/lib/python3.12/site-packages/airflow/example_dags/example_external_task_marker_dag.py for tasks to queue
[2025-03-02T00:53:54.627+0000] {logging_mixin.py:190} INFO - [2025-03-02T00:53:54.627+0000] {dagbag.py:588} INFO - Filling up the DagBag from /home/airflow/.local/lib/python3.12/site-packages/airflow/example_dags/example_external_task_marker_dag.py
[2025-03-02T00:53:54.636+0000] {processor.py:925} INFO - DAG(s) 'example_external_task_marker_parent', 'example_external_task_marker_child' retrieved from /home/airflow/.local/lib/python3.12/site-packages/airflow/example_dags/example_external_task_marker_dag.py
[2025-03-02T00:53:54.660+0000] {logging_mixin.py:190} INFO - [2025-03-02T00:53:54.660+0000] {dag.py:3239} INFO - Sync 2 DAGs
[2025-03-02T00:53:54.678+0000] {logging_mixin.py:190} INFO - [2025-03-02T00:53:54.678+0000] {dag.py:4180} INFO - Setting next_dagrun for example_external_task_marker_child to None, run_after=None
[2025-03-02T00:53:54.681+0000] {logging_mixin.py:190} INFO - [2025-03-02T00:53:54.681+0000] {dag.py:4180} INFO - Setting next_dagrun for example_external_task_marker_parent to None, run_after=None
[2025-03-02T00:53:54.693+0000] {processor.py:208} INFO - Processing /home/airflow/.local/lib/python3.12/site-packages/airflow/example_dags/example_external_task_marker_dag.py took 0.076 seconds
[2025-03-02T00:54:25.163+0000] {processor.py:186} INFO - Started process (PID=1159) to work on /home/airflow/.local/lib/python3.12/site-packages/airflow/example_dags/example_external_task_marker_dag.py
[2025-03-02T00:54:25.163+0000] {processor.py:914} INFO - Processing file /home/airflow/.local/lib/python3.12/site-packages/airflow/example_dags/example_external_task_marker_dag.py for tasks to queue
[2025-03-02T00:54:25.165+0000] {logging_mixin.py:190} INFO - [2025-03-02T00:54:25.165+0000] {dagbag.py:588} INFO - Filling up the DagBag from /home/airflow/.local/lib/python3.12/site-packages/airflow/example_dags/example_external_task_marker_dag.py
[2025-03-02T00:54:25.173+0000] {processor.py:925} INFO - DAG(s) 'example_external_task_marker_parent', 'example_external_task_marker_child' retrieved from /home/airflow/.local/lib/python3.12/site-packages/airflow/example_dags/example_external_task_marker_dag.py
[2025-03-02T00:54:25.195+0000] {logging_mixin.py:190} INFO - [2025-03-02T00:54:25.195+0000] {dag.py:3239} INFO - Sync 2 DAGs
[2025-03-02T00:54:25.211+0000] {logging_mixin.py:190} INFO - [2025-03-02T00:54:25.211+0000] {dag.py:4180} INFO - Setting next_dagrun for example_external_task_marker_child to None, run_after=None
[2025-03-02T00:54:25.215+0000] {logging_mixin.py:190} INFO - [2025-03-02T00:54:25.214+0000] {dag.py:4180} INFO - Setting next_dagrun for example_external_task_marker_parent to None, run_after=None
[2025-03-02T00:54:25.229+0000] {processor.py:208} INFO - Processing /home/airflow/.local/lib/python3.12/site-packages/airflow/example_dags/example_external_task_marker_dag.py took 0.072 seconds
[2025-03-02T00:54:55.769+0000] {processor.py:186} INFO - Started process (PID=1223) to work on /home/airflow/.local/lib/python3.12/site-packages/airflow/example_dags/example_external_task_marker_dag.py
[2025-03-02T00:54:55.769+0000] {processor.py:914} INFO - Processing file /home/airflow/.local/lib/python3.12/site-packages/airflow/example_dags/example_external_task_marker_dag.py for tasks to queue
[2025-03-02T00:54:55.772+0000] {logging_mixin.py:190} INFO - [2025-03-02T00:54:55.771+0000] {dagbag.py:588} INFO - Filling up the DagBag from /home/airflow/.local/lib/python3.12/site-packages/airflow/example_dags/example_external_task_marker_dag.py
[2025-03-02T00:54:55.780+0000] {processor.py:925} INFO - DAG(s) 'example_external_task_marker_parent', 'example_external_task_marker_child' retrieved from /home/airflow/.local/lib/python3.12/site-packages/airflow/example_dags/example_external_task_marker_dag.py
[2025-03-02T00:54:55.806+0000] {logging_mixin.py:190} INFO - [2025-03-02T00:54:55.806+0000] {dag.py:3239} INFO - Sync 2 DAGs
[2025-03-02T00:54:55.824+0000] {logging_mixin.py:190} INFO - [2025-03-02T00:54:55.823+0000] {dag.py:4180} INFO - Setting next_dagrun for example_external_task_marker_child to None, run_after=None
[2025-03-02T00:54:55.827+0000] {logging_mixin.py:190} INFO - [2025-03-02T00:54:55.827+0000] {dag.py:4180} INFO - Setting next_dagrun for example_external_task_marker_parent to None, run_after=None
[2025-03-02T00:54:55.839+0000] {processor.py:208} INFO - Processing /home/airflow/.local/lib/python3.12/site-packages/airflow/example_dags/example_external_task_marker_dag.py took 0.077 seconds
[2025-03-02T00:55:26.148+0000] {processor.py:186} INFO - Started process (PID=1287) to work on /home/airflow/.local/lib/python3.12/site-packages/airflow/example_dags/example_external_task_marker_dag.py
[2025-03-02T00:55:26.149+0000] {processor.py:914} INFO - Processing file /home/airflow/.local/lib/python3.12/site-packages/airflow/example_dags/example_external_task_marker_dag.py for tasks to queue
[2025-03-02T00:55:26.151+0000] {logging_mixin.py:190} INFO - [2025-03-02T00:55:26.150+0000] {dagbag.py:588} INFO - Filling up the DagBag from /home/airflow/.local/lib/python3.12/site-packages/airflow/example_dags/example_external_task_marker_dag.py
[2025-03-02T00:55:26.157+0000] {processor.py:925} INFO - DAG(s) 'example_external_task_marker_parent', 'example_external_task_marker_child' retrieved from /home/airflow/.local/lib/python3.12/site-packages/airflow/example_dags/example_external_task_marker_dag.py
[2025-03-02T00:55:26.176+0000] {logging_mixin.py:190} INFO - [2025-03-02T00:55:26.176+0000] {dag.py:3239} INFO - Sync 2 DAGs
[2025-03-02T00:55:26.189+0000] {logging_mixin.py:190} INFO - [2025-03-02T00:55:26.189+0000] {dag.py:4180} INFO - Setting next_dagrun for example_external_task_marker_child to None, run_after=None
[2025-03-02T00:55:26.192+0000] {logging_mixin.py:190} INFO - [2025-03-02T00:55:26.192+0000] {dag.py:4180} INFO - Setting next_dagrun for example_external_task_marker_parent to None, run_after=None
[2025-03-02T00:55:26.204+0000] {processor.py:208} INFO - Processing /home/airflow/.local/lib/python3.12/site-packages/airflow/example_dags/example_external_task_marker_dag.py took 0.060 seconds
