[2025-03-02T00:45:58.319+0000] {processor.py:186} INFO - Started process (PID=116) to work on /home/airflow/.local/lib/python3.12/site-packages/airflow/example_dags/example_xcom.py
[2025-03-02T00:45:58.329+0000] {processor.py:914} INFO - Processing file /home/airflow/.local/lib/python3.12/site-packages/airflow/example_dags/example_xcom.py for tasks to queue
[2025-03-02T00:45:58.332+0000] {logging_mixin.py:190} INFO - [2025-03-02T00:45:58.331+0000] {dagbag.py:588} INFO - Filling up the DagBag from /home/airflow/.local/lib/python3.12/site-packages/airflow/example_dags/example_xcom.py
[2025-03-02T00:45:58.356+0000] {processor.py:925} INFO - DAG(s) 'example_xcom' retrieved from /home/airflow/.local/lib/python3.12/site-packages/airflow/example_dags/example_xcom.py
[2025-03-02T00:45:58.502+0000] {logging_mixin.py:190} INFO - [2025-03-02T00:45:58.501+0000] {override.py:1911} INFO - Created Permission View: can edit on DAG:example_xcom
[2025-03-02T00:45:58.518+0000] {logging_mixin.py:190} INFO - [2025-03-02T00:45:58.517+0000] {override.py:1911} INFO - Created Permission View: can read on DAG:example_xcom
[2025-03-02T00:45:58.524+0000] {logging_mixin.py:190} INFO - [2025-03-02T00:45:58.524+0000] {override.py:1911} INFO - Created Permission View: can delete on DAG:example_xcom
[2025-03-02T00:45:58.531+0000] {logging_mixin.py:190} INFO - [2025-03-02T00:45:58.531+0000] {override.py:1911} INFO - Created Permission View: menu access on DAG Run:example_xcom
[2025-03-02T00:45:58.536+0000] {logging_mixin.py:190} INFO - [2025-03-02T00:45:58.536+0000] {override.py:1911} INFO - Created Permission View: can read on DAG Run:example_xcom
[2025-03-02T00:45:58.545+0000] {logging_mixin.py:190} INFO - [2025-03-02T00:45:58.545+0000] {override.py:1911} INFO - Created Permission View: can delete on DAG Run:example_xcom
[2025-03-02T00:45:58.551+0000] {logging_mixin.py:190} INFO - [2025-03-02T00:45:58.551+0000] {override.py:1911} INFO - Created Permission View: can create on DAG Run:example_xcom
[2025-03-02T00:45:58.551+0000] {logging_mixin.py:190} INFO - [2025-03-02T00:45:58.551+0000] {dag.py:3239} INFO - Sync 1 DAGs
[2025-03-02T00:45:58.578+0000] {logging_mixin.py:190} INFO - [2025-03-02T00:45:58.578+0000] {dag.py:3262} INFO - Creating ORM DAG for example_xcom
[2025-03-02T00:45:58.597+0000] {logging_mixin.py:190} INFO - [2025-03-02T00:45:58.597+0000] {dag.py:4180} INFO - Setting next_dagrun for example_xcom to 2021-01-01 00:00:00+00:00, run_after=2021-01-01 00:00:00+00:00
[2025-03-02T00:45:58.619+0000] {processor.py:208} INFO - Processing /home/airflow/.local/lib/python3.12/site-packages/airflow/example_dags/example_xcom.py took 0.307 seconds
[2025-03-02T00:46:28.942+0000] {processor.py:186} INFO - Started process (PID=180) to work on /home/airflow/.local/lib/python3.12/site-packages/airflow/example_dags/example_xcom.py
[2025-03-02T00:46:28.942+0000] {processor.py:914} INFO - Processing file /home/airflow/.local/lib/python3.12/site-packages/airflow/example_dags/example_xcom.py for tasks to queue
[2025-03-02T00:46:28.944+0000] {logging_mixin.py:190} INFO - [2025-03-02T00:46:28.944+0000] {dagbag.py:588} INFO - Filling up the DagBag from /home/airflow/.local/lib/python3.12/site-packages/airflow/example_dags/example_xcom.py
[2025-03-02T00:46:28.953+0000] {processor.py:925} INFO - DAG(s) 'example_xcom' retrieved from /home/airflow/.local/lib/python3.12/site-packages/airflow/example_dags/example_xcom.py
[2025-03-02T00:46:28.972+0000] {logging_mixin.py:190} INFO - [2025-03-02T00:46:28.972+0000] {dag.py:3239} INFO - Sync 1 DAGs
[2025-03-02T00:46:28.994+0000] {logging_mixin.py:190} INFO - [2025-03-02T00:46:28.993+0000] {dag.py:4180} INFO - Setting next_dagrun for example_xcom to 2021-01-01 00:00:00+00:00, run_after=2021-01-01 00:00:00+00:00
[2025-03-02T00:46:29.010+0000] {processor.py:208} INFO - Processing /home/airflow/.local/lib/python3.12/site-packages/airflow/example_dags/example_xcom.py took 0.074 seconds
[2025-03-02T00:46:59.542+0000] {processor.py:186} INFO - Started process (PID=243) to work on /home/airflow/.local/lib/python3.12/site-packages/airflow/example_dags/example_xcom.py
[2025-03-02T00:46:59.543+0000] {processor.py:914} INFO - Processing file /home/airflow/.local/lib/python3.12/site-packages/airflow/example_dags/example_xcom.py for tasks to queue
[2025-03-02T00:46:59.544+0000] {logging_mixin.py:190} INFO - [2025-03-02T00:46:59.544+0000] {dagbag.py:588} INFO - Filling up the DagBag from /home/airflow/.local/lib/python3.12/site-packages/airflow/example_dags/example_xcom.py
[2025-03-02T00:46:59.551+0000] {processor.py:925} INFO - DAG(s) 'example_xcom' retrieved from /home/airflow/.local/lib/python3.12/site-packages/airflow/example_dags/example_xcom.py
[2025-03-02T00:46:59.566+0000] {logging_mixin.py:190} INFO - [2025-03-02T00:46:59.566+0000] {dag.py:3239} INFO - Sync 1 DAGs
[2025-03-02T00:46:59.583+0000] {logging_mixin.py:190} INFO - [2025-03-02T00:46:59.583+0000] {dag.py:4180} INFO - Setting next_dagrun for example_xcom to 2021-01-01 00:00:00+00:00, run_after=2021-01-01 00:00:00+00:00
[2025-03-02T00:46:59.595+0000] {processor.py:208} INFO - Processing /home/airflow/.local/lib/python3.12/site-packages/airflow/example_dags/example_xcom.py took 0.058 seconds
[2025-03-02T00:47:30.204+0000] {processor.py:186} INFO - Started process (PID=306) to work on /home/airflow/.local/lib/python3.12/site-packages/airflow/example_dags/example_xcom.py
[2025-03-02T00:47:30.204+0000] {processor.py:914} INFO - Processing file /home/airflow/.local/lib/python3.12/site-packages/airflow/example_dags/example_xcom.py for tasks to queue
[2025-03-02T00:47:30.206+0000] {logging_mixin.py:190} INFO - [2025-03-02T00:47:30.206+0000] {dagbag.py:588} INFO - Filling up the DagBag from /home/airflow/.local/lib/python3.12/site-packages/airflow/example_dags/example_xcom.py
[2025-03-02T00:47:30.215+0000] {processor.py:925} INFO - DAG(s) 'example_xcom' retrieved from /home/airflow/.local/lib/python3.12/site-packages/airflow/example_dags/example_xcom.py
[2025-03-02T00:47:30.230+0000] {logging_mixin.py:190} INFO - [2025-03-02T00:47:30.230+0000] {dag.py:3239} INFO - Sync 1 DAGs
[2025-03-02T00:47:30.248+0000] {logging_mixin.py:190} INFO - [2025-03-02T00:47:30.248+0000] {dag.py:4180} INFO - Setting next_dagrun for example_xcom to 2021-01-01 00:00:00+00:00, run_after=2021-01-01 00:00:00+00:00
[2025-03-02T00:47:30.260+0000] {processor.py:208} INFO - Processing /home/airflow/.local/lib/python3.12/site-packages/airflow/example_dags/example_xcom.py took 0.061 seconds
[2025-03-02T00:48:01.394+0000] {processor.py:186} INFO - Started process (PID=369) to work on /home/airflow/.local/lib/python3.12/site-packages/airflow/example_dags/example_xcom.py
[2025-03-02T00:48:01.394+0000] {processor.py:914} INFO - Processing file /home/airflow/.local/lib/python3.12/site-packages/airflow/example_dags/example_xcom.py for tasks to queue
[2025-03-02T00:48:01.396+0000] {logging_mixin.py:190} INFO - [2025-03-02T00:48:01.396+0000] {dagbag.py:588} INFO - Filling up the DagBag from /home/airflow/.local/lib/python3.12/site-packages/airflow/example_dags/example_xcom.py
[2025-03-02T00:48:01.403+0000] {processor.py:925} INFO - DAG(s) 'example_xcom' retrieved from /home/airflow/.local/lib/python3.12/site-packages/airflow/example_dags/example_xcom.py
[2025-03-02T00:48:01.422+0000] {logging_mixin.py:190} INFO - [2025-03-02T00:48:01.422+0000] {dag.py:3239} INFO - Sync 1 DAGs
[2025-03-02T00:48:01.445+0000] {logging_mixin.py:190} INFO - [2025-03-02T00:48:01.444+0000] {dag.py:4180} INFO - Setting next_dagrun for example_xcom to 2021-01-01 00:00:00+00:00, run_after=2021-01-01 00:00:00+00:00
[2025-03-02T00:48:01.460+0000] {processor.py:208} INFO - Processing /home/airflow/.local/lib/python3.12/site-packages/airflow/example_dags/example_xcom.py took 0.070 seconds
[2025-03-02T00:48:32.563+0000] {processor.py:186} INFO - Started process (PID=432) to work on /home/airflow/.local/lib/python3.12/site-packages/airflow/example_dags/example_xcom.py
[2025-03-02T00:48:32.564+0000] {processor.py:914} INFO - Processing file /home/airflow/.local/lib/python3.12/site-packages/airflow/example_dags/example_xcom.py for tasks to queue
[2025-03-02T00:48:32.565+0000] {logging_mixin.py:190} INFO - [2025-03-02T00:48:32.565+0000] {dagbag.py:588} INFO - Filling up the DagBag from /home/airflow/.local/lib/python3.12/site-packages/airflow/example_dags/example_xcom.py
[2025-03-02T00:48:32.573+0000] {processor.py:925} INFO - DAG(s) 'example_xcom' retrieved from /home/airflow/.local/lib/python3.12/site-packages/airflow/example_dags/example_xcom.py
[2025-03-02T00:48:32.589+0000] {logging_mixin.py:190} INFO - [2025-03-02T00:48:32.589+0000] {dag.py:3239} INFO - Sync 1 DAGs
[2025-03-02T00:48:32.608+0000] {logging_mixin.py:190} INFO - [2025-03-02T00:48:32.608+0000] {dag.py:4180} INFO - Setting next_dagrun for example_xcom to 2021-01-01 00:00:00+00:00, run_after=2021-01-01 00:00:00+00:00
[2025-03-02T00:48:32.622+0000] {processor.py:208} INFO - Processing /home/airflow/.local/lib/python3.12/site-packages/airflow/example_dags/example_xcom.py took 0.063 seconds
[2025-03-02T00:49:03.789+0000] {processor.py:186} INFO - Started process (PID=496) to work on /home/airflow/.local/lib/python3.12/site-packages/airflow/example_dags/example_xcom.py
[2025-03-02T00:49:03.790+0000] {processor.py:914} INFO - Processing file /home/airflow/.local/lib/python3.12/site-packages/airflow/example_dags/example_xcom.py for tasks to queue
[2025-03-02T00:49:03.792+0000] {logging_mixin.py:190} INFO - [2025-03-02T00:49:03.792+0000] {dagbag.py:588} INFO - Filling up the DagBag from /home/airflow/.local/lib/python3.12/site-packages/airflow/example_dags/example_xcom.py
[2025-03-02T00:49:03.802+0000] {processor.py:925} INFO - DAG(s) 'example_xcom' retrieved from /home/airflow/.local/lib/python3.12/site-packages/airflow/example_dags/example_xcom.py
[2025-03-02T00:49:03.825+0000] {logging_mixin.py:190} INFO - [2025-03-02T00:49:03.825+0000] {dag.py:3239} INFO - Sync 1 DAGs
[2025-03-02T00:49:03.845+0000] {logging_mixin.py:190} INFO - [2025-03-02T00:49:03.844+0000] {dag.py:4180} INFO - Setting next_dagrun for example_xcom to 2021-01-01 00:00:00+00:00, run_after=2021-01-01 00:00:00+00:00
[2025-03-02T00:49:03.860+0000] {processor.py:208} INFO - Processing /home/airflow/.local/lib/python3.12/site-packages/airflow/example_dags/example_xcom.py took 0.078 seconds
[2025-03-02T00:49:34.703+0000] {processor.py:186} INFO - Started process (PID=560) to work on /home/airflow/.local/lib/python3.12/site-packages/airflow/example_dags/example_xcom.py
[2025-03-02T00:49:34.704+0000] {processor.py:914} INFO - Processing file /home/airflow/.local/lib/python3.12/site-packages/airflow/example_dags/example_xcom.py for tasks to queue
[2025-03-02T00:49:34.706+0000] {logging_mixin.py:190} INFO - [2025-03-02T00:49:34.706+0000] {dagbag.py:588} INFO - Filling up the DagBag from /home/airflow/.local/lib/python3.12/site-packages/airflow/example_dags/example_xcom.py
[2025-03-02T00:49:34.716+0000] {processor.py:925} INFO - DAG(s) 'example_xcom' retrieved from /home/airflow/.local/lib/python3.12/site-packages/airflow/example_dags/example_xcom.py
[2025-03-02T00:49:34.746+0000] {logging_mixin.py:190} INFO - [2025-03-02T00:49:34.745+0000] {dag.py:3239} INFO - Sync 1 DAGs
[2025-03-02T00:49:34.771+0000] {logging_mixin.py:190} INFO - [2025-03-02T00:49:34.770+0000] {dag.py:4180} INFO - Setting next_dagrun for example_xcom to 2021-01-01 00:00:00+00:00, run_after=2021-01-01 00:00:00+00:00
[2025-03-02T00:49:34.788+0000] {processor.py:208} INFO - Processing /home/airflow/.local/lib/python3.12/site-packages/airflow/example_dags/example_xcom.py took 0.091 seconds
[2025-03-02T00:50:05.267+0000] {processor.py:186} INFO - Started process (PID=623) to work on /home/airflow/.local/lib/python3.12/site-packages/airflow/example_dags/example_xcom.py
[2025-03-02T00:50:05.267+0000] {processor.py:914} INFO - Processing file /home/airflow/.local/lib/python3.12/site-packages/airflow/example_dags/example_xcom.py for tasks to queue
[2025-03-02T00:50:05.269+0000] {logging_mixin.py:190} INFO - [2025-03-02T00:50:05.269+0000] {dagbag.py:588} INFO - Filling up the DagBag from /home/airflow/.local/lib/python3.12/site-packages/airflow/example_dags/example_xcom.py
[2025-03-02T00:50:05.276+0000] {processor.py:925} INFO - DAG(s) 'example_xcom' retrieved from /home/airflow/.local/lib/python3.12/site-packages/airflow/example_dags/example_xcom.py
[2025-03-02T00:50:05.296+0000] {logging_mixin.py:190} INFO - [2025-03-02T00:50:05.295+0000] {dag.py:3239} INFO - Sync 1 DAGs
[2025-03-02T00:50:05.317+0000] {logging_mixin.py:190} INFO - [2025-03-02T00:50:05.316+0000] {dag.py:4180} INFO - Setting next_dagrun for example_xcom to 2021-01-01 00:00:00+00:00, run_after=2021-01-01 00:00:00+00:00
[2025-03-02T00:50:05.332+0000] {processor.py:208} INFO - Processing /home/airflow/.local/lib/python3.12/site-packages/airflow/example_dags/example_xcom.py took 0.069 seconds
[2025-03-02T00:50:36.692+0000] {processor.py:186} INFO - Started process (PID=686) to work on /home/airflow/.local/lib/python3.12/site-packages/airflow/example_dags/example_xcom.py
[2025-03-02T00:50:36.693+0000] {processor.py:914} INFO - Processing file /home/airflow/.local/lib/python3.12/site-packages/airflow/example_dags/example_xcom.py for tasks to queue
[2025-03-02T00:50:36.695+0000] {logging_mixin.py:190} INFO - [2025-03-02T00:50:36.695+0000] {dagbag.py:588} INFO - Filling up the DagBag from /home/airflow/.local/lib/python3.12/site-packages/airflow/example_dags/example_xcom.py
[2025-03-02T00:50:36.703+0000] {processor.py:925} INFO - DAG(s) 'example_xcom' retrieved from /home/airflow/.local/lib/python3.12/site-packages/airflow/example_dags/example_xcom.py
[2025-03-02T00:50:36.721+0000] {logging_mixin.py:190} INFO - [2025-03-02T00:50:36.720+0000] {dag.py:3239} INFO - Sync 1 DAGs
[2025-03-02T00:50:36.740+0000] {logging_mixin.py:190} INFO - [2025-03-02T00:50:36.740+0000] {dag.py:4180} INFO - Setting next_dagrun for example_xcom to 2021-01-01 00:00:00+00:00, run_after=2021-01-01 00:00:00+00:00
[2025-03-02T00:50:36.754+0000] {processor.py:208} INFO - Processing /home/airflow/.local/lib/python3.12/site-packages/airflow/example_dags/example_xcom.py took 0.066 seconds
[2025-03-02T00:51:07.853+0000] {processor.py:186} INFO - Started process (PID=750) to work on /home/airflow/.local/lib/python3.12/site-packages/airflow/example_dags/example_xcom.py
[2025-03-02T00:51:07.854+0000] {processor.py:914} INFO - Processing file /home/airflow/.local/lib/python3.12/site-packages/airflow/example_dags/example_xcom.py for tasks to queue
[2025-03-02T00:51:07.856+0000] {logging_mixin.py:190} INFO - [2025-03-02T00:51:07.855+0000] {dagbag.py:588} INFO - Filling up the DagBag from /home/airflow/.local/lib/python3.12/site-packages/airflow/example_dags/example_xcom.py
[2025-03-02T00:51:07.865+0000] {processor.py:925} INFO - DAG(s) 'example_xcom' retrieved from /home/airflow/.local/lib/python3.12/site-packages/airflow/example_dags/example_xcom.py
[2025-03-02T00:51:07.886+0000] {logging_mixin.py:190} INFO - [2025-03-02T00:51:07.886+0000] {dag.py:3239} INFO - Sync 1 DAGs
[2025-03-02T00:51:07.919+0000] {logging_mixin.py:190} INFO - [2025-03-02T00:51:07.919+0000] {dag.py:4180} INFO - Setting next_dagrun for example_xcom to 2021-01-01 00:00:00+00:00, run_after=2021-01-01 00:00:00+00:00
[2025-03-02T00:51:07.946+0000] {processor.py:208} INFO - Processing /home/airflow/.local/lib/python3.12/site-packages/airflow/example_dags/example_xcom.py took 0.100 seconds
[2025-03-02T00:51:38.641+0000] {processor.py:186} INFO - Started process (PID=814) to work on /home/airflow/.local/lib/python3.12/site-packages/airflow/example_dags/example_xcom.py
[2025-03-02T00:51:38.641+0000] {processor.py:914} INFO - Processing file /home/airflow/.local/lib/python3.12/site-packages/airflow/example_dags/example_xcom.py for tasks to queue
[2025-03-02T00:51:38.643+0000] {logging_mixin.py:190} INFO - [2025-03-02T00:51:38.643+0000] {dagbag.py:588} INFO - Filling up the DagBag from /home/airflow/.local/lib/python3.12/site-packages/airflow/example_dags/example_xcom.py
[2025-03-02T00:51:38.651+0000] {processor.py:925} INFO - DAG(s) 'example_xcom' retrieved from /home/airflow/.local/lib/python3.12/site-packages/airflow/example_dags/example_xcom.py
[2025-03-02T00:51:38.668+0000] {logging_mixin.py:190} INFO - [2025-03-02T00:51:38.668+0000] {dag.py:3239} INFO - Sync 1 DAGs
[2025-03-02T00:51:38.687+0000] {logging_mixin.py:190} INFO - [2025-03-02T00:51:38.686+0000] {dag.py:4180} INFO - Setting next_dagrun for example_xcom to 2021-01-01 00:00:00+00:00, run_after=2021-01-01 00:00:00+00:00
[2025-03-02T00:51:38.702+0000] {processor.py:208} INFO - Processing /home/airflow/.local/lib/python3.12/site-packages/airflow/example_dags/example_xcom.py took 0.066 seconds
[2025-03-02T00:52:09.019+0000] {processor.py:186} INFO - Started process (PID=878) to work on /home/airflow/.local/lib/python3.12/site-packages/airflow/example_dags/example_xcom.py
[2025-03-02T00:52:09.019+0000] {processor.py:914} INFO - Processing file /home/airflow/.local/lib/python3.12/site-packages/airflow/example_dags/example_xcom.py for tasks to queue
[2025-03-02T00:52:09.021+0000] {logging_mixin.py:190} INFO - [2025-03-02T00:52:09.021+0000] {dagbag.py:588} INFO - Filling up the DagBag from /home/airflow/.local/lib/python3.12/site-packages/airflow/example_dags/example_xcom.py
[2025-03-02T00:52:09.028+0000] {processor.py:925} INFO - DAG(s) 'example_xcom' retrieved from /home/airflow/.local/lib/python3.12/site-packages/airflow/example_dags/example_xcom.py
[2025-03-02T00:52:09.045+0000] {logging_mixin.py:190} INFO - [2025-03-02T00:52:09.045+0000] {dag.py:3239} INFO - Sync 1 DAGs
[2025-03-02T00:52:09.063+0000] {logging_mixin.py:190} INFO - [2025-03-02T00:52:09.063+0000] {dag.py:4180} INFO - Setting next_dagrun for example_xcom to 2021-01-01 00:00:00+00:00, run_after=2021-01-01 00:00:00+00:00
[2025-03-02T00:52:09.075+0000] {processor.py:208} INFO - Processing /home/airflow/.local/lib/python3.12/site-packages/airflow/example_dags/example_xcom.py took 0.061 seconds
[2025-03-02T00:52:39.972+0000] {processor.py:186} INFO - Started process (PID=943) to work on /home/airflow/.local/lib/python3.12/site-packages/airflow/example_dags/example_xcom.py
[2025-03-02T00:52:39.972+0000] {processor.py:914} INFO - Processing file /home/airflow/.local/lib/python3.12/site-packages/airflow/example_dags/example_xcom.py for tasks to queue
[2025-03-02T00:52:39.974+0000] {logging_mixin.py:190} INFO - [2025-03-02T00:52:39.974+0000] {dagbag.py:588} INFO - Filling up the DagBag from /home/airflow/.local/lib/python3.12/site-packages/airflow/example_dags/example_xcom.py
[2025-03-02T00:52:39.982+0000] {processor.py:925} INFO - DAG(s) 'example_xcom' retrieved from /home/airflow/.local/lib/python3.12/site-packages/airflow/example_dags/example_xcom.py
[2025-03-02T00:52:40.000+0000] {logging_mixin.py:190} INFO - [2025-03-02T00:52:40.000+0000] {dag.py:3239} INFO - Sync 1 DAGs
[2025-03-02T00:52:40.023+0000] {logging_mixin.py:190} INFO - [2025-03-02T00:52:40.022+0000] {dag.py:4180} INFO - Setting next_dagrun for example_xcom to 2021-01-01 00:00:00+00:00, run_after=2021-01-01 00:00:00+00:00
[2025-03-02T00:52:40.035+0000] {processor.py:208} INFO - Processing /home/airflow/.local/lib/python3.12/site-packages/airflow/example_dags/example_xcom.py took 0.068 seconds
[2025-03-02T00:53:10.458+0000] {processor.py:186} INFO - Started process (PID=1006) to work on /home/airflow/.local/lib/python3.12/site-packages/airflow/example_dags/example_xcom.py
[2025-03-02T00:53:10.458+0000] {processor.py:914} INFO - Processing file /home/airflow/.local/lib/python3.12/site-packages/airflow/example_dags/example_xcom.py for tasks to queue
[2025-03-02T00:53:10.460+0000] {logging_mixin.py:190} INFO - [2025-03-02T00:53:10.460+0000] {dagbag.py:588} INFO - Filling up the DagBag from /home/airflow/.local/lib/python3.12/site-packages/airflow/example_dags/example_xcom.py
[2025-03-02T00:53:10.468+0000] {processor.py:925} INFO - DAG(s) 'example_xcom' retrieved from /home/airflow/.local/lib/python3.12/site-packages/airflow/example_dags/example_xcom.py
[2025-03-02T00:53:10.484+0000] {logging_mixin.py:190} INFO - [2025-03-02T00:53:10.484+0000] {dag.py:3239} INFO - Sync 1 DAGs
[2025-03-02T00:53:10.501+0000] {logging_mixin.py:190} INFO - [2025-03-02T00:53:10.501+0000] {dag.py:4180} INFO - Setting next_dagrun for example_xcom to 2021-01-01 00:00:00+00:00, run_after=2021-01-01 00:00:00+00:00
[2025-03-02T00:53:10.515+0000] {processor.py:208} INFO - Processing /home/airflow/.local/lib/python3.12/site-packages/airflow/example_dags/example_xcom.py took 0.063 seconds
[2025-03-02T00:53:41.023+0000] {processor.py:186} INFO - Started process (PID=1070) to work on /home/airflow/.local/lib/python3.12/site-packages/airflow/example_dags/example_xcom.py
[2025-03-02T00:53:41.024+0000] {processor.py:914} INFO - Processing file /home/airflow/.local/lib/python3.12/site-packages/airflow/example_dags/example_xcom.py for tasks to queue
[2025-03-02T00:53:41.026+0000] {logging_mixin.py:190} INFO - [2025-03-02T00:53:41.025+0000] {dagbag.py:588} INFO - Filling up the DagBag from /home/airflow/.local/lib/python3.12/site-packages/airflow/example_dags/example_xcom.py
[2025-03-02T00:53:41.033+0000] {processor.py:925} INFO - DAG(s) 'example_xcom' retrieved from /home/airflow/.local/lib/python3.12/site-packages/airflow/example_dags/example_xcom.py
[2025-03-02T00:53:41.052+0000] {logging_mixin.py:190} INFO - [2025-03-02T00:53:41.052+0000] {dag.py:3239} INFO - Sync 1 DAGs
[2025-03-02T00:53:41.074+0000] {logging_mixin.py:190} INFO - [2025-03-02T00:53:41.074+0000] {dag.py:4180} INFO - Setting next_dagrun for example_xcom to 2021-01-01 00:00:00+00:00, run_after=2021-01-01 00:00:00+00:00
[2025-03-02T00:53:41.087+0000] {processor.py:208} INFO - Processing /home/airflow/.local/lib/python3.12/site-packages/airflow/example_dags/example_xcom.py took 0.068 seconds
[2025-03-02T00:54:12.162+0000] {processor.py:186} INFO - Started process (PID=1134) to work on /home/airflow/.local/lib/python3.12/site-packages/airflow/example_dags/example_xcom.py
[2025-03-02T00:54:12.163+0000] {processor.py:914} INFO - Processing file /home/airflow/.local/lib/python3.12/site-packages/airflow/example_dags/example_xcom.py for tasks to queue
[2025-03-02T00:54:12.164+0000] {logging_mixin.py:190} INFO - [2025-03-02T00:54:12.164+0000] {dagbag.py:588} INFO - Filling up the DagBag from /home/airflow/.local/lib/python3.12/site-packages/airflow/example_dags/example_xcom.py
[2025-03-02T00:54:12.171+0000] {processor.py:925} INFO - DAG(s) 'example_xcom' retrieved from /home/airflow/.local/lib/python3.12/site-packages/airflow/example_dags/example_xcom.py
[2025-03-02T00:54:12.191+0000] {logging_mixin.py:190} INFO - [2025-03-02T00:54:12.191+0000] {dag.py:3239} INFO - Sync 1 DAGs
[2025-03-02T00:54:12.215+0000] {logging_mixin.py:190} INFO - [2025-03-02T00:54:12.215+0000] {dag.py:4180} INFO - Setting next_dagrun for example_xcom to 2021-01-01 00:00:00+00:00, run_after=2021-01-01 00:00:00+00:00
[2025-03-02T00:54:12.231+0000] {processor.py:208} INFO - Processing /home/airflow/.local/lib/python3.12/site-packages/airflow/example_dags/example_xcom.py took 0.074 seconds
[2025-03-02T00:54:42.767+0000] {processor.py:186} INFO - Started process (PID=1198) to work on /home/airflow/.local/lib/python3.12/site-packages/airflow/example_dags/example_xcom.py
[2025-03-02T00:54:42.767+0000] {processor.py:914} INFO - Processing file /home/airflow/.local/lib/python3.12/site-packages/airflow/example_dags/example_xcom.py for tasks to queue
[2025-03-02T00:54:42.769+0000] {logging_mixin.py:190} INFO - [2025-03-02T00:54:42.769+0000] {dagbag.py:588} INFO - Filling up the DagBag from /home/airflow/.local/lib/python3.12/site-packages/airflow/example_dags/example_xcom.py
[2025-03-02T00:54:42.776+0000] {processor.py:925} INFO - DAG(s) 'example_xcom' retrieved from /home/airflow/.local/lib/python3.12/site-packages/airflow/example_dags/example_xcom.py
[2025-03-02T00:54:42.791+0000] {logging_mixin.py:190} INFO - [2025-03-02T00:54:42.791+0000] {dag.py:3239} INFO - Sync 1 DAGs
[2025-03-02T00:54:42.810+0000] {logging_mixin.py:190} INFO - [2025-03-02T00:54:42.809+0000] {dag.py:4180} INFO - Setting next_dagrun for example_xcom to 2021-01-01 00:00:00+00:00, run_after=2021-01-01 00:00:00+00:00
[2025-03-02T00:54:42.823+0000] {processor.py:208} INFO - Processing /home/airflow/.local/lib/python3.12/site-packages/airflow/example_dags/example_xcom.py took 0.061 seconds
[2025-03-02T00:55:15.076+0000] {processor.py:186} INFO - Started process (PID=1264) to work on /home/airflow/.local/lib/python3.12/site-packages/airflow/example_dags/example_xcom.py
[2025-03-02T00:55:15.076+0000] {processor.py:914} INFO - Processing file /home/airflow/.local/lib/python3.12/site-packages/airflow/example_dags/example_xcom.py for tasks to queue
[2025-03-02T00:55:15.079+0000] {logging_mixin.py:190} INFO - [2025-03-02T00:55:15.078+0000] {dagbag.py:588} INFO - Filling up the DagBag from /home/airflow/.local/lib/python3.12/site-packages/airflow/example_dags/example_xcom.py
[2025-03-02T00:55:15.089+0000] {processor.py:925} INFO - DAG(s) 'example_xcom' retrieved from /home/airflow/.local/lib/python3.12/site-packages/airflow/example_dags/example_xcom.py
[2025-03-02T00:55:15.114+0000] {logging_mixin.py:190} INFO - [2025-03-02T00:55:15.113+0000] {dag.py:3239} INFO - Sync 1 DAGs
[2025-03-02T00:55:15.137+0000] {logging_mixin.py:190} INFO - [2025-03-02T00:55:15.136+0000] {dag.py:4180} INFO - Setting next_dagrun for example_xcom to 2021-01-01 00:00:00+00:00, run_after=2021-01-01 00:00:00+00:00
[2025-03-02T00:55:15.155+0000] {processor.py:208} INFO - Processing /home/airflow/.local/lib/python3.12/site-packages/airflow/example_dags/example_xcom.py took 0.084 seconds
