[2025-03-02T00:45:58.681+0000] {processor.py:186} INFO - Started process (PID=118) to work on /home/airflow/.local/lib/python3.12/site-packages/airflow/example_dags/example_task_group_decorator.py
[2025-03-02T00:45:58.682+0000] {processor.py:914} INFO - Processing file /home/airflow/.local/lib/python3.12/site-packages/airflow/example_dags/example_task_group_decorator.py for tasks to queue
[2025-03-02T00:45:58.684+0000] {logging_mixin.py:190} INFO - [2025-03-02T00:45:58.683+0000] {dagbag.py:588} INFO - Filling up the DagBag from /home/airflow/.local/lib/python3.12/site-packages/airflow/example_dags/example_task_group_decorator.py
[2025-03-02T00:45:58.701+0000] {processor.py:925} INFO - DAG(s) 'example_task_group_decorator' retrieved from /home/airflow/.local/lib/python3.12/site-packages/airflow/example_dags/example_task_group_decorator.py
[2025-03-02T00:45:58.828+0000] {logging_mixin.py:190} INFO - [2025-03-02T00:45:58.827+0000] {override.py:1911} INFO - Created Permission View: can edit on DAG:example_task_group_decorator
[2025-03-02T00:45:58.839+0000] {logging_mixin.py:190} INFO - [2025-03-02T00:45:58.838+0000] {override.py:1911} INFO - Created Permission View: can read on DAG:example_task_group_decorator
[2025-03-02T00:45:58.844+0000] {logging_mixin.py:190} INFO - [2025-03-02T00:45:58.844+0000] {override.py:1911} INFO - Created Permission View: can delete on DAG:example_task_group_decorator
[2025-03-02T00:45:58.849+0000] {logging_mixin.py:190} INFO - [2025-03-02T00:45:58.849+0000] {override.py:1911} INFO - Created Permission View: menu access on DAG Run:example_task_group_decorator
[2025-03-02T00:45:58.855+0000] {logging_mixin.py:190} INFO - [2025-03-02T00:45:58.854+0000] {override.py:1911} INFO - Created Permission View: can read on DAG Run:example_task_group_decorator
[2025-03-02T00:45:58.860+0000] {logging_mixin.py:190} INFO - [2025-03-02T00:45:58.860+0000] {override.py:1911} INFO - Created Permission View: can delete on DAG Run:example_task_group_decorator
[2025-03-02T00:45:58.865+0000] {logging_mixin.py:190} INFO - [2025-03-02T00:45:58.865+0000] {override.py:1911} INFO - Created Permission View: can create on DAG Run:example_task_group_decorator
[2025-03-02T00:45:58.866+0000] {logging_mixin.py:190} INFO - [2025-03-02T00:45:58.866+0000] {dag.py:3239} INFO - Sync 1 DAGs
[2025-03-02T00:45:58.881+0000] {logging_mixin.py:190} INFO - [2025-03-02T00:45:58.881+0000] {dag.py:3262} INFO - Creating ORM DAG for example_task_group_decorator
[2025-03-02T00:45:58.882+0000] {logging_mixin.py:190} INFO - [2025-03-02T00:45:58.882+0000] {dag.py:4180} INFO - Setting next_dagrun for example_task_group_decorator to None, run_after=None
[2025-03-02T00:45:58.900+0000] {processor.py:208} INFO - Processing /home/airflow/.local/lib/python3.12/site-packages/airflow/example_dags/example_task_group_decorator.py took 0.227 seconds
[2025-03-02T00:46:28.958+0000] {processor.py:186} INFO - Started process (PID=181) to work on /home/airflow/.local/lib/python3.12/site-packages/airflow/example_dags/example_task_group_decorator.py
[2025-03-02T00:46:28.959+0000] {processor.py:914} INFO - Processing file /home/airflow/.local/lib/python3.12/site-packages/airflow/example_dags/example_task_group_decorator.py for tasks to queue
[2025-03-02T00:46:28.961+0000] {logging_mixin.py:190} INFO - [2025-03-02T00:46:28.960+0000] {dagbag.py:588} INFO - Filling up the DagBag from /home/airflow/.local/lib/python3.12/site-packages/airflow/example_dags/example_task_group_decorator.py
[2025-03-02T00:46:28.978+0000] {processor.py:925} INFO - DAG(s) 'example_task_group_decorator' retrieved from /home/airflow/.local/lib/python3.12/site-packages/airflow/example_dags/example_task_group_decorator.py
[2025-03-02T00:46:29.007+0000] {logging_mixin.py:190} INFO - [2025-03-02T00:46:29.007+0000] {dag.py:3239} INFO - Sync 1 DAGs
[2025-03-02T00:46:29.020+0000] {logging_mixin.py:190} INFO - [2025-03-02T00:46:29.020+0000] {dag.py:4180} INFO - Setting next_dagrun for example_task_group_decorator to None, run_after=None
[2025-03-02T00:46:29.035+0000] {processor.py:208} INFO - Processing /home/airflow/.local/lib/python3.12/site-packages/airflow/example_dags/example_task_group_decorator.py took 0.081 seconds
[2025-03-02T00:46:59.619+0000] {processor.py:186} INFO - Started process (PID=244) to work on /home/airflow/.local/lib/python3.12/site-packages/airflow/example_dags/example_task_group_decorator.py
[2025-03-02T00:46:59.619+0000] {processor.py:914} INFO - Processing file /home/airflow/.local/lib/python3.12/site-packages/airflow/example_dags/example_task_group_decorator.py for tasks to queue
[2025-03-02T00:46:59.621+0000] {logging_mixin.py:190} INFO - [2025-03-02T00:46:59.621+0000] {dagbag.py:588} INFO - Filling up the DagBag from /home/airflow/.local/lib/python3.12/site-packages/airflow/example_dags/example_task_group_decorator.py
[2025-03-02T00:46:59.634+0000] {processor.py:925} INFO - DAG(s) 'example_task_group_decorator' retrieved from /home/airflow/.local/lib/python3.12/site-packages/airflow/example_dags/example_task_group_decorator.py
[2025-03-02T00:46:59.654+0000] {logging_mixin.py:190} INFO - [2025-03-02T00:46:59.654+0000] {dag.py:3239} INFO - Sync 1 DAGs
[2025-03-02T00:46:59.667+0000] {logging_mixin.py:190} INFO - [2025-03-02T00:46:59.667+0000] {dag.py:4180} INFO - Setting next_dagrun for example_task_group_decorator to None, run_after=None
[2025-03-02T00:46:59.681+0000] {processor.py:208} INFO - Processing /home/airflow/.local/lib/python3.12/site-packages/airflow/example_dags/example_task_group_decorator.py took 0.067 seconds
[2025-03-02T00:47:30.222+0000] {processor.py:186} INFO - Started process (PID=307) to work on /home/airflow/.local/lib/python3.12/site-packages/airflow/example_dags/example_task_group_decorator.py
[2025-03-02T00:47:30.223+0000] {processor.py:914} INFO - Processing file /home/airflow/.local/lib/python3.12/site-packages/airflow/example_dags/example_task_group_decorator.py for tasks to queue
[2025-03-02T00:47:30.224+0000] {logging_mixin.py:190} INFO - [2025-03-02T00:47:30.224+0000] {dagbag.py:588} INFO - Filling up the DagBag from /home/airflow/.local/lib/python3.12/site-packages/airflow/example_dags/example_task_group_decorator.py
[2025-03-02T00:47:30.236+0000] {processor.py:925} INFO - DAG(s) 'example_task_group_decorator' retrieved from /home/airflow/.local/lib/python3.12/site-packages/airflow/example_dags/example_task_group_decorator.py
[2025-03-02T00:47:30.256+0000] {logging_mixin.py:190} INFO - [2025-03-02T00:47:30.256+0000] {dag.py:3239} INFO - Sync 1 DAGs
[2025-03-02T00:47:30.267+0000] {logging_mixin.py:190} INFO - [2025-03-02T00:47:30.266+0000] {dag.py:4180} INFO - Setting next_dagrun for example_task_group_decorator to None, run_after=None
[2025-03-02T00:47:30.280+0000] {processor.py:208} INFO - Processing /home/airflow/.local/lib/python3.12/site-packages/airflow/example_dags/example_task_group_decorator.py took 0.062 seconds
[2025-03-02T00:48:01.484+0000] {processor.py:186} INFO - Started process (PID=370) to work on /home/airflow/.local/lib/python3.12/site-packages/airflow/example_dags/example_task_group_decorator.py
[2025-03-02T00:48:01.484+0000] {processor.py:914} INFO - Processing file /home/airflow/.local/lib/python3.12/site-packages/airflow/example_dags/example_task_group_decorator.py for tasks to queue
[2025-03-02T00:48:01.486+0000] {logging_mixin.py:190} INFO - [2025-03-02T00:48:01.486+0000] {dagbag.py:588} INFO - Filling up the DagBag from /home/airflow/.local/lib/python3.12/site-packages/airflow/example_dags/example_task_group_decorator.py
[2025-03-02T00:48:01.498+0000] {processor.py:925} INFO - DAG(s) 'example_task_group_decorator' retrieved from /home/airflow/.local/lib/python3.12/site-packages/airflow/example_dags/example_task_group_decorator.py
[2025-03-02T00:48:01.516+0000] {logging_mixin.py:190} INFO - [2025-03-02T00:48:01.516+0000] {dag.py:3239} INFO - Sync 1 DAGs
[2025-03-02T00:48:01.528+0000] {logging_mixin.py:190} INFO - [2025-03-02T00:48:01.527+0000] {dag.py:4180} INFO - Setting next_dagrun for example_task_group_decorator to None, run_after=None
[2025-03-02T00:48:01.539+0000] {processor.py:208} INFO - Processing /home/airflow/.local/lib/python3.12/site-packages/airflow/example_dags/example_task_group_decorator.py took 0.060 seconds
[2025-03-02T00:48:32.618+0000] {processor.py:186} INFO - Started process (PID=433) to work on /home/airflow/.local/lib/python3.12/site-packages/airflow/example_dags/example_task_group_decorator.py
[2025-03-02T00:48:32.618+0000] {processor.py:914} INFO - Processing file /home/airflow/.local/lib/python3.12/site-packages/airflow/example_dags/example_task_group_decorator.py for tasks to queue
[2025-03-02T00:48:32.620+0000] {logging_mixin.py:190} INFO - [2025-03-02T00:48:32.620+0000] {dagbag.py:588} INFO - Filling up the DagBag from /home/airflow/.local/lib/python3.12/site-packages/airflow/example_dags/example_task_group_decorator.py
[2025-03-02T00:48:32.632+0000] {processor.py:925} INFO - DAG(s) 'example_task_group_decorator' retrieved from /home/airflow/.local/lib/python3.12/site-packages/airflow/example_dags/example_task_group_decorator.py
[2025-03-02T00:48:32.651+0000] {logging_mixin.py:190} INFO - [2025-03-02T00:48:32.651+0000] {dag.py:3239} INFO - Sync 1 DAGs
[2025-03-02T00:48:32.662+0000] {logging_mixin.py:190} INFO - [2025-03-02T00:48:32.662+0000] {dag.py:4180} INFO - Setting next_dagrun for example_task_group_decorator to None, run_after=None
[2025-03-02T00:48:32.676+0000] {processor.py:208} INFO - Processing /home/airflow/.local/lib/python3.12/site-packages/airflow/example_dags/example_task_group_decorator.py took 0.063 seconds
[2025-03-02T00:49:03.865+0000] {processor.py:186} INFO - Started process (PID=497) to work on /home/airflow/.local/lib/python3.12/site-packages/airflow/example_dags/example_task_group_decorator.py
[2025-03-02T00:49:03.866+0000] {processor.py:914} INFO - Processing file /home/airflow/.local/lib/python3.12/site-packages/airflow/example_dags/example_task_group_decorator.py for tasks to queue
[2025-03-02T00:49:03.868+0000] {logging_mixin.py:190} INFO - [2025-03-02T00:49:03.868+0000] {dagbag.py:588} INFO - Filling up the DagBag from /home/airflow/.local/lib/python3.12/site-packages/airflow/example_dags/example_task_group_decorator.py
[2025-03-02T00:49:03.886+0000] {processor.py:925} INFO - DAG(s) 'example_task_group_decorator' retrieved from /home/airflow/.local/lib/python3.12/site-packages/airflow/example_dags/example_task_group_decorator.py
[2025-03-02T00:49:03.911+0000] {logging_mixin.py:190} INFO - [2025-03-02T00:49:03.911+0000] {dag.py:3239} INFO - Sync 1 DAGs
[2025-03-02T00:49:03.925+0000] {logging_mixin.py:190} INFO - [2025-03-02T00:49:03.925+0000] {dag.py:4180} INFO - Setting next_dagrun for example_task_group_decorator to None, run_after=None
[2025-03-02T00:49:03.939+0000] {processor.py:208} INFO - Processing /home/airflow/.local/lib/python3.12/site-packages/airflow/example_dags/example_task_group_decorator.py took 0.080 seconds
[2025-03-02T00:49:34.743+0000] {processor.py:186} INFO - Started process (PID=561) to work on /home/airflow/.local/lib/python3.12/site-packages/airflow/example_dags/example_task_group_decorator.py
[2025-03-02T00:49:34.744+0000] {processor.py:914} INFO - Processing file /home/airflow/.local/lib/python3.12/site-packages/airflow/example_dags/example_task_group_decorator.py for tasks to queue
[2025-03-02T00:49:34.746+0000] {logging_mixin.py:190} INFO - [2025-03-02T00:49:34.745+0000] {dagbag.py:588} INFO - Filling up the DagBag from /home/airflow/.local/lib/python3.12/site-packages/airflow/example_dags/example_task_group_decorator.py
[2025-03-02T00:49:34.767+0000] {processor.py:925} INFO - DAG(s) 'example_task_group_decorator' retrieved from /home/airflow/.local/lib/python3.12/site-packages/airflow/example_dags/example_task_group_decorator.py
[2025-03-02T00:49:34.810+0000] {logging_mixin.py:190} INFO - [2025-03-02T00:49:34.809+0000] {dag.py:3239} INFO - Sync 1 DAGs
[2025-03-02T00:49:34.828+0000] {logging_mixin.py:190} INFO - [2025-03-02T00:49:34.828+0000] {dag.py:4180} INFO - Setting next_dagrun for example_task_group_decorator to None, run_after=None
[2025-03-02T00:49:34.849+0000] {processor.py:208} INFO - Processing /home/airflow/.local/lib/python3.12/site-packages/airflow/example_dags/example_task_group_decorator.py took 0.113 seconds
[2025-03-02T00:50:05.363+0000] {processor.py:186} INFO - Started process (PID=624) to work on /home/airflow/.local/lib/python3.12/site-packages/airflow/example_dags/example_task_group_decorator.py
[2025-03-02T00:50:05.364+0000] {processor.py:914} INFO - Processing file /home/airflow/.local/lib/python3.12/site-packages/airflow/example_dags/example_task_group_decorator.py for tasks to queue
[2025-03-02T00:50:05.366+0000] {logging_mixin.py:190} INFO - [2025-03-02T00:50:05.366+0000] {dagbag.py:588} INFO - Filling up the DagBag from /home/airflow/.local/lib/python3.12/site-packages/airflow/example_dags/example_task_group_decorator.py
[2025-03-02T00:50:05.384+0000] {processor.py:925} INFO - DAG(s) 'example_task_group_decorator' retrieved from /home/airflow/.local/lib/python3.12/site-packages/airflow/example_dags/example_task_group_decorator.py
[2025-03-02T00:50:05.412+0000] {logging_mixin.py:190} INFO - [2025-03-02T00:50:05.412+0000] {dag.py:3239} INFO - Sync 1 DAGs
[2025-03-02T00:50:05.428+0000] {logging_mixin.py:190} INFO - [2025-03-02T00:50:05.427+0000] {dag.py:4180} INFO - Setting next_dagrun for example_task_group_decorator to None, run_after=None
[2025-03-02T00:50:05.442+0000] {processor.py:208} INFO - Processing /home/airflow/.local/lib/python3.12/site-packages/airflow/example_dags/example_task_group_decorator.py took 0.084 seconds
[2025-03-02T00:50:36.725+0000] {processor.py:186} INFO - Started process (PID=687) to work on /home/airflow/.local/lib/python3.12/site-packages/airflow/example_dags/example_task_group_decorator.py
[2025-03-02T00:50:36.726+0000] {processor.py:914} INFO - Processing file /home/airflow/.local/lib/python3.12/site-packages/airflow/example_dags/example_task_group_decorator.py for tasks to queue
[2025-03-02T00:50:36.728+0000] {logging_mixin.py:190} INFO - [2025-03-02T00:50:36.727+0000] {dagbag.py:588} INFO - Filling up the DagBag from /home/airflow/.local/lib/python3.12/site-packages/airflow/example_dags/example_task_group_decorator.py
[2025-03-02T00:50:36.741+0000] {processor.py:925} INFO - DAG(s) 'example_task_group_decorator' retrieved from /home/airflow/.local/lib/python3.12/site-packages/airflow/example_dags/example_task_group_decorator.py
[2025-03-02T00:50:36.761+0000] {logging_mixin.py:190} INFO - [2025-03-02T00:50:36.761+0000] {dag.py:3239} INFO - Sync 1 DAGs
[2025-03-02T00:50:36.776+0000] {logging_mixin.py:190} INFO - [2025-03-02T00:50:36.775+0000] {dag.py:4180} INFO - Setting next_dagrun for example_task_group_decorator to None, run_after=None
[2025-03-02T00:50:36.789+0000] {processor.py:208} INFO - Processing /home/airflow/.local/lib/python3.12/site-packages/airflow/example_dags/example_task_group_decorator.py took 0.068 seconds
[2025-03-02T00:51:07.977+0000] {processor.py:186} INFO - Started process (PID=751) to work on /home/airflow/.local/lib/python3.12/site-packages/airflow/example_dags/example_task_group_decorator.py
[2025-03-02T00:51:07.978+0000] {processor.py:914} INFO - Processing file /home/airflow/.local/lib/python3.12/site-packages/airflow/example_dags/example_task_group_decorator.py for tasks to queue
[2025-03-02T00:51:07.980+0000] {logging_mixin.py:190} INFO - [2025-03-02T00:51:07.979+0000] {dagbag.py:588} INFO - Filling up the DagBag from /home/airflow/.local/lib/python3.12/site-packages/airflow/example_dags/example_task_group_decorator.py
[2025-03-02T00:51:07.992+0000] {processor.py:925} INFO - DAG(s) 'example_task_group_decorator' retrieved from /home/airflow/.local/lib/python3.12/site-packages/airflow/example_dags/example_task_group_decorator.py
[2025-03-02T00:51:08.012+0000] {logging_mixin.py:190} INFO - [2025-03-02T00:51:08.012+0000] {dag.py:3239} INFO - Sync 1 DAGs
[2025-03-02T00:51:08.024+0000] {logging_mixin.py:190} INFO - [2025-03-02T00:51:08.023+0000] {dag.py:4180} INFO - Setting next_dagrun for example_task_group_decorator to None, run_after=None
[2025-03-02T00:51:08.037+0000] {processor.py:208} INFO - Processing /home/airflow/.local/lib/python3.12/site-packages/airflow/example_dags/example_task_group_decorator.py took 0.064 seconds
[2025-03-02T00:51:38.670+0000] {processor.py:186} INFO - Started process (PID=815) to work on /home/airflow/.local/lib/python3.12/site-packages/airflow/example_dags/example_task_group_decorator.py
[2025-03-02T00:51:38.670+0000] {processor.py:914} INFO - Processing file /home/airflow/.local/lib/python3.12/site-packages/airflow/example_dags/example_task_group_decorator.py for tasks to queue
[2025-03-02T00:51:38.672+0000] {logging_mixin.py:190} INFO - [2025-03-02T00:51:38.672+0000] {dagbag.py:588} INFO - Filling up the DagBag from /home/airflow/.local/lib/python3.12/site-packages/airflow/example_dags/example_task_group_decorator.py
[2025-03-02T00:51:38.685+0000] {processor.py:925} INFO - DAG(s) 'example_task_group_decorator' retrieved from /home/airflow/.local/lib/python3.12/site-packages/airflow/example_dags/example_task_group_decorator.py
[2025-03-02T00:51:38.709+0000] {logging_mixin.py:190} INFO - [2025-03-02T00:51:38.708+0000] {dag.py:3239} INFO - Sync 1 DAGs
[2025-03-02T00:51:38.721+0000] {logging_mixin.py:190} INFO - [2025-03-02T00:51:38.720+0000] {dag.py:4180} INFO - Setting next_dagrun for example_task_group_decorator to None, run_after=None
[2025-03-02T00:51:38.733+0000] {processor.py:208} INFO - Processing /home/airflow/.local/lib/python3.12/site-packages/airflow/example_dags/example_task_group_decorator.py took 0.068 seconds
[2025-03-02T00:52:09.098+0000] {processor.py:186} INFO - Started process (PID=879) to work on /home/airflow/.local/lib/python3.12/site-packages/airflow/example_dags/example_task_group_decorator.py
[2025-03-02T00:52:09.099+0000] {processor.py:914} INFO - Processing file /home/airflow/.local/lib/python3.12/site-packages/airflow/example_dags/example_task_group_decorator.py for tasks to queue
[2025-03-02T00:52:09.101+0000] {logging_mixin.py:190} INFO - [2025-03-02T00:52:09.100+0000] {dagbag.py:588} INFO - Filling up the DagBag from /home/airflow/.local/lib/python3.12/site-packages/airflow/example_dags/example_task_group_decorator.py
[2025-03-02T00:52:09.112+0000] {processor.py:925} INFO - DAG(s) 'example_task_group_decorator' retrieved from /home/airflow/.local/lib/python3.12/site-packages/airflow/example_dags/example_task_group_decorator.py
[2025-03-02T00:52:09.138+0000] {logging_mixin.py:190} INFO - [2025-03-02T00:52:09.138+0000] {dag.py:3239} INFO - Sync 1 DAGs
[2025-03-02T00:52:09.153+0000] {logging_mixin.py:190} INFO - [2025-03-02T00:52:09.153+0000] {dag.py:4180} INFO - Setting next_dagrun for example_task_group_decorator to None, run_after=None
[2025-03-02T00:52:09.169+0000] {processor.py:208} INFO - Processing /home/airflow/.local/lib/python3.12/site-packages/airflow/example_dags/example_task_group_decorator.py took 0.075 seconds
[2025-03-02T00:52:40.060+0000] {processor.py:186} INFO - Started process (PID=944) to work on /home/airflow/.local/lib/python3.12/site-packages/airflow/example_dags/example_task_group_decorator.py
[2025-03-02T00:52:40.060+0000] {processor.py:914} INFO - Processing file /home/airflow/.local/lib/python3.12/site-packages/airflow/example_dags/example_task_group_decorator.py for tasks to queue
[2025-03-02T00:52:40.062+0000] {logging_mixin.py:190} INFO - [2025-03-02T00:52:40.062+0000] {dagbag.py:588} INFO - Filling up the DagBag from /home/airflow/.local/lib/python3.12/site-packages/airflow/example_dags/example_task_group_decorator.py
[2025-03-02T00:52:40.074+0000] {processor.py:925} INFO - DAG(s) 'example_task_group_decorator' retrieved from /home/airflow/.local/lib/python3.12/site-packages/airflow/example_dags/example_task_group_decorator.py
[2025-03-02T00:52:40.100+0000] {logging_mixin.py:190} INFO - [2025-03-02T00:52:40.100+0000] {dag.py:3239} INFO - Sync 1 DAGs
[2025-03-02T00:52:40.116+0000] {logging_mixin.py:190} INFO - [2025-03-02T00:52:40.116+0000] {dag.py:4180} INFO - Setting next_dagrun for example_task_group_decorator to None, run_after=None
[2025-03-02T00:52:40.133+0000] {processor.py:208} INFO - Processing /home/airflow/.local/lib/python3.12/site-packages/airflow/example_dags/example_task_group_decorator.py took 0.078 seconds
[2025-03-02T00:53:10.489+0000] {processor.py:186} INFO - Started process (PID=1007) to work on /home/airflow/.local/lib/python3.12/site-packages/airflow/example_dags/example_task_group_decorator.py
[2025-03-02T00:53:10.489+0000] {processor.py:914} INFO - Processing file /home/airflow/.local/lib/python3.12/site-packages/airflow/example_dags/example_task_group_decorator.py for tasks to queue
[2025-03-02T00:53:10.491+0000] {logging_mixin.py:190} INFO - [2025-03-02T00:53:10.490+0000] {dagbag.py:588} INFO - Filling up the DagBag from /home/airflow/.local/lib/python3.12/site-packages/airflow/example_dags/example_task_group_decorator.py
[2025-03-02T00:53:10.502+0000] {processor.py:925} INFO - DAG(s) 'example_task_group_decorator' retrieved from /home/airflow/.local/lib/python3.12/site-packages/airflow/example_dags/example_task_group_decorator.py
[2025-03-02T00:53:10.524+0000] {logging_mixin.py:190} INFO - [2025-03-02T00:53:10.524+0000] {dag.py:3239} INFO - Sync 1 DAGs
[2025-03-02T00:53:10.538+0000] {logging_mixin.py:190} INFO - [2025-03-02T00:53:10.538+0000] {dag.py:4180} INFO - Setting next_dagrun for example_task_group_decorator to None, run_after=None
[2025-03-02T00:53:10.552+0000] {processor.py:208} INFO - Processing /home/airflow/.local/lib/python3.12/site-packages/airflow/example_dags/example_task_group_decorator.py took 0.067 seconds
[2025-03-02T00:53:41.111+0000] {processor.py:186} INFO - Started process (PID=1071) to work on /home/airflow/.local/lib/python3.12/site-packages/airflow/example_dags/example_task_group_decorator.py
[2025-03-02T00:53:41.112+0000] {processor.py:914} INFO - Processing file /home/airflow/.local/lib/python3.12/site-packages/airflow/example_dags/example_task_group_decorator.py for tasks to queue
[2025-03-02T00:53:41.113+0000] {logging_mixin.py:190} INFO - [2025-03-02T00:53:41.113+0000] {dagbag.py:588} INFO - Filling up the DagBag from /home/airflow/.local/lib/python3.12/site-packages/airflow/example_dags/example_task_group_decorator.py
[2025-03-02T00:53:41.125+0000] {processor.py:925} INFO - DAG(s) 'example_task_group_decorator' retrieved from /home/airflow/.local/lib/python3.12/site-packages/airflow/example_dags/example_task_group_decorator.py
[2025-03-02T00:53:41.150+0000] {logging_mixin.py:190} INFO - [2025-03-02T00:53:41.149+0000] {dag.py:3239} INFO - Sync 1 DAGs
[2025-03-02T00:53:41.164+0000] {logging_mixin.py:190} INFO - [2025-03-02T00:53:41.163+0000] {dag.py:4180} INFO - Setting next_dagrun for example_task_group_decorator to None, run_after=None
[2025-03-02T00:53:41.179+0000] {processor.py:208} INFO - Processing /home/airflow/.local/lib/python3.12/site-packages/airflow/example_dags/example_task_group_decorator.py took 0.072 seconds
[2025-03-02T00:54:12.257+0000] {processor.py:186} INFO - Started process (PID=1135) to work on /home/airflow/.local/lib/python3.12/site-packages/airflow/example_dags/example_task_group_decorator.py
[2025-03-02T00:54:12.258+0000] {processor.py:914} INFO - Processing file /home/airflow/.local/lib/python3.12/site-packages/airflow/example_dags/example_task_group_decorator.py for tasks to queue
[2025-03-02T00:54:12.259+0000] {logging_mixin.py:190} INFO - [2025-03-02T00:54:12.259+0000] {dagbag.py:588} INFO - Filling up the DagBag from /home/airflow/.local/lib/python3.12/site-packages/airflow/example_dags/example_task_group_decorator.py
[2025-03-02T00:54:12.272+0000] {processor.py:925} INFO - DAG(s) 'example_task_group_decorator' retrieved from /home/airflow/.local/lib/python3.12/site-packages/airflow/example_dags/example_task_group_decorator.py
[2025-03-02T00:54:12.292+0000] {logging_mixin.py:190} INFO - [2025-03-02T00:54:12.291+0000] {dag.py:3239} INFO - Sync 1 DAGs
[2025-03-02T00:54:12.303+0000] {logging_mixin.py:190} INFO - [2025-03-02T00:54:12.303+0000] {dag.py:4180} INFO - Setting next_dagrun for example_task_group_decorator to None, run_after=None
[2025-03-02T00:54:12.315+0000] {processor.py:208} INFO - Processing /home/airflow/.local/lib/python3.12/site-packages/airflow/example_dags/example_task_group_decorator.py took 0.063 seconds
[2025-03-02T00:54:42.851+0000] {processor.py:186} INFO - Started process (PID=1199) to work on /home/airflow/.local/lib/python3.12/site-packages/airflow/example_dags/example_task_group_decorator.py
[2025-03-02T00:54:42.852+0000] {processor.py:914} INFO - Processing file /home/airflow/.local/lib/python3.12/site-packages/airflow/example_dags/example_task_group_decorator.py for tasks to queue
[2025-03-02T00:54:42.853+0000] {logging_mixin.py:190} INFO - [2025-03-02T00:54:42.853+0000] {dagbag.py:588} INFO - Filling up the DagBag from /home/airflow/.local/lib/python3.12/site-packages/airflow/example_dags/example_task_group_decorator.py
[2025-03-02T00:54:42.866+0000] {processor.py:925} INFO - DAG(s) 'example_task_group_decorator' retrieved from /home/airflow/.local/lib/python3.12/site-packages/airflow/example_dags/example_task_group_decorator.py
[2025-03-02T00:54:42.886+0000] {logging_mixin.py:190} INFO - [2025-03-02T00:54:42.886+0000] {dag.py:3239} INFO - Sync 1 DAGs
[2025-03-02T00:54:42.898+0000] {logging_mixin.py:190} INFO - [2025-03-02T00:54:42.898+0000] {dag.py:4180} INFO - Setting next_dagrun for example_task_group_decorator to None, run_after=None
[2025-03-02T00:54:42.911+0000] {processor.py:208} INFO - Processing /home/airflow/.local/lib/python3.12/site-packages/airflow/example_dags/example_task_group_decorator.py took 0.065 seconds
