[2025-03-02T00:45:53.100+0000] {processor.py:186} INFO - Started process (PID=88) to work on /home/airflow/.local/lib/python3.12/site-packages/airflow/example_dags/example_xcomargs.py
[2025-03-02T00:45:53.100+0000] {processor.py:914} INFO - Processing file /home/airflow/.local/lib/python3.12/site-packages/airflow/example_dags/example_xcomargs.py for tasks to queue
[2025-03-02T00:45:53.103+0000] {logging_mixin.py:190} INFO - [2025-03-02T00:45:53.102+0000] {dagbag.py:588} INFO - Filling up the DagBag from /home/airflow/.local/lib/python3.12/site-packages/airflow/example_dags/example_xcomargs.py
[2025-03-02T00:45:53.115+0000] {processor.py:925} INFO - DAG(s) 'example_xcom_args', 'example_xcom_args_with_operators' retrieved from /home/airflow/.local/lib/python3.12/site-packages/airflow/example_dags/example_xcomargs.py
[2025-03-02T00:45:53.210+0000] {logging_mixin.py:190} INFO - [2025-03-02T00:45:53.209+0000] {override.py:1911} INFO - Created Permission View: can edit on DAG:example_xcom_args
[2025-03-02T00:45:53.218+0000] {logging_mixin.py:190} INFO - [2025-03-02T00:45:53.217+0000] {override.py:1911} INFO - Created Permission View: can read on DAG:example_xcom_args
[2025-03-02T00:45:53.222+0000] {logging_mixin.py:190} INFO - [2025-03-02T00:45:53.222+0000] {override.py:1911} INFO - Created Permission View: can delete on DAG:example_xcom_args
[2025-03-02T00:45:53.228+0000] {logging_mixin.py:190} INFO - [2025-03-02T00:45:53.228+0000] {override.py:1911} INFO - Created Permission View: menu access on DAG Run:example_xcom_args
[2025-03-02T00:45:53.233+0000] {logging_mixin.py:190} INFO - [2025-03-02T00:45:53.232+0000] {override.py:1911} INFO - Created Permission View: can read on DAG Run:example_xcom_args
[2025-03-02T00:45:53.237+0000] {logging_mixin.py:190} INFO - [2025-03-02T00:45:53.237+0000] {override.py:1911} INFO - Created Permission View: can delete on DAG Run:example_xcom_args
[2025-03-02T00:45:53.244+0000] {logging_mixin.py:190} INFO - [2025-03-02T00:45:53.243+0000] {override.py:1911} INFO - Created Permission View: can create on DAG Run:example_xcom_args
[2025-03-02T00:45:53.253+0000] {logging_mixin.py:190} INFO - [2025-03-02T00:45:53.253+0000] {override.py:1911} INFO - Created Permission View: can edit on DAG:example_xcom_args_with_operators
[2025-03-02T00:45:53.257+0000] {logging_mixin.py:190} INFO - [2025-03-02T00:45:53.257+0000] {override.py:1911} INFO - Created Permission View: can read on DAG:example_xcom_args_with_operators
[2025-03-02T00:45:53.263+0000] {logging_mixin.py:190} INFO - [2025-03-02T00:45:53.262+0000] {override.py:1911} INFO - Created Permission View: can delete on DAG:example_xcom_args_with_operators
[2025-03-02T00:45:53.268+0000] {logging_mixin.py:190} INFO - [2025-03-02T00:45:53.268+0000] {override.py:1911} INFO - Created Permission View: menu access on DAG Run:example_xcom_args_with_operators
[2025-03-02T00:45:53.274+0000] {logging_mixin.py:190} INFO - [2025-03-02T00:45:53.273+0000] {override.py:1911} INFO - Created Permission View: can read on DAG Run:example_xcom_args_with_operators
[2025-03-02T00:45:53.280+0000] {logging_mixin.py:190} INFO - [2025-03-02T00:45:53.280+0000] {override.py:1911} INFO - Created Permission View: can delete on DAG Run:example_xcom_args_with_operators
[2025-03-02T00:45:53.286+0000] {logging_mixin.py:190} INFO - [2025-03-02T00:45:53.285+0000] {override.py:1911} INFO - Created Permission View: can create on DAG Run:example_xcom_args_with_operators
[2025-03-02T00:45:53.286+0000] {logging_mixin.py:190} INFO - [2025-03-02T00:45:53.286+0000] {dag.py:3239} INFO - Sync 2 DAGs
[2025-03-02T00:45:53.300+0000] {logging_mixin.py:190} INFO - [2025-03-02T00:45:53.299+0000] {dag.py:3262} INFO - Creating ORM DAG for example_xcom_args_with_operators
[2025-03-02T00:45:53.300+0000] {logging_mixin.py:190} INFO - [2025-03-02T00:45:53.300+0000] {dag.py:3262} INFO - Creating ORM DAG for example_xcom_args
[2025-03-02T00:45:53.301+0000] {logging_mixin.py:190} INFO - [2025-03-02T00:45:53.301+0000] {dag.py:4180} INFO - Setting next_dagrun for example_xcom_args to None, run_after=None
[2025-03-02T00:45:53.302+0000] {logging_mixin.py:190} INFO - [2025-03-02T00:45:53.301+0000] {dag.py:4180} INFO - Setting next_dagrun for example_xcom_args_with_operators to None, run_after=None
[2025-03-02T00:45:53.316+0000] {processor.py:208} INFO - Processing /home/airflow/.local/lib/python3.12/site-packages/airflow/example_dags/example_xcomargs.py took 0.224 seconds
[2025-03-02T00:46:23.644+0000] {processor.py:186} INFO - Started process (PID=152) to work on /home/airflow/.local/lib/python3.12/site-packages/airflow/example_dags/example_xcomargs.py
[2025-03-02T00:46:23.644+0000] {processor.py:914} INFO - Processing file /home/airflow/.local/lib/python3.12/site-packages/airflow/example_dags/example_xcomargs.py for tasks to queue
[2025-03-02T00:46:23.646+0000] {logging_mixin.py:190} INFO - [2025-03-02T00:46:23.646+0000] {dagbag.py:588} INFO - Filling up the DagBag from /home/airflow/.local/lib/python3.12/site-packages/airflow/example_dags/example_xcomargs.py
[2025-03-02T00:46:23.654+0000] {processor.py:925} INFO - DAG(s) 'example_xcom_args_with_operators', 'example_xcom_args' retrieved from /home/airflow/.local/lib/python3.12/site-packages/airflow/example_dags/example_xcomargs.py
[2025-03-02T00:46:23.674+0000] {logging_mixin.py:190} INFO - [2025-03-02T00:46:23.674+0000] {dag.py:3239} INFO - Sync 2 DAGs
[2025-03-02T00:46:23.687+0000] {logging_mixin.py:190} INFO - [2025-03-02T00:46:23.687+0000] {dag.py:4180} INFO - Setting next_dagrun for example_xcom_args to None, run_after=None
[2025-03-02T00:46:23.690+0000] {logging_mixin.py:190} INFO - [2025-03-02T00:46:23.689+0000] {dag.py:4180} INFO - Setting next_dagrun for example_xcom_args_with_operators to None, run_after=None
[2025-03-02T00:46:23.701+0000] {processor.py:208} INFO - Processing /home/airflow/.local/lib/python3.12/site-packages/airflow/example_dags/example_xcomargs.py took 0.062 seconds
[2025-03-02T00:46:54.346+0000] {processor.py:186} INFO - Started process (PID=215) to work on /home/airflow/.local/lib/python3.12/site-packages/airflow/example_dags/example_xcomargs.py
[2025-03-02T00:46:54.347+0000] {processor.py:914} INFO - Processing file /home/airflow/.local/lib/python3.12/site-packages/airflow/example_dags/example_xcomargs.py for tasks to queue
[2025-03-02T00:46:54.348+0000] {logging_mixin.py:190} INFO - [2025-03-02T00:46:54.348+0000] {dagbag.py:588} INFO - Filling up the DagBag from /home/airflow/.local/lib/python3.12/site-packages/airflow/example_dags/example_xcomargs.py
[2025-03-02T00:46:54.356+0000] {processor.py:925} INFO - DAG(s) 'example_xcom_args_with_operators', 'example_xcom_args' retrieved from /home/airflow/.local/lib/python3.12/site-packages/airflow/example_dags/example_xcomargs.py
[2025-03-02T00:46:54.379+0000] {logging_mixin.py:190} INFO - [2025-03-02T00:46:54.379+0000] {dag.py:3239} INFO - Sync 2 DAGs
[2025-03-02T00:46:54.394+0000] {logging_mixin.py:190} INFO - [2025-03-02T00:46:54.393+0000] {dag.py:4180} INFO - Setting next_dagrun for example_xcom_args to None, run_after=None
[2025-03-02T00:46:54.399+0000] {logging_mixin.py:190} INFO - [2025-03-02T00:46:54.398+0000] {dag.py:4180} INFO - Setting next_dagrun for example_xcom_args_with_operators to None, run_after=None
[2025-03-02T00:46:54.414+0000] {processor.py:208} INFO - Processing /home/airflow/.local/lib/python3.12/site-packages/airflow/example_dags/example_xcomargs.py took 0.073 seconds
[2025-03-02T00:47:24.517+0000] {processor.py:186} INFO - Started process (PID=278) to work on /home/airflow/.local/lib/python3.12/site-packages/airflow/example_dags/example_xcomargs.py
[2025-03-02T00:47:24.518+0000] {processor.py:914} INFO - Processing file /home/airflow/.local/lib/python3.12/site-packages/airflow/example_dags/example_xcomargs.py for tasks to queue
[2025-03-02T00:47:24.521+0000] {logging_mixin.py:190} INFO - [2025-03-02T00:47:24.520+0000] {dagbag.py:588} INFO - Filling up the DagBag from /home/airflow/.local/lib/python3.12/site-packages/airflow/example_dags/example_xcomargs.py
[2025-03-02T00:47:24.532+0000] {processor.py:925} INFO - DAG(s) 'example_xcom_args_with_operators', 'example_xcom_args' retrieved from /home/airflow/.local/lib/python3.12/site-packages/airflow/example_dags/example_xcomargs.py
[2025-03-02T00:47:24.557+0000] {logging_mixin.py:190} INFO - [2025-03-02T00:47:24.556+0000] {dag.py:3239} INFO - Sync 2 DAGs
[2025-03-02T00:47:24.574+0000] {logging_mixin.py:190} INFO - [2025-03-02T00:47:24.574+0000] {dag.py:4180} INFO - Setting next_dagrun for example_xcom_args to None, run_after=None
[2025-03-02T00:47:24.578+0000] {logging_mixin.py:190} INFO - [2025-03-02T00:47:24.578+0000] {dag.py:4180} INFO - Setting next_dagrun for example_xcom_args_with_operators to None, run_after=None
[2025-03-02T00:47:24.592+0000] {processor.py:208} INFO - Processing /home/airflow/.local/lib/python3.12/site-packages/airflow/example_dags/example_xcomargs.py took 0.081 seconds
[2025-03-02T00:47:54.634+0000] {processor.py:186} INFO - Started process (PID=340) to work on /home/airflow/.local/lib/python3.12/site-packages/airflow/example_dags/example_xcomargs.py
[2025-03-02T00:47:54.634+0000] {processor.py:914} INFO - Processing file /home/airflow/.local/lib/python3.12/site-packages/airflow/example_dags/example_xcomargs.py for tasks to queue
[2025-03-02T00:47:54.636+0000] {logging_mixin.py:190} INFO - [2025-03-02T00:47:54.636+0000] {dagbag.py:588} INFO - Filling up the DagBag from /home/airflow/.local/lib/python3.12/site-packages/airflow/example_dags/example_xcomargs.py
[2025-03-02T00:47:54.644+0000] {processor.py:925} INFO - DAG(s) 'example_xcom_args_with_operators', 'example_xcom_args' retrieved from /home/airflow/.local/lib/python3.12/site-packages/airflow/example_dags/example_xcomargs.py
[2025-03-02T00:47:54.660+0000] {logging_mixin.py:190} INFO - [2025-03-02T00:47:54.660+0000] {dag.py:3239} INFO - Sync 2 DAGs
[2025-03-02T00:47:54.672+0000] {logging_mixin.py:190} INFO - [2025-03-02T00:47:54.671+0000] {dag.py:4180} INFO - Setting next_dagrun for example_xcom_args to None, run_after=None
[2025-03-02T00:47:54.674+0000] {logging_mixin.py:190} INFO - [2025-03-02T00:47:54.674+0000] {dag.py:4180} INFO - Setting next_dagrun for example_xcom_args_with_operators to None, run_after=None
[2025-03-02T00:47:54.685+0000] {processor.py:208} INFO - Processing /home/airflow/.local/lib/python3.12/site-packages/airflow/example_dags/example_xcomargs.py took 0.055 seconds
[2025-03-02T00:48:24.763+0000] {processor.py:186} INFO - Started process (PID=403) to work on /home/airflow/.local/lib/python3.12/site-packages/airflow/example_dags/example_xcomargs.py
[2025-03-02T00:48:24.763+0000] {processor.py:914} INFO - Processing file /home/airflow/.local/lib/python3.12/site-packages/airflow/example_dags/example_xcomargs.py for tasks to queue
[2025-03-02T00:48:24.765+0000] {logging_mixin.py:190} INFO - [2025-03-02T00:48:24.764+0000] {dagbag.py:588} INFO - Filling up the DagBag from /home/airflow/.local/lib/python3.12/site-packages/airflow/example_dags/example_xcomargs.py
[2025-03-02T00:48:24.773+0000] {processor.py:925} INFO - DAG(s) 'example_xcom_args_with_operators', 'example_xcom_args' retrieved from /home/airflow/.local/lib/python3.12/site-packages/airflow/example_dags/example_xcomargs.py
[2025-03-02T00:48:24.795+0000] {logging_mixin.py:190} INFO - [2025-03-02T00:48:24.795+0000] {dag.py:3239} INFO - Sync 2 DAGs
[2025-03-02T00:48:24.811+0000] {logging_mixin.py:190} INFO - [2025-03-02T00:48:24.811+0000] {dag.py:4180} INFO - Setting next_dagrun for example_xcom_args to None, run_after=None
[2025-03-02T00:48:24.815+0000] {logging_mixin.py:190} INFO - [2025-03-02T00:48:24.815+0000] {dag.py:4180} INFO - Setting next_dagrun for example_xcom_args_with_operators to None, run_after=None
[2025-03-02T00:48:24.829+0000] {processor.py:208} INFO - Processing /home/airflow/.local/lib/python3.12/site-packages/airflow/example_dags/example_xcomargs.py took 0.070 seconds
[2025-03-02T00:48:54.936+0000] {processor.py:186} INFO - Started process (PID=467) to work on /home/airflow/.local/lib/python3.12/site-packages/airflow/example_dags/example_xcomargs.py
[2025-03-02T00:48:54.936+0000] {processor.py:914} INFO - Processing file /home/airflow/.local/lib/python3.12/site-packages/airflow/example_dags/example_xcomargs.py for tasks to queue
[2025-03-02T00:48:54.938+0000] {logging_mixin.py:190} INFO - [2025-03-02T00:48:54.938+0000] {dagbag.py:588} INFO - Filling up the DagBag from /home/airflow/.local/lib/python3.12/site-packages/airflow/example_dags/example_xcomargs.py
[2025-03-02T00:48:54.946+0000] {processor.py:925} INFO - DAG(s) 'example_xcom_args', 'example_xcom_args_with_operators' retrieved from /home/airflow/.local/lib/python3.12/site-packages/airflow/example_dags/example_xcomargs.py
[2025-03-02T00:48:54.963+0000] {logging_mixin.py:190} INFO - [2025-03-02T00:48:54.962+0000] {dag.py:3239} INFO - Sync 2 DAGs
[2025-03-02T00:48:54.974+0000] {logging_mixin.py:190} INFO - [2025-03-02T00:48:54.974+0000] {dag.py:4180} INFO - Setting next_dagrun for example_xcom_args to None, run_after=None
[2025-03-02T00:48:54.976+0000] {logging_mixin.py:190} INFO - [2025-03-02T00:48:54.976+0000] {dag.py:4180} INFO - Setting next_dagrun for example_xcom_args_with_operators to None, run_after=None
[2025-03-02T00:48:54.987+0000] {processor.py:208} INFO - Processing /home/airflow/.local/lib/python3.12/site-packages/airflow/example_dags/example_xcomargs.py took 0.055 seconds
[2025-03-02T00:49:25.056+0000] {processor.py:186} INFO - Started process (PID=531) to work on /home/airflow/.local/lib/python3.12/site-packages/airflow/example_dags/example_xcomargs.py
[2025-03-02T00:49:25.057+0000] {processor.py:914} INFO - Processing file /home/airflow/.local/lib/python3.12/site-packages/airflow/example_dags/example_xcomargs.py for tasks to queue
[2025-03-02T00:49:25.059+0000] {logging_mixin.py:190} INFO - [2025-03-02T00:49:25.058+0000] {dagbag.py:588} INFO - Filling up the DagBag from /home/airflow/.local/lib/python3.12/site-packages/airflow/example_dags/example_xcomargs.py
[2025-03-02T00:49:25.068+0000] {processor.py:925} INFO - DAG(s) 'example_xcom_args_with_operators', 'example_xcom_args' retrieved from /home/airflow/.local/lib/python3.12/site-packages/airflow/example_dags/example_xcomargs.py
[2025-03-02T00:49:25.089+0000] {logging_mixin.py:190} INFO - [2025-03-02T00:49:25.089+0000] {dag.py:3239} INFO - Sync 2 DAGs
[2025-03-02T00:49:25.105+0000] {logging_mixin.py:190} INFO - [2025-03-02T00:49:25.105+0000] {dag.py:4180} INFO - Setting next_dagrun for example_xcom_args to None, run_after=None
[2025-03-02T00:49:25.108+0000] {logging_mixin.py:190} INFO - [2025-03-02T00:49:25.108+0000] {dag.py:4180} INFO - Setting next_dagrun for example_xcom_args_with_operators to None, run_after=None
[2025-03-02T00:49:25.118+0000] {processor.py:208} INFO - Processing /home/airflow/.local/lib/python3.12/site-packages/airflow/example_dags/example_xcomargs.py took 0.066 seconds
[2025-03-02T00:49:55.466+0000] {processor.py:186} INFO - Started process (PID=594) to work on /home/airflow/.local/lib/python3.12/site-packages/airflow/example_dags/example_xcomargs.py
[2025-03-02T00:49:55.466+0000] {processor.py:914} INFO - Processing file /home/airflow/.local/lib/python3.12/site-packages/airflow/example_dags/example_xcomargs.py for tasks to queue
[2025-03-02T00:49:55.469+0000] {logging_mixin.py:190} INFO - [2025-03-02T00:49:55.468+0000] {dagbag.py:588} INFO - Filling up the DagBag from /home/airflow/.local/lib/python3.12/site-packages/airflow/example_dags/example_xcomargs.py
[2025-03-02T00:49:55.479+0000] {processor.py:925} INFO - DAG(s) 'example_xcom_args', 'example_xcom_args_with_operators' retrieved from /home/airflow/.local/lib/python3.12/site-packages/airflow/example_dags/example_xcomargs.py
[2025-03-02T00:49:55.496+0000] {logging_mixin.py:190} INFO - [2025-03-02T00:49:55.496+0000] {dag.py:3239} INFO - Sync 2 DAGs
[2025-03-02T00:49:55.513+0000] {logging_mixin.py:190} INFO - [2025-03-02T00:49:55.513+0000] {dag.py:4180} INFO - Setting next_dagrun for example_xcom_args to None, run_after=None
[2025-03-02T00:49:55.517+0000] {logging_mixin.py:190} INFO - [2025-03-02T00:49:55.517+0000] {dag.py:4180} INFO - Setting next_dagrun for example_xcom_args_with_operators to None, run_after=None
[2025-03-02T00:49:55.532+0000] {processor.py:208} INFO - Processing /home/airflow/.local/lib/python3.12/site-packages/airflow/example_dags/example_xcomargs.py took 0.073 seconds
[2025-03-02T00:50:26.051+0000] {processor.py:186} INFO - Started process (PID=657) to work on /home/airflow/.local/lib/python3.12/site-packages/airflow/example_dags/example_xcomargs.py
[2025-03-02T00:50:26.052+0000] {processor.py:914} INFO - Processing file /home/airflow/.local/lib/python3.12/site-packages/airflow/example_dags/example_xcomargs.py for tasks to queue
[2025-03-02T00:50:26.054+0000] {logging_mixin.py:190} INFO - [2025-03-02T00:50:26.054+0000] {dagbag.py:588} INFO - Filling up the DagBag from /home/airflow/.local/lib/python3.12/site-packages/airflow/example_dags/example_xcomargs.py
[2025-03-02T00:50:26.064+0000] {processor.py:925} INFO - DAG(s) 'example_xcom_args_with_operators', 'example_xcom_args' retrieved from /home/airflow/.local/lib/python3.12/site-packages/airflow/example_dags/example_xcomargs.py
[2025-03-02T00:50:26.088+0000] {logging_mixin.py:190} INFO - [2025-03-02T00:50:26.088+0000] {dag.py:3239} INFO - Sync 2 DAGs
[2025-03-02T00:50:26.103+0000] {logging_mixin.py:190} INFO - [2025-03-02T00:50:26.103+0000] {dag.py:4180} INFO - Setting next_dagrun for example_xcom_args to None, run_after=None
[2025-03-02T00:50:26.107+0000] {logging_mixin.py:190} INFO - [2025-03-02T00:50:26.107+0000] {dag.py:4180} INFO - Setting next_dagrun for example_xcom_args_with_operators to None, run_after=None
[2025-03-02T00:50:26.120+0000] {processor.py:208} INFO - Processing /home/airflow/.local/lib/python3.12/site-packages/airflow/example_dags/example_xcomargs.py took 0.075 seconds
[2025-03-02T00:50:56.391+0000] {processor.py:186} INFO - Started process (PID=720) to work on /home/airflow/.local/lib/python3.12/site-packages/airflow/example_dags/example_xcomargs.py
[2025-03-02T00:50:56.392+0000] {processor.py:914} INFO - Processing file /home/airflow/.local/lib/python3.12/site-packages/airflow/example_dags/example_xcomargs.py for tasks to queue
[2025-03-02T00:50:56.394+0000] {logging_mixin.py:190} INFO - [2025-03-02T00:50:56.393+0000] {dagbag.py:588} INFO - Filling up the DagBag from /home/airflow/.local/lib/python3.12/site-packages/airflow/example_dags/example_xcomargs.py
[2025-03-02T00:50:56.404+0000] {processor.py:925} INFO - DAG(s) 'example_xcom_args_with_operators', 'example_xcom_args' retrieved from /home/airflow/.local/lib/python3.12/site-packages/airflow/example_dags/example_xcomargs.py
[2025-03-02T00:50:56.424+0000] {logging_mixin.py:190} INFO - [2025-03-02T00:50:56.423+0000] {dag.py:3239} INFO - Sync 2 DAGs
[2025-03-02T00:50:56.439+0000] {logging_mixin.py:190} INFO - [2025-03-02T00:50:56.439+0000] {dag.py:4180} INFO - Setting next_dagrun for example_xcom_args to None, run_after=None
[2025-03-02T00:50:56.442+0000] {logging_mixin.py:190} INFO - [2025-03-02T00:50:56.442+0000] {dag.py:4180} INFO - Setting next_dagrun for example_xcom_args_with_operators to None, run_after=None
[2025-03-02T00:50:56.456+0000] {processor.py:208} INFO - Processing /home/airflow/.local/lib/python3.12/site-packages/airflow/example_dags/example_xcomargs.py took 0.069 seconds
[2025-03-02T00:51:26.733+0000] {processor.py:186} INFO - Started process (PID=785) to work on /home/airflow/.local/lib/python3.12/site-packages/airflow/example_dags/example_xcomargs.py
[2025-03-02T00:51:26.734+0000] {processor.py:914} INFO - Processing file /home/airflow/.local/lib/python3.12/site-packages/airflow/example_dags/example_xcomargs.py for tasks to queue
[2025-03-02T00:51:26.735+0000] {logging_mixin.py:190} INFO - [2025-03-02T00:51:26.735+0000] {dagbag.py:588} INFO - Filling up the DagBag from /home/airflow/.local/lib/python3.12/site-packages/airflow/example_dags/example_xcomargs.py
[2025-03-02T00:51:26.743+0000] {processor.py:925} INFO - DAG(s) 'example_xcom_args', 'example_xcom_args_with_operators' retrieved from /home/airflow/.local/lib/python3.12/site-packages/airflow/example_dags/example_xcomargs.py
[2025-03-02T00:51:26.760+0000] {logging_mixin.py:190} INFO - [2025-03-02T00:51:26.759+0000] {dag.py:3239} INFO - Sync 2 DAGs
[2025-03-02T00:51:26.771+0000] {logging_mixin.py:190} INFO - [2025-03-02T00:51:26.770+0000] {dag.py:4180} INFO - Setting next_dagrun for example_xcom_args to None, run_after=None
[2025-03-02T00:51:26.773+0000] {logging_mixin.py:190} INFO - [2025-03-02T00:51:26.773+0000] {dag.py:4180} INFO - Setting next_dagrun for example_xcom_args_with_operators to None, run_after=None
[2025-03-02T00:51:26.784+0000] {processor.py:208} INFO - Processing /home/airflow/.local/lib/python3.12/site-packages/airflow/example_dags/example_xcomargs.py took 0.055 seconds
[2025-03-02T00:51:56.906+0000] {processor.py:186} INFO - Started process (PID=849) to work on /home/airflow/.local/lib/python3.12/site-packages/airflow/example_dags/example_xcomargs.py
[2025-03-02T00:51:56.907+0000] {processor.py:914} INFO - Processing file /home/airflow/.local/lib/python3.12/site-packages/airflow/example_dags/example_xcomargs.py for tasks to queue
[2025-03-02T00:51:56.908+0000] {logging_mixin.py:190} INFO - [2025-03-02T00:51:56.908+0000] {dagbag.py:588} INFO - Filling up the DagBag from /home/airflow/.local/lib/python3.12/site-packages/airflow/example_dags/example_xcomargs.py
[2025-03-02T00:51:56.916+0000] {processor.py:925} INFO - DAG(s) 'example_xcom_args_with_operators', 'example_xcom_args' retrieved from /home/airflow/.local/lib/python3.12/site-packages/airflow/example_dags/example_xcomargs.py
[2025-03-02T00:51:56.933+0000] {logging_mixin.py:190} INFO - [2025-03-02T00:51:56.933+0000] {dag.py:3239} INFO - Sync 2 DAGs
[2025-03-02T00:51:56.948+0000] {logging_mixin.py:190} INFO - [2025-03-02T00:51:56.948+0000] {dag.py:4180} INFO - Setting next_dagrun for example_xcom_args to None, run_after=None
[2025-03-02T00:51:56.952+0000] {logging_mixin.py:190} INFO - [2025-03-02T00:51:56.951+0000] {dag.py:4180} INFO - Setting next_dagrun for example_xcom_args_with_operators to None, run_after=None
[2025-03-02T00:51:56.965+0000] {processor.py:208} INFO - Processing /home/airflow/.local/lib/python3.12/site-packages/airflow/example_dags/example_xcomargs.py took 0.064 seconds
[2025-03-02T00:52:27.034+0000] {processor.py:186} INFO - Started process (PID=914) to work on /home/airflow/.local/lib/python3.12/site-packages/airflow/example_dags/example_xcomargs.py
[2025-03-02T00:52:27.035+0000] {processor.py:914} INFO - Processing file /home/airflow/.local/lib/python3.12/site-packages/airflow/example_dags/example_xcomargs.py for tasks to queue
[2025-03-02T00:52:27.036+0000] {logging_mixin.py:190} INFO - [2025-03-02T00:52:27.036+0000] {dagbag.py:588} INFO - Filling up the DagBag from /home/airflow/.local/lib/python3.12/site-packages/airflow/example_dags/example_xcomargs.py
[2025-03-02T00:52:27.044+0000] {processor.py:925} INFO - DAG(s) 'example_xcom_args_with_operators', 'example_xcom_args' retrieved from /home/airflow/.local/lib/python3.12/site-packages/airflow/example_dags/example_xcomargs.py
[2025-03-02T00:52:27.063+0000] {logging_mixin.py:190} INFO - [2025-03-02T00:52:27.063+0000] {dag.py:3239} INFO - Sync 2 DAGs
[2025-03-02T00:52:27.077+0000] {logging_mixin.py:190} INFO - [2025-03-02T00:52:27.077+0000] {dag.py:4180} INFO - Setting next_dagrun for example_xcom_args to None, run_after=None
[2025-03-02T00:52:27.080+0000] {logging_mixin.py:190} INFO - [2025-03-02T00:52:27.080+0000] {dag.py:4180} INFO - Setting next_dagrun for example_xcom_args_with_operators to None, run_after=None
[2025-03-02T00:52:27.090+0000] {processor.py:208} INFO - Processing /home/airflow/.local/lib/python3.12/site-packages/airflow/example_dags/example_xcomargs.py took 0.060 seconds
[2025-03-02T00:52:57.279+0000] {processor.py:186} INFO - Started process (PID=978) to work on /home/airflow/.local/lib/python3.12/site-packages/airflow/example_dags/example_xcomargs.py
[2025-03-02T00:52:57.279+0000] {processor.py:914} INFO - Processing file /home/airflow/.local/lib/python3.12/site-packages/airflow/example_dags/example_xcomargs.py for tasks to queue
[2025-03-02T00:52:57.281+0000] {logging_mixin.py:190} INFO - [2025-03-02T00:52:57.281+0000] {dagbag.py:588} INFO - Filling up the DagBag from /home/airflow/.local/lib/python3.12/site-packages/airflow/example_dags/example_xcomargs.py
[2025-03-02T00:52:57.288+0000] {processor.py:925} INFO - DAG(s) 'example_xcom_args', 'example_xcom_args_with_operators' retrieved from /home/airflow/.local/lib/python3.12/site-packages/airflow/example_dags/example_xcomargs.py
[2025-03-02T00:52:57.305+0000] {logging_mixin.py:190} INFO - [2025-03-02T00:52:57.305+0000] {dag.py:3239} INFO - Sync 2 DAGs
[2025-03-02T00:52:57.316+0000] {logging_mixin.py:190} INFO - [2025-03-02T00:52:57.316+0000] {dag.py:4180} INFO - Setting next_dagrun for example_xcom_args to None, run_after=None
[2025-03-02T00:52:57.319+0000] {logging_mixin.py:190} INFO - [2025-03-02T00:52:57.318+0000] {dag.py:4180} INFO - Setting next_dagrun for example_xcom_args_with_operators to None, run_after=None
[2025-03-02T00:52:57.329+0000] {processor.py:208} INFO - Processing /home/airflow/.local/lib/python3.12/site-packages/airflow/example_dags/example_xcomargs.py took 0.055 seconds
[2025-03-02T00:53:27.741+0000] {processor.py:186} INFO - Started process (PID=1042) to work on /home/airflow/.local/lib/python3.12/site-packages/airflow/example_dags/example_xcomargs.py
[2025-03-02T00:53:27.742+0000] {processor.py:914} INFO - Processing file /home/airflow/.local/lib/python3.12/site-packages/airflow/example_dags/example_xcomargs.py for tasks to queue
[2025-03-02T00:53:27.743+0000] {logging_mixin.py:190} INFO - [2025-03-02T00:53:27.743+0000] {dagbag.py:588} INFO - Filling up the DagBag from /home/airflow/.local/lib/python3.12/site-packages/airflow/example_dags/example_xcomargs.py
[2025-03-02T00:53:27.751+0000] {processor.py:925} INFO - DAG(s) 'example_xcom_args', 'example_xcom_args_with_operators' retrieved from /home/airflow/.local/lib/python3.12/site-packages/airflow/example_dags/example_xcomargs.py
[2025-03-02T00:53:27.768+0000] {logging_mixin.py:190} INFO - [2025-03-02T00:53:27.767+0000] {dag.py:3239} INFO - Sync 2 DAGs
[2025-03-02T00:53:27.779+0000] {logging_mixin.py:190} INFO - [2025-03-02T00:53:27.779+0000] {dag.py:4180} INFO - Setting next_dagrun for example_xcom_args to None, run_after=None
[2025-03-02T00:53:27.781+0000] {logging_mixin.py:190} INFO - [2025-03-02T00:53:27.781+0000] {dag.py:4180} INFO - Setting next_dagrun for example_xcom_args_with_operators to None, run_after=None
[2025-03-02T00:53:27.792+0000] {processor.py:208} INFO - Processing /home/airflow/.local/lib/python3.12/site-packages/airflow/example_dags/example_xcomargs.py took 0.055 seconds
[2025-03-02T00:53:59.046+0000] {processor.py:186} INFO - Started process (PID=1106) to work on /home/airflow/.local/lib/python3.12/site-packages/airflow/example_dags/example_xcomargs.py
[2025-03-02T00:53:59.046+0000] {processor.py:914} INFO - Processing file /home/airflow/.local/lib/python3.12/site-packages/airflow/example_dags/example_xcomargs.py for tasks to queue
[2025-03-02T00:53:59.048+0000] {logging_mixin.py:190} INFO - [2025-03-02T00:53:59.047+0000] {dagbag.py:588} INFO - Filling up the DagBag from /home/airflow/.local/lib/python3.12/site-packages/airflow/example_dags/example_xcomargs.py
[2025-03-02T00:53:59.055+0000] {processor.py:925} INFO - DAG(s) 'example_xcom_args_with_operators', 'example_xcom_args' retrieved from /home/airflow/.local/lib/python3.12/site-packages/airflow/example_dags/example_xcomargs.py
[2025-03-02T00:53:59.075+0000] {logging_mixin.py:190} INFO - [2025-03-02T00:53:59.074+0000] {dag.py:3239} INFO - Sync 2 DAGs
[2025-03-02T00:53:59.086+0000] {logging_mixin.py:190} INFO - [2025-03-02T00:53:59.086+0000] {dag.py:4180} INFO - Setting next_dagrun for example_xcom_args to None, run_after=None
[2025-03-02T00:53:59.089+0000] {logging_mixin.py:190} INFO - [2025-03-02T00:53:59.089+0000] {dag.py:4180} INFO - Setting next_dagrun for example_xcom_args_with_operators to None, run_after=None
[2025-03-02T00:53:59.101+0000] {processor.py:208} INFO - Processing /home/airflow/.local/lib/python3.12/site-packages/airflow/example_dags/example_xcomargs.py took 0.060 seconds
[2025-03-02T00:54:29.724+0000] {processor.py:186} INFO - Started process (PID=1170) to work on /home/airflow/.local/lib/python3.12/site-packages/airflow/example_dags/example_xcomargs.py
[2025-03-02T00:54:29.724+0000] {processor.py:914} INFO - Processing file /home/airflow/.local/lib/python3.12/site-packages/airflow/example_dags/example_xcomargs.py for tasks to queue
[2025-03-02T00:54:29.726+0000] {logging_mixin.py:190} INFO - [2025-03-02T00:54:29.726+0000] {dagbag.py:588} INFO - Filling up the DagBag from /home/airflow/.local/lib/python3.12/site-packages/airflow/example_dags/example_xcomargs.py
[2025-03-02T00:54:29.734+0000] {processor.py:925} INFO - DAG(s) 'example_xcom_args', 'example_xcom_args_with_operators' retrieved from /home/airflow/.local/lib/python3.12/site-packages/airflow/example_dags/example_xcomargs.py
[2025-03-02T00:54:29.751+0000] {logging_mixin.py:190} INFO - [2025-03-02T00:54:29.751+0000] {dag.py:3239} INFO - Sync 2 DAGs
[2025-03-02T00:54:29.762+0000] {logging_mixin.py:190} INFO - [2025-03-02T00:54:29.762+0000] {dag.py:4180} INFO - Setting next_dagrun for example_xcom_args to None, run_after=None
[2025-03-02T00:54:29.765+0000] {logging_mixin.py:190} INFO - [2025-03-02T00:54:29.764+0000] {dag.py:4180} INFO - Setting next_dagrun for example_xcom_args_with_operators to None, run_after=None
[2025-03-02T00:54:29.777+0000] {processor.py:208} INFO - Processing /home/airflow/.local/lib/python3.12/site-packages/airflow/example_dags/example_xcomargs.py took 0.057 seconds
[2025-03-02T00:55:00.321+0000] {processor.py:186} INFO - Started process (PID=1234) to work on /home/airflow/.local/lib/python3.12/site-packages/airflow/example_dags/example_xcomargs.py
[2025-03-02T00:55:00.321+0000] {processor.py:914} INFO - Processing file /home/airflow/.local/lib/python3.12/site-packages/airflow/example_dags/example_xcomargs.py for tasks to queue
[2025-03-02T00:55:00.323+0000] {logging_mixin.py:190} INFO - [2025-03-02T00:55:00.323+0000] {dagbag.py:588} INFO - Filling up the DagBag from /home/airflow/.local/lib/python3.12/site-packages/airflow/example_dags/example_xcomargs.py
[2025-03-02T00:55:00.330+0000] {processor.py:925} INFO - DAG(s) 'example_xcom_args', 'example_xcom_args_with_operators' retrieved from /home/airflow/.local/lib/python3.12/site-packages/airflow/example_dags/example_xcomargs.py
[2025-03-02T00:55:00.349+0000] {logging_mixin.py:190} INFO - [2025-03-02T00:55:00.349+0000] {dag.py:3239} INFO - Sync 2 DAGs
[2025-03-02T00:55:00.361+0000] {logging_mixin.py:190} INFO - [2025-03-02T00:55:00.360+0000] {dag.py:4180} INFO - Setting next_dagrun for example_xcom_args to None, run_after=None
[2025-03-02T00:55:00.363+0000] {logging_mixin.py:190} INFO - [2025-03-02T00:55:00.363+0000] {dag.py:4180} INFO - Setting next_dagrun for example_xcom_args_with_operators to None, run_after=None
[2025-03-02T00:55:00.376+0000] {processor.py:208} INFO - Processing /home/airflow/.local/lib/python3.12/site-packages/airflow/example_dags/example_xcomargs.py took 0.060 seconds
