[2025-03-02T00:45:53.856+0000] {processor.py:186} INFO - Started process (PID=94) to work on /home/airflow/.local/lib/python3.12/site-packages/airflow/example_dags/example_datasets.py
[2025-03-02T00:45:53.857+0000] {processor.py:914} INFO - Processing file /home/airflow/.local/lib/python3.12/site-packages/airflow/example_dags/example_datasets.py for tasks to queue
[2025-03-02T00:45:53.859+0000] {logging_mixin.py:190} INFO - [2025-03-02T00:45:53.859+0000] {dagbag.py:588} INFO - Filling up the DagBag from /home/airflow/.local/lib/python3.12/site-packages/airflow/example_dags/example_datasets.py
[2025-03-02T00:45:54.600+0000] {processor.py:925} INFO - DAG(s) 'dataset_consumes_unknown_never_scheduled', 'dataset_consumes_1_and_2', 'conditional_dataset_and_time_based_timetable', 'dataset_consumes_1_never_scheduled', 'consume_1_and_2_with_dataset_expressions', 'consume_1_or_both_2_and_3_with_dataset_expressions', 'consume_1_or_2_with_dataset_expressions', 'dataset_produces_1', 'dataset_consumes_1', 'dataset_produces_2' retrieved from /home/airflow/.local/lib/python3.12/site-packages/airflow/example_dags/example_datasets.py
[2025-03-02T00:45:54.732+0000] {logging_mixin.py:190} INFO - [2025-03-02T00:45:54.731+0000] {override.py:1911} INFO - Created Permission View: can edit on DAG:dataset_consumes_unknown_never_scheduled
[2025-03-02T00:45:54.743+0000] {logging_mixin.py:190} INFO - [2025-03-02T00:45:54.742+0000] {override.py:1911} INFO - Created Permission View: can read on DAG:dataset_consumes_unknown_never_scheduled
[2025-03-02T00:45:54.754+0000] {logging_mixin.py:190} INFO - [2025-03-02T00:45:54.753+0000] {override.py:1911} INFO - Created Permission View: can delete on DAG:dataset_consumes_unknown_never_scheduled
[2025-03-02T00:45:54.760+0000] {logging_mixin.py:190} INFO - [2025-03-02T00:45:54.760+0000] {override.py:1911} INFO - Created Permission View: menu access on DAG Run:dataset_consumes_unknown_never_scheduled
[2025-03-02T00:45:54.766+0000] {logging_mixin.py:190} INFO - [2025-03-02T00:45:54.766+0000] {override.py:1911} INFO - Created Permission View: can read on DAG Run:dataset_consumes_unknown_never_scheduled
[2025-03-02T00:45:54.773+0000] {logging_mixin.py:190} INFO - [2025-03-02T00:45:54.772+0000] {override.py:1911} INFO - Created Permission View: can delete on DAG Run:dataset_consumes_unknown_never_scheduled
[2025-03-02T00:45:54.780+0000] {logging_mixin.py:190} INFO - [2025-03-02T00:45:54.780+0000] {override.py:1911} INFO - Created Permission View: can create on DAG Run:dataset_consumes_unknown_never_scheduled
[2025-03-02T00:45:54.796+0000] {logging_mixin.py:190} INFO - [2025-03-02T00:45:54.795+0000] {override.py:1911} INFO - Created Permission View: can edit on DAG:dataset_consumes_1_and_2
[2025-03-02T00:45:54.803+0000] {logging_mixin.py:190} INFO - [2025-03-02T00:45:54.803+0000] {override.py:1911} INFO - Created Permission View: can read on DAG:dataset_consumes_1_and_2
[2025-03-02T00:45:54.809+0000] {logging_mixin.py:190} INFO - [2025-03-02T00:45:54.808+0000] {override.py:1911} INFO - Created Permission View: can delete on DAG:dataset_consumes_1_and_2
[2025-03-02T00:45:54.815+0000] {logging_mixin.py:190} INFO - [2025-03-02T00:45:54.814+0000] {override.py:1911} INFO - Created Permission View: menu access on DAG Run:dataset_consumes_1_and_2
[2025-03-02T00:45:54.822+0000] {logging_mixin.py:190} INFO - [2025-03-02T00:45:54.822+0000] {override.py:1911} INFO - Created Permission View: can read on DAG Run:dataset_consumes_1_and_2
[2025-03-02T00:45:54.832+0000] {logging_mixin.py:190} INFO - [2025-03-02T00:45:54.832+0000] {override.py:1911} INFO - Created Permission View: can delete on DAG Run:dataset_consumes_1_and_2
[2025-03-02T00:45:54.838+0000] {logging_mixin.py:190} INFO - [2025-03-02T00:45:54.838+0000] {override.py:1911} INFO - Created Permission View: can create on DAG Run:dataset_consumes_1_and_2
[2025-03-02T00:45:54.852+0000] {logging_mixin.py:190} INFO - [2025-03-02T00:45:54.851+0000] {override.py:1911} INFO - Created Permission View: can edit on DAG:conditional_dataset_and_time_based_timetable
[2025-03-02T00:45:54.858+0000] {logging_mixin.py:190} INFO - [2025-03-02T00:45:54.857+0000] {override.py:1911} INFO - Created Permission View: can read on DAG:conditional_dataset_and_time_based_timetable
[2025-03-02T00:45:54.863+0000] {logging_mixin.py:190} INFO - [2025-03-02T00:45:54.863+0000] {override.py:1911} INFO - Created Permission View: can delete on DAG:conditional_dataset_and_time_based_timetable
[2025-03-02T00:45:54.869+0000] {logging_mixin.py:190} INFO - [2025-03-02T00:45:54.869+0000] {override.py:1911} INFO - Created Permission View: menu access on DAG Run:conditional_dataset_and_time_based_timetable
[2025-03-02T00:45:54.875+0000] {logging_mixin.py:190} INFO - [2025-03-02T00:45:54.875+0000] {override.py:1911} INFO - Created Permission View: can read on DAG Run:conditional_dataset_and_time_based_timetable
[2025-03-02T00:45:54.881+0000] {logging_mixin.py:190} INFO - [2025-03-02T00:45:54.881+0000] {override.py:1911} INFO - Created Permission View: can delete on DAG Run:conditional_dataset_and_time_based_timetable
[2025-03-02T00:45:54.889+0000] {logging_mixin.py:190} INFO - [2025-03-02T00:45:54.889+0000] {override.py:1911} INFO - Created Permission View: can create on DAG Run:conditional_dataset_and_time_based_timetable
[2025-03-02T00:45:54.902+0000] {logging_mixin.py:190} INFO - [2025-03-02T00:45:54.901+0000] {override.py:1911} INFO - Created Permission View: can edit on DAG:dataset_consumes_1_never_scheduled
[2025-03-02T00:45:54.908+0000] {logging_mixin.py:190} INFO - [2025-03-02T00:45:54.908+0000] {override.py:1911} INFO - Created Permission View: can read on DAG:dataset_consumes_1_never_scheduled
[2025-03-02T00:45:54.914+0000] {logging_mixin.py:190} INFO - [2025-03-02T00:45:54.914+0000] {override.py:1911} INFO - Created Permission View: can delete on DAG:dataset_consumes_1_never_scheduled
[2025-03-02T00:45:54.920+0000] {logging_mixin.py:190} INFO - [2025-03-02T00:45:54.920+0000] {override.py:1911} INFO - Created Permission View: menu access on DAG Run:dataset_consumes_1_never_scheduled
[2025-03-02T00:45:54.926+0000] {logging_mixin.py:190} INFO - [2025-03-02T00:45:54.926+0000] {override.py:1911} INFO - Created Permission View: can read on DAG Run:dataset_consumes_1_never_scheduled
[2025-03-02T00:45:54.932+0000] {logging_mixin.py:190} INFO - [2025-03-02T00:45:54.932+0000] {override.py:1911} INFO - Created Permission View: can delete on DAG Run:dataset_consumes_1_never_scheduled
[2025-03-02T00:45:54.939+0000] {logging_mixin.py:190} INFO - [2025-03-02T00:45:54.938+0000] {override.py:1911} INFO - Created Permission View: can create on DAG Run:dataset_consumes_1_never_scheduled
[2025-03-02T00:45:54.952+0000] {logging_mixin.py:190} INFO - [2025-03-02T00:45:54.951+0000] {override.py:1911} INFO - Created Permission View: can edit on DAG:consume_1_and_2_with_dataset_expressions
[2025-03-02T00:45:54.959+0000] {logging_mixin.py:190} INFO - [2025-03-02T00:45:54.959+0000] {override.py:1911} INFO - Created Permission View: can read on DAG:consume_1_and_2_with_dataset_expressions
[2025-03-02T00:45:54.965+0000] {logging_mixin.py:190} INFO - [2025-03-02T00:45:54.965+0000] {override.py:1911} INFO - Created Permission View: can delete on DAG:consume_1_and_2_with_dataset_expressions
[2025-03-02T00:45:54.973+0000] {logging_mixin.py:190} INFO - [2025-03-02T00:45:54.973+0000] {override.py:1911} INFO - Created Permission View: menu access on DAG Run:consume_1_and_2_with_dataset_expressions
[2025-03-02T00:45:54.980+0000] {logging_mixin.py:190} INFO - [2025-03-02T00:45:54.980+0000] {override.py:1911} INFO - Created Permission View: can read on DAG Run:consume_1_and_2_with_dataset_expressions
[2025-03-02T00:45:54.986+0000] {logging_mixin.py:190} INFO - [2025-03-02T00:45:54.986+0000] {override.py:1911} INFO - Created Permission View: can delete on DAG Run:consume_1_and_2_with_dataset_expressions
[2025-03-02T00:45:54.992+0000] {logging_mixin.py:190} INFO - [2025-03-02T00:45:54.992+0000] {override.py:1911} INFO - Created Permission View: can create on DAG Run:consume_1_and_2_with_dataset_expressions
[2025-03-02T00:45:55.007+0000] {logging_mixin.py:190} INFO - [2025-03-02T00:45:55.006+0000] {override.py:1911} INFO - Created Permission View: can edit on DAG:consume_1_or_both_2_and_3_with_dataset_expressions
[2025-03-02T00:45:55.013+0000] {logging_mixin.py:190} INFO - [2025-03-02T00:45:55.013+0000] {override.py:1911} INFO - Created Permission View: can read on DAG:consume_1_or_both_2_and_3_with_dataset_expressions
[2025-03-02T00:45:55.019+0000] {logging_mixin.py:190} INFO - [2025-03-02T00:45:55.019+0000] {override.py:1911} INFO - Created Permission View: can delete on DAG:consume_1_or_both_2_and_3_with_dataset_expressions
[2025-03-02T00:45:55.025+0000] {logging_mixin.py:190} INFO - [2025-03-02T00:45:55.024+0000] {override.py:1911} INFO - Created Permission View: menu access on DAG Run:consume_1_or_both_2_and_3_with_dataset_expressions
[2025-03-02T00:45:55.031+0000] {logging_mixin.py:190} INFO - [2025-03-02T00:45:55.031+0000] {override.py:1911} INFO - Created Permission View: can read on DAG Run:consume_1_or_both_2_and_3_with_dataset_expressions
[2025-03-02T00:45:55.038+0000] {logging_mixin.py:190} INFO - [2025-03-02T00:45:55.037+0000] {override.py:1911} INFO - Created Permission View: can delete on DAG Run:consume_1_or_both_2_and_3_with_dataset_expressions
[2025-03-02T00:45:55.044+0000] {logging_mixin.py:190} INFO - [2025-03-02T00:45:55.043+0000] {override.py:1911} INFO - Created Permission View: can create on DAG Run:consume_1_or_both_2_and_3_with_dataset_expressions
[2025-03-02T00:45:55.055+0000] {logging_mixin.py:190} INFO - [2025-03-02T00:45:55.055+0000] {override.py:1911} INFO - Created Permission View: can edit on DAG:consume_1_or_2_with_dataset_expressions
[2025-03-02T00:45:55.061+0000] {logging_mixin.py:190} INFO - [2025-03-02T00:45:55.061+0000] {override.py:1911} INFO - Created Permission View: can read on DAG:consume_1_or_2_with_dataset_expressions
[2025-03-02T00:45:55.067+0000] {logging_mixin.py:190} INFO - [2025-03-02T00:45:55.067+0000] {override.py:1911} INFO - Created Permission View: can delete on DAG:consume_1_or_2_with_dataset_expressions
[2025-03-02T00:45:55.073+0000] {logging_mixin.py:190} INFO - [2025-03-02T00:45:55.073+0000] {override.py:1911} INFO - Created Permission View: menu access on DAG Run:consume_1_or_2_with_dataset_expressions
[2025-03-02T00:45:55.080+0000] {logging_mixin.py:190} INFO - [2025-03-02T00:45:55.079+0000] {override.py:1911} INFO - Created Permission View: can read on DAG Run:consume_1_or_2_with_dataset_expressions
[2025-03-02T00:45:55.086+0000] {logging_mixin.py:190} INFO - [2025-03-02T00:45:55.086+0000] {override.py:1911} INFO - Created Permission View: can delete on DAG Run:consume_1_or_2_with_dataset_expressions
[2025-03-02T00:45:55.093+0000] {logging_mixin.py:190} INFO - [2025-03-02T00:45:55.092+0000] {override.py:1911} INFO - Created Permission View: can create on DAG Run:consume_1_or_2_with_dataset_expressions
[2025-03-02T00:45:55.104+0000] {logging_mixin.py:190} INFO - [2025-03-02T00:45:55.104+0000] {override.py:1911} INFO - Created Permission View: can edit on DAG:dataset_produces_1
[2025-03-02T00:45:55.111+0000] {logging_mixin.py:190} INFO - [2025-03-02T00:45:55.111+0000] {override.py:1911} INFO - Created Permission View: can read on DAG:dataset_produces_1
[2025-03-02T00:45:55.117+0000] {logging_mixin.py:190} INFO - [2025-03-02T00:45:55.117+0000] {override.py:1911} INFO - Created Permission View: can delete on DAG:dataset_produces_1
[2025-03-02T00:45:55.123+0000] {logging_mixin.py:190} INFO - [2025-03-02T00:45:55.123+0000] {override.py:1911} INFO - Created Permission View: menu access on DAG Run:dataset_produces_1
[2025-03-02T00:45:55.130+0000] {logging_mixin.py:190} INFO - [2025-03-02T00:45:55.129+0000] {override.py:1911} INFO - Created Permission View: can read on DAG Run:dataset_produces_1
[2025-03-02T00:45:55.136+0000] {logging_mixin.py:190} INFO - [2025-03-02T00:45:55.135+0000] {override.py:1911} INFO - Created Permission View: can delete on DAG Run:dataset_produces_1
[2025-03-02T00:45:55.142+0000] {logging_mixin.py:190} INFO - [2025-03-02T00:45:55.142+0000] {override.py:1911} INFO - Created Permission View: can create on DAG Run:dataset_produces_1
[2025-03-02T00:45:55.154+0000] {logging_mixin.py:190} INFO - [2025-03-02T00:45:55.153+0000] {override.py:1911} INFO - Created Permission View: can edit on DAG:dataset_consumes_1
[2025-03-02T00:45:55.160+0000] {logging_mixin.py:190} INFO - [2025-03-02T00:45:55.159+0000] {override.py:1911} INFO - Created Permission View: can read on DAG:dataset_consumes_1
[2025-03-02T00:45:55.166+0000] {logging_mixin.py:190} INFO - [2025-03-02T00:45:55.165+0000] {override.py:1911} INFO - Created Permission View: can delete on DAG:dataset_consumes_1
[2025-03-02T00:45:55.172+0000] {logging_mixin.py:190} INFO - [2025-03-02T00:45:55.172+0000] {override.py:1911} INFO - Created Permission View: menu access on DAG Run:dataset_consumes_1
[2025-03-02T00:45:55.178+0000] {logging_mixin.py:190} INFO - [2025-03-02T00:45:55.178+0000] {override.py:1911} INFO - Created Permission View: can read on DAG Run:dataset_consumes_1
[2025-03-02T00:45:55.184+0000] {logging_mixin.py:190} INFO - [2025-03-02T00:45:55.184+0000] {override.py:1911} INFO - Created Permission View: can delete on DAG Run:dataset_consumes_1
[2025-03-02T00:45:55.190+0000] {logging_mixin.py:190} INFO - [2025-03-02T00:45:55.190+0000] {override.py:1911} INFO - Created Permission View: can create on DAG Run:dataset_consumes_1
[2025-03-02T00:45:55.202+0000] {logging_mixin.py:190} INFO - [2025-03-02T00:45:55.201+0000] {override.py:1911} INFO - Created Permission View: can edit on DAG:dataset_produces_2
[2025-03-02T00:45:55.208+0000] {logging_mixin.py:190} INFO - [2025-03-02T00:45:55.207+0000] {override.py:1911} INFO - Created Permission View: can read on DAG:dataset_produces_2
[2025-03-02T00:45:55.213+0000] {logging_mixin.py:190} INFO - [2025-03-02T00:45:55.213+0000] {override.py:1911} INFO - Created Permission View: can delete on DAG:dataset_produces_2
[2025-03-02T00:45:55.219+0000] {logging_mixin.py:190} INFO - [2025-03-02T00:45:55.219+0000] {override.py:1911} INFO - Created Permission View: menu access on DAG Run:dataset_produces_2
[2025-03-02T00:45:55.226+0000] {logging_mixin.py:190} INFO - [2025-03-02T00:45:55.226+0000] {override.py:1911} INFO - Created Permission View: can read on DAG Run:dataset_produces_2
[2025-03-02T00:45:55.232+0000] {logging_mixin.py:190} INFO - [2025-03-02T00:45:55.232+0000] {override.py:1911} INFO - Created Permission View: can delete on DAG Run:dataset_produces_2
[2025-03-02T00:45:55.238+0000] {logging_mixin.py:190} INFO - [2025-03-02T00:45:55.238+0000] {override.py:1911} INFO - Created Permission View: can create on DAG Run:dataset_produces_2
[2025-03-02T00:45:55.238+0000] {logging_mixin.py:190} INFO - [2025-03-02T00:45:55.238+0000] {dag.py:3239} INFO - Sync 10 DAGs
[2025-03-02T00:45:55.257+0000] {logging_mixin.py:190} INFO - [2025-03-02T00:45:55.256+0000] {dag.py:3262} INFO - Creating ORM DAG for consume_1_or_2_with_dataset_expressions
[2025-03-02T00:45:55.258+0000] {logging_mixin.py:190} INFO - [2025-03-02T00:45:55.258+0000] {dag.py:3262} INFO - Creating ORM DAG for dataset_consumes_unknown_never_scheduled
[2025-03-02T00:45:55.259+0000] {logging_mixin.py:190} INFO - [2025-03-02T00:45:55.258+0000] {dag.py:3262} INFO - Creating ORM DAG for dataset_consumes_1
[2025-03-02T00:45:55.259+0000] {logging_mixin.py:190} INFO - [2025-03-02T00:45:55.259+0000] {dag.py:3262} INFO - Creating ORM DAG for dataset_consumes_1_and_2
[2025-03-02T00:45:55.260+0000] {logging_mixin.py:190} INFO - [2025-03-02T00:45:55.260+0000] {dag.py:3262} INFO - Creating ORM DAG for dataset_produces_1
[2025-03-02T00:45:55.261+0000] {logging_mixin.py:190} INFO - [2025-03-02T00:45:55.261+0000] {dag.py:3262} INFO - Creating ORM DAG for consume_1_or_both_2_and_3_with_dataset_expressions
[2025-03-02T00:45:55.261+0000] {logging_mixin.py:190} INFO - [2025-03-02T00:45:55.261+0000] {dag.py:3262} INFO - Creating ORM DAG for conditional_dataset_and_time_based_timetable
[2025-03-02T00:45:55.263+0000] {logging_mixin.py:190} INFO - [2025-03-02T00:45:55.263+0000] {dag.py:3262} INFO - Creating ORM DAG for dataset_produces_2
[2025-03-02T00:45:55.263+0000] {logging_mixin.py:190} INFO - [2025-03-02T00:45:55.263+0000] {dag.py:3262} INFO - Creating ORM DAG for dataset_consumes_1_never_scheduled
[2025-03-02T00:45:55.264+0000] {logging_mixin.py:190} INFO - [2025-03-02T00:45:55.264+0000] {dag.py:3262} INFO - Creating ORM DAG for consume_1_and_2_with_dataset_expressions
[2025-03-02T00:45:55.277+0000] {logging_mixin.py:190} INFO - [2025-03-02T00:45:55.277+0000] {dag.py:4180} INFO - Setting next_dagrun for conditional_dataset_and_time_based_timetable to 2025-02-26 01:00:00+00:00, run_after=2025-02-26 01:00:00+00:00
[2025-03-02T00:45:55.278+0000] {logging_mixin.py:190} INFO - [2025-03-02T00:45:55.278+0000] {dag.py:4180} INFO - Setting next_dagrun for consume_1_and_2_with_dataset_expressions to None, run_after=None
[2025-03-02T00:45:55.278+0000] {logging_mixin.py:190} INFO - [2025-03-02T00:45:55.278+0000] {dag.py:4180} INFO - Setting next_dagrun for consume_1_or_2_with_dataset_expressions to None, run_after=None
[2025-03-02T00:45:55.279+0000] {logging_mixin.py:190} INFO - [2025-03-02T00:45:55.279+0000] {dag.py:4180} INFO - Setting next_dagrun for consume_1_or_both_2_and_3_with_dataset_expressions to None, run_after=None
[2025-03-02T00:45:55.280+0000] {logging_mixin.py:190} INFO - [2025-03-02T00:45:55.279+0000] {dag.py:4180} INFO - Setting next_dagrun for dataset_consumes_1 to None, run_after=None
[2025-03-02T00:45:55.280+0000] {logging_mixin.py:190} INFO - [2025-03-02T00:45:55.280+0000] {dag.py:4180} INFO - Setting next_dagrun for dataset_consumes_1_and_2 to None, run_after=None
[2025-03-02T00:45:55.281+0000] {logging_mixin.py:190} INFO - [2025-03-02T00:45:55.281+0000] {dag.py:4180} INFO - Setting next_dagrun for dataset_consumes_1_never_scheduled to None, run_after=None
[2025-03-02T00:45:55.282+0000] {logging_mixin.py:190} INFO - [2025-03-02T00:45:55.281+0000] {dag.py:4180} INFO - Setting next_dagrun for dataset_consumes_unknown_never_scheduled to None, run_after=None
[2025-03-02T00:45:55.284+0000] {logging_mixin.py:190} INFO - [2025-03-02T00:45:55.284+0000] {dag.py:4180} INFO - Setting next_dagrun for dataset_produces_1 to 2025-03-01 00:00:00+00:00, run_after=2025-03-02 00:00:00+00:00
[2025-03-02T00:45:55.285+0000] {logging_mixin.py:190} INFO - [2025-03-02T00:45:55.285+0000] {dag.py:4180} INFO - Setting next_dagrun for dataset_produces_2 to None, run_after=None
[2025-03-02T00:45:55.333+0000] {processor.py:208} INFO - Processing /home/airflow/.local/lib/python3.12/site-packages/airflow/example_dags/example_datasets.py took 1.484 seconds
[2025-03-02T00:46:26.137+0000] {processor.py:186} INFO - Started process (PID=163) to work on /home/airflow/.local/lib/python3.12/site-packages/airflow/example_dags/example_datasets.py
[2025-03-02T00:46:26.138+0000] {processor.py:914} INFO - Processing file /home/airflow/.local/lib/python3.12/site-packages/airflow/example_dags/example_datasets.py for tasks to queue
[2025-03-02T00:46:26.140+0000] {logging_mixin.py:190} INFO - [2025-03-02T00:46:26.140+0000] {dagbag.py:588} INFO - Filling up the DagBag from /home/airflow/.local/lib/python3.12/site-packages/airflow/example_dags/example_datasets.py
[2025-03-02T00:46:26.656+0000] {processor.py:925} INFO - DAG(s) 'dataset_produces_2', 'dataset_consumes_unknown_never_scheduled', 'dataset_consumes_1_and_2', 'conditional_dataset_and_time_based_timetable', 'consume_1_or_both_2_and_3_with_dataset_expressions', 'dataset_consumes_1_never_scheduled', 'consume_1_and_2_with_dataset_expressions', 'dataset_produces_1', 'consume_1_or_2_with_dataset_expressions', 'dataset_consumes_1' retrieved from /home/airflow/.local/lib/python3.12/site-packages/airflow/example_dags/example_datasets.py
[2025-03-02T00:46:26.697+0000] {logging_mixin.py:190} INFO - [2025-03-02T00:46:26.696+0000] {dag.py:3239} INFO - Sync 10 DAGs
[2025-03-02T00:46:26.726+0000] {logging_mixin.py:190} INFO - [2025-03-02T00:46:26.726+0000] {dag.py:4180} INFO - Setting next_dagrun for conditional_dataset_and_time_based_timetable to 2025-02-26 01:00:00+00:00, run_after=2025-02-26 01:00:00+00:00
[2025-03-02T00:46:26.731+0000] {logging_mixin.py:190} INFO - [2025-03-02T00:46:26.730+0000] {dag.py:4180} INFO - Setting next_dagrun for consume_1_and_2_with_dataset_expressions to None, run_after=None
[2025-03-02T00:46:26.732+0000] {logging_mixin.py:190} INFO - [2025-03-02T00:46:26.732+0000] {dag.py:4180} INFO - Setting next_dagrun for consume_1_or_2_with_dataset_expressions to None, run_after=None
[2025-03-02T00:46:26.734+0000] {logging_mixin.py:190} INFO - [2025-03-02T00:46:26.733+0000] {dag.py:4180} INFO - Setting next_dagrun for consume_1_or_both_2_and_3_with_dataset_expressions to None, run_after=None
[2025-03-02T00:46:26.735+0000] {logging_mixin.py:190} INFO - [2025-03-02T00:46:26.735+0000] {dag.py:4180} INFO - Setting next_dagrun for dataset_consumes_1 to None, run_after=None
[2025-03-02T00:46:26.736+0000] {logging_mixin.py:190} INFO - [2025-03-02T00:46:26.736+0000] {dag.py:4180} INFO - Setting next_dagrun for dataset_consumes_1_and_2 to None, run_after=None
[2025-03-02T00:46:26.737+0000] {logging_mixin.py:190} INFO - [2025-03-02T00:46:26.737+0000] {dag.py:4180} INFO - Setting next_dagrun for dataset_consumes_1_never_scheduled to None, run_after=None
[2025-03-02T00:46:26.738+0000] {logging_mixin.py:190} INFO - [2025-03-02T00:46:26.738+0000] {dag.py:4180} INFO - Setting next_dagrun for dataset_consumes_unknown_never_scheduled to None, run_after=None
[2025-03-02T00:46:26.741+0000] {logging_mixin.py:190} INFO - [2025-03-02T00:46:26.741+0000] {dag.py:4180} INFO - Setting next_dagrun for dataset_produces_1 to 2025-03-01 00:00:00+00:00, run_after=2025-03-02 00:00:00+00:00
[2025-03-02T00:46:26.742+0000] {logging_mixin.py:190} INFO - [2025-03-02T00:46:26.742+0000] {dag.py:4180} INFO - Setting next_dagrun for dataset_produces_2 to None, run_after=None
[2025-03-02T00:46:26.767+0000] {processor.py:208} INFO - Processing /home/airflow/.local/lib/python3.12/site-packages/airflow/example_dags/example_datasets.py took 0.636 seconds
[2025-03-02T00:46:56.903+0000] {processor.py:186} INFO - Started process (PID=226) to work on /home/airflow/.local/lib/python3.12/site-packages/airflow/example_dags/example_datasets.py
[2025-03-02T00:46:56.903+0000] {processor.py:914} INFO - Processing file /home/airflow/.local/lib/python3.12/site-packages/airflow/example_dags/example_datasets.py for tasks to queue
[2025-03-02T00:46:56.905+0000] {logging_mixin.py:190} INFO - [2025-03-02T00:46:56.905+0000] {dagbag.py:588} INFO - Filling up the DagBag from /home/airflow/.local/lib/python3.12/site-packages/airflow/example_dags/example_datasets.py
[2025-03-02T00:46:57.449+0000] {processor.py:925} INFO - DAG(s) 'conditional_dataset_and_time_based_timetable', 'dataset_produces_2', 'dataset_consumes_1', 'consume_1_or_both_2_and_3_with_dataset_expressions', 'consume_1_or_2_with_dataset_expressions', 'dataset_consumes_unknown_never_scheduled', 'dataset_produces_1', 'dataset_consumes_1_never_scheduled', 'dataset_consumes_1_and_2', 'consume_1_and_2_with_dataset_expressions' retrieved from /home/airflow/.local/lib/python3.12/site-packages/airflow/example_dags/example_datasets.py
[2025-03-02T00:46:57.488+0000] {logging_mixin.py:190} INFO - [2025-03-02T00:46:57.488+0000] {dag.py:3239} INFO - Sync 10 DAGs
[2025-03-02T00:46:57.513+0000] {logging_mixin.py:190} INFO - [2025-03-02T00:46:57.512+0000] {dag.py:4180} INFO - Setting next_dagrun for conditional_dataset_and_time_based_timetable to 2025-02-26 01:00:00+00:00, run_after=2025-02-26 01:00:00+00:00
[2025-03-02T00:46:57.516+0000] {logging_mixin.py:190} INFO - [2025-03-02T00:46:57.516+0000] {dag.py:4180} INFO - Setting next_dagrun for consume_1_and_2_with_dataset_expressions to None, run_after=None
[2025-03-02T00:46:57.517+0000] {logging_mixin.py:190} INFO - [2025-03-02T00:46:57.517+0000] {dag.py:4180} INFO - Setting next_dagrun for consume_1_or_2_with_dataset_expressions to None, run_after=None
[2025-03-02T00:46:57.518+0000] {logging_mixin.py:190} INFO - [2025-03-02T00:46:57.518+0000] {dag.py:4180} INFO - Setting next_dagrun for consume_1_or_both_2_and_3_with_dataset_expressions to None, run_after=None
[2025-03-02T00:46:57.519+0000] {logging_mixin.py:190} INFO - [2025-03-02T00:46:57.519+0000] {dag.py:4180} INFO - Setting next_dagrun for dataset_consumes_1 to None, run_after=None
[2025-03-02T00:46:57.520+0000] {logging_mixin.py:190} INFO - [2025-03-02T00:46:57.520+0000] {dag.py:4180} INFO - Setting next_dagrun for dataset_consumes_1_and_2 to None, run_after=None
[2025-03-02T00:46:57.521+0000] {logging_mixin.py:190} INFO - [2025-03-02T00:46:57.521+0000] {dag.py:4180} INFO - Setting next_dagrun for dataset_consumes_1_never_scheduled to None, run_after=None
[2025-03-02T00:46:57.522+0000] {logging_mixin.py:190} INFO - [2025-03-02T00:46:57.522+0000] {dag.py:4180} INFO - Setting next_dagrun for dataset_consumes_unknown_never_scheduled to None, run_after=None
[2025-03-02T00:46:57.524+0000] {logging_mixin.py:190} INFO - [2025-03-02T00:46:57.524+0000] {dag.py:4180} INFO - Setting next_dagrun for dataset_produces_1 to 2025-03-01 00:00:00+00:00, run_after=2025-03-02 00:00:00+00:00
[2025-03-02T00:46:57.525+0000] {logging_mixin.py:190} INFO - [2025-03-02T00:46:57.525+0000] {dag.py:4180} INFO - Setting next_dagrun for dataset_produces_2 to None, run_after=None
[2025-03-02T00:46:57.554+0000] {processor.py:208} INFO - Processing /home/airflow/.local/lib/python3.12/site-packages/airflow/example_dags/example_datasets.py took 0.655 seconds
[2025-03-02T00:47:28.469+0000] {processor.py:186} INFO - Started process (PID=289) to work on /home/airflow/.local/lib/python3.12/site-packages/airflow/example_dags/example_datasets.py
[2025-03-02T00:47:28.469+0000] {processor.py:914} INFO - Processing file /home/airflow/.local/lib/python3.12/site-packages/airflow/example_dags/example_datasets.py for tasks to queue
[2025-03-02T00:47:28.471+0000] {logging_mixin.py:190} INFO - [2025-03-02T00:47:28.471+0000] {dagbag.py:588} INFO - Filling up the DagBag from /home/airflow/.local/lib/python3.12/site-packages/airflow/example_dags/example_datasets.py
[2025-03-02T00:47:29.026+0000] {processor.py:925} INFO - DAG(s) 'dataset_consumes_1_never_scheduled', 'dataset_produces_1', 'consume_1_or_both_2_and_3_with_dataset_expressions', 'dataset_consumes_1', 'dataset_consumes_unknown_never_scheduled', 'conditional_dataset_and_time_based_timetable', 'consume_1_or_2_with_dataset_expressions', 'dataset_consumes_1_and_2', 'consume_1_and_2_with_dataset_expressions', 'dataset_produces_2' retrieved from /home/airflow/.local/lib/python3.12/site-packages/airflow/example_dags/example_datasets.py
[2025-03-02T00:47:29.059+0000] {logging_mixin.py:190} INFO - [2025-03-02T00:47:29.059+0000] {dag.py:3239} INFO - Sync 10 DAGs
[2025-03-02T00:47:29.084+0000] {logging_mixin.py:190} INFO - [2025-03-02T00:47:29.084+0000] {dag.py:4180} INFO - Setting next_dagrun for conditional_dataset_and_time_based_timetable to 2025-02-26 01:00:00+00:00, run_after=2025-02-26 01:00:00+00:00
[2025-03-02T00:47:29.088+0000] {logging_mixin.py:190} INFO - [2025-03-02T00:47:29.088+0000] {dag.py:4180} INFO - Setting next_dagrun for consume_1_and_2_with_dataset_expressions to None, run_after=None
[2025-03-02T00:47:29.089+0000] {logging_mixin.py:190} INFO - [2025-03-02T00:47:29.089+0000] {dag.py:4180} INFO - Setting next_dagrun for consume_1_or_2_with_dataset_expressions to None, run_after=None
[2025-03-02T00:47:29.090+0000] {logging_mixin.py:190} INFO - [2025-03-02T00:47:29.090+0000] {dag.py:4180} INFO - Setting next_dagrun for consume_1_or_both_2_and_3_with_dataset_expressions to None, run_after=None
[2025-03-02T00:47:29.091+0000] {logging_mixin.py:190} INFO - [2025-03-02T00:47:29.091+0000] {dag.py:4180} INFO - Setting next_dagrun for dataset_consumes_1 to None, run_after=None
[2025-03-02T00:47:29.092+0000] {logging_mixin.py:190} INFO - [2025-03-02T00:47:29.092+0000] {dag.py:4180} INFO - Setting next_dagrun for dataset_consumes_1_and_2 to None, run_after=None
[2025-03-02T00:47:29.093+0000] {logging_mixin.py:190} INFO - [2025-03-02T00:47:29.093+0000] {dag.py:4180} INFO - Setting next_dagrun for dataset_consumes_1_never_scheduled to None, run_after=None
[2025-03-02T00:47:29.094+0000] {logging_mixin.py:190} INFO - [2025-03-02T00:47:29.094+0000] {dag.py:4180} INFO - Setting next_dagrun for dataset_consumes_unknown_never_scheduled to None, run_after=None
[2025-03-02T00:47:29.096+0000] {logging_mixin.py:190} INFO - [2025-03-02T00:47:29.096+0000] {dag.py:4180} INFO - Setting next_dagrun for dataset_produces_1 to 2025-03-01 00:00:00+00:00, run_after=2025-03-02 00:00:00+00:00
[2025-03-02T00:47:29.097+0000] {logging_mixin.py:190} INFO - [2025-03-02T00:47:29.097+0000] {dag.py:4180} INFO - Setting next_dagrun for dataset_produces_2 to None, run_after=None
[2025-03-02T00:47:29.122+0000] {processor.py:208} INFO - Processing /home/airflow/.local/lib/python3.12/site-packages/airflow/example_dags/example_datasets.py took 0.659 seconds
[2025-03-02T00:47:59.725+0000] {processor.py:186} INFO - Started process (PID=352) to work on /home/airflow/.local/lib/python3.12/site-packages/airflow/example_dags/example_datasets.py
[2025-03-02T00:47:59.726+0000] {processor.py:914} INFO - Processing file /home/airflow/.local/lib/python3.12/site-packages/airflow/example_dags/example_datasets.py for tasks to queue
[2025-03-02T00:47:59.728+0000] {logging_mixin.py:190} INFO - [2025-03-02T00:47:59.727+0000] {dagbag.py:588} INFO - Filling up the DagBag from /home/airflow/.local/lib/python3.12/site-packages/airflow/example_dags/example_datasets.py
[2025-03-02T00:48:00.245+0000] {processor.py:925} INFO - DAG(s) 'dataset_consumes_unknown_never_scheduled', 'conditional_dataset_and_time_based_timetable', 'dataset_produces_2', 'dataset_consumes_1_and_2', 'consume_1_and_2_with_dataset_expressions', 'dataset_consumes_1', 'consume_1_or_both_2_and_3_with_dataset_expressions', 'consume_1_or_2_with_dataset_expressions', 'dataset_consumes_1_never_scheduled', 'dataset_produces_1' retrieved from /home/airflow/.local/lib/python3.12/site-packages/airflow/example_dags/example_datasets.py
[2025-03-02T00:48:00.288+0000] {logging_mixin.py:190} INFO - [2025-03-02T00:48:00.288+0000] {dag.py:3239} INFO - Sync 10 DAGs
[2025-03-02T00:48:00.316+0000] {logging_mixin.py:190} INFO - [2025-03-02T00:48:00.316+0000] {dag.py:4180} INFO - Setting next_dagrun for conditional_dataset_and_time_based_timetable to 2025-02-26 01:00:00+00:00, run_after=2025-02-26 01:00:00+00:00
[2025-03-02T00:48:00.321+0000] {logging_mixin.py:190} INFO - [2025-03-02T00:48:00.321+0000] {dag.py:4180} INFO - Setting next_dagrun for consume_1_and_2_with_dataset_expressions to None, run_after=None
[2025-03-02T00:48:00.322+0000] {logging_mixin.py:190} INFO - [2025-03-02T00:48:00.322+0000] {dag.py:4180} INFO - Setting next_dagrun for consume_1_or_2_with_dataset_expressions to None, run_after=None
[2025-03-02T00:48:00.323+0000] {logging_mixin.py:190} INFO - [2025-03-02T00:48:00.323+0000] {dag.py:4180} INFO - Setting next_dagrun for consume_1_or_both_2_and_3_with_dataset_expressions to None, run_after=None
[2025-03-02T00:48:00.324+0000] {logging_mixin.py:190} INFO - [2025-03-02T00:48:00.324+0000] {dag.py:4180} INFO - Setting next_dagrun for dataset_consumes_1 to None, run_after=None
[2025-03-02T00:48:00.326+0000] {logging_mixin.py:190} INFO - [2025-03-02T00:48:00.326+0000] {dag.py:4180} INFO - Setting next_dagrun for dataset_consumes_1_and_2 to None, run_after=None
[2025-03-02T00:48:00.327+0000] {logging_mixin.py:190} INFO - [2025-03-02T00:48:00.327+0000] {dag.py:4180} INFO - Setting next_dagrun for dataset_consumes_1_never_scheduled to None, run_after=None
[2025-03-02T00:48:00.328+0000] {logging_mixin.py:190} INFO - [2025-03-02T00:48:00.328+0000] {dag.py:4180} INFO - Setting next_dagrun for dataset_consumes_unknown_never_scheduled to None, run_after=None
[2025-03-02T00:48:00.330+0000] {logging_mixin.py:190} INFO - [2025-03-02T00:48:00.330+0000] {dag.py:4180} INFO - Setting next_dagrun for dataset_produces_1 to 2025-03-01 00:00:00+00:00, run_after=2025-03-02 00:00:00+00:00
[2025-03-02T00:48:00.332+0000] {logging_mixin.py:190} INFO - [2025-03-02T00:48:00.331+0000] {dag.py:4180} INFO - Setting next_dagrun for dataset_produces_2 to None, run_after=None
[2025-03-02T00:48:00.361+0000] {processor.py:208} INFO - Processing /home/airflow/.local/lib/python3.12/site-packages/airflow/example_dags/example_datasets.py took 0.639 seconds
[2025-03-02T00:48:30.604+0000] {processor.py:186} INFO - Started process (PID=415) to work on /home/airflow/.local/lib/python3.12/site-packages/airflow/example_dags/example_datasets.py
[2025-03-02T00:48:30.605+0000] {processor.py:914} INFO - Processing file /home/airflow/.local/lib/python3.12/site-packages/airflow/example_dags/example_datasets.py for tasks to queue
[2025-03-02T00:48:30.607+0000] {logging_mixin.py:190} INFO - [2025-03-02T00:48:30.606+0000] {dagbag.py:588} INFO - Filling up the DagBag from /home/airflow/.local/lib/python3.12/site-packages/airflow/example_dags/example_datasets.py
[2025-03-02T00:48:31.214+0000] {processor.py:925} INFO - DAG(s) 'dataset_consumes_unknown_never_scheduled', 'dataset_consumes_1_and_2', 'consume_1_and_2_with_dataset_expressions', 'dataset_consumes_1_never_scheduled', 'dataset_produces_2', 'dataset_produces_1', 'consume_1_or_2_with_dataset_expressions', 'consume_1_or_both_2_and_3_with_dataset_expressions', 'conditional_dataset_and_time_based_timetable', 'dataset_consumes_1' retrieved from /home/airflow/.local/lib/python3.12/site-packages/airflow/example_dags/example_datasets.py
[2025-03-02T00:48:31.249+0000] {logging_mixin.py:190} INFO - [2025-03-02T00:48:31.249+0000] {dag.py:3239} INFO - Sync 10 DAGs
[2025-03-02T00:48:31.270+0000] {logging_mixin.py:190} INFO - [2025-03-02T00:48:31.270+0000] {dag.py:4180} INFO - Setting next_dagrun for conditional_dataset_and_time_based_timetable to 2025-02-26 01:00:00+00:00, run_after=2025-02-26 01:00:00+00:00
[2025-03-02T00:48:31.274+0000] {logging_mixin.py:190} INFO - [2025-03-02T00:48:31.274+0000] {dag.py:4180} INFO - Setting next_dagrun for consume_1_and_2_with_dataset_expressions to None, run_after=None
[2025-03-02T00:48:31.275+0000] {logging_mixin.py:190} INFO - [2025-03-02T00:48:31.275+0000] {dag.py:4180} INFO - Setting next_dagrun for consume_1_or_2_with_dataset_expressions to None, run_after=None
[2025-03-02T00:48:31.276+0000] {logging_mixin.py:190} INFO - [2025-03-02T00:48:31.276+0000] {dag.py:4180} INFO - Setting next_dagrun for consume_1_or_both_2_and_3_with_dataset_expressions to None, run_after=None
[2025-03-02T00:48:31.277+0000] {logging_mixin.py:190} INFO - [2025-03-02T00:48:31.277+0000] {dag.py:4180} INFO - Setting next_dagrun for dataset_consumes_1 to None, run_after=None
[2025-03-02T00:48:31.278+0000] {logging_mixin.py:190} INFO - [2025-03-02T00:48:31.278+0000] {dag.py:4180} INFO - Setting next_dagrun for dataset_consumes_1_and_2 to None, run_after=None
[2025-03-02T00:48:31.279+0000] {logging_mixin.py:190} INFO - [2025-03-02T00:48:31.279+0000] {dag.py:4180} INFO - Setting next_dagrun for dataset_consumes_1_never_scheduled to None, run_after=None
[2025-03-02T00:48:31.280+0000] {logging_mixin.py:190} INFO - [2025-03-02T00:48:31.280+0000] {dag.py:4180} INFO - Setting next_dagrun for dataset_consumes_unknown_never_scheduled to None, run_after=None
[2025-03-02T00:48:31.282+0000] {logging_mixin.py:190} INFO - [2025-03-02T00:48:31.282+0000] {dag.py:4180} INFO - Setting next_dagrun for dataset_produces_1 to 2025-03-01 00:00:00+00:00, run_after=2025-03-02 00:00:00+00:00
[2025-03-02T00:48:31.283+0000] {logging_mixin.py:190} INFO - [2025-03-02T00:48:31.283+0000] {dag.py:4180} INFO - Setting next_dagrun for dataset_produces_2 to None, run_after=None
[2025-03-02T00:48:31.315+0000] {processor.py:208} INFO - Processing /home/airflow/.local/lib/python3.12/site-packages/airflow/example_dags/example_datasets.py took 0.716 seconds
[2025-03-02T00:49:01.748+0000] {processor.py:186} INFO - Started process (PID=479) to work on /home/airflow/.local/lib/python3.12/site-packages/airflow/example_dags/example_datasets.py
[2025-03-02T00:49:01.749+0000] {processor.py:914} INFO - Processing file /home/airflow/.local/lib/python3.12/site-packages/airflow/example_dags/example_datasets.py for tasks to queue
[2025-03-02T00:49:01.751+0000] {logging_mixin.py:190} INFO - [2025-03-02T00:49:01.751+0000] {dagbag.py:588} INFO - Filling up the DagBag from /home/airflow/.local/lib/python3.12/site-packages/airflow/example_dags/example_datasets.py
[2025-03-02T00:49:02.434+0000] {processor.py:925} INFO - DAG(s) 'dataset_consumes_1_never_scheduled', 'consume_1_or_both_2_and_3_with_dataset_expressions', 'consume_1_or_2_with_dataset_expressions', 'dataset_produces_2', 'consume_1_and_2_with_dataset_expressions', 'dataset_consumes_unknown_never_scheduled', 'conditional_dataset_and_time_based_timetable', 'dataset_produces_1', 'dataset_consumes_1', 'dataset_consumes_1_and_2' retrieved from /home/airflow/.local/lib/python3.12/site-packages/airflow/example_dags/example_datasets.py
[2025-03-02T00:49:02.493+0000] {logging_mixin.py:190} INFO - [2025-03-02T00:49:02.493+0000] {dag.py:3239} INFO - Sync 10 DAGs
[2025-03-02T00:49:02.525+0000] {logging_mixin.py:190} INFO - [2025-03-02T00:49:02.525+0000] {dag.py:4180} INFO - Setting next_dagrun for conditional_dataset_and_time_based_timetable to 2025-02-26 01:00:00+00:00, run_after=2025-02-26 01:00:00+00:00
[2025-03-02T00:49:02.529+0000] {logging_mixin.py:190} INFO - [2025-03-02T00:49:02.529+0000] {dag.py:4180} INFO - Setting next_dagrun for consume_1_and_2_with_dataset_expressions to None, run_after=None
[2025-03-02T00:49:02.530+0000] {logging_mixin.py:190} INFO - [2025-03-02T00:49:02.530+0000] {dag.py:4180} INFO - Setting next_dagrun for consume_1_or_2_with_dataset_expressions to None, run_after=None
[2025-03-02T00:49:02.532+0000] {logging_mixin.py:190} INFO - [2025-03-02T00:49:02.531+0000] {dag.py:4180} INFO - Setting next_dagrun for consume_1_or_both_2_and_3_with_dataset_expressions to None, run_after=None
[2025-03-02T00:49:02.533+0000] {logging_mixin.py:190} INFO - [2025-03-02T00:49:02.533+0000] {dag.py:4180} INFO - Setting next_dagrun for dataset_consumes_1 to None, run_after=None
[2025-03-02T00:49:02.534+0000] {logging_mixin.py:190} INFO - [2025-03-02T00:49:02.534+0000] {dag.py:4180} INFO - Setting next_dagrun for dataset_consumes_1_and_2 to None, run_after=None
[2025-03-02T00:49:02.535+0000] {logging_mixin.py:190} INFO - [2025-03-02T00:49:02.535+0000] {dag.py:4180} INFO - Setting next_dagrun for dataset_consumes_1_never_scheduled to None, run_after=None
[2025-03-02T00:49:02.537+0000] {logging_mixin.py:190} INFO - [2025-03-02T00:49:02.536+0000] {dag.py:4180} INFO - Setting next_dagrun for dataset_consumes_unknown_never_scheduled to None, run_after=None
[2025-03-02T00:49:02.540+0000] {logging_mixin.py:190} INFO - [2025-03-02T00:49:02.539+0000] {dag.py:4180} INFO - Setting next_dagrun for dataset_produces_1 to 2025-03-01 00:00:00+00:00, run_after=2025-03-02 00:00:00+00:00
[2025-03-02T00:49:02.541+0000] {logging_mixin.py:190} INFO - [2025-03-02T00:49:02.541+0000] {dag.py:4180} INFO - Setting next_dagrun for dataset_produces_2 to None, run_after=None
[2025-03-02T00:49:02.573+0000] {processor.py:208} INFO - Processing /home/airflow/.local/lib/python3.12/site-packages/airflow/example_dags/example_datasets.py took 0.830 seconds
[2025-03-02T00:49:33.052+0000] {processor.py:186} INFO - Started process (PID=543) to work on /home/airflow/.local/lib/python3.12/site-packages/airflow/example_dags/example_datasets.py
[2025-03-02T00:49:33.053+0000] {processor.py:914} INFO - Processing file /home/airflow/.local/lib/python3.12/site-packages/airflow/example_dags/example_datasets.py for tasks to queue
[2025-03-02T00:49:33.054+0000] {logging_mixin.py:190} INFO - [2025-03-02T00:49:33.054+0000] {dagbag.py:588} INFO - Filling up the DagBag from /home/airflow/.local/lib/python3.12/site-packages/airflow/example_dags/example_datasets.py
[2025-03-02T00:49:33.559+0000] {processor.py:925} INFO - DAG(s) 'dataset_consumes_unknown_never_scheduled', 'consume_1_and_2_with_dataset_expressions', 'dataset_consumes_1_and_2', 'conditional_dataset_and_time_based_timetable', 'dataset_consumes_1', 'dataset_produces_1', 'dataset_consumes_1_never_scheduled', 'consume_1_or_2_with_dataset_expressions', 'consume_1_or_both_2_and_3_with_dataset_expressions', 'dataset_produces_2' retrieved from /home/airflow/.local/lib/python3.12/site-packages/airflow/example_dags/example_datasets.py
[2025-03-02T00:49:33.594+0000] {logging_mixin.py:190} INFO - [2025-03-02T00:49:33.594+0000] {dag.py:3239} INFO - Sync 10 DAGs
[2025-03-02T00:49:33.619+0000] {logging_mixin.py:190} INFO - [2025-03-02T00:49:33.619+0000] {dag.py:4180} INFO - Setting next_dagrun for conditional_dataset_and_time_based_timetable to 2025-02-26 01:00:00+00:00, run_after=2025-02-26 01:00:00+00:00
[2025-03-02T00:49:33.623+0000] {logging_mixin.py:190} INFO - [2025-03-02T00:49:33.623+0000] {dag.py:4180} INFO - Setting next_dagrun for consume_1_and_2_with_dataset_expressions to None, run_after=None
[2025-03-02T00:49:33.624+0000] {logging_mixin.py:190} INFO - [2025-03-02T00:49:33.624+0000] {dag.py:4180} INFO - Setting next_dagrun for consume_1_or_2_with_dataset_expressions to None, run_after=None
[2025-03-02T00:49:33.625+0000] {logging_mixin.py:190} INFO - [2025-03-02T00:49:33.625+0000] {dag.py:4180} INFO - Setting next_dagrun for consume_1_or_both_2_and_3_with_dataset_expressions to None, run_after=None
[2025-03-02T00:49:33.626+0000] {logging_mixin.py:190} INFO - [2025-03-02T00:49:33.626+0000] {dag.py:4180} INFO - Setting next_dagrun for dataset_consumes_1 to None, run_after=None
[2025-03-02T00:49:33.627+0000] {logging_mixin.py:190} INFO - [2025-03-02T00:49:33.627+0000] {dag.py:4180} INFO - Setting next_dagrun for dataset_consumes_1_and_2 to None, run_after=None
[2025-03-02T00:49:33.628+0000] {logging_mixin.py:190} INFO - [2025-03-02T00:49:33.628+0000] {dag.py:4180} INFO - Setting next_dagrun for dataset_consumes_1_never_scheduled to None, run_after=None
[2025-03-02T00:49:33.629+0000] {logging_mixin.py:190} INFO - [2025-03-02T00:49:33.629+0000] {dag.py:4180} INFO - Setting next_dagrun for dataset_consumes_unknown_never_scheduled to None, run_after=None
[2025-03-02T00:49:33.631+0000] {logging_mixin.py:190} INFO - [2025-03-02T00:49:33.631+0000] {dag.py:4180} INFO - Setting next_dagrun for dataset_produces_1 to 2025-03-01 00:00:00+00:00, run_after=2025-03-02 00:00:00+00:00
[2025-03-02T00:49:33.632+0000] {logging_mixin.py:190} INFO - [2025-03-02T00:49:33.632+0000] {dag.py:4180} INFO - Setting next_dagrun for dataset_produces_2 to None, run_after=None
[2025-03-02T00:49:33.657+0000] {processor.py:208} INFO - Processing /home/airflow/.local/lib/python3.12/site-packages/airflow/example_dags/example_datasets.py took 0.609 seconds
[2025-03-02T00:50:03.732+0000] {processor.py:186} INFO - Started process (PID=606) to work on /home/airflow/.local/lib/python3.12/site-packages/airflow/example_dags/example_datasets.py
[2025-03-02T00:50:03.732+0000] {processor.py:914} INFO - Processing file /home/airflow/.local/lib/python3.12/site-packages/airflow/example_dags/example_datasets.py for tasks to queue
[2025-03-02T00:50:03.734+0000] {logging_mixin.py:190} INFO - [2025-03-02T00:50:03.734+0000] {dagbag.py:588} INFO - Filling up the DagBag from /home/airflow/.local/lib/python3.12/site-packages/airflow/example_dags/example_datasets.py
[2025-03-02T00:50:04.247+0000] {processor.py:925} INFO - DAG(s) 'consume_1_or_both_2_and_3_with_dataset_expressions', 'dataset_consumes_unknown_never_scheduled', 'consume_1_or_2_with_dataset_expressions', 'conditional_dataset_and_time_based_timetable', 'consume_1_and_2_with_dataset_expressions', 'dataset_produces_2', 'dataset_consumes_1', 'dataset_produces_1', 'dataset_consumes_1_never_scheduled', 'dataset_consumes_1_and_2' retrieved from /home/airflow/.local/lib/python3.12/site-packages/airflow/example_dags/example_datasets.py
[2025-03-02T00:50:04.288+0000] {logging_mixin.py:190} INFO - [2025-03-02T00:50:04.288+0000] {dag.py:3239} INFO - Sync 10 DAGs
[2025-03-02T00:50:04.312+0000] {logging_mixin.py:190} INFO - [2025-03-02T00:50:04.312+0000] {dag.py:4180} INFO - Setting next_dagrun for conditional_dataset_and_time_based_timetable to 2025-02-26 01:00:00+00:00, run_after=2025-02-26 01:00:00+00:00
[2025-03-02T00:50:04.315+0000] {logging_mixin.py:190} INFO - [2025-03-02T00:50:04.315+0000] {dag.py:4180} INFO - Setting next_dagrun for consume_1_and_2_with_dataset_expressions to None, run_after=None
[2025-03-02T00:50:04.316+0000] {logging_mixin.py:190} INFO - [2025-03-02T00:50:04.316+0000] {dag.py:4180} INFO - Setting next_dagrun for consume_1_or_2_with_dataset_expressions to None, run_after=None
[2025-03-02T00:50:04.317+0000] {logging_mixin.py:190} INFO - [2025-03-02T00:50:04.317+0000] {dag.py:4180} INFO - Setting next_dagrun for consume_1_or_both_2_and_3_with_dataset_expressions to None, run_after=None
[2025-03-02T00:50:04.318+0000] {logging_mixin.py:190} INFO - [2025-03-02T00:50:04.317+0000] {dag.py:4180} INFO - Setting next_dagrun for dataset_consumes_1 to None, run_after=None
[2025-03-02T00:50:04.319+0000] {logging_mixin.py:190} INFO - [2025-03-02T00:50:04.318+0000] {dag.py:4180} INFO - Setting next_dagrun for dataset_consumes_1_and_2 to None, run_after=None
[2025-03-02T00:50:04.319+0000] {logging_mixin.py:190} INFO - [2025-03-02T00:50:04.319+0000] {dag.py:4180} INFO - Setting next_dagrun for dataset_consumes_1_never_scheduled to None, run_after=None
[2025-03-02T00:50:04.320+0000] {logging_mixin.py:190} INFO - [2025-03-02T00:50:04.320+0000] {dag.py:4180} INFO - Setting next_dagrun for dataset_consumes_unknown_never_scheduled to None, run_after=None
[2025-03-02T00:50:04.322+0000] {logging_mixin.py:190} INFO - [2025-03-02T00:50:04.322+0000] {dag.py:4180} INFO - Setting next_dagrun for dataset_produces_1 to 2025-03-01 00:00:00+00:00, run_after=2025-03-02 00:00:00+00:00
[2025-03-02T00:50:04.323+0000] {logging_mixin.py:190} INFO - [2025-03-02T00:50:04.323+0000] {dag.py:4180} INFO - Setting next_dagrun for dataset_produces_2 to None, run_after=None
[2025-03-02T00:50:04.349+0000] {processor.py:208} INFO - Processing /home/airflow/.local/lib/python3.12/site-packages/airflow/example_dags/example_datasets.py took 0.621 seconds
[2025-03-02T00:50:34.661+0000] {processor.py:186} INFO - Started process (PID=669) to work on /home/airflow/.local/lib/python3.12/site-packages/airflow/example_dags/example_datasets.py
[2025-03-02T00:50:34.662+0000] {processor.py:914} INFO - Processing file /home/airflow/.local/lib/python3.12/site-packages/airflow/example_dags/example_datasets.py for tasks to queue
[2025-03-02T00:50:34.664+0000] {logging_mixin.py:190} INFO - [2025-03-02T00:50:34.664+0000] {dagbag.py:588} INFO - Filling up the DagBag from /home/airflow/.local/lib/python3.12/site-packages/airflow/example_dags/example_datasets.py
[2025-03-02T00:50:35.365+0000] {processor.py:925} INFO - DAG(s) 'consume_1_and_2_with_dataset_expressions', 'dataset_consumes_unknown_never_scheduled', 'consume_1_or_2_with_dataset_expressions', 'dataset_produces_2', 'dataset_consumes_1', 'dataset_produces_1', 'dataset_consumes_1_and_2', 'conditional_dataset_and_time_based_timetable', 'consume_1_or_both_2_and_3_with_dataset_expressions', 'dataset_consumes_1_never_scheduled' retrieved from /home/airflow/.local/lib/python3.12/site-packages/airflow/example_dags/example_datasets.py
[2025-03-02T00:50:35.413+0000] {logging_mixin.py:190} INFO - [2025-03-02T00:50:35.413+0000] {dag.py:3239} INFO - Sync 10 DAGs
[2025-03-02T00:50:35.440+0000] {logging_mixin.py:190} INFO - [2025-03-02T00:50:35.440+0000] {dag.py:4180} INFO - Setting next_dagrun for conditional_dataset_and_time_based_timetable to 2025-02-26 01:00:00+00:00, run_after=2025-02-26 01:00:00+00:00
[2025-03-02T00:50:35.444+0000] {logging_mixin.py:190} INFO - [2025-03-02T00:50:35.443+0000] {dag.py:4180} INFO - Setting next_dagrun for consume_1_and_2_with_dataset_expressions to None, run_after=None
[2025-03-02T00:50:35.445+0000] {logging_mixin.py:190} INFO - [2025-03-02T00:50:35.444+0000] {dag.py:4180} INFO - Setting next_dagrun for consume_1_or_2_with_dataset_expressions to None, run_after=None
[2025-03-02T00:50:35.446+0000] {logging_mixin.py:190} INFO - [2025-03-02T00:50:35.445+0000] {dag.py:4180} INFO - Setting next_dagrun for consume_1_or_both_2_and_3_with_dataset_expressions to None, run_after=None
[2025-03-02T00:50:35.447+0000] {logging_mixin.py:190} INFO - [2025-03-02T00:50:35.446+0000] {dag.py:4180} INFO - Setting next_dagrun for dataset_consumes_1 to None, run_after=None
[2025-03-02T00:50:35.447+0000] {logging_mixin.py:190} INFO - [2025-03-02T00:50:35.447+0000] {dag.py:4180} INFO - Setting next_dagrun for dataset_consumes_1_and_2 to None, run_after=None
[2025-03-02T00:50:35.448+0000] {logging_mixin.py:190} INFO - [2025-03-02T00:50:35.448+0000] {dag.py:4180} INFO - Setting next_dagrun for dataset_consumes_1_never_scheduled to None, run_after=None
[2025-03-02T00:50:35.449+0000] {logging_mixin.py:190} INFO - [2025-03-02T00:50:35.449+0000] {dag.py:4180} INFO - Setting next_dagrun for dataset_consumes_unknown_never_scheduled to None, run_after=None
[2025-03-02T00:50:35.451+0000] {logging_mixin.py:190} INFO - [2025-03-02T00:50:35.451+0000] {dag.py:4180} INFO - Setting next_dagrun for dataset_produces_1 to 2025-03-01 00:00:00+00:00, run_after=2025-03-02 00:00:00+00:00
[2025-03-02T00:50:35.452+0000] {logging_mixin.py:190} INFO - [2025-03-02T00:50:35.452+0000] {dag.py:4180} INFO - Setting next_dagrun for dataset_produces_2 to None, run_after=None
[2025-03-02T00:50:35.487+0000] {processor.py:208} INFO - Processing /home/airflow/.local/lib/python3.12/site-packages/airflow/example_dags/example_datasets.py took 0.831 seconds
[2025-03-02T00:51:05.998+0000] {processor.py:186} INFO - Started process (PID=733) to work on /home/airflow/.local/lib/python3.12/site-packages/airflow/example_dags/example_datasets.py
[2025-03-02T00:51:05.998+0000] {processor.py:914} INFO - Processing file /home/airflow/.local/lib/python3.12/site-packages/airflow/example_dags/example_datasets.py for tasks to queue
[2025-03-02T00:51:06.000+0000] {logging_mixin.py:190} INFO - [2025-03-02T00:51:05.999+0000] {dagbag.py:588} INFO - Filling up the DagBag from /home/airflow/.local/lib/python3.12/site-packages/airflow/example_dags/example_datasets.py
[2025-03-02T00:51:06.507+0000] {processor.py:925} INFO - DAG(s) 'conditional_dataset_and_time_based_timetable', 'dataset_consumes_1', 'consume_1_or_2_with_dataset_expressions', 'dataset_consumes_unknown_never_scheduled', 'consume_1_and_2_with_dataset_expressions', 'consume_1_or_both_2_and_3_with_dataset_expressions', 'dataset_produces_1', 'dataset_produces_2', 'dataset_consumes_1_and_2', 'dataset_consumes_1_never_scheduled' retrieved from /home/airflow/.local/lib/python3.12/site-packages/airflow/example_dags/example_datasets.py
[2025-03-02T00:51:06.554+0000] {logging_mixin.py:190} INFO - [2025-03-02T00:51:06.554+0000] {dag.py:3239} INFO - Sync 10 DAGs
[2025-03-02T00:51:06.585+0000] {logging_mixin.py:190} INFO - [2025-03-02T00:51:06.585+0000] {dag.py:4180} INFO - Setting next_dagrun for conditional_dataset_and_time_based_timetable to 2025-02-26 01:00:00+00:00, run_after=2025-02-26 01:00:00+00:00
[2025-03-02T00:51:06.589+0000] {logging_mixin.py:190} INFO - [2025-03-02T00:51:06.589+0000] {dag.py:4180} INFO - Setting next_dagrun for consume_1_and_2_with_dataset_expressions to None, run_after=None
[2025-03-02T00:51:06.591+0000] {logging_mixin.py:190} INFO - [2025-03-02T00:51:06.591+0000] {dag.py:4180} INFO - Setting next_dagrun for consume_1_or_2_with_dataset_expressions to None, run_after=None
[2025-03-02T00:51:06.592+0000] {logging_mixin.py:190} INFO - [2025-03-02T00:51:06.592+0000] {dag.py:4180} INFO - Setting next_dagrun for consume_1_or_both_2_and_3_with_dataset_expressions to None, run_after=None
[2025-03-02T00:51:06.593+0000] {logging_mixin.py:190} INFO - [2025-03-02T00:51:06.593+0000] {dag.py:4180} INFO - Setting next_dagrun for dataset_consumes_1 to None, run_after=None
[2025-03-02T00:51:06.595+0000] {logging_mixin.py:190} INFO - [2025-03-02T00:51:06.595+0000] {dag.py:4180} INFO - Setting next_dagrun for dataset_consumes_1_and_2 to None, run_after=None
[2025-03-02T00:51:06.596+0000] {logging_mixin.py:190} INFO - [2025-03-02T00:51:06.596+0000] {dag.py:4180} INFO - Setting next_dagrun for dataset_consumes_1_never_scheduled to None, run_after=None
[2025-03-02T00:51:06.597+0000] {logging_mixin.py:190} INFO - [2025-03-02T00:51:06.597+0000] {dag.py:4180} INFO - Setting next_dagrun for dataset_consumes_unknown_never_scheduled to None, run_after=None
[2025-03-02T00:51:06.601+0000] {logging_mixin.py:190} INFO - [2025-03-02T00:51:06.601+0000] {dag.py:4180} INFO - Setting next_dagrun for dataset_produces_1 to 2025-03-01 00:00:00+00:00, run_after=2025-03-02 00:00:00+00:00
[2025-03-02T00:51:06.602+0000] {logging_mixin.py:190} INFO - [2025-03-02T00:51:06.602+0000] {dag.py:4180} INFO - Setting next_dagrun for dataset_produces_2 to None, run_after=None
[2025-03-02T00:51:06.659+0000] {processor.py:208} INFO - Processing /home/airflow/.local/lib/python3.12/site-packages/airflow/example_dags/example_datasets.py took 0.666 seconds
[2025-03-02T00:51:36.802+0000] {processor.py:186} INFO - Started process (PID=797) to work on /home/airflow/.local/lib/python3.12/site-packages/airflow/example_dags/example_datasets.py
[2025-03-02T00:51:36.802+0000] {processor.py:914} INFO - Processing file /home/airflow/.local/lib/python3.12/site-packages/airflow/example_dags/example_datasets.py for tasks to queue
[2025-03-02T00:51:36.804+0000] {logging_mixin.py:190} INFO - [2025-03-02T00:51:36.804+0000] {dagbag.py:588} INFO - Filling up the DagBag from /home/airflow/.local/lib/python3.12/site-packages/airflow/example_dags/example_datasets.py
[2025-03-02T00:51:37.335+0000] {processor.py:925} INFO - DAG(s) 'consume_1_or_both_2_and_3_with_dataset_expressions', 'consume_1_and_2_with_dataset_expressions', 'dataset_consumes_1_never_scheduled', 'dataset_consumes_1', 'dataset_consumes_unknown_never_scheduled', 'dataset_produces_1', 'dataset_produces_2', 'consume_1_or_2_with_dataset_expressions', 'dataset_consumes_1_and_2', 'conditional_dataset_and_time_based_timetable' retrieved from /home/airflow/.local/lib/python3.12/site-packages/airflow/example_dags/example_datasets.py
[2025-03-02T00:51:37.370+0000] {logging_mixin.py:190} INFO - [2025-03-02T00:51:37.370+0000] {dag.py:3239} INFO - Sync 10 DAGs
[2025-03-02T00:51:37.395+0000] {logging_mixin.py:190} INFO - [2025-03-02T00:51:37.395+0000] {dag.py:4180} INFO - Setting next_dagrun for conditional_dataset_and_time_based_timetable to 2025-02-26 01:00:00+00:00, run_after=2025-02-26 01:00:00+00:00
[2025-03-02T00:51:37.398+0000] {logging_mixin.py:190} INFO - [2025-03-02T00:51:37.398+0000] {dag.py:4180} INFO - Setting next_dagrun for consume_1_and_2_with_dataset_expressions to None, run_after=None
[2025-03-02T00:51:37.399+0000] {logging_mixin.py:190} INFO - [2025-03-02T00:51:37.399+0000] {dag.py:4180} INFO - Setting next_dagrun for consume_1_or_2_with_dataset_expressions to None, run_after=None
[2025-03-02T00:51:37.400+0000] {logging_mixin.py:190} INFO - [2025-03-02T00:51:37.400+0000] {dag.py:4180} INFO - Setting next_dagrun for consume_1_or_both_2_and_3_with_dataset_expressions to None, run_after=None
[2025-03-02T00:51:37.401+0000] {logging_mixin.py:190} INFO - [2025-03-02T00:51:37.401+0000] {dag.py:4180} INFO - Setting next_dagrun for dataset_consumes_1 to None, run_after=None
[2025-03-02T00:51:37.402+0000] {logging_mixin.py:190} INFO - [2025-03-02T00:51:37.402+0000] {dag.py:4180} INFO - Setting next_dagrun for dataset_consumes_1_and_2 to None, run_after=None
[2025-03-02T00:51:37.403+0000] {logging_mixin.py:190} INFO - [2025-03-02T00:51:37.403+0000] {dag.py:4180} INFO - Setting next_dagrun for dataset_consumes_1_never_scheduled to None, run_after=None
[2025-03-02T00:51:37.405+0000] {logging_mixin.py:190} INFO - [2025-03-02T00:51:37.404+0000] {dag.py:4180} INFO - Setting next_dagrun for dataset_consumes_unknown_never_scheduled to None, run_after=None
[2025-03-02T00:51:37.407+0000] {logging_mixin.py:190} INFO - [2025-03-02T00:51:37.407+0000] {dag.py:4180} INFO - Setting next_dagrun for dataset_produces_1 to 2025-03-01 00:00:00+00:00, run_after=2025-03-02 00:00:00+00:00
[2025-03-02T00:51:37.408+0000] {logging_mixin.py:190} INFO - [2025-03-02T00:51:37.408+0000] {dag.py:4180} INFO - Setting next_dagrun for dataset_produces_2 to None, run_after=None
[2025-03-02T00:51:37.434+0000] {processor.py:208} INFO - Processing /home/airflow/.local/lib/python3.12/site-packages/airflow/example_dags/example_datasets.py took 0.637 seconds
[2025-03-02T00:52:07.512+0000] {processor.py:186} INFO - Started process (PID=861) to work on /home/airflow/.local/lib/python3.12/site-packages/airflow/example_dags/example_datasets.py
[2025-03-02T00:52:07.512+0000] {processor.py:914} INFO - Processing file /home/airflow/.local/lib/python3.12/site-packages/airflow/example_dags/example_datasets.py for tasks to queue
[2025-03-02T00:52:07.514+0000] {logging_mixin.py:190} INFO - [2025-03-02T00:52:07.514+0000] {dagbag.py:588} INFO - Filling up the DagBag from /home/airflow/.local/lib/python3.12/site-packages/airflow/example_dags/example_datasets.py
[2025-03-02T00:52:08.092+0000] {processor.py:925} INFO - DAG(s) 'dataset_consumes_1_never_scheduled', 'consume_1_and_2_with_dataset_expressions', 'consume_1_or_both_2_and_3_with_dataset_expressions', 'dataset_produces_2', 'conditional_dataset_and_time_based_timetable', 'dataset_consumes_unknown_never_scheduled', 'dataset_produces_1', 'dataset_consumes_1', 'dataset_consumes_1_and_2', 'consume_1_or_2_with_dataset_expressions' retrieved from /home/airflow/.local/lib/python3.12/site-packages/airflow/example_dags/example_datasets.py
[2025-03-02T00:52:08.128+0000] {logging_mixin.py:190} INFO - [2025-03-02T00:52:08.128+0000] {dag.py:3239} INFO - Sync 10 DAGs
[2025-03-02T00:52:08.151+0000] {logging_mixin.py:190} INFO - [2025-03-02T00:52:08.150+0000] {dag.py:4180} INFO - Setting next_dagrun for conditional_dataset_and_time_based_timetable to 2025-02-26 01:00:00+00:00, run_after=2025-02-26 01:00:00+00:00
[2025-03-02T00:52:08.154+0000] {logging_mixin.py:190} INFO - [2025-03-02T00:52:08.153+0000] {dag.py:4180} INFO - Setting next_dagrun for consume_1_and_2_with_dataset_expressions to None, run_after=None
[2025-03-02T00:52:08.155+0000] {logging_mixin.py:190} INFO - [2025-03-02T00:52:08.154+0000] {dag.py:4180} INFO - Setting next_dagrun for consume_1_or_2_with_dataset_expressions to None, run_after=None
[2025-03-02T00:52:08.156+0000] {logging_mixin.py:190} INFO - [2025-03-02T00:52:08.156+0000] {dag.py:4180} INFO - Setting next_dagrun for consume_1_or_both_2_and_3_with_dataset_expressions to None, run_after=None
[2025-03-02T00:52:08.157+0000] {logging_mixin.py:190} INFO - [2025-03-02T00:52:08.157+0000] {dag.py:4180} INFO - Setting next_dagrun for dataset_consumes_1 to None, run_after=None
[2025-03-02T00:52:08.158+0000] {logging_mixin.py:190} INFO - [2025-03-02T00:52:08.158+0000] {dag.py:4180} INFO - Setting next_dagrun for dataset_consumes_1_and_2 to None, run_after=None
[2025-03-02T00:52:08.159+0000] {logging_mixin.py:190} INFO - [2025-03-02T00:52:08.159+0000] {dag.py:4180} INFO - Setting next_dagrun for dataset_consumes_1_never_scheduled to None, run_after=None
[2025-03-02T00:52:08.160+0000] {logging_mixin.py:190} INFO - [2025-03-02T00:52:08.160+0000] {dag.py:4180} INFO - Setting next_dagrun for dataset_consumes_unknown_never_scheduled to None, run_after=None
[2025-03-02T00:52:08.162+0000] {logging_mixin.py:190} INFO - [2025-03-02T00:52:08.162+0000] {dag.py:4180} INFO - Setting next_dagrun for dataset_produces_1 to 2025-03-01 00:00:00+00:00, run_after=2025-03-02 00:00:00+00:00
[2025-03-02T00:52:08.163+0000] {logging_mixin.py:190} INFO - [2025-03-02T00:52:08.162+0000] {dag.py:4180} INFO - Setting next_dagrun for dataset_produces_2 to None, run_after=None
[2025-03-02T00:52:08.192+0000] {processor.py:208} INFO - Processing /home/airflow/.local/lib/python3.12/site-packages/airflow/example_dags/example_datasets.py took 0.684 seconds
[2025-03-02T00:52:38.696+0000] {processor.py:186} INFO - Started process (PID=927) to work on /home/airflow/.local/lib/python3.12/site-packages/airflow/example_dags/example_datasets.py
[2025-03-02T00:52:38.697+0000] {processor.py:914} INFO - Processing file /home/airflow/.local/lib/python3.12/site-packages/airflow/example_dags/example_datasets.py for tasks to queue
[2025-03-02T00:52:38.699+0000] {logging_mixin.py:190} INFO - [2025-03-02T00:52:38.698+0000] {dagbag.py:588} INFO - Filling up the DagBag from /home/airflow/.local/lib/python3.12/site-packages/airflow/example_dags/example_datasets.py
[2025-03-02T00:52:39.302+0000] {processor.py:925} INFO - DAG(s) 'dataset_produces_2', 'consume_1_and_2_with_dataset_expressions', 'conditional_dataset_and_time_based_timetable', 'dataset_consumes_1', 'dataset_consumes_1_never_scheduled', 'dataset_consumes_1_and_2', 'dataset_produces_1', 'dataset_consumes_unknown_never_scheduled', 'consume_1_or_2_with_dataset_expressions', 'consume_1_or_both_2_and_3_with_dataset_expressions' retrieved from /home/airflow/.local/lib/python3.12/site-packages/airflow/example_dags/example_datasets.py
[2025-03-02T00:52:39.342+0000] {logging_mixin.py:190} INFO - [2025-03-02T00:52:39.341+0000] {dag.py:3239} INFO - Sync 10 DAGs
[2025-03-02T00:52:39.363+0000] {logging_mixin.py:190} INFO - [2025-03-02T00:52:39.363+0000] {dag.py:4180} INFO - Setting next_dagrun for conditional_dataset_and_time_based_timetable to 2025-02-26 01:00:00+00:00, run_after=2025-02-26 01:00:00+00:00
[2025-03-02T00:52:39.366+0000] {logging_mixin.py:190} INFO - [2025-03-02T00:52:39.366+0000] {dag.py:4180} INFO - Setting next_dagrun for consume_1_and_2_with_dataset_expressions to None, run_after=None
[2025-03-02T00:52:39.367+0000] {logging_mixin.py:190} INFO - [2025-03-02T00:52:39.367+0000] {dag.py:4180} INFO - Setting next_dagrun for consume_1_or_2_with_dataset_expressions to None, run_after=None
[2025-03-02T00:52:39.368+0000] {logging_mixin.py:190} INFO - [2025-03-02T00:52:39.368+0000] {dag.py:4180} INFO - Setting next_dagrun for consume_1_or_both_2_and_3_with_dataset_expressions to None, run_after=None
[2025-03-02T00:52:39.369+0000] {logging_mixin.py:190} INFO - [2025-03-02T00:52:39.369+0000] {dag.py:4180} INFO - Setting next_dagrun for dataset_consumes_1 to None, run_after=None
[2025-03-02T00:52:39.370+0000] {logging_mixin.py:190} INFO - [2025-03-02T00:52:39.370+0000] {dag.py:4180} INFO - Setting next_dagrun for dataset_consumes_1_and_2 to None, run_after=None
[2025-03-02T00:52:39.371+0000] {logging_mixin.py:190} INFO - [2025-03-02T00:52:39.371+0000] {dag.py:4180} INFO - Setting next_dagrun for dataset_consumes_1_never_scheduled to None, run_after=None
[2025-03-02T00:52:39.372+0000] {logging_mixin.py:190} INFO - [2025-03-02T00:52:39.371+0000] {dag.py:4180} INFO - Setting next_dagrun for dataset_consumes_unknown_never_scheduled to None, run_after=None
[2025-03-02T00:52:39.374+0000] {logging_mixin.py:190} INFO - [2025-03-02T00:52:39.373+0000] {dag.py:4180} INFO - Setting next_dagrun for dataset_produces_1 to 2025-03-01 00:00:00+00:00, run_after=2025-03-02 00:00:00+00:00
[2025-03-02T00:52:39.375+0000] {logging_mixin.py:190} INFO - [2025-03-02T00:52:39.375+0000] {dag.py:4180} INFO - Setting next_dagrun for dataset_produces_2 to None, run_after=None
[2025-03-02T00:52:39.406+0000] {processor.py:208} INFO - Processing /home/airflow/.local/lib/python3.12/site-packages/airflow/example_dags/example_datasets.py took 0.716 seconds
[2025-03-02T00:53:09.741+0000] {processor.py:186} INFO - Started process (PID=997) to work on /home/airflow/.local/lib/python3.12/site-packages/airflow/example_dags/example_datasets.py
[2025-03-02T00:53:09.741+0000] {processor.py:914} INFO - Processing file /home/airflow/.local/lib/python3.12/site-packages/airflow/example_dags/example_datasets.py for tasks to queue
[2025-03-02T00:53:09.743+0000] {logging_mixin.py:190} INFO - [2025-03-02T00:53:09.743+0000] {dagbag.py:588} INFO - Filling up the DagBag from /home/airflow/.local/lib/python3.12/site-packages/airflow/example_dags/example_datasets.py
[2025-03-02T00:53:10.328+0000] {processor.py:925} INFO - DAG(s) 'dataset_produces_1', 'dataset_consumes_1_never_scheduled', 'dataset_consumes_1', 'dataset_consumes_unknown_never_scheduled', 'consume_1_or_2_with_dataset_expressions', 'consume_1_or_both_2_and_3_with_dataset_expressions', 'consume_1_and_2_with_dataset_expressions', 'conditional_dataset_and_time_based_timetable', 'dataset_consumes_1_and_2', 'dataset_produces_2' retrieved from /home/airflow/.local/lib/python3.12/site-packages/airflow/example_dags/example_datasets.py
[2025-03-02T00:53:10.367+0000] {logging_mixin.py:190} INFO - [2025-03-02T00:53:10.367+0000] {dag.py:3239} INFO - Sync 10 DAGs
[2025-03-02T00:53:10.390+0000] {logging_mixin.py:190} INFO - [2025-03-02T00:53:10.389+0000] {dag.py:4180} INFO - Setting next_dagrun for conditional_dataset_and_time_based_timetable to 2025-02-26 01:00:00+00:00, run_after=2025-02-26 01:00:00+00:00
[2025-03-02T00:53:10.392+0000] {logging_mixin.py:190} INFO - [2025-03-02T00:53:10.392+0000] {dag.py:4180} INFO - Setting next_dagrun for consume_1_and_2_with_dataset_expressions to None, run_after=None
[2025-03-02T00:53:10.394+0000] {logging_mixin.py:190} INFO - [2025-03-02T00:53:10.394+0000] {dag.py:4180} INFO - Setting next_dagrun for consume_1_or_2_with_dataset_expressions to None, run_after=None
[2025-03-02T00:53:10.395+0000] {logging_mixin.py:190} INFO - [2025-03-02T00:53:10.395+0000] {dag.py:4180} INFO - Setting next_dagrun for consume_1_or_both_2_and_3_with_dataset_expressions to None, run_after=None
[2025-03-02T00:53:10.396+0000] {logging_mixin.py:190} INFO - [2025-03-02T00:53:10.396+0000] {dag.py:4180} INFO - Setting next_dagrun for dataset_consumes_1 to None, run_after=None
[2025-03-02T00:53:10.397+0000] {logging_mixin.py:190} INFO - [2025-03-02T00:53:10.396+0000] {dag.py:4180} INFO - Setting next_dagrun for dataset_consumes_1_and_2 to None, run_after=None
[2025-03-02T00:53:10.397+0000] {logging_mixin.py:190} INFO - [2025-03-02T00:53:10.397+0000] {dag.py:4180} INFO - Setting next_dagrun for dataset_consumes_1_never_scheduled to None, run_after=None
[2025-03-02T00:53:10.398+0000] {logging_mixin.py:190} INFO - [2025-03-02T00:53:10.398+0000] {dag.py:4180} INFO - Setting next_dagrun for dataset_consumes_unknown_never_scheduled to None, run_after=None
[2025-03-02T00:53:10.400+0000] {logging_mixin.py:190} INFO - [2025-03-02T00:53:10.400+0000] {dag.py:4180} INFO - Setting next_dagrun for dataset_produces_1 to 2025-03-01 00:00:00+00:00, run_after=2025-03-02 00:00:00+00:00
[2025-03-02T00:53:10.401+0000] {logging_mixin.py:190} INFO - [2025-03-02T00:53:10.401+0000] {dag.py:4180} INFO - Setting next_dagrun for dataset_produces_2 to None, run_after=None
[2025-03-02T00:53:10.426+0000] {processor.py:208} INFO - Processing /home/airflow/.local/lib/python3.12/site-packages/airflow/example_dags/example_datasets.py took 0.689 seconds
[2025-03-02T00:53:40.782+0000] {processor.py:186} INFO - Started process (PID=1067) to work on /home/airflow/.local/lib/python3.12/site-packages/airflow/example_dags/example_datasets.py
[2025-03-02T00:53:40.783+0000] {processor.py:914} INFO - Processing file /home/airflow/.local/lib/python3.12/site-packages/airflow/example_dags/example_datasets.py for tasks to queue
[2025-03-02T00:53:40.785+0000] {logging_mixin.py:190} INFO - [2025-03-02T00:53:40.784+0000] {dagbag.py:588} INFO - Filling up the DagBag from /home/airflow/.local/lib/python3.12/site-packages/airflow/example_dags/example_datasets.py
[2025-03-02T00:53:41.381+0000] {processor.py:925} INFO - DAG(s) 'consume_1_or_both_2_and_3_with_dataset_expressions', 'conditional_dataset_and_time_based_timetable', 'dataset_consumes_1_never_scheduled', 'dataset_consumes_1', 'consume_1_or_2_with_dataset_expressions', 'dataset_consumes_1_and_2', 'consume_1_and_2_with_dataset_expressions', 'dataset_produces_2', 'dataset_consumes_unknown_never_scheduled', 'dataset_produces_1' retrieved from /home/airflow/.local/lib/python3.12/site-packages/airflow/example_dags/example_datasets.py
[2025-03-02T00:53:41.422+0000] {logging_mixin.py:190} INFO - [2025-03-02T00:53:41.422+0000] {dag.py:3239} INFO - Sync 10 DAGs
[2025-03-02T00:53:41.453+0000] {logging_mixin.py:190} INFO - [2025-03-02T00:53:41.453+0000] {dag.py:4180} INFO - Setting next_dagrun for conditional_dataset_and_time_based_timetable to 2025-02-26 01:00:00+00:00, run_after=2025-02-26 01:00:00+00:00
[2025-03-02T00:53:41.457+0000] {logging_mixin.py:190} INFO - [2025-03-02T00:53:41.457+0000] {dag.py:4180} INFO - Setting next_dagrun for consume_1_and_2_with_dataset_expressions to None, run_after=None
[2025-03-02T00:53:41.459+0000] {logging_mixin.py:190} INFO - [2025-03-02T00:53:41.458+0000] {dag.py:4180} INFO - Setting next_dagrun for consume_1_or_2_with_dataset_expressions to None, run_after=None
[2025-03-02T00:53:41.460+0000] {logging_mixin.py:190} INFO - [2025-03-02T00:53:41.460+0000] {dag.py:4180} INFO - Setting next_dagrun for consume_1_or_both_2_and_3_with_dataset_expressions to None, run_after=None
[2025-03-02T00:53:41.461+0000] {logging_mixin.py:190} INFO - [2025-03-02T00:53:41.461+0000] {dag.py:4180} INFO - Setting next_dagrun for dataset_consumes_1 to None, run_after=None
[2025-03-02T00:53:41.462+0000] {logging_mixin.py:190} INFO - [2025-03-02T00:53:41.462+0000] {dag.py:4180} INFO - Setting next_dagrun for dataset_consumes_1_and_2 to None, run_after=None
[2025-03-02T00:53:41.463+0000] {logging_mixin.py:190} INFO - [2025-03-02T00:53:41.463+0000] {dag.py:4180} INFO - Setting next_dagrun for dataset_consumes_1_never_scheduled to None, run_after=None
[2025-03-02T00:53:41.465+0000] {logging_mixin.py:190} INFO - [2025-03-02T00:53:41.465+0000] {dag.py:4180} INFO - Setting next_dagrun for dataset_consumes_unknown_never_scheduled to None, run_after=None
[2025-03-02T00:53:41.468+0000] {logging_mixin.py:190} INFO - [2025-03-02T00:53:41.468+0000] {dag.py:4180} INFO - Setting next_dagrun for dataset_produces_1 to 2025-03-01 00:00:00+00:00, run_after=2025-03-02 00:00:00+00:00
[2025-03-02T00:53:41.469+0000] {logging_mixin.py:190} INFO - [2025-03-02T00:53:41.469+0000] {dag.py:4180} INFO - Setting next_dagrun for dataset_produces_2 to None, run_after=None
[2025-03-02T00:53:41.502+0000] {processor.py:208} INFO - Processing /home/airflow/.local/lib/python3.12/site-packages/airflow/example_dags/example_datasets.py took 0.724 seconds
[2025-03-02T00:54:11.548+0000] {processor.py:186} INFO - Started process (PID=1127) to work on /home/airflow/.local/lib/python3.12/site-packages/airflow/example_dags/example_datasets.py
[2025-03-02T00:54:11.549+0000] {processor.py:914} INFO - Processing file /home/airflow/.local/lib/python3.12/site-packages/airflow/example_dags/example_datasets.py for tasks to queue
[2025-03-02T00:54:11.551+0000] {logging_mixin.py:190} INFO - [2025-03-02T00:54:11.550+0000] {dagbag.py:588} INFO - Filling up the DagBag from /home/airflow/.local/lib/python3.12/site-packages/airflow/example_dags/example_datasets.py
[2025-03-02T00:54:12.125+0000] {processor.py:925} INFO - DAG(s) 'dataset_produces_1', 'dataset_consumes_1', 'conditional_dataset_and_time_based_timetable', 'consume_1_and_2_with_dataset_expressions', 'dataset_consumes_unknown_never_scheduled', 'dataset_consumes_1_never_scheduled', 'consume_1_or_2_with_dataset_expressions', 'dataset_produces_2', 'consume_1_or_both_2_and_3_with_dataset_expressions', 'dataset_consumes_1_and_2' retrieved from /home/airflow/.local/lib/python3.12/site-packages/airflow/example_dags/example_datasets.py
[2025-03-02T00:54:12.162+0000] {logging_mixin.py:190} INFO - [2025-03-02T00:54:12.161+0000] {dag.py:3239} INFO - Sync 10 DAGs
[2025-03-02T00:54:12.186+0000] {logging_mixin.py:190} INFO - [2025-03-02T00:54:12.185+0000] {dag.py:4180} INFO - Setting next_dagrun for conditional_dataset_and_time_based_timetable to 2025-02-26 01:00:00+00:00, run_after=2025-02-26 01:00:00+00:00
[2025-03-02T00:54:12.190+0000] {logging_mixin.py:190} INFO - [2025-03-02T00:54:12.190+0000] {dag.py:4180} INFO - Setting next_dagrun for consume_1_and_2_with_dataset_expressions to None, run_after=None
[2025-03-02T00:54:12.191+0000] {logging_mixin.py:190} INFO - [2025-03-02T00:54:12.191+0000] {dag.py:4180} INFO - Setting next_dagrun for consume_1_or_2_with_dataset_expressions to None, run_after=None
[2025-03-02T00:54:12.192+0000] {logging_mixin.py:190} INFO - [2025-03-02T00:54:12.192+0000] {dag.py:4180} INFO - Setting next_dagrun for consume_1_or_both_2_and_3_with_dataset_expressions to None, run_after=None
[2025-03-02T00:54:12.194+0000] {logging_mixin.py:190} INFO - [2025-03-02T00:54:12.193+0000] {dag.py:4180} INFO - Setting next_dagrun for dataset_consumes_1 to None, run_after=None
[2025-03-02T00:54:12.195+0000] {logging_mixin.py:190} INFO - [2025-03-02T00:54:12.195+0000] {dag.py:4180} INFO - Setting next_dagrun for dataset_consumes_1_and_2 to None, run_after=None
[2025-03-02T00:54:12.196+0000] {logging_mixin.py:190} INFO - [2025-03-02T00:54:12.196+0000] {dag.py:4180} INFO - Setting next_dagrun for dataset_consumes_1_never_scheduled to None, run_after=None
[2025-03-02T00:54:12.197+0000] {logging_mixin.py:190} INFO - [2025-03-02T00:54:12.197+0000] {dag.py:4180} INFO - Setting next_dagrun for dataset_consumes_unknown_never_scheduled to None, run_after=None
[2025-03-02T00:54:12.200+0000] {logging_mixin.py:190} INFO - [2025-03-02T00:54:12.200+0000] {dag.py:4180} INFO - Setting next_dagrun for dataset_produces_1 to 2025-03-01 00:00:00+00:00, run_after=2025-03-02 00:00:00+00:00
[2025-03-02T00:54:12.202+0000] {logging_mixin.py:190} INFO - [2025-03-02T00:54:12.201+0000] {dag.py:4180} INFO - Setting next_dagrun for dataset_produces_2 to None, run_after=None
[2025-03-02T00:54:12.234+0000] {processor.py:208} INFO - Processing /home/airflow/.local/lib/python3.12/site-packages/airflow/example_dags/example_datasets.py took 0.690 seconds
[2025-03-02T00:54:42.593+0000] {processor.py:186} INFO - Started process (PID=1196) to work on /home/airflow/.local/lib/python3.12/site-packages/airflow/example_dags/example_datasets.py
[2025-03-02T00:54:42.593+0000] {processor.py:914} INFO - Processing file /home/airflow/.local/lib/python3.12/site-packages/airflow/example_dags/example_datasets.py for tasks to queue
[2025-03-02T00:54:42.595+0000] {logging_mixin.py:190} INFO - [2025-03-02T00:54:42.595+0000] {dagbag.py:588} INFO - Filling up the DagBag from /home/airflow/.local/lib/python3.12/site-packages/airflow/example_dags/example_datasets.py
[2025-03-02T00:54:43.202+0000] {processor.py:925} INFO - DAG(s) 'conditional_dataset_and_time_based_timetable', 'dataset_produces_2', 'consume_1_or_both_2_and_3_with_dataset_expressions', 'dataset_consumes_1', 'dataset_produces_1', 'dataset_consumes_1_and_2', 'dataset_consumes_1_never_scheduled', 'consume_1_and_2_with_dataset_expressions', 'consume_1_or_2_with_dataset_expressions', 'dataset_consumes_unknown_never_scheduled' retrieved from /home/airflow/.local/lib/python3.12/site-packages/airflow/example_dags/example_datasets.py
[2025-03-02T00:54:43.240+0000] {logging_mixin.py:190} INFO - [2025-03-02T00:54:43.240+0000] {dag.py:3239} INFO - Sync 10 DAGs
[2025-03-02T00:54:43.261+0000] {logging_mixin.py:190} INFO - [2025-03-02T00:54:43.261+0000] {dag.py:4180} INFO - Setting next_dagrun for conditional_dataset_and_time_based_timetable to 2025-02-26 01:00:00+00:00, run_after=2025-02-26 01:00:00+00:00
[2025-03-02T00:54:43.264+0000] {logging_mixin.py:190} INFO - [2025-03-02T00:54:43.264+0000] {dag.py:4180} INFO - Setting next_dagrun for consume_1_and_2_with_dataset_expressions to None, run_after=None
[2025-03-02T00:54:43.265+0000] {logging_mixin.py:190} INFO - [2025-03-02T00:54:43.265+0000] {dag.py:4180} INFO - Setting next_dagrun for consume_1_or_2_with_dataset_expressions to None, run_after=None
[2025-03-02T00:54:43.266+0000] {logging_mixin.py:190} INFO - [2025-03-02T00:54:43.266+0000] {dag.py:4180} INFO - Setting next_dagrun for consume_1_or_both_2_and_3_with_dataset_expressions to None, run_after=None
[2025-03-02T00:54:43.267+0000] {logging_mixin.py:190} INFO - [2025-03-02T00:54:43.267+0000] {dag.py:4180} INFO - Setting next_dagrun for dataset_consumes_1 to None, run_after=None
[2025-03-02T00:54:43.268+0000] {logging_mixin.py:190} INFO - [2025-03-02T00:54:43.268+0000] {dag.py:4180} INFO - Setting next_dagrun for dataset_consumes_1_and_2 to None, run_after=None
[2025-03-02T00:54:43.269+0000] {logging_mixin.py:190} INFO - [2025-03-02T00:54:43.268+0000] {dag.py:4180} INFO - Setting next_dagrun for dataset_consumes_1_never_scheduled to None, run_after=None
[2025-03-02T00:54:43.270+0000] {logging_mixin.py:190} INFO - [2025-03-02T00:54:43.269+0000] {dag.py:4180} INFO - Setting next_dagrun for dataset_consumes_unknown_never_scheduled to None, run_after=None
[2025-03-02T00:54:43.272+0000] {logging_mixin.py:190} INFO - [2025-03-02T00:54:43.271+0000] {dag.py:4180} INFO - Setting next_dagrun for dataset_produces_1 to 2025-03-01 00:00:00+00:00, run_after=2025-03-02 00:00:00+00:00
[2025-03-02T00:54:43.272+0000] {logging_mixin.py:190} INFO - [2025-03-02T00:54:43.272+0000] {dag.py:4180} INFO - Setting next_dagrun for dataset_produces_2 to None, run_after=None
[2025-03-02T00:54:43.299+0000] {processor.py:208} INFO - Processing /home/airflow/.local/lib/python3.12/site-packages/airflow/example_dags/example_datasets.py took 0.710 seconds
[2025-03-02T00:55:14.445+0000] {processor.py:186} INFO - Started process (PID=1262) to work on /home/airflow/.local/lib/python3.12/site-packages/airflow/example_dags/example_datasets.py
[2025-03-02T00:55:14.446+0000] {processor.py:914} INFO - Processing file /home/airflow/.local/lib/python3.12/site-packages/airflow/example_dags/example_datasets.py for tasks to queue
[2025-03-02T00:55:14.447+0000] {logging_mixin.py:190} INFO - [2025-03-02T00:55:14.447+0000] {dagbag.py:588} INFO - Filling up the DagBag from /home/airflow/.local/lib/python3.12/site-packages/airflow/example_dags/example_datasets.py
[2025-03-02T00:55:14.951+0000] {processor.py:925} INFO - DAG(s) 'dataset_consumes_1', 'consume_1_or_2_with_dataset_expressions', 'consume_1_and_2_with_dataset_expressions', 'conditional_dataset_and_time_based_timetable', 'dataset_consumes_1_never_scheduled', 'dataset_produces_2', 'dataset_consumes_1_and_2', 'dataset_consumes_unknown_never_scheduled', 'consume_1_or_both_2_and_3_with_dataset_expressions', 'dataset_produces_1' retrieved from /home/airflow/.local/lib/python3.12/site-packages/airflow/example_dags/example_datasets.py
[2025-03-02T00:55:14.983+0000] {logging_mixin.py:190} INFO - [2025-03-02T00:55:14.983+0000] {dag.py:3239} INFO - Sync 10 DAGs
[2025-03-02T00:55:15.003+0000] {logging_mixin.py:190} INFO - [2025-03-02T00:55:15.003+0000] {dag.py:4180} INFO - Setting next_dagrun for conditional_dataset_and_time_based_timetable to 2025-02-26 01:00:00+00:00, run_after=2025-02-26 01:00:00+00:00
[2025-03-02T00:55:15.006+0000] {logging_mixin.py:190} INFO - [2025-03-02T00:55:15.006+0000] {dag.py:4180} INFO - Setting next_dagrun for consume_1_and_2_with_dataset_expressions to None, run_after=None
[2025-03-02T00:55:15.007+0000] {logging_mixin.py:190} INFO - [2025-03-02T00:55:15.007+0000] {dag.py:4180} INFO - Setting next_dagrun for consume_1_or_2_with_dataset_expressions to None, run_after=None
[2025-03-02T00:55:15.008+0000] {logging_mixin.py:190} INFO - [2025-03-02T00:55:15.008+0000] {dag.py:4180} INFO - Setting next_dagrun for consume_1_or_both_2_and_3_with_dataset_expressions to None, run_after=None
[2025-03-02T00:55:15.009+0000] {logging_mixin.py:190} INFO - [2025-03-02T00:55:15.009+0000] {dag.py:4180} INFO - Setting next_dagrun for dataset_consumes_1 to None, run_after=None
[2025-03-02T00:55:15.010+0000] {logging_mixin.py:190} INFO - [2025-03-02T00:55:15.009+0000] {dag.py:4180} INFO - Setting next_dagrun for dataset_consumes_1_and_2 to None, run_after=None
[2025-03-02T00:55:15.010+0000] {logging_mixin.py:190} INFO - [2025-03-02T00:55:15.010+0000] {dag.py:4180} INFO - Setting next_dagrun for dataset_consumes_1_never_scheduled to None, run_after=None
[2025-03-02T00:55:15.011+0000] {logging_mixin.py:190} INFO - [2025-03-02T00:55:15.011+0000] {dag.py:4180} INFO - Setting next_dagrun for dataset_consumes_unknown_never_scheduled to None, run_after=None
[2025-03-02T00:55:15.013+0000] {logging_mixin.py:190} INFO - [2025-03-02T00:55:15.013+0000] {dag.py:4180} INFO - Setting next_dagrun for dataset_produces_1 to 2025-03-01 00:00:00+00:00, run_after=2025-03-02 00:00:00+00:00
[2025-03-02T00:55:15.014+0000] {logging_mixin.py:190} INFO - [2025-03-02T00:55:15.014+0000] {dag.py:4180} INFO - Setting next_dagrun for dataset_produces_2 to None, run_after=None
[2025-03-02T00:55:15.038+0000] {processor.py:208} INFO - Processing /home/airflow/.local/lib/python3.12/site-packages/airflow/example_dags/example_datasets.py took 0.597 seconds
