[2025-03-02T00:45:56.107+0000] {processor.py:186} INFO - Started process (PID=103) to work on /home/airflow/.local/lib/python3.12/site-packages/airflow/example_dags/example_trigger_target_dag.py
[2025-03-02T00:45:56.108+0000] {processor.py:914} INFO - Processing file /home/airflow/.local/lib/python3.12/site-packages/airflow/example_dags/example_trigger_target_dag.py for tasks to queue
[2025-03-02T00:45:56.110+0000] {logging_mixin.py:190} INFO - [2025-03-02T00:45:56.109+0000] {dagbag.py:588} INFO - Filling up the DagBag from /home/airflow/.local/lib/python3.12/site-packages/airflow/example_dags/example_trigger_target_dag.py
[2025-03-02T00:45:56.116+0000] {processor.py:925} INFO - DAG(s) 'example_trigger_target_dag' retrieved from /home/airflow/.local/lib/python3.12/site-packages/airflow/example_dags/example_trigger_target_dag.py
[2025-03-02T00:45:56.337+0000] {logging_mixin.py:190} INFO - [2025-03-02T00:45:56.336+0000] {override.py:1911} INFO - Created Permission View: can edit on DAG:example_trigger_target_dag
[2025-03-02T00:45:56.346+0000] {logging_mixin.py:190} INFO - [2025-03-02T00:45:56.346+0000] {override.py:1911} INFO - Created Permission View: can read on DAG:example_trigger_target_dag
[2025-03-02T00:45:56.352+0000] {logging_mixin.py:190} INFO - [2025-03-02T00:45:56.352+0000] {override.py:1911} INFO - Created Permission View: can delete on DAG:example_trigger_target_dag
[2025-03-02T00:45:56.358+0000] {logging_mixin.py:190} INFO - [2025-03-02T00:45:56.358+0000] {override.py:1911} INFO - Created Permission View: menu access on DAG Run:example_trigger_target_dag
[2025-03-02T00:45:56.363+0000] {logging_mixin.py:190} INFO - [2025-03-02T00:45:56.363+0000] {override.py:1911} INFO - Created Permission View: can read on DAG Run:example_trigger_target_dag
[2025-03-02T00:45:56.369+0000] {logging_mixin.py:190} INFO - [2025-03-02T00:45:56.369+0000] {override.py:1911} INFO - Created Permission View: can delete on DAG Run:example_trigger_target_dag
[2025-03-02T00:45:56.374+0000] {logging_mixin.py:190} INFO - [2025-03-02T00:45:56.374+0000] {override.py:1911} INFO - Created Permission View: can create on DAG Run:example_trigger_target_dag
[2025-03-02T00:45:56.375+0000] {logging_mixin.py:190} INFO - [2025-03-02T00:45:56.375+0000] {dag.py:3239} INFO - Sync 1 DAGs
[2025-03-02T00:45:56.391+0000] {logging_mixin.py:190} INFO - [2025-03-02T00:45:56.390+0000] {dag.py:3262} INFO - Creating ORM DAG for example_trigger_target_dag
[2025-03-02T00:45:56.391+0000] {logging_mixin.py:190} INFO - [2025-03-02T00:45:56.391+0000] {dag.py:4180} INFO - Setting next_dagrun for example_trigger_target_dag to None, run_after=None
[2025-03-02T00:45:56.406+0000] {processor.py:208} INFO - Processing /home/airflow/.local/lib/python3.12/site-packages/airflow/example_dags/example_trigger_target_dag.py took 0.303 seconds
[2025-03-02T00:46:26.869+0000] {processor.py:186} INFO - Started process (PID=167) to work on /home/airflow/.local/lib/python3.12/site-packages/airflow/example_dags/example_trigger_target_dag.py
[2025-03-02T00:46:26.870+0000] {processor.py:914} INFO - Processing file /home/airflow/.local/lib/python3.12/site-packages/airflow/example_dags/example_trigger_target_dag.py for tasks to queue
[2025-03-02T00:46:26.871+0000] {logging_mixin.py:190} INFO - [2025-03-02T00:46:26.871+0000] {dagbag.py:588} INFO - Filling up the DagBag from /home/airflow/.local/lib/python3.12/site-packages/airflow/example_dags/example_trigger_target_dag.py
[2025-03-02T00:46:26.877+0000] {processor.py:925} INFO - DAG(s) 'example_trigger_target_dag' retrieved from /home/airflow/.local/lib/python3.12/site-packages/airflow/example_dags/example_trigger_target_dag.py
[2025-03-02T00:46:26.892+0000] {logging_mixin.py:190} INFO - [2025-03-02T00:46:26.892+0000] {dag.py:3239} INFO - Sync 1 DAGs
[2025-03-02T00:46:26.903+0000] {logging_mixin.py:190} INFO - [2025-03-02T00:46:26.902+0000] {dag.py:4180} INFO - Setting next_dagrun for example_trigger_target_dag to None, run_after=None
[2025-03-02T00:46:26.915+0000] {processor.py:208} INFO - Processing /home/airflow/.local/lib/python3.12/site-packages/airflow/example_dags/example_trigger_target_dag.py took 0.050 seconds
[2025-03-02T00:46:57.671+0000] {processor.py:186} INFO - Started process (PID=230) to work on /home/airflow/.local/lib/python3.12/site-packages/airflow/example_dags/example_trigger_target_dag.py
[2025-03-02T00:46:57.671+0000] {processor.py:914} INFO - Processing file /home/airflow/.local/lib/python3.12/site-packages/airflow/example_dags/example_trigger_target_dag.py for tasks to queue
[2025-03-02T00:46:57.673+0000] {logging_mixin.py:190} INFO - [2025-03-02T00:46:57.673+0000] {dagbag.py:588} INFO - Filling up the DagBag from /home/airflow/.local/lib/python3.12/site-packages/airflow/example_dags/example_trigger_target_dag.py
[2025-03-02T00:46:57.679+0000] {processor.py:925} INFO - DAG(s) 'example_trigger_target_dag' retrieved from /home/airflow/.local/lib/python3.12/site-packages/airflow/example_dags/example_trigger_target_dag.py
[2025-03-02T00:46:57.695+0000] {logging_mixin.py:190} INFO - [2025-03-02T00:46:57.694+0000] {dag.py:3239} INFO - Sync 1 DAGs
[2025-03-02T00:46:57.705+0000] {logging_mixin.py:190} INFO - [2025-03-02T00:46:57.705+0000] {dag.py:4180} INFO - Setting next_dagrun for example_trigger_target_dag to None, run_after=None
[2025-03-02T00:46:57.719+0000] {processor.py:208} INFO - Processing /home/airflow/.local/lib/python3.12/site-packages/airflow/example_dags/example_trigger_target_dag.py took 0.053 seconds
[2025-03-02T00:47:29.216+0000] {processor.py:186} INFO - Started process (PID=293) to work on /home/airflow/.local/lib/python3.12/site-packages/airflow/example_dags/example_trigger_target_dag.py
[2025-03-02T00:47:29.217+0000] {processor.py:914} INFO - Processing file /home/airflow/.local/lib/python3.12/site-packages/airflow/example_dags/example_trigger_target_dag.py for tasks to queue
[2025-03-02T00:47:29.219+0000] {logging_mixin.py:190} INFO - [2025-03-02T00:47:29.219+0000] {dagbag.py:588} INFO - Filling up the DagBag from /home/airflow/.local/lib/python3.12/site-packages/airflow/example_dags/example_trigger_target_dag.py
[2025-03-02T00:47:29.225+0000] {processor.py:925} INFO - DAG(s) 'example_trigger_target_dag' retrieved from /home/airflow/.local/lib/python3.12/site-packages/airflow/example_dags/example_trigger_target_dag.py
[2025-03-02T00:47:29.240+0000] {logging_mixin.py:190} INFO - [2025-03-02T00:47:29.240+0000] {dag.py:3239} INFO - Sync 1 DAGs
[2025-03-02T00:47:29.251+0000] {logging_mixin.py:190} INFO - [2025-03-02T00:47:29.251+0000] {dag.py:4180} INFO - Setting next_dagrun for example_trigger_target_dag to None, run_after=None
[2025-03-02T00:47:29.263+0000] {processor.py:208} INFO - Processing /home/airflow/.local/lib/python3.12/site-packages/airflow/example_dags/example_trigger_target_dag.py took 0.052 seconds
[2025-03-02T00:48:00.397+0000] {processor.py:186} INFO - Started process (PID=355) to work on /home/airflow/.local/lib/python3.12/site-packages/airflow/example_dags/example_trigger_target_dag.py
[2025-03-02T00:48:00.397+0000] {processor.py:914} INFO - Processing file /home/airflow/.local/lib/python3.12/site-packages/airflow/example_dags/example_trigger_target_dag.py for tasks to queue
[2025-03-02T00:48:00.399+0000] {logging_mixin.py:190} INFO - [2025-03-02T00:48:00.399+0000] {dagbag.py:588} INFO - Filling up the DagBag from /home/airflow/.local/lib/python3.12/site-packages/airflow/example_dags/example_trigger_target_dag.py
[2025-03-02T00:48:00.406+0000] {processor.py:925} INFO - DAG(s) 'example_trigger_target_dag' retrieved from /home/airflow/.local/lib/python3.12/site-packages/airflow/example_dags/example_trigger_target_dag.py
[2025-03-02T00:48:00.422+0000] {logging_mixin.py:190} INFO - [2025-03-02T00:48:00.422+0000] {dag.py:3239} INFO - Sync 1 DAGs
[2025-03-02T00:48:00.434+0000] {logging_mixin.py:190} INFO - [2025-03-02T00:48:00.433+0000] {dag.py:4180} INFO - Setting next_dagrun for example_trigger_target_dag to None, run_after=None
[2025-03-02T00:48:00.450+0000] {processor.py:208} INFO - Processing /home/airflow/.local/lib/python3.12/site-packages/airflow/example_dags/example_trigger_target_dag.py took 0.058 seconds
[2025-03-02T00:48:31.349+0000] {processor.py:186} INFO - Started process (PID=418) to work on /home/airflow/.local/lib/python3.12/site-packages/airflow/example_dags/example_trigger_target_dag.py
[2025-03-02T00:48:31.349+0000] {processor.py:914} INFO - Processing file /home/airflow/.local/lib/python3.12/site-packages/airflow/example_dags/example_trigger_target_dag.py for tasks to queue
[2025-03-02T00:48:31.351+0000] {logging_mixin.py:190} INFO - [2025-03-02T00:48:31.351+0000] {dagbag.py:588} INFO - Filling up the DagBag from /home/airflow/.local/lib/python3.12/site-packages/airflow/example_dags/example_trigger_target_dag.py
[2025-03-02T00:48:31.359+0000] {processor.py:925} INFO - DAG(s) 'example_trigger_target_dag' retrieved from /home/airflow/.local/lib/python3.12/site-packages/airflow/example_dags/example_trigger_target_dag.py
[2025-03-02T00:48:31.375+0000] {logging_mixin.py:190} INFO - [2025-03-02T00:48:31.375+0000] {dag.py:3239} INFO - Sync 1 DAGs
[2025-03-02T00:48:31.385+0000] {logging_mixin.py:190} INFO - [2025-03-02T00:48:31.385+0000] {dag.py:4180} INFO - Setting next_dagrun for example_trigger_target_dag to None, run_after=None
[2025-03-02T00:48:31.399+0000] {processor.py:208} INFO - Processing /home/airflow/.local/lib/python3.12/site-packages/airflow/example_dags/example_trigger_target_dag.py took 0.054 seconds
[2025-03-02T00:49:02.607+0000] {processor.py:186} INFO - Started process (PID=482) to work on /home/airflow/.local/lib/python3.12/site-packages/airflow/example_dags/example_trigger_target_dag.py
[2025-03-02T00:49:02.608+0000] {processor.py:914} INFO - Processing file /home/airflow/.local/lib/python3.12/site-packages/airflow/example_dags/example_trigger_target_dag.py for tasks to queue
[2025-03-02T00:49:02.610+0000] {logging_mixin.py:190} INFO - [2025-03-02T00:49:02.609+0000] {dagbag.py:588} INFO - Filling up the DagBag from /home/airflow/.local/lib/python3.12/site-packages/airflow/example_dags/example_trigger_target_dag.py
[2025-03-02T00:49:02.616+0000] {processor.py:925} INFO - DAG(s) 'example_trigger_target_dag' retrieved from /home/airflow/.local/lib/python3.12/site-packages/airflow/example_dags/example_trigger_target_dag.py
[2025-03-02T00:49:02.632+0000] {logging_mixin.py:190} INFO - [2025-03-02T00:49:02.632+0000] {dag.py:3239} INFO - Sync 1 DAGs
[2025-03-02T00:49:02.648+0000] {logging_mixin.py:190} INFO - [2025-03-02T00:49:02.648+0000] {dag.py:4180} INFO - Setting next_dagrun for example_trigger_target_dag to None, run_after=None
[2025-03-02T00:49:02.664+0000] {processor.py:208} INFO - Processing /home/airflow/.local/lib/python3.12/site-packages/airflow/example_dags/example_trigger_target_dag.py took 0.061 seconds
[2025-03-02T00:49:33.694+0000] {processor.py:186} INFO - Started process (PID=546) to work on /home/airflow/.local/lib/python3.12/site-packages/airflow/example_dags/example_trigger_target_dag.py
[2025-03-02T00:49:33.695+0000] {processor.py:914} INFO - Processing file /home/airflow/.local/lib/python3.12/site-packages/airflow/example_dags/example_trigger_target_dag.py for tasks to queue
[2025-03-02T00:49:33.697+0000] {logging_mixin.py:190} INFO - [2025-03-02T00:49:33.696+0000] {dagbag.py:588} INFO - Filling up the DagBag from /home/airflow/.local/lib/python3.12/site-packages/airflow/example_dags/example_trigger_target_dag.py
[2025-03-02T00:49:33.704+0000] {processor.py:925} INFO - DAG(s) 'example_trigger_target_dag' retrieved from /home/airflow/.local/lib/python3.12/site-packages/airflow/example_dags/example_trigger_target_dag.py
[2025-03-02T00:49:33.720+0000] {logging_mixin.py:190} INFO - [2025-03-02T00:49:33.720+0000] {dag.py:3239} INFO - Sync 1 DAGs
[2025-03-02T00:49:33.731+0000] {logging_mixin.py:190} INFO - [2025-03-02T00:49:33.730+0000] {dag.py:4180} INFO - Setting next_dagrun for example_trigger_target_dag to None, run_after=None
[2025-03-02T00:49:33.744+0000] {processor.py:208} INFO - Processing /home/airflow/.local/lib/python3.12/site-packages/airflow/example_dags/example_trigger_target_dag.py took 0.055 seconds
[2025-03-02T00:50:04.382+0000] {processor.py:186} INFO - Started process (PID=609) to work on /home/airflow/.local/lib/python3.12/site-packages/airflow/example_dags/example_trigger_target_dag.py
[2025-03-02T00:50:04.383+0000] {processor.py:914} INFO - Processing file /home/airflow/.local/lib/python3.12/site-packages/airflow/example_dags/example_trigger_target_dag.py for tasks to queue
[2025-03-02T00:50:04.384+0000] {logging_mixin.py:190} INFO - [2025-03-02T00:50:04.384+0000] {dagbag.py:588} INFO - Filling up the DagBag from /home/airflow/.local/lib/python3.12/site-packages/airflow/example_dags/example_trigger_target_dag.py
[2025-03-02T00:50:04.390+0000] {processor.py:925} INFO - DAG(s) 'example_trigger_target_dag' retrieved from /home/airflow/.local/lib/python3.12/site-packages/airflow/example_dags/example_trigger_target_dag.py
[2025-03-02T00:50:04.407+0000] {logging_mixin.py:190} INFO - [2025-03-02T00:50:04.407+0000] {dag.py:3239} INFO - Sync 1 DAGs
[2025-03-02T00:50:04.419+0000] {logging_mixin.py:190} INFO - [2025-03-02T00:50:04.419+0000] {dag.py:4180} INFO - Setting next_dagrun for example_trigger_target_dag to None, run_after=None
[2025-03-02T00:50:04.432+0000] {processor.py:208} INFO - Processing /home/airflow/.local/lib/python3.12/site-packages/airflow/example_dags/example_trigger_target_dag.py took 0.055 seconds
[2025-03-02T00:50:35.621+0000] {processor.py:186} INFO - Started process (PID=672) to work on /home/airflow/.local/lib/python3.12/site-packages/airflow/example_dags/example_trigger_target_dag.py
[2025-03-02T00:50:35.622+0000] {processor.py:914} INFO - Processing file /home/airflow/.local/lib/python3.12/site-packages/airflow/example_dags/example_trigger_target_dag.py for tasks to queue
[2025-03-02T00:50:35.624+0000] {logging_mixin.py:190} INFO - [2025-03-02T00:50:35.623+0000] {dagbag.py:588} INFO - Filling up the DagBag from /home/airflow/.local/lib/python3.12/site-packages/airflow/example_dags/example_trigger_target_dag.py
[2025-03-02T00:50:35.630+0000] {processor.py:925} INFO - DAG(s) 'example_trigger_target_dag' retrieved from /home/airflow/.local/lib/python3.12/site-packages/airflow/example_dags/example_trigger_target_dag.py
[2025-03-02T00:50:35.645+0000] {logging_mixin.py:190} INFO - [2025-03-02T00:50:35.645+0000] {dag.py:3239} INFO - Sync 1 DAGs
[2025-03-02T00:50:35.658+0000] {logging_mixin.py:190} INFO - [2025-03-02T00:50:35.658+0000] {dag.py:4180} INFO - Setting next_dagrun for example_trigger_target_dag to None, run_after=None
[2025-03-02T00:50:35.676+0000] {processor.py:208} INFO - Processing /home/airflow/.local/lib/python3.12/site-packages/airflow/example_dags/example_trigger_target_dag.py took 0.061 seconds
[2025-03-02T00:51:06.703+0000] {processor.py:186} INFO - Started process (PID=736) to work on /home/airflow/.local/lib/python3.12/site-packages/airflow/example_dags/example_trigger_target_dag.py
[2025-03-02T00:51:06.703+0000] {processor.py:914} INFO - Processing file /home/airflow/.local/lib/python3.12/site-packages/airflow/example_dags/example_trigger_target_dag.py for tasks to queue
[2025-03-02T00:51:06.705+0000] {logging_mixin.py:190} INFO - [2025-03-02T00:51:06.705+0000] {dagbag.py:588} INFO - Filling up the DagBag from /home/airflow/.local/lib/python3.12/site-packages/airflow/example_dags/example_trigger_target_dag.py
[2025-03-02T00:51:06.713+0000] {processor.py:925} INFO - DAG(s) 'example_trigger_target_dag' retrieved from /home/airflow/.local/lib/python3.12/site-packages/airflow/example_dags/example_trigger_target_dag.py
[2025-03-02T00:51:06.733+0000] {logging_mixin.py:190} INFO - [2025-03-02T00:51:06.733+0000] {dag.py:3239} INFO - Sync 1 DAGs
[2025-03-02T00:51:06.749+0000] {logging_mixin.py:190} INFO - [2025-03-02T00:51:06.749+0000] {dag.py:4180} INFO - Setting next_dagrun for example_trigger_target_dag to None, run_after=None
[2025-03-02T00:51:06.766+0000] {processor.py:208} INFO - Processing /home/airflow/.local/lib/python3.12/site-packages/airflow/example_dags/example_trigger_target_dag.py took 0.070 seconds
[2025-03-02T00:51:37.470+0000] {processor.py:186} INFO - Started process (PID=800) to work on /home/airflow/.local/lib/python3.12/site-packages/airflow/example_dags/example_trigger_target_dag.py
[2025-03-02T00:51:37.471+0000] {processor.py:914} INFO - Processing file /home/airflow/.local/lib/python3.12/site-packages/airflow/example_dags/example_trigger_target_dag.py for tasks to queue
[2025-03-02T00:51:37.473+0000] {logging_mixin.py:190} INFO - [2025-03-02T00:51:37.472+0000] {dagbag.py:588} INFO - Filling up the DagBag from /home/airflow/.local/lib/python3.12/site-packages/airflow/example_dags/example_trigger_target_dag.py
[2025-03-02T00:51:37.479+0000] {processor.py:925} INFO - DAG(s) 'example_trigger_target_dag' retrieved from /home/airflow/.local/lib/python3.12/site-packages/airflow/example_dags/example_trigger_target_dag.py
[2025-03-02T00:51:37.493+0000] {logging_mixin.py:190} INFO - [2025-03-02T00:51:37.493+0000] {dag.py:3239} INFO - Sync 1 DAGs
[2025-03-02T00:51:37.504+0000] {logging_mixin.py:190} INFO - [2025-03-02T00:51:37.504+0000] {dag.py:4180} INFO - Setting next_dagrun for example_trigger_target_dag to None, run_after=None
[2025-03-02T00:51:37.518+0000] {processor.py:208} INFO - Processing /home/airflow/.local/lib/python3.12/site-packages/airflow/example_dags/example_trigger_target_dag.py took 0.052 seconds
[2025-03-02T00:52:08.229+0000] {processor.py:186} INFO - Started process (PID=864) to work on /home/airflow/.local/lib/python3.12/site-packages/airflow/example_dags/example_trigger_target_dag.py
[2025-03-02T00:52:08.230+0000] {processor.py:914} INFO - Processing file /home/airflow/.local/lib/python3.12/site-packages/airflow/example_dags/example_trigger_target_dag.py for tasks to queue
[2025-03-02T00:52:08.232+0000] {logging_mixin.py:190} INFO - [2025-03-02T00:52:08.231+0000] {dagbag.py:588} INFO - Filling up the DagBag from /home/airflow/.local/lib/python3.12/site-packages/airflow/example_dags/example_trigger_target_dag.py
[2025-03-02T00:52:08.238+0000] {processor.py:925} INFO - DAG(s) 'example_trigger_target_dag' retrieved from /home/airflow/.local/lib/python3.12/site-packages/airflow/example_dags/example_trigger_target_dag.py
[2025-03-02T00:52:08.253+0000] {logging_mixin.py:190} INFO - [2025-03-02T00:52:08.253+0000] {dag.py:3239} INFO - Sync 1 DAGs
[2025-03-02T00:52:08.265+0000] {logging_mixin.py:190} INFO - [2025-03-02T00:52:08.264+0000] {dag.py:4180} INFO - Setting next_dagrun for example_trigger_target_dag to None, run_after=None
[2025-03-02T00:52:08.278+0000] {processor.py:208} INFO - Processing /home/airflow/.local/lib/python3.12/site-packages/airflow/example_dags/example_trigger_target_dag.py took 0.053 seconds
[2025-03-02T00:52:38.890+0000] {processor.py:186} INFO - Started process (PID=929) to work on /home/airflow/.local/lib/python3.12/site-packages/airflow/example_dags/example_trigger_target_dag.py
[2025-03-02T00:52:38.891+0000] {processor.py:914} INFO - Processing file /home/airflow/.local/lib/python3.12/site-packages/airflow/example_dags/example_trigger_target_dag.py for tasks to queue
[2025-03-02T00:52:38.892+0000] {logging_mixin.py:190} INFO - [2025-03-02T00:52:38.892+0000] {dagbag.py:588} INFO - Filling up the DagBag from /home/airflow/.local/lib/python3.12/site-packages/airflow/example_dags/example_trigger_target_dag.py
[2025-03-02T00:52:38.898+0000] {processor.py:925} INFO - DAG(s) 'example_trigger_target_dag' retrieved from /home/airflow/.local/lib/python3.12/site-packages/airflow/example_dags/example_trigger_target_dag.py
[2025-03-02T00:52:38.913+0000] {logging_mixin.py:190} INFO - [2025-03-02T00:52:38.912+0000] {dag.py:3239} INFO - Sync 1 DAGs
[2025-03-02T00:52:38.923+0000] {logging_mixin.py:190} INFO - [2025-03-02T00:52:38.923+0000] {dag.py:4180} INFO - Setting next_dagrun for example_trigger_target_dag to None, run_after=None
[2025-03-02T00:52:38.935+0000] {processor.py:208} INFO - Processing /home/airflow/.local/lib/python3.12/site-packages/airflow/example_dags/example_trigger_target_dag.py took 0.050 seconds
[2025-03-02T00:53:09.437+0000] {processor.py:186} INFO - Started process (PID=992) to work on /home/airflow/.local/lib/python3.12/site-packages/airflow/example_dags/example_trigger_target_dag.py
[2025-03-02T00:53:09.437+0000] {processor.py:914} INFO - Processing file /home/airflow/.local/lib/python3.12/site-packages/airflow/example_dags/example_trigger_target_dag.py for tasks to queue
[2025-03-02T00:53:09.439+0000] {logging_mixin.py:190} INFO - [2025-03-02T00:53:09.439+0000] {dagbag.py:588} INFO - Filling up the DagBag from /home/airflow/.local/lib/python3.12/site-packages/airflow/example_dags/example_trigger_target_dag.py
[2025-03-02T00:53:09.445+0000] {processor.py:925} INFO - DAG(s) 'example_trigger_target_dag' retrieved from /home/airflow/.local/lib/python3.12/site-packages/airflow/example_dags/example_trigger_target_dag.py
[2025-03-02T00:53:09.462+0000] {logging_mixin.py:190} INFO - [2025-03-02T00:53:09.461+0000] {dag.py:3239} INFO - Sync 1 DAGs
[2025-03-02T00:53:09.476+0000] {logging_mixin.py:190} INFO - [2025-03-02T00:53:09.475+0000] {dag.py:4180} INFO - Setting next_dagrun for example_trigger_target_dag to None, run_after=None
[2025-03-02T00:53:09.491+0000] {processor.py:208} INFO - Processing /home/airflow/.local/lib/python3.12/site-packages/airflow/example_dags/example_trigger_target_dag.py took 0.058 seconds
[2025-03-02T00:53:39.920+0000] {processor.py:186} INFO - Started process (PID=1056) to work on /home/airflow/.local/lib/python3.12/site-packages/airflow/example_dags/example_trigger_target_dag.py
[2025-03-02T00:53:39.921+0000] {processor.py:914} INFO - Processing file /home/airflow/.local/lib/python3.12/site-packages/airflow/example_dags/example_trigger_target_dag.py for tasks to queue
[2025-03-02T00:53:39.922+0000] {logging_mixin.py:190} INFO - [2025-03-02T00:53:39.922+0000] {dagbag.py:588} INFO - Filling up the DagBag from /home/airflow/.local/lib/python3.12/site-packages/airflow/example_dags/example_trigger_target_dag.py
[2025-03-02T00:53:39.928+0000] {processor.py:925} INFO - DAG(s) 'example_trigger_target_dag' retrieved from /home/airflow/.local/lib/python3.12/site-packages/airflow/example_dags/example_trigger_target_dag.py
[2025-03-02T00:53:39.943+0000] {logging_mixin.py:190} INFO - [2025-03-02T00:53:39.943+0000] {dag.py:3239} INFO - Sync 1 DAGs
[2025-03-02T00:53:39.954+0000] {logging_mixin.py:190} INFO - [2025-03-02T00:53:39.953+0000] {dag.py:4180} INFO - Setting next_dagrun for example_trigger_target_dag to None, run_after=None
[2025-03-02T00:53:39.967+0000] {processor.py:208} INFO - Processing /home/airflow/.local/lib/python3.12/site-packages/airflow/example_dags/example_trigger_target_dag.py took 0.051 seconds
[2025-03-02T00:54:11.216+0000] {processor.py:186} INFO - Started process (PID=1120) to work on /home/airflow/.local/lib/python3.12/site-packages/airflow/example_dags/example_trigger_target_dag.py
[2025-03-02T00:54:11.217+0000] {processor.py:914} INFO - Processing file /home/airflow/.local/lib/python3.12/site-packages/airflow/example_dags/example_trigger_target_dag.py for tasks to queue
[2025-03-02T00:54:11.218+0000] {logging_mixin.py:190} INFO - [2025-03-02T00:54:11.218+0000] {dagbag.py:588} INFO - Filling up the DagBag from /home/airflow/.local/lib/python3.12/site-packages/airflow/example_dags/example_trigger_target_dag.py
[2025-03-02T00:54:11.224+0000] {processor.py:925} INFO - DAG(s) 'example_trigger_target_dag' retrieved from /home/airflow/.local/lib/python3.12/site-packages/airflow/example_dags/example_trigger_target_dag.py
[2025-03-02T00:54:11.239+0000] {logging_mixin.py:190} INFO - [2025-03-02T00:54:11.238+0000] {dag.py:3239} INFO - Sync 1 DAGs
[2025-03-02T00:54:11.249+0000] {logging_mixin.py:190} INFO - [2025-03-02T00:54:11.249+0000] {dag.py:4180} INFO - Setting next_dagrun for example_trigger_target_dag to None, run_after=None
[2025-03-02T00:54:11.264+0000] {processor.py:208} INFO - Processing /home/airflow/.local/lib/python3.12/site-packages/airflow/example_dags/example_trigger_target_dag.py took 0.052 seconds
[2025-03-02T00:54:42.010+0000] {processor.py:186} INFO - Started process (PID=1184) to work on /home/airflow/.local/lib/python3.12/site-packages/airflow/example_dags/example_trigger_target_dag.py
[2025-03-02T00:54:42.011+0000] {processor.py:914} INFO - Processing file /home/airflow/.local/lib/python3.12/site-packages/airflow/example_dags/example_trigger_target_dag.py for tasks to queue
[2025-03-02T00:54:42.012+0000] {logging_mixin.py:190} INFO - [2025-03-02T00:54:42.012+0000] {dagbag.py:588} INFO - Filling up the DagBag from /home/airflow/.local/lib/python3.12/site-packages/airflow/example_dags/example_trigger_target_dag.py
[2025-03-02T00:54:42.019+0000] {processor.py:925} INFO - DAG(s) 'example_trigger_target_dag' retrieved from /home/airflow/.local/lib/python3.12/site-packages/airflow/example_dags/example_trigger_target_dag.py
[2025-03-02T00:54:42.033+0000] {logging_mixin.py:190} INFO - [2025-03-02T00:54:42.033+0000] {dag.py:3239} INFO - Sync 1 DAGs
[2025-03-02T00:54:42.044+0000] {logging_mixin.py:190} INFO - [2025-03-02T00:54:42.043+0000] {dag.py:4180} INFO - Setting next_dagrun for example_trigger_target_dag to None, run_after=None
[2025-03-02T00:54:42.055+0000] {processor.py:208} INFO - Processing /home/airflow/.local/lib/python3.12/site-packages/airflow/example_dags/example_trigger_target_dag.py took 0.050 seconds
