[2025-03-02T00:45:47.509+0000] {processor.py:186} INFO - Started process (PID=62) to work on /home/airflow/.local/lib/python3.12/site-packages/airflow/example_dags/example_display_name.py
[2025-03-02T00:45:47.511+0000] {processor.py:914} INFO - Processing file /home/airflow/.local/lib/python3.12/site-packages/airflow/example_dags/example_display_name.py for tasks to queue
[2025-03-02T00:45:47.515+0000] {logging_mixin.py:190} INFO - [2025-03-02T00:45:47.515+0000] {dagbag.py:588} INFO - Filling up the DagBag from /home/airflow/.local/lib/python3.12/site-packages/airflow/example_dags/example_display_name.py
[2025-03-02T00:45:47.539+0000] {processor.py:925} INFO - DAG(s) 'example_display_name' retrieved from /home/airflow/.local/lib/python3.12/site-packages/airflow/example_dags/example_display_name.py
[2025-03-02T00:45:47.788+0000] {logging_mixin.py:190} INFO - [2025-03-02T00:45:47.785+0000] {override.py:1911} INFO - Created Permission View: can edit on DAG:example_display_name
[2025-03-02T00:45:47.804+0000] {logging_mixin.py:190} INFO - [2025-03-02T00:45:47.803+0000] {override.py:1911} INFO - Created Permission View: can read on DAG:example_display_name
[2025-03-02T00:45:47.809+0000] {logging_mixin.py:190} INFO - [2025-03-02T00:45:47.809+0000] {override.py:1911} INFO - Created Permission View: can delete on DAG:example_display_name
[2025-03-02T00:45:47.815+0000] {logging_mixin.py:190} INFO - [2025-03-02T00:45:47.815+0000] {override.py:1911} INFO - Created Permission View: menu access on DAG Run:example_display_name
[2025-03-02T00:45:47.821+0000] {logging_mixin.py:190} INFO - [2025-03-02T00:45:47.821+0000] {override.py:1911} INFO - Created Permission View: can read on DAG Run:example_display_name
[2025-03-02T00:45:47.828+0000] {logging_mixin.py:190} INFO - [2025-03-02T00:45:47.828+0000] {override.py:1911} INFO - Created Permission View: can delete on DAG Run:example_display_name
[2025-03-02T00:45:47.834+0000] {logging_mixin.py:190} INFO - [2025-03-02T00:45:47.834+0000] {override.py:1911} INFO - Created Permission View: can create on DAG Run:example_display_name
[2025-03-02T00:45:47.835+0000] {logging_mixin.py:190} INFO - [2025-03-02T00:45:47.834+0000] {dag.py:3239} INFO - Sync 1 DAGs
[2025-03-02T00:45:47.854+0000] {logging_mixin.py:190} INFO - [2025-03-02T00:45:47.853+0000] {dag.py:3262} INFO - Creating ORM DAG for example_display_name
[2025-03-02T00:45:47.855+0000] {logging_mixin.py:190} INFO - [2025-03-02T00:45:47.854+0000] {dag.py:4180} INFO - Setting next_dagrun for example_display_name to None, run_after=None
[2025-03-02T00:45:47.871+0000] {processor.py:208} INFO - Processing /home/airflow/.local/lib/python3.12/site-packages/airflow/example_dags/example_display_name.py took 0.382 seconds
[2025-03-02T00:46:18.282+0000] {processor.py:186} INFO - Started process (PID=132) to work on /home/airflow/.local/lib/python3.12/site-packages/airflow/example_dags/example_display_name.py
[2025-03-02T00:46:18.282+0000] {processor.py:914} INFO - Processing file /home/airflow/.local/lib/python3.12/site-packages/airflow/example_dags/example_display_name.py for tasks to queue
[2025-03-02T00:46:18.285+0000] {logging_mixin.py:190} INFO - [2025-03-02T00:46:18.284+0000] {dagbag.py:588} INFO - Filling up the DagBag from /home/airflow/.local/lib/python3.12/site-packages/airflow/example_dags/example_display_name.py
[2025-03-02T00:46:18.292+0000] {processor.py:925} INFO - DAG(s) 'example_display_name' retrieved from /home/airflow/.local/lib/python3.12/site-packages/airflow/example_dags/example_display_name.py
[2025-03-02T00:46:18.311+0000] {logging_mixin.py:190} INFO - [2025-03-02T00:46:18.311+0000] {dag.py:3239} INFO - Sync 1 DAGs
[2025-03-02T00:46:18.327+0000] {logging_mixin.py:190} INFO - [2025-03-02T00:46:18.327+0000] {dag.py:4180} INFO - Setting next_dagrun for example_display_name to None, run_after=None
[2025-03-02T00:46:18.344+0000] {processor.py:208} INFO - Processing /home/airflow/.local/lib/python3.12/site-packages/airflow/example_dags/example_display_name.py took 0.068 seconds
[2025-03-02T00:46:48.810+0000] {processor.py:186} INFO - Started process (PID=195) to work on /home/airflow/.local/lib/python3.12/site-packages/airflow/example_dags/example_display_name.py
[2025-03-02T00:46:48.810+0000] {processor.py:914} INFO - Processing file /home/airflow/.local/lib/python3.12/site-packages/airflow/example_dags/example_display_name.py for tasks to queue
[2025-03-02T00:46:48.821+0000] {logging_mixin.py:190} INFO - [2025-03-02T00:46:48.820+0000] {dagbag.py:588} INFO - Filling up the DagBag from /home/airflow/.local/lib/python3.12/site-packages/airflow/example_dags/example_display_name.py
[2025-03-02T00:46:48.861+0000] {processor.py:925} INFO - DAG(s) 'example_display_name' retrieved from /home/airflow/.local/lib/python3.12/site-packages/airflow/example_dags/example_display_name.py
[2025-03-02T00:46:48.883+0000] {logging_mixin.py:190} INFO - [2025-03-02T00:46:48.882+0000] {dag.py:3239} INFO - Sync 1 DAGs
[2025-03-02T00:46:48.898+0000] {logging_mixin.py:190} INFO - [2025-03-02T00:46:48.898+0000] {dag.py:4180} INFO - Setting next_dagrun for example_display_name to None, run_after=None
[2025-03-02T00:46:48.915+0000] {processor.py:208} INFO - Processing /home/airflow/.local/lib/python3.12/site-packages/airflow/example_dags/example_display_name.py took 0.129 seconds
[2025-03-02T00:47:19.430+0000] {processor.py:186} INFO - Started process (PID=258) to work on /home/airflow/.local/lib/python3.12/site-packages/airflow/example_dags/example_display_name.py
[2025-03-02T00:47:19.431+0000] {processor.py:914} INFO - Processing file /home/airflow/.local/lib/python3.12/site-packages/airflow/example_dags/example_display_name.py for tasks to queue
[2025-03-02T00:47:19.434+0000] {logging_mixin.py:190} INFO - [2025-03-02T00:47:19.433+0000] {dagbag.py:588} INFO - Filling up the DagBag from /home/airflow/.local/lib/python3.12/site-packages/airflow/example_dags/example_display_name.py
[2025-03-02T00:47:19.442+0000] {processor.py:925} INFO - DAG(s) 'example_display_name' retrieved from /home/airflow/.local/lib/python3.12/site-packages/airflow/example_dags/example_display_name.py
[2025-03-02T00:47:19.460+0000] {logging_mixin.py:190} INFO - [2025-03-02T00:47:19.460+0000] {dag.py:3239} INFO - Sync 1 DAGs
[2025-03-02T00:47:19.471+0000] {logging_mixin.py:190} INFO - [2025-03-02T00:47:19.471+0000] {dag.py:4180} INFO - Setting next_dagrun for example_display_name to None, run_after=None
[2025-03-02T00:47:19.484+0000] {processor.py:208} INFO - Processing /home/airflow/.local/lib/python3.12/site-packages/airflow/example_dags/example_display_name.py took 0.064 seconds
[2025-03-02T00:47:49.509+0000] {processor.py:186} INFO - Started process (PID=320) to work on /home/airflow/.local/lib/python3.12/site-packages/airflow/example_dags/example_display_name.py
[2025-03-02T00:47:49.509+0000] {processor.py:914} INFO - Processing file /home/airflow/.local/lib/python3.12/site-packages/airflow/example_dags/example_display_name.py for tasks to queue
[2025-03-02T00:47:49.511+0000] {logging_mixin.py:190} INFO - [2025-03-02T00:47:49.511+0000] {dagbag.py:588} INFO - Filling up the DagBag from /home/airflow/.local/lib/python3.12/site-packages/airflow/example_dags/example_display_name.py
[2025-03-02T00:47:49.517+0000] {processor.py:925} INFO - DAG(s) 'example_display_name' retrieved from /home/airflow/.local/lib/python3.12/site-packages/airflow/example_dags/example_display_name.py
[2025-03-02T00:47:49.531+0000] {logging_mixin.py:190} INFO - [2025-03-02T00:47:49.531+0000] {dag.py:3239} INFO - Sync 1 DAGs
[2025-03-02T00:47:49.541+0000] {logging_mixin.py:190} INFO - [2025-03-02T00:47:49.541+0000] {dag.py:4180} INFO - Setting next_dagrun for example_display_name to None, run_after=None
[2025-03-02T00:47:49.553+0000] {processor.py:208} INFO - Processing /home/airflow/.local/lib/python3.12/site-packages/airflow/example_dags/example_display_name.py took 0.049 seconds
[2025-03-02T00:48:19.764+0000] {processor.py:186} INFO - Started process (PID=384) to work on /home/airflow/.local/lib/python3.12/site-packages/airflow/example_dags/example_display_name.py
[2025-03-02T00:48:19.765+0000] {processor.py:914} INFO - Processing file /home/airflow/.local/lib/python3.12/site-packages/airflow/example_dags/example_display_name.py for tasks to queue
[2025-03-02T00:48:19.766+0000] {logging_mixin.py:190} INFO - [2025-03-02T00:48:19.766+0000] {dagbag.py:588} INFO - Filling up the DagBag from /home/airflow/.local/lib/python3.12/site-packages/airflow/example_dags/example_display_name.py
[2025-03-02T00:48:19.772+0000] {processor.py:925} INFO - DAG(s) 'example_display_name' retrieved from /home/airflow/.local/lib/python3.12/site-packages/airflow/example_dags/example_display_name.py
[2025-03-02T00:48:19.787+0000] {logging_mixin.py:190} INFO - [2025-03-02T00:48:19.786+0000] {dag.py:3239} INFO - Sync 1 DAGs
[2025-03-02T00:48:19.797+0000] {logging_mixin.py:190} INFO - [2025-03-02T00:48:19.797+0000] {dag.py:4180} INFO - Setting next_dagrun for example_display_name to None, run_after=None
[2025-03-02T00:48:19.809+0000] {processor.py:208} INFO - Processing /home/airflow/.local/lib/python3.12/site-packages/airflow/example_dags/example_display_name.py took 0.049 seconds
[2025-03-02T00:48:49.844+0000] {processor.py:186} INFO - Started process (PID=447) to work on /home/airflow/.local/lib/python3.12/site-packages/airflow/example_dags/example_display_name.py
[2025-03-02T00:48:49.844+0000] {processor.py:914} INFO - Processing file /home/airflow/.local/lib/python3.12/site-packages/airflow/example_dags/example_display_name.py for tasks to queue
[2025-03-02T00:48:49.846+0000] {logging_mixin.py:190} INFO - [2025-03-02T00:48:49.846+0000] {dagbag.py:588} INFO - Filling up the DagBag from /home/airflow/.local/lib/python3.12/site-packages/airflow/example_dags/example_display_name.py
[2025-03-02T00:48:49.851+0000] {processor.py:925} INFO - DAG(s) 'example_display_name' retrieved from /home/airflow/.local/lib/python3.12/site-packages/airflow/example_dags/example_display_name.py
[2025-03-02T00:48:49.865+0000] {logging_mixin.py:190} INFO - [2025-03-02T00:48:49.865+0000] {dag.py:3239} INFO - Sync 1 DAGs
[2025-03-02T00:48:49.875+0000] {logging_mixin.py:190} INFO - [2025-03-02T00:48:49.875+0000] {dag.py:4180} INFO - Setting next_dagrun for example_display_name to None, run_after=None
[2025-03-02T00:48:49.888+0000] {processor.py:208} INFO - Processing /home/airflow/.local/lib/python3.12/site-packages/airflow/example_dags/example_display_name.py took 0.048 seconds
[2025-03-02T00:49:20.132+0000] {processor.py:186} INFO - Started process (PID=512) to work on /home/airflow/.local/lib/python3.12/site-packages/airflow/example_dags/example_display_name.py
[2025-03-02T00:49:20.132+0000] {processor.py:914} INFO - Processing file /home/airflow/.local/lib/python3.12/site-packages/airflow/example_dags/example_display_name.py for tasks to queue
[2025-03-02T00:49:20.134+0000] {logging_mixin.py:190} INFO - [2025-03-02T00:49:20.133+0000] {dagbag.py:588} INFO - Filling up the DagBag from /home/airflow/.local/lib/python3.12/site-packages/airflow/example_dags/example_display_name.py
[2025-03-02T00:49:20.139+0000] {processor.py:925} INFO - DAG(s) 'example_display_name' retrieved from /home/airflow/.local/lib/python3.12/site-packages/airflow/example_dags/example_display_name.py
[2025-03-02T00:49:20.156+0000] {logging_mixin.py:190} INFO - [2025-03-02T00:49:20.156+0000] {dag.py:3239} INFO - Sync 1 DAGs
[2025-03-02T00:49:20.168+0000] {logging_mixin.py:190} INFO - [2025-03-02T00:49:20.168+0000] {dag.py:4180} INFO - Setting next_dagrun for example_display_name to None, run_after=None
[2025-03-02T00:49:20.182+0000] {processor.py:208} INFO - Processing /home/airflow/.local/lib/python3.12/site-packages/airflow/example_dags/example_display_name.py took 0.055 seconds
[2025-03-02T00:49:50.659+0000] {processor.py:186} INFO - Started process (PID=575) to work on /home/airflow/.local/lib/python3.12/site-packages/airflow/example_dags/example_display_name.py
[2025-03-02T00:49:50.659+0000] {processor.py:914} INFO - Processing file /home/airflow/.local/lib/python3.12/site-packages/airflow/example_dags/example_display_name.py for tasks to queue
[2025-03-02T00:49:50.661+0000] {logging_mixin.py:190} INFO - [2025-03-02T00:49:50.660+0000] {dagbag.py:588} INFO - Filling up the DagBag from /home/airflow/.local/lib/python3.12/site-packages/airflow/example_dags/example_display_name.py
[2025-03-02T00:49:50.666+0000] {processor.py:925} INFO - DAG(s) 'example_display_name' retrieved from /home/airflow/.local/lib/python3.12/site-packages/airflow/example_dags/example_display_name.py
[2025-03-02T00:49:50.683+0000] {logging_mixin.py:190} INFO - [2025-03-02T00:49:50.682+0000] {dag.py:3239} INFO - Sync 1 DAGs
[2025-03-02T00:49:50.697+0000] {logging_mixin.py:190} INFO - [2025-03-02T00:49:50.697+0000] {dag.py:4180} INFO - Setting next_dagrun for example_display_name to None, run_after=None
[2025-03-02T00:49:50.716+0000] {processor.py:208} INFO - Processing /home/airflow/.local/lib/python3.12/site-packages/airflow/example_dags/example_display_name.py took 0.062 seconds
[2025-03-02T00:50:21.227+0000] {processor.py:186} INFO - Started process (PID=638) to work on /home/airflow/.local/lib/python3.12/site-packages/airflow/example_dags/example_display_name.py
[2025-03-02T00:50:21.227+0000] {processor.py:914} INFO - Processing file /home/airflow/.local/lib/python3.12/site-packages/airflow/example_dags/example_display_name.py for tasks to queue
[2025-03-02T00:50:21.229+0000] {logging_mixin.py:190} INFO - [2025-03-02T00:50:21.229+0000] {dagbag.py:588} INFO - Filling up the DagBag from /home/airflow/.local/lib/python3.12/site-packages/airflow/example_dags/example_display_name.py
[2025-03-02T00:50:21.234+0000] {processor.py:925} INFO - DAG(s) 'example_display_name' retrieved from /home/airflow/.local/lib/python3.12/site-packages/airflow/example_dags/example_display_name.py
[2025-03-02T00:50:21.250+0000] {logging_mixin.py:190} INFO - [2025-03-02T00:50:21.250+0000] {dag.py:3239} INFO - Sync 1 DAGs
[2025-03-02T00:50:21.260+0000] {logging_mixin.py:190} INFO - [2025-03-02T00:50:21.260+0000] {dag.py:4180} INFO - Setting next_dagrun for example_display_name to None, run_after=None
[2025-03-02T00:50:21.273+0000] {processor.py:208} INFO - Processing /home/airflow/.local/lib/python3.12/site-packages/airflow/example_dags/example_display_name.py took 0.050 seconds
[2025-03-02T00:50:51.589+0000] {processor.py:186} INFO - Started process (PID=702) to work on /home/airflow/.local/lib/python3.12/site-packages/airflow/example_dags/example_display_name.py
[2025-03-02T00:50:51.590+0000] {processor.py:914} INFO - Processing file /home/airflow/.local/lib/python3.12/site-packages/airflow/example_dags/example_display_name.py for tasks to queue
[2025-03-02T00:50:51.591+0000] {logging_mixin.py:190} INFO - [2025-03-02T00:50:51.591+0000] {dagbag.py:588} INFO - Filling up the DagBag from /home/airflow/.local/lib/python3.12/site-packages/airflow/example_dags/example_display_name.py
[2025-03-02T00:50:51.598+0000] {processor.py:925} INFO - DAG(s) 'example_display_name' retrieved from /home/airflow/.local/lib/python3.12/site-packages/airflow/example_dags/example_display_name.py
[2025-03-02T00:50:51.613+0000] {logging_mixin.py:190} INFO - [2025-03-02T00:50:51.612+0000] {dag.py:3239} INFO - Sync 1 DAGs
[2025-03-02T00:50:51.625+0000] {logging_mixin.py:190} INFO - [2025-03-02T00:50:51.624+0000] {dag.py:4180} INFO - Setting next_dagrun for example_display_name to None, run_after=None
[2025-03-02T00:50:51.638+0000] {processor.py:208} INFO - Processing /home/airflow/.local/lib/python3.12/site-packages/airflow/example_dags/example_display_name.py took 0.054 seconds
[2025-03-02T00:51:21.849+0000] {processor.py:186} INFO - Started process (PID=766) to work on /home/airflow/.local/lib/python3.12/site-packages/airflow/example_dags/example_display_name.py
[2025-03-02T00:51:21.849+0000] {processor.py:914} INFO - Processing file /home/airflow/.local/lib/python3.12/site-packages/airflow/example_dags/example_display_name.py for tasks to queue
[2025-03-02T00:51:21.851+0000] {logging_mixin.py:190} INFO - [2025-03-02T00:51:21.851+0000] {dagbag.py:588} INFO - Filling up the DagBag from /home/airflow/.local/lib/python3.12/site-packages/airflow/example_dags/example_display_name.py
[2025-03-02T00:51:21.857+0000] {processor.py:925} INFO - DAG(s) 'example_display_name' retrieved from /home/airflow/.local/lib/python3.12/site-packages/airflow/example_dags/example_display_name.py
[2025-03-02T00:51:21.871+0000] {logging_mixin.py:190} INFO - [2025-03-02T00:51:21.871+0000] {dag.py:3239} INFO - Sync 1 DAGs
[2025-03-02T00:51:21.883+0000] {logging_mixin.py:190} INFO - [2025-03-02T00:51:21.883+0000] {dag.py:4180} INFO - Setting next_dagrun for example_display_name to None, run_after=None
[2025-03-02T00:51:21.896+0000] {processor.py:208} INFO - Processing /home/airflow/.local/lib/python3.12/site-packages/airflow/example_dags/example_display_name.py took 0.052 seconds
[2025-03-02T00:51:51.928+0000] {processor.py:186} INFO - Started process (PID=829) to work on /home/airflow/.local/lib/python3.12/site-packages/airflow/example_dags/example_display_name.py
[2025-03-02T00:51:51.929+0000] {processor.py:914} INFO - Processing file /home/airflow/.local/lib/python3.12/site-packages/airflow/example_dags/example_display_name.py for tasks to queue
[2025-03-02T00:51:51.931+0000] {logging_mixin.py:190} INFO - [2025-03-02T00:51:51.930+0000] {dagbag.py:588} INFO - Filling up the DagBag from /home/airflow/.local/lib/python3.12/site-packages/airflow/example_dags/example_display_name.py
[2025-03-02T00:51:51.936+0000] {processor.py:925} INFO - DAG(s) 'example_display_name' retrieved from /home/airflow/.local/lib/python3.12/site-packages/airflow/example_dags/example_display_name.py
[2025-03-02T00:51:51.952+0000] {logging_mixin.py:190} INFO - [2025-03-02T00:51:51.952+0000] {dag.py:3239} INFO - Sync 1 DAGs
[2025-03-02T00:51:51.964+0000] {logging_mixin.py:190} INFO - [2025-03-02T00:51:51.963+0000] {dag.py:4180} INFO - Setting next_dagrun for example_display_name to None, run_after=None
[2025-03-02T00:51:51.977+0000] {processor.py:208} INFO - Processing /home/airflow/.local/lib/python3.12/site-packages/airflow/example_dags/example_display_name.py took 0.052 seconds
[2025-03-02T00:52:22.020+0000] {processor.py:186} INFO - Started process (PID=894) to work on /home/airflow/.local/lib/python3.12/site-packages/airflow/example_dags/example_display_name.py
[2025-03-02T00:52:22.021+0000] {processor.py:914} INFO - Processing file /home/airflow/.local/lib/python3.12/site-packages/airflow/example_dags/example_display_name.py for tasks to queue
[2025-03-02T00:52:22.022+0000] {logging_mixin.py:190} INFO - [2025-03-02T00:52:22.022+0000] {dagbag.py:588} INFO - Filling up the DagBag from /home/airflow/.local/lib/python3.12/site-packages/airflow/example_dags/example_display_name.py
[2025-03-02T00:52:22.028+0000] {processor.py:925} INFO - DAG(s) 'example_display_name' retrieved from /home/airflow/.local/lib/python3.12/site-packages/airflow/example_dags/example_display_name.py
[2025-03-02T00:52:22.045+0000] {logging_mixin.py:190} INFO - [2025-03-02T00:52:22.044+0000] {dag.py:3239} INFO - Sync 1 DAGs
[2025-03-02T00:52:22.056+0000] {logging_mixin.py:190} INFO - [2025-03-02T00:52:22.056+0000] {dag.py:4180} INFO - Setting next_dagrun for example_display_name to None, run_after=None
[2025-03-02T00:52:22.068+0000] {processor.py:208} INFO - Processing /home/airflow/.local/lib/python3.12/site-packages/airflow/example_dags/example_display_name.py took 0.052 seconds
[2025-03-02T00:52:52.385+0000] {processor.py:186} INFO - Started process (PID=959) to work on /home/airflow/.local/lib/python3.12/site-packages/airflow/example_dags/example_display_name.py
[2025-03-02T00:52:52.386+0000] {processor.py:914} INFO - Processing file /home/airflow/.local/lib/python3.12/site-packages/airflow/example_dags/example_display_name.py for tasks to queue
[2025-03-02T00:52:52.388+0000] {logging_mixin.py:190} INFO - [2025-03-02T00:52:52.388+0000] {dagbag.py:588} INFO - Filling up the DagBag from /home/airflow/.local/lib/python3.12/site-packages/airflow/example_dags/example_display_name.py
[2025-03-02T00:52:52.396+0000] {processor.py:925} INFO - DAG(s) 'example_display_name' retrieved from /home/airflow/.local/lib/python3.12/site-packages/airflow/example_dags/example_display_name.py
[2025-03-02T00:52:52.414+0000] {logging_mixin.py:190} INFO - [2025-03-02T00:52:52.414+0000] {dag.py:3239} INFO - Sync 1 DAGs
[2025-03-02T00:52:52.430+0000] {logging_mixin.py:190} INFO - [2025-03-02T00:52:52.429+0000] {dag.py:4180} INFO - Setting next_dagrun for example_display_name to None, run_after=None
[2025-03-02T00:52:52.446+0000] {processor.py:208} INFO - Processing /home/airflow/.local/lib/python3.12/site-packages/airflow/example_dags/example_display_name.py took 0.066 seconds
[2025-03-02T00:53:22.758+0000] {processor.py:186} INFO - Started process (PID=1023) to work on /home/airflow/.local/lib/python3.12/site-packages/airflow/example_dags/example_display_name.py
[2025-03-02T00:53:22.759+0000] {processor.py:914} INFO - Processing file /home/airflow/.local/lib/python3.12/site-packages/airflow/example_dags/example_display_name.py for tasks to queue
[2025-03-02T00:53:22.761+0000] {logging_mixin.py:190} INFO - [2025-03-02T00:53:22.760+0000] {dagbag.py:588} INFO - Filling up the DagBag from /home/airflow/.local/lib/python3.12/site-packages/airflow/example_dags/example_display_name.py
[2025-03-02T00:53:22.768+0000] {processor.py:925} INFO - DAG(s) 'example_display_name' retrieved from /home/airflow/.local/lib/python3.12/site-packages/airflow/example_dags/example_display_name.py
[2025-03-02T00:53:22.786+0000] {logging_mixin.py:190} INFO - [2025-03-02T00:53:22.786+0000] {dag.py:3239} INFO - Sync 1 DAGs
[2025-03-02T00:53:22.802+0000] {logging_mixin.py:190} INFO - [2025-03-02T00:53:22.802+0000] {dag.py:4180} INFO - Setting next_dagrun for example_display_name to None, run_after=None
[2025-03-02T00:53:22.819+0000] {processor.py:208} INFO - Processing /home/airflow/.local/lib/python3.12/site-packages/airflow/example_dags/example_display_name.py took 0.067 seconds
[2025-03-02T00:53:53.193+0000] {processor.py:186} INFO - Started process (PID=1087) to work on /home/airflow/.local/lib/python3.12/site-packages/airflow/example_dags/example_display_name.py
[2025-03-02T00:53:53.194+0000] {processor.py:914} INFO - Processing file /home/airflow/.local/lib/python3.12/site-packages/airflow/example_dags/example_display_name.py for tasks to queue
[2025-03-02T00:53:53.195+0000] {logging_mixin.py:190} INFO - [2025-03-02T00:53:53.195+0000] {dagbag.py:588} INFO - Filling up the DagBag from /home/airflow/.local/lib/python3.12/site-packages/airflow/example_dags/example_display_name.py
[2025-03-02T00:53:53.201+0000] {processor.py:925} INFO - DAG(s) 'example_display_name' retrieved from /home/airflow/.local/lib/python3.12/site-packages/airflow/example_dags/example_display_name.py
[2025-03-02T00:53:53.216+0000] {logging_mixin.py:190} INFO - [2025-03-02T00:53:53.216+0000] {dag.py:3239} INFO - Sync 1 DAGs
[2025-03-02T00:53:53.228+0000] {logging_mixin.py:190} INFO - [2025-03-02T00:53:53.228+0000] {dag.py:4180} INFO - Setting next_dagrun for example_display_name to None, run_after=None
[2025-03-02T00:53:53.243+0000] {processor.py:208} INFO - Processing /home/airflow/.local/lib/python3.12/site-packages/airflow/example_dags/example_display_name.py took 0.054 seconds
[2025-03-02T00:54:23.680+0000] {processor.py:186} INFO - Started process (PID=1151) to work on /home/airflow/.local/lib/python3.12/site-packages/airflow/example_dags/example_display_name.py
[2025-03-02T00:54:23.680+0000] {processor.py:914} INFO - Processing file /home/airflow/.local/lib/python3.12/site-packages/airflow/example_dags/example_display_name.py for tasks to queue
[2025-03-02T00:54:23.682+0000] {logging_mixin.py:190} INFO - [2025-03-02T00:54:23.682+0000] {dagbag.py:588} INFO - Filling up the DagBag from /home/airflow/.local/lib/python3.12/site-packages/airflow/example_dags/example_display_name.py
[2025-03-02T00:54:23.688+0000] {processor.py:925} INFO - DAG(s) 'example_display_name' retrieved from /home/airflow/.local/lib/python3.12/site-packages/airflow/example_dags/example_display_name.py
[2025-03-02T00:54:23.704+0000] {logging_mixin.py:190} INFO - [2025-03-02T00:54:23.704+0000] {dag.py:3239} INFO - Sync 1 DAGs
[2025-03-02T00:54:23.720+0000] {logging_mixin.py:190} INFO - [2025-03-02T00:54:23.720+0000] {dag.py:4180} INFO - Setting next_dagrun for example_display_name to None, run_after=None
[2025-03-02T00:54:23.737+0000] {processor.py:208} INFO - Processing /home/airflow/.local/lib/python3.12/site-packages/airflow/example_dags/example_display_name.py took 0.064 seconds
[2025-03-02T00:54:54.400+0000] {processor.py:186} INFO - Started process (PID=1215) to work on /home/airflow/.local/lib/python3.12/site-packages/airflow/example_dags/example_display_name.py
[2025-03-02T00:54:54.400+0000] {processor.py:914} INFO - Processing file /home/airflow/.local/lib/python3.12/site-packages/airflow/example_dags/example_display_name.py for tasks to queue
[2025-03-02T00:54:54.402+0000] {logging_mixin.py:190} INFO - [2025-03-02T00:54:54.401+0000] {dagbag.py:588} INFO - Filling up the DagBag from /home/airflow/.local/lib/python3.12/site-packages/airflow/example_dags/example_display_name.py
[2025-03-02T00:54:54.407+0000] {processor.py:925} INFO - DAG(s) 'example_display_name' retrieved from /home/airflow/.local/lib/python3.12/site-packages/airflow/example_dags/example_display_name.py
[2025-03-02T00:54:54.423+0000] {logging_mixin.py:190} INFO - [2025-03-02T00:54:54.422+0000] {dag.py:3239} INFO - Sync 1 DAGs
[2025-03-02T00:54:54.434+0000] {logging_mixin.py:190} INFO - [2025-03-02T00:54:54.434+0000] {dag.py:4180} INFO - Setting next_dagrun for example_display_name to None, run_after=None
[2025-03-02T00:54:54.447+0000] {processor.py:208} INFO - Processing /home/airflow/.local/lib/python3.12/site-packages/airflow/example_dags/example_display_name.py took 0.051 seconds
