[2025-03-02T00:45:54.563+0000] {processor.py:186} INFO - Started process (PID=98) to work on /home/airflow/.local/lib/python3.12/site-packages/airflow/example_dags/example_latest_only.py
[2025-03-02T00:45:54.564+0000] {processor.py:914} INFO - Processing file /home/airflow/.local/lib/python3.12/site-packages/airflow/example_dags/example_latest_only.py for tasks to queue
[2025-03-02T00:45:54.565+0000] {logging_mixin.py:190} INFO - [2025-03-02T00:45:54.565+0000] {dagbag.py:588} INFO - Filling up the DagBag from /home/airflow/.local/lib/python3.12/site-packages/airflow/example_dags/example_latest_only.py
[2025-03-02T00:45:54.571+0000] {processor.py:925} INFO - DAG(s) 'latest_only' retrieved from /home/airflow/.local/lib/python3.12/site-packages/airflow/example_dags/example_latest_only.py
[2025-03-02T00:45:54.679+0000] {logging_mixin.py:190} INFO - [2025-03-02T00:45:54.678+0000] {override.py:1911} INFO - Created Permission View: can edit on DAG:latest_only
[2025-03-02T00:45:54.689+0000] {logging_mixin.py:190} INFO - [2025-03-02T00:45:54.688+0000] {override.py:1911} INFO - Created Permission View: can read on DAG:latest_only
[2025-03-02T00:45:54.695+0000] {logging_mixin.py:190} INFO - [2025-03-02T00:45:54.694+0000] {override.py:1911} INFO - Created Permission View: can delete on DAG:latest_only
[2025-03-02T00:45:54.701+0000] {logging_mixin.py:190} INFO - [2025-03-02T00:45:54.701+0000] {override.py:1911} INFO - Created Permission View: menu access on DAG Run:latest_only
[2025-03-02T00:45:54.707+0000] {logging_mixin.py:190} INFO - [2025-03-02T00:45:54.706+0000] {override.py:1911} INFO - Created Permission View: can read on DAG Run:latest_only
[2025-03-02T00:45:54.712+0000] {logging_mixin.py:190} INFO - [2025-03-02T00:45:54.712+0000] {override.py:1911} INFO - Created Permission View: can delete on DAG Run:latest_only
[2025-03-02T00:45:54.717+0000] {logging_mixin.py:190} INFO - [2025-03-02T00:45:54.717+0000] {override.py:1911} INFO - Created Permission View: can create on DAG Run:latest_only
[2025-03-02T00:45:54.718+0000] {logging_mixin.py:190} INFO - [2025-03-02T00:45:54.718+0000] {dag.py:3239} INFO - Sync 1 DAGs
[2025-03-02T00:45:54.733+0000] {logging_mixin.py:190} INFO - [2025-03-02T00:45:54.732+0000] {dag.py:3262} INFO - Creating ORM DAG for latest_only
[2025-03-02T00:45:54.741+0000] {logging_mixin.py:190} INFO - [2025-03-02T00:45:54.740+0000] {dag.py:4180} INFO - Setting next_dagrun for latest_only to 2025-03-01 20:00:00+00:00, run_after=2025-03-02 00:00:00+00:00
[2025-03-02T00:45:54.758+0000] {processor.py:208} INFO - Processing /home/airflow/.local/lib/python3.12/site-packages/airflow/example_dags/example_latest_only.py took 0.200 seconds
[2025-03-02T00:46:25.049+0000] {processor.py:186} INFO - Started process (PID=161) to work on /home/airflow/.local/lib/python3.12/site-packages/airflow/example_dags/example_latest_only.py
[2025-03-02T00:46:25.050+0000] {processor.py:914} INFO - Processing file /home/airflow/.local/lib/python3.12/site-packages/airflow/example_dags/example_latest_only.py for tasks to queue
[2025-03-02T00:46:25.052+0000] {logging_mixin.py:190} INFO - [2025-03-02T00:46:25.051+0000] {dagbag.py:588} INFO - Filling up the DagBag from /home/airflow/.local/lib/python3.12/site-packages/airflow/example_dags/example_latest_only.py
[2025-03-02T00:46:25.057+0000] {processor.py:925} INFO - DAG(s) 'latest_only' retrieved from /home/airflow/.local/lib/python3.12/site-packages/airflow/example_dags/example_latest_only.py
[2025-03-02T00:46:25.072+0000] {logging_mixin.py:190} INFO - [2025-03-02T00:46:25.071+0000] {dag.py:3239} INFO - Sync 1 DAGs
[2025-03-02T00:46:25.091+0000] {logging_mixin.py:190} INFO - [2025-03-02T00:46:25.091+0000] {dag.py:4180} INFO - Setting next_dagrun for latest_only to 2025-03-01 20:00:00+00:00, run_after=2025-03-02 00:00:00+00:00
[2025-03-02T00:46:25.104+0000] {processor.py:208} INFO - Processing /home/airflow/.local/lib/python3.12/site-packages/airflow/example_dags/example_latest_only.py took 0.061 seconds
[2025-03-02T00:46:55.805+0000] {processor.py:186} INFO - Started process (PID=224) to work on /home/airflow/.local/lib/python3.12/site-packages/airflow/example_dags/example_latest_only.py
[2025-03-02T00:46:55.806+0000] {processor.py:914} INFO - Processing file /home/airflow/.local/lib/python3.12/site-packages/airflow/example_dags/example_latest_only.py for tasks to queue
[2025-03-02T00:46:55.808+0000] {logging_mixin.py:190} INFO - [2025-03-02T00:46:55.807+0000] {dagbag.py:588} INFO - Filling up the DagBag from /home/airflow/.local/lib/python3.12/site-packages/airflow/example_dags/example_latest_only.py
[2025-03-02T00:46:55.813+0000] {processor.py:925} INFO - DAG(s) 'latest_only' retrieved from /home/airflow/.local/lib/python3.12/site-packages/airflow/example_dags/example_latest_only.py
[2025-03-02T00:46:55.831+0000] {logging_mixin.py:190} INFO - [2025-03-02T00:46:55.831+0000] {dag.py:3239} INFO - Sync 1 DAGs
[2025-03-02T00:46:55.855+0000] {logging_mixin.py:190} INFO - [2025-03-02T00:46:55.855+0000] {dag.py:4180} INFO - Setting next_dagrun for latest_only to 2025-03-01 20:00:00+00:00, run_after=2025-03-02 00:00:00+00:00
[2025-03-02T00:46:55.870+0000] {processor.py:208} INFO - Processing /home/airflow/.local/lib/python3.12/site-packages/airflow/example_dags/example_latest_only.py took 0.069 seconds
[2025-03-02T00:47:26.350+0000] {processor.py:186} INFO - Started process (PID=287) to work on /home/airflow/.local/lib/python3.12/site-packages/airflow/example_dags/example_latest_only.py
[2025-03-02T00:47:26.350+0000] {processor.py:914} INFO - Processing file /home/airflow/.local/lib/python3.12/site-packages/airflow/example_dags/example_latest_only.py for tasks to queue
[2025-03-02T00:47:26.352+0000] {logging_mixin.py:190} INFO - [2025-03-02T00:47:26.352+0000] {dagbag.py:588} INFO - Filling up the DagBag from /home/airflow/.local/lib/python3.12/site-packages/airflow/example_dags/example_latest_only.py
[2025-03-02T00:47:26.359+0000] {processor.py:925} INFO - DAG(s) 'latest_only' retrieved from /home/airflow/.local/lib/python3.12/site-packages/airflow/example_dags/example_latest_only.py
[2025-03-02T00:47:26.379+0000] {logging_mixin.py:190} INFO - [2025-03-02T00:47:26.378+0000] {dag.py:3239} INFO - Sync 1 DAGs
[2025-03-02T00:47:26.404+0000] {logging_mixin.py:190} INFO - [2025-03-02T00:47:26.404+0000] {dag.py:4180} INFO - Setting next_dagrun for latest_only to 2025-03-01 20:00:00+00:00, run_after=2025-03-02 00:00:00+00:00
[2025-03-02T00:47:26.419+0000] {processor.py:208} INFO - Processing /home/airflow/.local/lib/python3.12/site-packages/airflow/example_dags/example_latest_only.py took 0.075 seconds
[2025-03-02T00:47:56.697+0000] {processor.py:186} INFO - Started process (PID=350) to work on /home/airflow/.local/lib/python3.12/site-packages/airflow/example_dags/example_latest_only.py
[2025-03-02T00:47:56.698+0000] {processor.py:914} INFO - Processing file /home/airflow/.local/lib/python3.12/site-packages/airflow/example_dags/example_latest_only.py for tasks to queue
[2025-03-02T00:47:56.701+0000] {logging_mixin.py:190} INFO - [2025-03-02T00:47:56.700+0000] {dagbag.py:588} INFO - Filling up the DagBag from /home/airflow/.local/lib/python3.12/site-packages/airflow/example_dags/example_latest_only.py
[2025-03-02T00:47:56.708+0000] {processor.py:925} INFO - DAG(s) 'latest_only' retrieved from /home/airflow/.local/lib/python3.12/site-packages/airflow/example_dags/example_latest_only.py
[2025-03-02T00:47:56.724+0000] {logging_mixin.py:190} INFO - [2025-03-02T00:47:56.724+0000] {dag.py:3239} INFO - Sync 1 DAGs
[2025-03-02T00:47:56.749+0000] {logging_mixin.py:190} INFO - [2025-03-02T00:47:56.748+0000] {dag.py:4180} INFO - Setting next_dagrun for latest_only to 2025-03-01 20:00:00+00:00, run_after=2025-03-02 00:00:00+00:00
[2025-03-02T00:47:56.768+0000] {processor.py:208} INFO - Processing /home/airflow/.local/lib/python3.12/site-packages/airflow/example_dags/example_latest_only.py took 0.076 seconds
[2025-03-02T00:48:27.510+0000] {processor.py:186} INFO - Started process (PID=413) to work on /home/airflow/.local/lib/python3.12/site-packages/airflow/example_dags/example_latest_only.py
[2025-03-02T00:48:27.510+0000] {processor.py:914} INFO - Processing file /home/airflow/.local/lib/python3.12/site-packages/airflow/example_dags/example_latest_only.py for tasks to queue
[2025-03-02T00:48:27.512+0000] {logging_mixin.py:190} INFO - [2025-03-02T00:48:27.512+0000] {dagbag.py:588} INFO - Filling up the DagBag from /home/airflow/.local/lib/python3.12/site-packages/airflow/example_dags/example_latest_only.py
[2025-03-02T00:48:27.517+0000] {processor.py:925} INFO - DAG(s) 'latest_only' retrieved from /home/airflow/.local/lib/python3.12/site-packages/airflow/example_dags/example_latest_only.py
[2025-03-02T00:48:27.531+0000] {logging_mixin.py:190} INFO - [2025-03-02T00:48:27.531+0000] {dag.py:3239} INFO - Sync 1 DAGs
[2025-03-02T00:48:27.548+0000] {logging_mixin.py:190} INFO - [2025-03-02T00:48:27.548+0000] {dag.py:4180} INFO - Setting next_dagrun for latest_only to 2025-03-01 20:00:00+00:00, run_after=2025-03-02 00:00:00+00:00
[2025-03-02T00:48:27.560+0000] {processor.py:208} INFO - Processing /home/airflow/.local/lib/python3.12/site-packages/airflow/example_dags/example_latest_only.py took 0.055 seconds
[2025-03-02T00:48:58.574+0000] {processor.py:186} INFO - Started process (PID=477) to work on /home/airflow/.local/lib/python3.12/site-packages/airflow/example_dags/example_latest_only.py
[2025-03-02T00:48:58.575+0000] {processor.py:914} INFO - Processing file /home/airflow/.local/lib/python3.12/site-packages/airflow/example_dags/example_latest_only.py for tasks to queue
[2025-03-02T00:48:58.576+0000] {logging_mixin.py:190} INFO - [2025-03-02T00:48:58.576+0000] {dagbag.py:588} INFO - Filling up the DagBag from /home/airflow/.local/lib/python3.12/site-packages/airflow/example_dags/example_latest_only.py
[2025-03-02T00:48:58.582+0000] {processor.py:925} INFO - DAG(s) 'latest_only' retrieved from /home/airflow/.local/lib/python3.12/site-packages/airflow/example_dags/example_latest_only.py
[2025-03-02T00:48:58.598+0000] {logging_mixin.py:190} INFO - [2025-03-02T00:48:58.598+0000] {dag.py:3239} INFO - Sync 1 DAGs
[2025-03-02T00:48:58.618+0000] {logging_mixin.py:190} INFO - [2025-03-02T00:48:58.618+0000] {dag.py:4180} INFO - Setting next_dagrun for latest_only to 2025-03-01 20:00:00+00:00, run_after=2025-03-02 00:00:00+00:00
[2025-03-02T00:48:58.634+0000] {processor.py:208} INFO - Processing /home/airflow/.local/lib/python3.12/site-packages/airflow/example_dags/example_latest_only.py took 0.064 seconds
[2025-03-02T00:49:29.800+0000] {processor.py:186} INFO - Started process (PID=541) to work on /home/airflow/.local/lib/python3.12/site-packages/airflow/example_dags/example_latest_only.py
[2025-03-02T00:49:29.800+0000] {processor.py:914} INFO - Processing file /home/airflow/.local/lib/python3.12/site-packages/airflow/example_dags/example_latest_only.py for tasks to queue
[2025-03-02T00:49:29.803+0000] {logging_mixin.py:190} INFO - [2025-03-02T00:49:29.802+0000] {dagbag.py:588} INFO - Filling up the DagBag from /home/airflow/.local/lib/python3.12/site-packages/airflow/example_dags/example_latest_only.py
[2025-03-02T00:49:29.809+0000] {processor.py:925} INFO - DAG(s) 'latest_only' retrieved from /home/airflow/.local/lib/python3.12/site-packages/airflow/example_dags/example_latest_only.py
[2025-03-02T00:49:29.830+0000] {logging_mixin.py:190} INFO - [2025-03-02T00:49:29.830+0000] {dag.py:3239} INFO - Sync 1 DAGs
[2025-03-02T00:49:29.857+0000] {logging_mixin.py:190} INFO - [2025-03-02T00:49:29.857+0000] {dag.py:4180} INFO - Setting next_dagrun for latest_only to 2025-03-01 20:00:00+00:00, run_after=2025-03-02 00:00:00+00:00
[2025-03-02T00:49:29.874+0000] {processor.py:208} INFO - Processing /home/airflow/.local/lib/python3.12/site-packages/airflow/example_dags/example_latest_only.py took 0.080 seconds
[2025-03-02T00:49:59.973+0000] {processor.py:186} INFO - Started process (PID=603) to work on /home/airflow/.local/lib/python3.12/site-packages/airflow/example_dags/example_latest_only.py
[2025-03-02T00:49:59.974+0000] {processor.py:914} INFO - Processing file /home/airflow/.local/lib/python3.12/site-packages/airflow/example_dags/example_latest_only.py for tasks to queue
[2025-03-02T00:49:59.976+0000] {logging_mixin.py:190} INFO - [2025-03-02T00:49:59.975+0000] {dagbag.py:588} INFO - Filling up the DagBag from /home/airflow/.local/lib/python3.12/site-packages/airflow/example_dags/example_latest_only.py
[2025-03-02T00:49:59.981+0000] {processor.py:925} INFO - DAG(s) 'latest_only' retrieved from /home/airflow/.local/lib/python3.12/site-packages/airflow/example_dags/example_latest_only.py
[2025-03-02T00:49:59.995+0000] {logging_mixin.py:190} INFO - [2025-03-02T00:49:59.994+0000] {dag.py:3239} INFO - Sync 1 DAGs
[2025-03-02T00:50:00.012+0000] {logging_mixin.py:190} INFO - [2025-03-02T00:50:00.012+0000] {dag.py:4180} INFO - Setting next_dagrun for latest_only to 2025-03-01 20:00:00+00:00, run_after=2025-03-02 00:00:00+00:00
[2025-03-02T00:50:00.024+0000] {processor.py:208} INFO - Processing /home/airflow/.local/lib/python3.12/site-packages/airflow/example_dags/example_latest_only.py took 0.055 seconds
[2025-03-02T00:50:30.501+0000] {processor.py:186} INFO - Started process (PID=666) to work on /home/airflow/.local/lib/python3.12/site-packages/airflow/example_dags/example_latest_only.py
[2025-03-02T00:50:30.501+0000] {processor.py:914} INFO - Processing file /home/airflow/.local/lib/python3.12/site-packages/airflow/example_dags/example_latest_only.py for tasks to queue
[2025-03-02T00:50:30.503+0000] {logging_mixin.py:190} INFO - [2025-03-02T00:50:30.503+0000] {dagbag.py:588} INFO - Filling up the DagBag from /home/airflow/.local/lib/python3.12/site-packages/airflow/example_dags/example_latest_only.py
[2025-03-02T00:50:30.511+0000] {processor.py:925} INFO - DAG(s) 'latest_only' retrieved from /home/airflow/.local/lib/python3.12/site-packages/airflow/example_dags/example_latest_only.py
[2025-03-02T00:50:30.525+0000] {logging_mixin.py:190} INFO - [2025-03-02T00:50:30.525+0000] {dag.py:3239} INFO - Sync 1 DAGs
[2025-03-02T00:50:30.542+0000] {logging_mixin.py:190} INFO - [2025-03-02T00:50:30.542+0000] {dag.py:4180} INFO - Setting next_dagrun for latest_only to 2025-03-01 20:00:00+00:00, run_after=2025-03-02 00:00:00+00:00
[2025-03-02T00:50:30.554+0000] {processor.py:208} INFO - Processing /home/airflow/.local/lib/python3.12/site-packages/airflow/example_dags/example_latest_only.py took 0.059 seconds
[2025-03-02T00:51:00.835+0000] {processor.py:186} INFO - Started process (PID=730) to work on /home/airflow/.local/lib/python3.12/site-packages/airflow/example_dags/example_latest_only.py
[2025-03-02T00:51:00.836+0000] {processor.py:914} INFO - Processing file /home/airflow/.local/lib/python3.12/site-packages/airflow/example_dags/example_latest_only.py for tasks to queue
[2025-03-02T00:51:00.837+0000] {logging_mixin.py:190} INFO - [2025-03-02T00:51:00.837+0000] {dagbag.py:588} INFO - Filling up the DagBag from /home/airflow/.local/lib/python3.12/site-packages/airflow/example_dags/example_latest_only.py
[2025-03-02T00:51:00.843+0000] {processor.py:925} INFO - DAG(s) 'latest_only' retrieved from /home/airflow/.local/lib/python3.12/site-packages/airflow/example_dags/example_latest_only.py
[2025-03-02T00:51:00.857+0000] {logging_mixin.py:190} INFO - [2025-03-02T00:51:00.857+0000] {dag.py:3239} INFO - Sync 1 DAGs
[2025-03-02T00:51:00.874+0000] {logging_mixin.py:190} INFO - [2025-03-02T00:51:00.874+0000] {dag.py:4180} INFO - Setting next_dagrun for latest_only to 2025-03-01 20:00:00+00:00, run_after=2025-03-02 00:00:00+00:00
[2025-03-02T00:51:00.886+0000] {processor.py:208} INFO - Processing /home/airflow/.local/lib/python3.12/site-packages/airflow/example_dags/example_latest_only.py took 0.055 seconds
[2025-03-02T00:51:31.167+0000] {processor.py:186} INFO - Started process (PID=794) to work on /home/airflow/.local/lib/python3.12/site-packages/airflow/example_dags/example_latest_only.py
[2025-03-02T00:51:31.167+0000] {processor.py:914} INFO - Processing file /home/airflow/.local/lib/python3.12/site-packages/airflow/example_dags/example_latest_only.py for tasks to queue
[2025-03-02T00:51:31.169+0000] {logging_mixin.py:190} INFO - [2025-03-02T00:51:31.169+0000] {dagbag.py:588} INFO - Filling up the DagBag from /home/airflow/.local/lib/python3.12/site-packages/airflow/example_dags/example_latest_only.py
[2025-03-02T00:51:31.174+0000] {processor.py:925} INFO - DAG(s) 'latest_only' retrieved from /home/airflow/.local/lib/python3.12/site-packages/airflow/example_dags/example_latest_only.py
[2025-03-02T00:51:31.192+0000] {logging_mixin.py:190} INFO - [2025-03-02T00:51:31.191+0000] {dag.py:3239} INFO - Sync 1 DAGs
[2025-03-02T00:51:31.215+0000] {logging_mixin.py:190} INFO - [2025-03-02T00:51:31.214+0000] {dag.py:4180} INFO - Setting next_dagrun for latest_only to 2025-03-01 20:00:00+00:00, run_after=2025-03-02 00:00:00+00:00
[2025-03-02T00:51:31.228+0000] {processor.py:208} INFO - Processing /home/airflow/.local/lib/python3.12/site-packages/airflow/example_dags/example_latest_only.py took 0.066 seconds
[2025-03-02T00:52:01.319+0000] {processor.py:186} INFO - Started process (PID=858) to work on /home/airflow/.local/lib/python3.12/site-packages/airflow/example_dags/example_latest_only.py
[2025-03-02T00:52:01.320+0000] {processor.py:914} INFO - Processing file /home/airflow/.local/lib/python3.12/site-packages/airflow/example_dags/example_latest_only.py for tasks to queue
[2025-03-02T00:52:01.321+0000] {logging_mixin.py:190} INFO - [2025-03-02T00:52:01.321+0000] {dagbag.py:588} INFO - Filling up the DagBag from /home/airflow/.local/lib/python3.12/site-packages/airflow/example_dags/example_latest_only.py
[2025-03-02T00:52:01.327+0000] {processor.py:925} INFO - DAG(s) 'latest_only' retrieved from /home/airflow/.local/lib/python3.12/site-packages/airflow/example_dags/example_latest_only.py
[2025-03-02T00:52:01.343+0000] {logging_mixin.py:190} INFO - [2025-03-02T00:52:01.342+0000] {dag.py:3239} INFO - Sync 1 DAGs
[2025-03-02T00:52:01.368+0000] {logging_mixin.py:190} INFO - [2025-03-02T00:52:01.368+0000] {dag.py:4180} INFO - Setting next_dagrun for latest_only to 2025-03-01 20:00:00+00:00, run_after=2025-03-02 00:00:00+00:00
[2025-03-02T00:52:01.385+0000] {processor.py:208} INFO - Processing /home/airflow/.local/lib/python3.12/site-packages/airflow/example_dags/example_latest_only.py took 0.070 seconds
[2025-03-02T00:52:31.510+0000] {processor.py:186} INFO - Started process (PID=923) to work on /home/airflow/.local/lib/python3.12/site-packages/airflow/example_dags/example_latest_only.py
[2025-03-02T00:52:31.511+0000] {processor.py:914} INFO - Processing file /home/airflow/.local/lib/python3.12/site-packages/airflow/example_dags/example_latest_only.py for tasks to queue
[2025-03-02T00:52:31.512+0000] {logging_mixin.py:190} INFO - [2025-03-02T00:52:31.512+0000] {dagbag.py:588} INFO - Filling up the DagBag from /home/airflow/.local/lib/python3.12/site-packages/airflow/example_dags/example_latest_only.py
[2025-03-02T00:52:31.517+0000] {processor.py:925} INFO - DAG(s) 'latest_only' retrieved from /home/airflow/.local/lib/python3.12/site-packages/airflow/example_dags/example_latest_only.py
[2025-03-02T00:52:31.536+0000] {logging_mixin.py:190} INFO - [2025-03-02T00:52:31.536+0000] {dag.py:3239} INFO - Sync 1 DAGs
[2025-03-02T00:52:31.559+0000] {logging_mixin.py:190} INFO - [2025-03-02T00:52:31.558+0000] {dag.py:4180} INFO - Setting next_dagrun for latest_only to 2025-03-01 20:00:00+00:00, run_after=2025-03-02 00:00:00+00:00
[2025-03-02T00:52:31.573+0000] {processor.py:208} INFO - Processing /home/airflow/.local/lib/python3.12/site-packages/airflow/example_dags/example_latest_only.py took 0.067 seconds
[2025-03-02T00:53:01.707+0000] {processor.py:186} INFO - Started process (PID=987) to work on /home/airflow/.local/lib/python3.12/site-packages/airflow/example_dags/example_latest_only.py
[2025-03-02T00:53:01.708+0000] {processor.py:914} INFO - Processing file /home/airflow/.local/lib/python3.12/site-packages/airflow/example_dags/example_latest_only.py for tasks to queue
[2025-03-02T00:53:01.710+0000] {logging_mixin.py:190} INFO - [2025-03-02T00:53:01.710+0000] {dagbag.py:588} INFO - Filling up the DagBag from /home/airflow/.local/lib/python3.12/site-packages/airflow/example_dags/example_latest_only.py
[2025-03-02T00:53:01.717+0000] {processor.py:925} INFO - DAG(s) 'latest_only' retrieved from /home/airflow/.local/lib/python3.12/site-packages/airflow/example_dags/example_latest_only.py
[2025-03-02T00:53:01.731+0000] {logging_mixin.py:190} INFO - [2025-03-02T00:53:01.731+0000] {dag.py:3239} INFO - Sync 1 DAGs
[2025-03-02T00:53:01.748+0000] {logging_mixin.py:190} INFO - [2025-03-02T00:53:01.748+0000] {dag.py:4180} INFO - Setting next_dagrun for latest_only to 2025-03-01 20:00:00+00:00, run_after=2025-03-02 00:00:00+00:00
[2025-03-02T00:53:01.760+0000] {processor.py:208} INFO - Processing /home/airflow/.local/lib/python3.12/site-packages/airflow/example_dags/example_latest_only.py took 0.057 seconds
[2025-03-02T00:53:32.139+0000] {processor.py:186} INFO - Started process (PID=1051) to work on /home/airflow/.local/lib/python3.12/site-packages/airflow/example_dags/example_latest_only.py
[2025-03-02T00:53:32.139+0000] {processor.py:914} INFO - Processing file /home/airflow/.local/lib/python3.12/site-packages/airflow/example_dags/example_latest_only.py for tasks to queue
[2025-03-02T00:53:32.141+0000] {logging_mixin.py:190} INFO - [2025-03-02T00:53:32.141+0000] {dagbag.py:588} INFO - Filling up the DagBag from /home/airflow/.local/lib/python3.12/site-packages/airflow/example_dags/example_latest_only.py
[2025-03-02T00:53:32.146+0000] {processor.py:925} INFO - DAG(s) 'latest_only' retrieved from /home/airflow/.local/lib/python3.12/site-packages/airflow/example_dags/example_latest_only.py
[2025-03-02T00:53:32.160+0000] {logging_mixin.py:190} INFO - [2025-03-02T00:53:32.160+0000] {dag.py:3239} INFO - Sync 1 DAGs
[2025-03-02T00:53:32.177+0000] {logging_mixin.py:190} INFO - [2025-03-02T00:53:32.177+0000] {dag.py:4180} INFO - Setting next_dagrun for latest_only to 2025-03-01 20:00:00+00:00, run_after=2025-03-02 00:00:00+00:00
[2025-03-02T00:53:32.188+0000] {processor.py:208} INFO - Processing /home/airflow/.local/lib/python3.12/site-packages/airflow/example_dags/example_latest_only.py took 0.054 seconds
[2025-03-02T00:54:02.465+0000] {processor.py:186} INFO - Started process (PID=1115) to work on /home/airflow/.local/lib/python3.12/site-packages/airflow/example_dags/example_latest_only.py
[2025-03-02T00:54:02.465+0000] {processor.py:914} INFO - Processing file /home/airflow/.local/lib/python3.12/site-packages/airflow/example_dags/example_latest_only.py for tasks to queue
[2025-03-02T00:54:02.467+0000] {logging_mixin.py:190} INFO - [2025-03-02T00:54:02.467+0000] {dagbag.py:588} INFO - Filling up the DagBag from /home/airflow/.local/lib/python3.12/site-packages/airflow/example_dags/example_latest_only.py
[2025-03-02T00:54:02.472+0000] {processor.py:925} INFO - DAG(s) 'latest_only' retrieved from /home/airflow/.local/lib/python3.12/site-packages/airflow/example_dags/example_latest_only.py
[2025-03-02T00:54:02.487+0000] {logging_mixin.py:190} INFO - [2025-03-02T00:54:02.487+0000] {dag.py:3239} INFO - Sync 1 DAGs
[2025-03-02T00:54:02.504+0000] {logging_mixin.py:190} INFO - [2025-03-02T00:54:02.504+0000] {dag.py:4180} INFO - Setting next_dagrun for latest_only to 2025-03-01 20:00:00+00:00, run_after=2025-03-02 00:00:00+00:00
[2025-03-02T00:54:02.517+0000] {processor.py:208} INFO - Processing /home/airflow/.local/lib/python3.12/site-packages/airflow/example_dags/example_latest_only.py took 0.056 seconds
[2025-03-02T00:54:33.140+0000] {processor.py:186} INFO - Started process (PID=1179) to work on /home/airflow/.local/lib/python3.12/site-packages/airflow/example_dags/example_latest_only.py
[2025-03-02T00:54:33.141+0000] {processor.py:914} INFO - Processing file /home/airflow/.local/lib/python3.12/site-packages/airflow/example_dags/example_latest_only.py for tasks to queue
[2025-03-02T00:54:33.142+0000] {logging_mixin.py:190} INFO - [2025-03-02T00:54:33.142+0000] {dagbag.py:588} INFO - Filling up the DagBag from /home/airflow/.local/lib/python3.12/site-packages/airflow/example_dags/example_latest_only.py
[2025-03-02T00:54:33.148+0000] {processor.py:925} INFO - DAG(s) 'latest_only' retrieved from /home/airflow/.local/lib/python3.12/site-packages/airflow/example_dags/example_latest_only.py
[2025-03-02T00:54:33.165+0000] {logging_mixin.py:190} INFO - [2025-03-02T00:54:33.165+0000] {dag.py:3239} INFO - Sync 1 DAGs
[2025-03-02T00:54:33.188+0000] {logging_mixin.py:190} INFO - [2025-03-02T00:54:33.188+0000] {dag.py:4180} INFO - Setting next_dagrun for latest_only to 2025-03-01 20:00:00+00:00, run_after=2025-03-02 00:00:00+00:00
[2025-03-02T00:54:33.203+0000] {processor.py:208} INFO - Processing /home/airflow/.local/lib/python3.12/site-packages/airflow/example_dags/example_latest_only.py took 0.067 seconds
[2025-03-02T00:55:03.772+0000] {processor.py:186} INFO - Started process (PID=1243) to work on /home/airflow/.local/lib/python3.12/site-packages/airflow/example_dags/example_latest_only.py
[2025-03-02T00:55:03.773+0000] {processor.py:914} INFO - Processing file /home/airflow/.local/lib/python3.12/site-packages/airflow/example_dags/example_latest_only.py for tasks to queue
[2025-03-02T00:55:03.775+0000] {logging_mixin.py:190} INFO - [2025-03-02T00:55:03.775+0000] {dagbag.py:588} INFO - Filling up the DagBag from /home/airflow/.local/lib/python3.12/site-packages/airflow/example_dags/example_latest_only.py
[2025-03-02T00:55:03.782+0000] {processor.py:925} INFO - DAG(s) 'latest_only' retrieved from /home/airflow/.local/lib/python3.12/site-packages/airflow/example_dags/example_latest_only.py
[2025-03-02T00:55:03.799+0000] {logging_mixin.py:190} INFO - [2025-03-02T00:55:03.799+0000] {dag.py:3239} INFO - Sync 1 DAGs
[2025-03-02T00:55:03.822+0000] {logging_mixin.py:190} INFO - [2025-03-02T00:55:03.822+0000] {dag.py:4180} INFO - Setting next_dagrun for latest_only to 2025-03-01 20:00:00+00:00, run_after=2025-03-02 00:00:00+00:00
[2025-03-02T00:55:03.836+0000] {processor.py:208} INFO - Processing /home/airflow/.local/lib/python3.12/site-packages/airflow/example_dags/example_latest_only.py took 0.069 seconds
