[2025-03-02T00:45:53.612+0000] {processor.py:186} INFO - Started process (PID=92) to work on /home/airflow/.local/lib/python3.12/site-packages/airflow/example_dags/example_sensor_decorator.py
[2025-03-02T00:45:53.613+0000] {processor.py:914} INFO - Processing file /home/airflow/.local/lib/python3.12/site-packages/airflow/example_dags/example_sensor_decorator.py for tasks to queue
[2025-03-02T00:45:53.615+0000] {logging_mixin.py:190} INFO - [2025-03-02T00:45:53.615+0000] {dagbag.py:588} INFO - Filling up the DagBag from /home/airflow/.local/lib/python3.12/site-packages/airflow/example_dags/example_sensor_decorator.py
[2025-03-02T00:45:53.624+0000] {processor.py:925} INFO - DAG(s) 'example_sensor_decorator' retrieved from /home/airflow/.local/lib/python3.12/site-packages/airflow/example_dags/example_sensor_decorator.py
[2025-03-02T00:45:53.746+0000] {logging_mixin.py:190} INFO - [2025-03-02T00:45:53.745+0000] {override.py:1911} INFO - Created Permission View: can edit on DAG:example_sensor_decorator
[2025-03-02T00:45:53.755+0000] {logging_mixin.py:190} INFO - [2025-03-02T00:45:53.755+0000] {override.py:1911} INFO - Created Permission View: can read on DAG:example_sensor_decorator
[2025-03-02T00:45:53.760+0000] {logging_mixin.py:190} INFO - [2025-03-02T00:45:53.760+0000] {override.py:1911} INFO - Created Permission View: can delete on DAG:example_sensor_decorator
[2025-03-02T00:45:53.766+0000] {logging_mixin.py:190} INFO - [2025-03-02T00:45:53.766+0000] {override.py:1911} INFO - Created Permission View: menu access on DAG Run:example_sensor_decorator
[2025-03-02T00:45:53.772+0000] {logging_mixin.py:190} INFO - [2025-03-02T00:45:53.772+0000] {override.py:1911} INFO - Created Permission View: can read on DAG Run:example_sensor_decorator
[2025-03-02T00:45:53.777+0000] {logging_mixin.py:190} INFO - [2025-03-02T00:45:53.777+0000] {override.py:1911} INFO - Created Permission View: can delete on DAG Run:example_sensor_decorator
[2025-03-02T00:45:53.783+0000] {logging_mixin.py:190} INFO - [2025-03-02T00:45:53.783+0000] {override.py:1911} INFO - Created Permission View: can create on DAG Run:example_sensor_decorator
[2025-03-02T00:45:53.784+0000] {logging_mixin.py:190} INFO - [2025-03-02T00:45:53.784+0000] {dag.py:3239} INFO - Sync 1 DAGs
[2025-03-02T00:45:53.799+0000] {logging_mixin.py:190} INFO - [2025-03-02T00:45:53.799+0000] {dag.py:3262} INFO - Creating ORM DAG for example_sensor_decorator
[2025-03-02T00:45:53.800+0000] {logging_mixin.py:190} INFO - [2025-03-02T00:45:53.800+0000] {dag.py:4180} INFO - Setting next_dagrun for example_sensor_decorator to None, run_after=None
[2025-03-02T00:45:53.816+0000] {processor.py:208} INFO - Processing /home/airflow/.local/lib/python3.12/site-packages/airflow/example_dags/example_sensor_decorator.py took 0.210 seconds
[2025-03-02T00:46:23.870+0000] {processor.py:186} INFO - Started process (PID=156) to work on /home/airflow/.local/lib/python3.12/site-packages/airflow/example_dags/example_sensor_decorator.py
[2025-03-02T00:46:23.870+0000] {processor.py:914} INFO - Processing file /home/airflow/.local/lib/python3.12/site-packages/airflow/example_dags/example_sensor_decorator.py for tasks to queue
[2025-03-02T00:46:23.872+0000] {logging_mixin.py:190} INFO - [2025-03-02T00:46:23.872+0000] {dagbag.py:588} INFO - Filling up the DagBag from /home/airflow/.local/lib/python3.12/site-packages/airflow/example_dags/example_sensor_decorator.py
[2025-03-02T00:46:23.879+0000] {processor.py:925} INFO - DAG(s) 'example_sensor_decorator' retrieved from /home/airflow/.local/lib/python3.12/site-packages/airflow/example_dags/example_sensor_decorator.py
[2025-03-02T00:46:23.893+0000] {logging_mixin.py:190} INFO - [2025-03-02T00:46:23.892+0000] {dag.py:3239} INFO - Sync 1 DAGs
[2025-03-02T00:46:23.904+0000] {logging_mixin.py:190} INFO - [2025-03-02T00:46:23.903+0000] {dag.py:4180} INFO - Setting next_dagrun for example_sensor_decorator to None, run_after=None
[2025-03-02T00:46:23.920+0000] {processor.py:208} INFO - Processing /home/airflow/.local/lib/python3.12/site-packages/airflow/example_dags/example_sensor_decorator.py took 0.054 seconds
[2025-03-02T00:46:54.602+0000] {processor.py:186} INFO - Started process (PID=219) to work on /home/airflow/.local/lib/python3.12/site-packages/airflow/example_dags/example_sensor_decorator.py
[2025-03-02T00:46:54.603+0000] {processor.py:914} INFO - Processing file /home/airflow/.local/lib/python3.12/site-packages/airflow/example_dags/example_sensor_decorator.py for tasks to queue
[2025-03-02T00:46:54.605+0000] {logging_mixin.py:190} INFO - [2025-03-02T00:46:54.605+0000] {dagbag.py:588} INFO - Filling up the DagBag from /home/airflow/.local/lib/python3.12/site-packages/airflow/example_dags/example_sensor_decorator.py
[2025-03-02T00:46:54.612+0000] {processor.py:925} INFO - DAG(s) 'example_sensor_decorator' retrieved from /home/airflow/.local/lib/python3.12/site-packages/airflow/example_dags/example_sensor_decorator.py
[2025-03-02T00:46:54.627+0000] {logging_mixin.py:190} INFO - [2025-03-02T00:46:54.626+0000] {dag.py:3239} INFO - Sync 1 DAGs
[2025-03-02T00:46:54.637+0000] {logging_mixin.py:190} INFO - [2025-03-02T00:46:54.637+0000] {dag.py:4180} INFO - Setting next_dagrun for example_sensor_decorator to None, run_after=None
[2025-03-02T00:46:54.650+0000] {processor.py:208} INFO - Processing /home/airflow/.local/lib/python3.12/site-packages/airflow/example_dags/example_sensor_decorator.py took 0.052 seconds
[2025-03-02T00:47:25.031+0000] {processor.py:186} INFO - Started process (PID=282) to work on /home/airflow/.local/lib/python3.12/site-packages/airflow/example_dags/example_sensor_decorator.py
[2025-03-02T00:47:25.032+0000] {processor.py:914} INFO - Processing file /home/airflow/.local/lib/python3.12/site-packages/airflow/example_dags/example_sensor_decorator.py for tasks to queue
[2025-03-02T00:47:25.034+0000] {logging_mixin.py:190} INFO - [2025-03-02T00:47:25.034+0000] {dagbag.py:588} INFO - Filling up the DagBag from /home/airflow/.local/lib/python3.12/site-packages/airflow/example_dags/example_sensor_decorator.py
[2025-03-02T00:47:25.042+0000] {processor.py:925} INFO - DAG(s) 'example_sensor_decorator' retrieved from /home/airflow/.local/lib/python3.12/site-packages/airflow/example_dags/example_sensor_decorator.py
[2025-03-02T00:47:25.061+0000] {logging_mixin.py:190} INFO - [2025-03-02T00:47:25.060+0000] {dag.py:3239} INFO - Sync 1 DAGs
[2025-03-02T00:47:25.076+0000] {logging_mixin.py:190} INFO - [2025-03-02T00:47:25.075+0000] {dag.py:4180} INFO - Setting next_dagrun for example_sensor_decorator to None, run_after=None
[2025-03-02T00:47:25.093+0000] {processor.py:208} INFO - Processing /home/airflow/.local/lib/python3.12/site-packages/airflow/example_dags/example_sensor_decorator.py took 0.068 seconds
[2025-03-02T00:47:55.974+0000] {processor.py:186} INFO - Started process (PID=345) to work on /home/airflow/.local/lib/python3.12/site-packages/airflow/example_dags/example_sensor_decorator.py
[2025-03-02T00:47:55.975+0000] {processor.py:914} INFO - Processing file /home/airflow/.local/lib/python3.12/site-packages/airflow/example_dags/example_sensor_decorator.py for tasks to queue
[2025-03-02T00:47:55.977+0000] {logging_mixin.py:190} INFO - [2025-03-02T00:47:55.976+0000] {dagbag.py:588} INFO - Filling up the DagBag from /home/airflow/.local/lib/python3.12/site-packages/airflow/example_dags/example_sensor_decorator.py
[2025-03-02T00:47:55.984+0000] {processor.py:925} INFO - DAG(s) 'example_sensor_decorator' retrieved from /home/airflow/.local/lib/python3.12/site-packages/airflow/example_dags/example_sensor_decorator.py
[2025-03-02T00:47:56.008+0000] {logging_mixin.py:190} INFO - [2025-03-02T00:47:56.007+0000] {dag.py:3239} INFO - Sync 1 DAGs
[2025-03-02T00:47:56.024+0000] {logging_mixin.py:190} INFO - [2025-03-02T00:47:56.024+0000] {dag.py:4180} INFO - Setting next_dagrun for example_sensor_decorator to None, run_after=None
[2025-03-02T00:47:56.041+0000] {processor.py:208} INFO - Processing /home/airflow/.local/lib/python3.12/site-packages/airflow/example_dags/example_sensor_decorator.py took 0.073 seconds
[2025-03-02T00:48:26.966+0000] {processor.py:186} INFO - Started process (PID=408) to work on /home/airflow/.local/lib/python3.12/site-packages/airflow/example_dags/example_sensor_decorator.py
[2025-03-02T00:48:26.967+0000] {processor.py:914} INFO - Processing file /home/airflow/.local/lib/python3.12/site-packages/airflow/example_dags/example_sensor_decorator.py for tasks to queue
[2025-03-02T00:48:26.968+0000] {logging_mixin.py:190} INFO - [2025-03-02T00:48:26.968+0000] {dagbag.py:588} INFO - Filling up the DagBag from /home/airflow/.local/lib/python3.12/site-packages/airflow/example_dags/example_sensor_decorator.py
[2025-03-02T00:48:26.976+0000] {processor.py:925} INFO - DAG(s) 'example_sensor_decorator' retrieved from /home/airflow/.local/lib/python3.12/site-packages/airflow/example_dags/example_sensor_decorator.py
[2025-03-02T00:48:26.996+0000] {logging_mixin.py:190} INFO - [2025-03-02T00:48:26.996+0000] {dag.py:3239} INFO - Sync 1 DAGs
[2025-03-02T00:48:27.012+0000] {logging_mixin.py:190} INFO - [2025-03-02T00:48:27.012+0000] {dag.py:4180} INFO - Setting next_dagrun for example_sensor_decorator to None, run_after=None
[2025-03-02T00:48:27.029+0000] {processor.py:208} INFO - Processing /home/airflow/.local/lib/python3.12/site-packages/airflow/example_dags/example_sensor_decorator.py took 0.067 seconds
[2025-03-02T00:48:57.114+0000] {processor.py:186} INFO - Started process (PID=471) to work on /home/airflow/.local/lib/python3.12/site-packages/airflow/example_dags/example_sensor_decorator.py
[2025-03-02T00:48:57.115+0000] {processor.py:914} INFO - Processing file /home/airflow/.local/lib/python3.12/site-packages/airflow/example_dags/example_sensor_decorator.py for tasks to queue
[2025-03-02T00:48:57.116+0000] {logging_mixin.py:190} INFO - [2025-03-02T00:48:57.116+0000] {dagbag.py:588} INFO - Filling up the DagBag from /home/airflow/.local/lib/python3.12/site-packages/airflow/example_dags/example_sensor_decorator.py
[2025-03-02T00:48:57.122+0000] {processor.py:925} INFO - DAG(s) 'example_sensor_decorator' retrieved from /home/airflow/.local/lib/python3.12/site-packages/airflow/example_dags/example_sensor_decorator.py
[2025-03-02T00:48:57.137+0000] {logging_mixin.py:190} INFO - [2025-03-02T00:48:57.137+0000] {dag.py:3239} INFO - Sync 1 DAGs
[2025-03-02T00:48:57.147+0000] {logging_mixin.py:190} INFO - [2025-03-02T00:48:57.147+0000] {dag.py:4180} INFO - Setting next_dagrun for example_sensor_decorator to None, run_after=None
[2025-03-02T00:48:57.161+0000] {processor.py:208} INFO - Processing /home/airflow/.local/lib/python3.12/site-packages/airflow/example_dags/example_sensor_decorator.py took 0.051 seconds
[2025-03-02T00:49:27.239+0000] {processor.py:186} INFO - Started process (PID=535) to work on /home/airflow/.local/lib/python3.12/site-packages/airflow/example_dags/example_sensor_decorator.py
[2025-03-02T00:49:27.239+0000] {processor.py:914} INFO - Processing file /home/airflow/.local/lib/python3.12/site-packages/airflow/example_dags/example_sensor_decorator.py for tasks to queue
[2025-03-02T00:49:27.241+0000] {logging_mixin.py:190} INFO - [2025-03-02T00:49:27.240+0000] {dagbag.py:588} INFO - Filling up the DagBag from /home/airflow/.local/lib/python3.12/site-packages/airflow/example_dags/example_sensor_decorator.py
[2025-03-02T00:49:27.247+0000] {processor.py:925} INFO - DAG(s) 'example_sensor_decorator' retrieved from /home/airflow/.local/lib/python3.12/site-packages/airflow/example_dags/example_sensor_decorator.py
[2025-03-02T00:49:27.261+0000] {logging_mixin.py:190} INFO - [2025-03-02T00:49:27.261+0000] {dag.py:3239} INFO - Sync 1 DAGs
[2025-03-02T00:49:27.271+0000] {logging_mixin.py:190} INFO - [2025-03-02T00:49:27.271+0000] {dag.py:4180} INFO - Setting next_dagrun for example_sensor_decorator to None, run_after=None
[2025-03-02T00:49:27.284+0000] {processor.py:208} INFO - Processing /home/airflow/.local/lib/python3.12/site-packages/airflow/example_dags/example_sensor_decorator.py took 0.049 seconds
[2025-03-02T00:49:57.667+0000] {processor.py:186} INFO - Started process (PID=598) to work on /home/airflow/.local/lib/python3.12/site-packages/airflow/example_dags/example_sensor_decorator.py
[2025-03-02T00:49:57.668+0000] {processor.py:914} INFO - Processing file /home/airflow/.local/lib/python3.12/site-packages/airflow/example_dags/example_sensor_decorator.py for tasks to queue
[2025-03-02T00:49:57.670+0000] {logging_mixin.py:190} INFO - [2025-03-02T00:49:57.669+0000] {dagbag.py:588} INFO - Filling up the DagBag from /home/airflow/.local/lib/python3.12/site-packages/airflow/example_dags/example_sensor_decorator.py
[2025-03-02T00:49:57.676+0000] {processor.py:925} INFO - DAG(s) 'example_sensor_decorator' retrieved from /home/airflow/.local/lib/python3.12/site-packages/airflow/example_dags/example_sensor_decorator.py
[2025-03-02T00:49:57.690+0000] {logging_mixin.py:190} INFO - [2025-03-02T00:49:57.689+0000] {dag.py:3239} INFO - Sync 1 DAGs
[2025-03-02T00:49:57.700+0000] {logging_mixin.py:190} INFO - [2025-03-02T00:49:57.700+0000] {dag.py:4180} INFO - Setting next_dagrun for example_sensor_decorator to None, run_after=None
[2025-03-02T00:49:57.712+0000] {processor.py:208} INFO - Processing /home/airflow/.local/lib/python3.12/site-packages/airflow/example_dags/example_sensor_decorator.py took 0.049 seconds
[2025-03-02T00:50:28.263+0000] {processor.py:186} INFO - Started process (PID=661) to work on /home/airflow/.local/lib/python3.12/site-packages/airflow/example_dags/example_sensor_decorator.py
[2025-03-02T00:50:28.264+0000] {processor.py:914} INFO - Processing file /home/airflow/.local/lib/python3.12/site-packages/airflow/example_dags/example_sensor_decorator.py for tasks to queue
[2025-03-02T00:50:28.265+0000] {logging_mixin.py:190} INFO - [2025-03-02T00:50:28.265+0000] {dagbag.py:588} INFO - Filling up the DagBag from /home/airflow/.local/lib/python3.12/site-packages/airflow/example_dags/example_sensor_decorator.py
[2025-03-02T00:50:28.271+0000] {processor.py:925} INFO - DAG(s) 'example_sensor_decorator' retrieved from /home/airflow/.local/lib/python3.12/site-packages/airflow/example_dags/example_sensor_decorator.py
[2025-03-02T00:50:28.286+0000] {logging_mixin.py:190} INFO - [2025-03-02T00:50:28.285+0000] {dag.py:3239} INFO - Sync 1 DAGs
[2025-03-02T00:50:28.296+0000] {logging_mixin.py:190} INFO - [2025-03-02T00:50:28.296+0000] {dag.py:4180} INFO - Setting next_dagrun for example_sensor_decorator to None, run_after=None
[2025-03-02T00:50:28.309+0000] {processor.py:208} INFO - Processing /home/airflow/.local/lib/python3.12/site-packages/airflow/example_dags/example_sensor_decorator.py took 0.050 seconds
[2025-03-02T00:50:58.591+0000] {processor.py:186} INFO - Started process (PID=725) to work on /home/airflow/.local/lib/python3.12/site-packages/airflow/example_dags/example_sensor_decorator.py
[2025-03-02T00:50:58.592+0000] {processor.py:914} INFO - Processing file /home/airflow/.local/lib/python3.12/site-packages/airflow/example_dags/example_sensor_decorator.py for tasks to queue
[2025-03-02T00:50:58.593+0000] {logging_mixin.py:190} INFO - [2025-03-02T00:50:58.593+0000] {dagbag.py:588} INFO - Filling up the DagBag from /home/airflow/.local/lib/python3.12/site-packages/airflow/example_dags/example_sensor_decorator.py
[2025-03-02T00:50:58.599+0000] {processor.py:925} INFO - DAG(s) 'example_sensor_decorator' retrieved from /home/airflow/.local/lib/python3.12/site-packages/airflow/example_dags/example_sensor_decorator.py
[2025-03-02T00:50:58.613+0000] {logging_mixin.py:190} INFO - [2025-03-02T00:50:58.613+0000] {dag.py:3239} INFO - Sync 1 DAGs
[2025-03-02T00:50:58.624+0000] {logging_mixin.py:190} INFO - [2025-03-02T00:50:58.624+0000] {dag.py:4180} INFO - Setting next_dagrun for example_sensor_decorator to None, run_after=None
[2025-03-02T00:50:58.636+0000] {processor.py:208} INFO - Processing /home/airflow/.local/lib/python3.12/site-packages/airflow/example_dags/example_sensor_decorator.py took 0.049 seconds
[2025-03-02T00:51:28.903+0000] {processor.py:186} INFO - Started process (PID=789) to work on /home/airflow/.local/lib/python3.12/site-packages/airflow/example_dags/example_sensor_decorator.py
[2025-03-02T00:51:28.904+0000] {processor.py:914} INFO - Processing file /home/airflow/.local/lib/python3.12/site-packages/airflow/example_dags/example_sensor_decorator.py for tasks to queue
[2025-03-02T00:51:28.905+0000] {logging_mixin.py:190} INFO - [2025-03-02T00:51:28.905+0000] {dagbag.py:588} INFO - Filling up the DagBag from /home/airflow/.local/lib/python3.12/site-packages/airflow/example_dags/example_sensor_decorator.py
[2025-03-02T00:51:28.911+0000] {processor.py:925} INFO - DAG(s) 'example_sensor_decorator' retrieved from /home/airflow/.local/lib/python3.12/site-packages/airflow/example_dags/example_sensor_decorator.py
[2025-03-02T00:51:28.926+0000] {logging_mixin.py:190} INFO - [2025-03-02T00:51:28.926+0000] {dag.py:3239} INFO - Sync 1 DAGs
[2025-03-02T00:51:28.937+0000] {logging_mixin.py:190} INFO - [2025-03-02T00:51:28.937+0000] {dag.py:4180} INFO - Setting next_dagrun for example_sensor_decorator to None, run_after=None
[2025-03-02T00:51:28.949+0000] {processor.py:208} INFO - Processing /home/airflow/.local/lib/python3.12/site-packages/airflow/example_dags/example_sensor_decorator.py took 0.050 seconds
[2025-03-02T00:51:59.007+0000] {processor.py:186} INFO - Started process (PID=853) to work on /home/airflow/.local/lib/python3.12/site-packages/airflow/example_dags/example_sensor_decorator.py
[2025-03-02T00:51:59.008+0000] {processor.py:914} INFO - Processing file /home/airflow/.local/lib/python3.12/site-packages/airflow/example_dags/example_sensor_decorator.py for tasks to queue
[2025-03-02T00:51:59.009+0000] {logging_mixin.py:190} INFO - [2025-03-02T00:51:59.009+0000] {dagbag.py:588} INFO - Filling up the DagBag from /home/airflow/.local/lib/python3.12/site-packages/airflow/example_dags/example_sensor_decorator.py
[2025-03-02T00:51:59.015+0000] {processor.py:925} INFO - DAG(s) 'example_sensor_decorator' retrieved from /home/airflow/.local/lib/python3.12/site-packages/airflow/example_dags/example_sensor_decorator.py
[2025-03-02T00:51:59.029+0000] {logging_mixin.py:190} INFO - [2025-03-02T00:51:59.029+0000] {dag.py:3239} INFO - Sync 1 DAGs
[2025-03-02T00:51:59.040+0000] {logging_mixin.py:190} INFO - [2025-03-02T00:51:59.040+0000] {dag.py:4180} INFO - Setting next_dagrun for example_sensor_decorator to None, run_after=None
[2025-03-02T00:51:59.052+0000] {processor.py:208} INFO - Processing /home/airflow/.local/lib/python3.12/site-packages/airflow/example_dags/example_sensor_decorator.py took 0.049 seconds
[2025-03-02T00:52:29.204+0000] {processor.py:186} INFO - Started process (PID=918) to work on /home/airflow/.local/lib/python3.12/site-packages/airflow/example_dags/example_sensor_decorator.py
[2025-03-02T00:52:29.205+0000] {processor.py:914} INFO - Processing file /home/airflow/.local/lib/python3.12/site-packages/airflow/example_dags/example_sensor_decorator.py for tasks to queue
[2025-03-02T00:52:29.207+0000] {logging_mixin.py:190} INFO - [2025-03-02T00:52:29.206+0000] {dagbag.py:588} INFO - Filling up the DagBag from /home/airflow/.local/lib/python3.12/site-packages/airflow/example_dags/example_sensor_decorator.py
[2025-03-02T00:52:29.213+0000] {processor.py:925} INFO - DAG(s) 'example_sensor_decorator' retrieved from /home/airflow/.local/lib/python3.12/site-packages/airflow/example_dags/example_sensor_decorator.py
[2025-03-02T00:52:29.227+0000] {logging_mixin.py:190} INFO - [2025-03-02T00:52:29.227+0000] {dag.py:3239} INFO - Sync 1 DAGs
[2025-03-02T00:52:29.238+0000] {logging_mixin.py:190} INFO - [2025-03-02T00:52:29.238+0000] {dag.py:4180} INFO - Setting next_dagrun for example_sensor_decorator to None, run_after=None
[2025-03-02T00:52:29.252+0000] {processor.py:208} INFO - Processing /home/airflow/.local/lib/python3.12/site-packages/airflow/example_dags/example_sensor_decorator.py took 0.052 seconds
[2025-03-02T00:52:59.441+0000] {processor.py:186} INFO - Started process (PID=982) to work on /home/airflow/.local/lib/python3.12/site-packages/airflow/example_dags/example_sensor_decorator.py
[2025-03-02T00:52:59.442+0000] {processor.py:914} INFO - Processing file /home/airflow/.local/lib/python3.12/site-packages/airflow/example_dags/example_sensor_decorator.py for tasks to queue
[2025-03-02T00:52:59.444+0000] {logging_mixin.py:190} INFO - [2025-03-02T00:52:59.443+0000] {dagbag.py:588} INFO - Filling up the DagBag from /home/airflow/.local/lib/python3.12/site-packages/airflow/example_dags/example_sensor_decorator.py
[2025-03-02T00:52:59.451+0000] {processor.py:925} INFO - DAG(s) 'example_sensor_decorator' retrieved from /home/airflow/.local/lib/python3.12/site-packages/airflow/example_dags/example_sensor_decorator.py
[2025-03-02T00:52:59.469+0000] {logging_mixin.py:190} INFO - [2025-03-02T00:52:59.469+0000] {dag.py:3239} INFO - Sync 1 DAGs
[2025-03-02T00:52:59.484+0000] {logging_mixin.py:190} INFO - [2025-03-02T00:52:59.484+0000] {dag.py:4180} INFO - Setting next_dagrun for example_sensor_decorator to None, run_after=None
[2025-03-02T00:52:59.501+0000] {processor.py:208} INFO - Processing /home/airflow/.local/lib/python3.12/site-packages/airflow/example_dags/example_sensor_decorator.py took 0.064 seconds
[2025-03-02T00:53:29.900+0000] {processor.py:186} INFO - Started process (PID=1046) to work on /home/airflow/.local/lib/python3.12/site-packages/airflow/example_dags/example_sensor_decorator.py
[2025-03-02T00:53:29.900+0000] {processor.py:914} INFO - Processing file /home/airflow/.local/lib/python3.12/site-packages/airflow/example_dags/example_sensor_decorator.py for tasks to queue
[2025-03-02T00:53:29.902+0000] {logging_mixin.py:190} INFO - [2025-03-02T00:53:29.902+0000] {dagbag.py:588} INFO - Filling up the DagBag from /home/airflow/.local/lib/python3.12/site-packages/airflow/example_dags/example_sensor_decorator.py
[2025-03-02T00:53:29.908+0000] {processor.py:925} INFO - DAG(s) 'example_sensor_decorator' retrieved from /home/airflow/.local/lib/python3.12/site-packages/airflow/example_dags/example_sensor_decorator.py
[2025-03-02T00:53:29.923+0000] {logging_mixin.py:190} INFO - [2025-03-02T00:53:29.923+0000] {dag.py:3239} INFO - Sync 1 DAGs
[2025-03-02T00:53:29.933+0000] {logging_mixin.py:190} INFO - [2025-03-02T00:53:29.933+0000] {dag.py:4180} INFO - Setting next_dagrun for example_sensor_decorator to None, run_after=None
[2025-03-02T00:53:29.945+0000] {processor.py:208} INFO - Processing /home/airflow/.local/lib/python3.12/site-packages/airflow/example_dags/example_sensor_decorator.py took 0.050 seconds
[2025-03-02T00:54:00.216+0000] {processor.py:186} INFO - Started process (PID=1110) to work on /home/airflow/.local/lib/python3.12/site-packages/airflow/example_dags/example_sensor_decorator.py
[2025-03-02T00:54:00.217+0000] {processor.py:914} INFO - Processing file /home/airflow/.local/lib/python3.12/site-packages/airflow/example_dags/example_sensor_decorator.py for tasks to queue
[2025-03-02T00:54:00.218+0000] {logging_mixin.py:190} INFO - [2025-03-02T00:54:00.218+0000] {dagbag.py:588} INFO - Filling up the DagBag from /home/airflow/.local/lib/python3.12/site-packages/airflow/example_dags/example_sensor_decorator.py
[2025-03-02T00:54:00.225+0000] {processor.py:925} INFO - DAG(s) 'example_sensor_decorator' retrieved from /home/airflow/.local/lib/python3.12/site-packages/airflow/example_dags/example_sensor_decorator.py
[2025-03-02T00:54:00.239+0000] {logging_mixin.py:190} INFO - [2025-03-02T00:54:00.239+0000] {dag.py:3239} INFO - Sync 1 DAGs
[2025-03-02T00:54:00.250+0000] {logging_mixin.py:190} INFO - [2025-03-02T00:54:00.250+0000] {dag.py:4180} INFO - Setting next_dagrun for example_sensor_decorator to None, run_after=None
[2025-03-02T00:54:00.262+0000] {processor.py:208} INFO - Processing /home/airflow/.local/lib/python3.12/site-packages/airflow/example_dags/example_sensor_decorator.py took 0.050 seconds
[2025-03-02T00:54:30.901+0000] {processor.py:186} INFO - Started process (PID=1174) to work on /home/airflow/.local/lib/python3.12/site-packages/airflow/example_dags/example_sensor_decorator.py
[2025-03-02T00:54:30.901+0000] {processor.py:914} INFO - Processing file /home/airflow/.local/lib/python3.12/site-packages/airflow/example_dags/example_sensor_decorator.py for tasks to queue
[2025-03-02T00:54:30.903+0000] {logging_mixin.py:190} INFO - [2025-03-02T00:54:30.903+0000] {dagbag.py:588} INFO - Filling up the DagBag from /home/airflow/.local/lib/python3.12/site-packages/airflow/example_dags/example_sensor_decorator.py
[2025-03-02T00:54:30.909+0000] {processor.py:925} INFO - DAG(s) 'example_sensor_decorator' retrieved from /home/airflow/.local/lib/python3.12/site-packages/airflow/example_dags/example_sensor_decorator.py
[2025-03-02T00:54:30.923+0000] {logging_mixin.py:190} INFO - [2025-03-02T00:54:30.923+0000] {dag.py:3239} INFO - Sync 1 DAGs
[2025-03-02T00:54:30.934+0000] {logging_mixin.py:190} INFO - [2025-03-02T00:54:30.934+0000] {dag.py:4180} INFO - Setting next_dagrun for example_sensor_decorator to None, run_after=None
[2025-03-02T00:54:30.948+0000] {processor.py:208} INFO - Processing /home/airflow/.local/lib/python3.12/site-packages/airflow/example_dags/example_sensor_decorator.py took 0.051 seconds
[2025-03-02T00:55:01.509+0000] {processor.py:186} INFO - Started process (PID=1238) to work on /home/airflow/.local/lib/python3.12/site-packages/airflow/example_dags/example_sensor_decorator.py
[2025-03-02T00:55:01.510+0000] {processor.py:914} INFO - Processing file /home/airflow/.local/lib/python3.12/site-packages/airflow/example_dags/example_sensor_decorator.py for tasks to queue
[2025-03-02T00:55:01.511+0000] {logging_mixin.py:190} INFO - [2025-03-02T00:55:01.511+0000] {dagbag.py:588} INFO - Filling up the DagBag from /home/airflow/.local/lib/python3.12/site-packages/airflow/example_dags/example_sensor_decorator.py
[2025-03-02T00:55:01.518+0000] {processor.py:925} INFO - DAG(s) 'example_sensor_decorator' retrieved from /home/airflow/.local/lib/python3.12/site-packages/airflow/example_dags/example_sensor_decorator.py
[2025-03-02T00:55:01.539+0000] {logging_mixin.py:190} INFO - [2025-03-02T00:55:01.539+0000] {dag.py:3239} INFO - Sync 1 DAGs
[2025-03-02T00:55:01.556+0000] {logging_mixin.py:190} INFO - [2025-03-02T00:55:01.556+0000] {dag.py:4180} INFO - Setting next_dagrun for example_sensor_decorator to None, run_after=None
[2025-03-02T00:55:01.571+0000] {processor.py:208} INFO - Processing /home/airflow/.local/lib/python3.12/site-packages/airflow/example_dags/example_sensor_decorator.py took 0.067 seconds
[2025-03-02T00:55:31.858+0000] {processor.py:186} INFO - Started process (PID=1302) to work on /home/airflow/.local/lib/python3.12/site-packages/airflow/example_dags/example_sensor_decorator.py
[2025-03-02T00:55:31.858+0000] {processor.py:914} INFO - Processing file /home/airflow/.local/lib/python3.12/site-packages/airflow/example_dags/example_sensor_decorator.py for tasks to queue
[2025-03-02T00:55:31.860+0000] {logging_mixin.py:190} INFO - [2025-03-02T00:55:31.860+0000] {dagbag.py:588} INFO - Filling up the DagBag from /home/airflow/.local/lib/python3.12/site-packages/airflow/example_dags/example_sensor_decorator.py
[2025-03-02T00:55:31.866+0000] {processor.py:925} INFO - DAG(s) 'example_sensor_decorator' retrieved from /home/airflow/.local/lib/python3.12/site-packages/airflow/example_dags/example_sensor_decorator.py
[2025-03-02T00:55:31.880+0000] {logging_mixin.py:190} INFO - [2025-03-02T00:55:31.880+0000] {dag.py:3239} INFO - Sync 1 DAGs
[2025-03-02T00:55:31.891+0000] {logging_mixin.py:190} INFO - [2025-03-02T00:55:31.891+0000] {dag.py:4180} INFO - Setting next_dagrun for example_sensor_decorator to None, run_after=None
[2025-03-02T00:55:31.903+0000] {processor.py:208} INFO - Processing /home/airflow/.local/lib/python3.12/site-packages/airflow/example_dags/example_sensor_decorator.py took 0.050 seconds
