[2025-03-02T00:45:52.606+0000] {processor.py:186} INFO - Started process (PID=84) to work on /home/airflow/.local/lib/python3.12/site-packages/airflow/example_dags/example_trigger_controller_dag.py
[2025-03-02T00:45:52.607+0000] {processor.py:914} INFO - Processing file /home/airflow/.local/lib/python3.12/site-packages/airflow/example_dags/example_trigger_controller_dag.py for tasks to queue
[2025-03-02T00:45:52.609+0000] {logging_mixin.py:190} INFO - [2025-03-02T00:45:52.609+0000] {dagbag.py:588} INFO - Filling up the DagBag from /home/airflow/.local/lib/python3.12/site-packages/airflow/example_dags/example_trigger_controller_dag.py
[2025-03-02T00:45:52.616+0000] {processor.py:925} INFO - DAG(s) 'example_trigger_controller_dag' retrieved from /home/airflow/.local/lib/python3.12/site-packages/airflow/example_dags/example_trigger_controller_dag.py
[2025-03-02T00:45:52.740+0000] {logging_mixin.py:190} INFO - [2025-03-02T00:45:52.739+0000] {override.py:1911} INFO - Created Permission View: can edit on DAG:example_trigger_controller_dag
[2025-03-02T00:45:52.749+0000] {logging_mixin.py:190} INFO - [2025-03-02T00:45:52.749+0000] {override.py:1911} INFO - Created Permission View: can read on DAG:example_trigger_controller_dag
[2025-03-02T00:45:52.755+0000] {logging_mixin.py:190} INFO - [2025-03-02T00:45:52.755+0000] {override.py:1911} INFO - Created Permission View: can delete on DAG:example_trigger_controller_dag
[2025-03-02T00:45:52.762+0000] {logging_mixin.py:190} INFO - [2025-03-02T00:45:52.761+0000] {override.py:1911} INFO - Created Permission View: menu access on DAG Run:example_trigger_controller_dag
[2025-03-02T00:45:52.770+0000] {logging_mixin.py:190} INFO - [2025-03-02T00:45:52.770+0000] {override.py:1911} INFO - Created Permission View: can read on DAG Run:example_trigger_controller_dag
[2025-03-02T00:45:52.791+0000] {logging_mixin.py:190} INFO - [2025-03-02T00:45:52.790+0000] {override.py:1911} INFO - Created Permission View: can delete on DAG Run:example_trigger_controller_dag
[2025-03-02T00:45:52.796+0000] {logging_mixin.py:190} INFO - [2025-03-02T00:45:52.796+0000] {override.py:1911} INFO - Created Permission View: can create on DAG Run:example_trigger_controller_dag
[2025-03-02T00:45:52.797+0000] {logging_mixin.py:190} INFO - [2025-03-02T00:45:52.796+0000] {dag.py:3239} INFO - Sync 1 DAGs
[2025-03-02T00:45:52.811+0000] {logging_mixin.py:190} INFO - [2025-03-02T00:45:52.811+0000] {dag.py:3262} INFO - Creating ORM DAG for example_trigger_controller_dag
[2025-03-02T00:45:52.818+0000] {logging_mixin.py:190} INFO - [2025-03-02T00:45:52.818+0000] {dag.py:4180} INFO - Setting next_dagrun for example_trigger_controller_dag to 2021-01-01 00:00:00+00:00, run_after=2021-01-01 00:00:00+00:00
[2025-03-02T00:45:52.832+0000] {processor.py:208} INFO - Processing /home/airflow/.local/lib/python3.12/site-packages/airflow/example_dags/example_trigger_controller_dag.py took 0.232 seconds
[2025-03-02T00:46:23.264+0000] {processor.py:186} INFO - Started process (PID=148) to work on /home/airflow/.local/lib/python3.12/site-packages/airflow/example_dags/example_trigger_controller_dag.py
[2025-03-02T00:46:23.265+0000] {processor.py:914} INFO - Processing file /home/airflow/.local/lib/python3.12/site-packages/airflow/example_dags/example_trigger_controller_dag.py for tasks to queue
[2025-03-02T00:46:23.268+0000] {logging_mixin.py:190} INFO - [2025-03-02T00:46:23.268+0000] {dagbag.py:588} INFO - Filling up the DagBag from /home/airflow/.local/lib/python3.12/site-packages/airflow/example_dags/example_trigger_controller_dag.py
[2025-03-02T00:46:23.275+0000] {processor.py:925} INFO - DAG(s) 'example_trigger_controller_dag' retrieved from /home/airflow/.local/lib/python3.12/site-packages/airflow/example_dags/example_trigger_controller_dag.py
[2025-03-02T00:46:23.294+0000] {logging_mixin.py:190} INFO - [2025-03-02T00:46:23.294+0000] {dag.py:3239} INFO - Sync 1 DAGs
[2025-03-02T00:46:23.318+0000] {logging_mixin.py:190} INFO - [2025-03-02T00:46:23.318+0000] {dag.py:4180} INFO - Setting next_dagrun for example_trigger_controller_dag to 2021-01-01 00:00:00+00:00, run_after=2021-01-01 00:00:00+00:00
[2025-03-02T00:46:23.333+0000] {processor.py:208} INFO - Processing /home/airflow/.local/lib/python3.12/site-packages/airflow/example_dags/example_trigger_controller_dag.py took 0.075 seconds
[2025-03-02T00:46:53.994+0000] {processor.py:186} INFO - Started process (PID=211) to work on /home/airflow/.local/lib/python3.12/site-packages/airflow/example_dags/example_trigger_controller_dag.py
[2025-03-02T00:46:53.995+0000] {processor.py:914} INFO - Processing file /home/airflow/.local/lib/python3.12/site-packages/airflow/example_dags/example_trigger_controller_dag.py for tasks to queue
[2025-03-02T00:46:53.997+0000] {logging_mixin.py:190} INFO - [2025-03-02T00:46:53.997+0000] {dagbag.py:588} INFO - Filling up the DagBag from /home/airflow/.local/lib/python3.12/site-packages/airflow/example_dags/example_trigger_controller_dag.py
[2025-03-02T00:46:54.002+0000] {processor.py:925} INFO - DAG(s) 'example_trigger_controller_dag' retrieved from /home/airflow/.local/lib/python3.12/site-packages/airflow/example_dags/example_trigger_controller_dag.py
[2025-03-02T00:46:54.017+0000] {logging_mixin.py:190} INFO - [2025-03-02T00:46:54.017+0000] {dag.py:3239} INFO - Sync 1 DAGs
[2025-03-02T00:46:54.035+0000] {logging_mixin.py:190} INFO - [2025-03-02T00:46:54.035+0000] {dag.py:4180} INFO - Setting next_dagrun for example_trigger_controller_dag to 2021-01-01 00:00:00+00:00, run_after=2021-01-01 00:00:00+00:00
[2025-03-02T00:46:54.048+0000] {processor.py:208} INFO - Processing /home/airflow/.local/lib/python3.12/site-packages/airflow/example_dags/example_trigger_controller_dag.py took 0.058 seconds
[2025-03-02T00:47:24.132+0000] {processor.py:186} INFO - Started process (PID=273) to work on /home/airflow/.local/lib/python3.12/site-packages/airflow/example_dags/example_trigger_controller_dag.py
[2025-03-02T00:47:24.132+0000] {processor.py:914} INFO - Processing file /home/airflow/.local/lib/python3.12/site-packages/airflow/example_dags/example_trigger_controller_dag.py for tasks to queue
[2025-03-02T00:47:24.134+0000] {logging_mixin.py:190} INFO - [2025-03-02T00:47:24.134+0000] {dagbag.py:588} INFO - Filling up the DagBag from /home/airflow/.local/lib/python3.12/site-packages/airflow/example_dags/example_trigger_controller_dag.py
[2025-03-02T00:47:24.139+0000] {processor.py:925} INFO - DAG(s) 'example_trigger_controller_dag' retrieved from /home/airflow/.local/lib/python3.12/site-packages/airflow/example_dags/example_trigger_controller_dag.py
[2025-03-02T00:47:24.156+0000] {logging_mixin.py:190} INFO - [2025-03-02T00:47:24.156+0000] {dag.py:3239} INFO - Sync 1 DAGs
[2025-03-02T00:47:24.181+0000] {logging_mixin.py:190} INFO - [2025-03-02T00:47:24.181+0000] {dag.py:4180} INFO - Setting next_dagrun for example_trigger_controller_dag to 2021-01-01 00:00:00+00:00, run_after=2021-01-01 00:00:00+00:00
[2025-03-02T00:47:24.198+0000] {processor.py:208} INFO - Processing /home/airflow/.local/lib/python3.12/site-packages/airflow/example_dags/example_trigger_controller_dag.py took 0.070 seconds
[2025-03-02T00:47:54.301+0000] {processor.py:186} INFO - Started process (PID=336) to work on /home/airflow/.local/lib/python3.12/site-packages/airflow/example_dags/example_trigger_controller_dag.py
[2025-03-02T00:47:54.302+0000] {processor.py:914} INFO - Processing file /home/airflow/.local/lib/python3.12/site-packages/airflow/example_dags/example_trigger_controller_dag.py for tasks to queue
[2025-03-02T00:47:54.304+0000] {logging_mixin.py:190} INFO - [2025-03-02T00:47:54.303+0000] {dagbag.py:588} INFO - Filling up the DagBag from /home/airflow/.local/lib/python3.12/site-packages/airflow/example_dags/example_trigger_controller_dag.py
[2025-03-02T00:47:54.308+0000] {processor.py:925} INFO - DAG(s) 'example_trigger_controller_dag' retrieved from /home/airflow/.local/lib/python3.12/site-packages/airflow/example_dags/example_trigger_controller_dag.py
[2025-03-02T00:47:54.322+0000] {logging_mixin.py:190} INFO - [2025-03-02T00:47:54.322+0000] {dag.py:3239} INFO - Sync 1 DAGs
[2025-03-02T00:47:54.339+0000] {logging_mixin.py:190} INFO - [2025-03-02T00:47:54.339+0000] {dag.py:4180} INFO - Setting next_dagrun for example_trigger_controller_dag to 2021-01-01 00:00:00+00:00, run_after=2021-01-01 00:00:00+00:00
[2025-03-02T00:47:54.351+0000] {processor.py:208} INFO - Processing /home/airflow/.local/lib/python3.12/site-packages/airflow/example_dags/example_trigger_controller_dag.py took 0.054 seconds
[2025-03-02T00:48:24.422+0000] {processor.py:186} INFO - Started process (PID=399) to work on /home/airflow/.local/lib/python3.12/site-packages/airflow/example_dags/example_trigger_controller_dag.py
[2025-03-02T00:48:24.423+0000] {processor.py:914} INFO - Processing file /home/airflow/.local/lib/python3.12/site-packages/airflow/example_dags/example_trigger_controller_dag.py for tasks to queue
[2025-03-02T00:48:24.425+0000] {logging_mixin.py:190} INFO - [2025-03-02T00:48:24.425+0000] {dagbag.py:588} INFO - Filling up the DagBag from /home/airflow/.local/lib/python3.12/site-packages/airflow/example_dags/example_trigger_controller_dag.py
[2025-03-02T00:48:24.432+0000] {processor.py:925} INFO - DAG(s) 'example_trigger_controller_dag' retrieved from /home/airflow/.local/lib/python3.12/site-packages/airflow/example_dags/example_trigger_controller_dag.py
[2025-03-02T00:48:24.450+0000] {logging_mixin.py:190} INFO - [2025-03-02T00:48:24.449+0000] {dag.py:3239} INFO - Sync 1 DAGs
[2025-03-02T00:48:24.474+0000] {logging_mixin.py:190} INFO - [2025-03-02T00:48:24.473+0000] {dag.py:4180} INFO - Setting next_dagrun for example_trigger_controller_dag to 2021-01-01 00:00:00+00:00, run_after=2021-01-01 00:00:00+00:00
[2025-03-02T00:48:24.490+0000] {processor.py:208} INFO - Processing /home/airflow/.local/lib/python3.12/site-packages/airflow/example_dags/example_trigger_controller_dag.py took 0.073 seconds
[2025-03-02T00:48:54.683+0000] {processor.py:186} INFO - Started process (PID=463) to work on /home/airflow/.local/lib/python3.12/site-packages/airflow/example_dags/example_trigger_controller_dag.py
[2025-03-02T00:48:54.684+0000] {processor.py:914} INFO - Processing file /home/airflow/.local/lib/python3.12/site-packages/airflow/example_dags/example_trigger_controller_dag.py for tasks to queue
[2025-03-02T00:48:54.687+0000] {logging_mixin.py:190} INFO - [2025-03-02T00:48:54.686+0000] {dagbag.py:588} INFO - Filling up the DagBag from /home/airflow/.local/lib/python3.12/site-packages/airflow/example_dags/example_trigger_controller_dag.py
[2025-03-02T00:48:54.693+0000] {processor.py:925} INFO - DAG(s) 'example_trigger_controller_dag' retrieved from /home/airflow/.local/lib/python3.12/site-packages/airflow/example_dags/example_trigger_controller_dag.py
[2025-03-02T00:48:54.708+0000] {logging_mixin.py:190} INFO - [2025-03-02T00:48:54.708+0000] {dag.py:3239} INFO - Sync 1 DAGs
[2025-03-02T00:48:54.727+0000] {logging_mixin.py:190} INFO - [2025-03-02T00:48:54.726+0000] {dag.py:4180} INFO - Setting next_dagrun for example_trigger_controller_dag to 2021-01-01 00:00:00+00:00, run_after=2021-01-01 00:00:00+00:00
[2025-03-02T00:48:54.739+0000] {processor.py:208} INFO - Processing /home/airflow/.local/lib/python3.12/site-packages/airflow/example_dags/example_trigger_controller_dag.py took 0.062 seconds
[2025-03-02T00:49:24.793+0000] {processor.py:186} INFO - Started process (PID=527) to work on /home/airflow/.local/lib/python3.12/site-packages/airflow/example_dags/example_trigger_controller_dag.py
[2025-03-02T00:49:24.793+0000] {processor.py:914} INFO - Processing file /home/airflow/.local/lib/python3.12/site-packages/airflow/example_dags/example_trigger_controller_dag.py for tasks to queue
[2025-03-02T00:49:24.795+0000] {logging_mixin.py:190} INFO - [2025-03-02T00:49:24.795+0000] {dagbag.py:588} INFO - Filling up the DagBag from /home/airflow/.local/lib/python3.12/site-packages/airflow/example_dags/example_trigger_controller_dag.py
[2025-03-02T00:49:24.800+0000] {processor.py:925} INFO - DAG(s) 'example_trigger_controller_dag' retrieved from /home/airflow/.local/lib/python3.12/site-packages/airflow/example_dags/example_trigger_controller_dag.py
[2025-03-02T00:49:24.814+0000] {logging_mixin.py:190} INFO - [2025-03-02T00:49:24.814+0000] {dag.py:3239} INFO - Sync 1 DAGs
[2025-03-02T00:49:24.831+0000] {logging_mixin.py:190} INFO - [2025-03-02T00:49:24.831+0000] {dag.py:4180} INFO - Setting next_dagrun for example_trigger_controller_dag to 2021-01-01 00:00:00+00:00, run_after=2021-01-01 00:00:00+00:00
[2025-03-02T00:49:24.843+0000] {processor.py:208} INFO - Processing /home/airflow/.local/lib/python3.12/site-packages/airflow/example_dags/example_trigger_controller_dag.py took 0.054 seconds
[2025-03-02T00:49:55.303+0000] {processor.py:186} INFO - Started process (PID=590) to work on /home/airflow/.local/lib/python3.12/site-packages/airflow/example_dags/example_trigger_controller_dag.py
[2025-03-02T00:49:55.304+0000] {processor.py:914} INFO - Processing file /home/airflow/.local/lib/python3.12/site-packages/airflow/example_dags/example_trigger_controller_dag.py for tasks to queue
[2025-03-02T00:49:55.305+0000] {logging_mixin.py:190} INFO - [2025-03-02T00:49:55.305+0000] {dagbag.py:588} INFO - Filling up the DagBag from /home/airflow/.local/lib/python3.12/site-packages/airflow/example_dags/example_trigger_controller_dag.py
[2025-03-02T00:49:55.311+0000] {processor.py:925} INFO - DAG(s) 'example_trigger_controller_dag' retrieved from /home/airflow/.local/lib/python3.12/site-packages/airflow/example_dags/example_trigger_controller_dag.py
[2025-03-02T00:49:55.324+0000] {logging_mixin.py:190} INFO - [2025-03-02T00:49:55.324+0000] {dag.py:3239} INFO - Sync 1 DAGs
[2025-03-02T00:49:55.341+0000] {logging_mixin.py:190} INFO - [2025-03-02T00:49:55.341+0000] {dag.py:4180} INFO - Setting next_dagrun for example_trigger_controller_dag to 2021-01-01 00:00:00+00:00, run_after=2021-01-01 00:00:00+00:00
[2025-03-02T00:49:55.353+0000] {processor.py:208} INFO - Processing /home/airflow/.local/lib/python3.12/site-packages/airflow/example_dags/example_trigger_controller_dag.py took 0.054 seconds
[2025-03-02T00:50:25.868+0000] {processor.py:186} INFO - Started process (PID=653) to work on /home/airflow/.local/lib/python3.12/site-packages/airflow/example_dags/example_trigger_controller_dag.py
[2025-03-02T00:50:25.869+0000] {processor.py:914} INFO - Processing file /home/airflow/.local/lib/python3.12/site-packages/airflow/example_dags/example_trigger_controller_dag.py for tasks to queue
[2025-03-02T00:50:25.871+0000] {logging_mixin.py:190} INFO - [2025-03-02T00:50:25.870+0000] {dagbag.py:588} INFO - Filling up the DagBag from /home/airflow/.local/lib/python3.12/site-packages/airflow/example_dags/example_trigger_controller_dag.py
[2025-03-02T00:50:25.876+0000] {processor.py:925} INFO - DAG(s) 'example_trigger_controller_dag' retrieved from /home/airflow/.local/lib/python3.12/site-packages/airflow/example_dags/example_trigger_controller_dag.py
[2025-03-02T00:50:25.892+0000] {logging_mixin.py:190} INFO - [2025-03-02T00:50:25.892+0000] {dag.py:3239} INFO - Sync 1 DAGs
[2025-03-02T00:50:25.916+0000] {logging_mixin.py:190} INFO - [2025-03-02T00:50:25.916+0000] {dag.py:4180} INFO - Setting next_dagrun for example_trigger_controller_dag to 2021-01-01 00:00:00+00:00, run_after=2021-01-01 00:00:00+00:00
[2025-03-02T00:50:25.929+0000] {processor.py:208} INFO - Processing /home/airflow/.local/lib/python3.12/site-packages/airflow/example_dags/example_trigger_controller_dag.py took 0.066 seconds
[2025-03-02T00:50:56.229+0000] {processor.py:186} INFO - Started process (PID=717) to work on /home/airflow/.local/lib/python3.12/site-packages/airflow/example_dags/example_trigger_controller_dag.py
[2025-03-02T00:50:56.230+0000] {processor.py:914} INFO - Processing file /home/airflow/.local/lib/python3.12/site-packages/airflow/example_dags/example_trigger_controller_dag.py for tasks to queue
[2025-03-02T00:50:56.231+0000] {logging_mixin.py:190} INFO - [2025-03-02T00:50:56.231+0000] {dagbag.py:588} INFO - Filling up the DagBag from /home/airflow/.local/lib/python3.12/site-packages/airflow/example_dags/example_trigger_controller_dag.py
[2025-03-02T00:50:56.236+0000] {processor.py:925} INFO - DAG(s) 'example_trigger_controller_dag' retrieved from /home/airflow/.local/lib/python3.12/site-packages/airflow/example_dags/example_trigger_controller_dag.py
[2025-03-02T00:50:56.250+0000] {logging_mixin.py:190} INFO - [2025-03-02T00:50:56.250+0000] {dag.py:3239} INFO - Sync 1 DAGs
[2025-03-02T00:50:56.267+0000] {logging_mixin.py:190} INFO - [2025-03-02T00:50:56.267+0000] {dag.py:4180} INFO - Setting next_dagrun for example_trigger_controller_dag to 2021-01-01 00:00:00+00:00, run_after=2021-01-01 00:00:00+00:00
[2025-03-02T00:50:56.278+0000] {processor.py:208} INFO - Processing /home/airflow/.local/lib/python3.12/site-packages/airflow/example_dags/example_trigger_controller_dag.py took 0.053 seconds
[2025-03-02T00:51:26.495+0000] {processor.py:186} INFO - Started process (PID=781) to work on /home/airflow/.local/lib/python3.12/site-packages/airflow/example_dags/example_trigger_controller_dag.py
[2025-03-02T00:51:26.496+0000] {processor.py:914} INFO - Processing file /home/airflow/.local/lib/python3.12/site-packages/airflow/example_dags/example_trigger_controller_dag.py for tasks to queue
[2025-03-02T00:51:26.498+0000] {logging_mixin.py:190} INFO - [2025-03-02T00:51:26.497+0000] {dagbag.py:588} INFO - Filling up the DagBag from /home/airflow/.local/lib/python3.12/site-packages/airflow/example_dags/example_trigger_controller_dag.py
[2025-03-02T00:51:26.503+0000] {processor.py:925} INFO - DAG(s) 'example_trigger_controller_dag' retrieved from /home/airflow/.local/lib/python3.12/site-packages/airflow/example_dags/example_trigger_controller_dag.py
[2025-03-02T00:51:26.516+0000] {logging_mixin.py:190} INFO - [2025-03-02T00:51:26.516+0000] {dag.py:3239} INFO - Sync 1 DAGs
[2025-03-02T00:51:26.533+0000] {logging_mixin.py:190} INFO - [2025-03-02T00:51:26.533+0000] {dag.py:4180} INFO - Setting next_dagrun for example_trigger_controller_dag to 2021-01-01 00:00:00+00:00, run_after=2021-01-01 00:00:00+00:00
[2025-03-02T00:51:26.544+0000] {processor.py:208} INFO - Processing /home/airflow/.local/lib/python3.12/site-packages/airflow/example_dags/example_trigger_controller_dag.py took 0.053 seconds
[2025-03-02T00:51:56.643+0000] {processor.py:186} INFO - Started process (PID=845) to work on /home/airflow/.local/lib/python3.12/site-packages/airflow/example_dags/example_trigger_controller_dag.py
[2025-03-02T00:51:56.644+0000] {processor.py:914} INFO - Processing file /home/airflow/.local/lib/python3.12/site-packages/airflow/example_dags/example_trigger_controller_dag.py for tasks to queue
[2025-03-02T00:51:56.646+0000] {logging_mixin.py:190} INFO - [2025-03-02T00:51:56.645+0000] {dagbag.py:588} INFO - Filling up the DagBag from /home/airflow/.local/lib/python3.12/site-packages/airflow/example_dags/example_trigger_controller_dag.py
[2025-03-02T00:51:56.651+0000] {processor.py:925} INFO - DAG(s) 'example_trigger_controller_dag' retrieved from /home/airflow/.local/lib/python3.12/site-packages/airflow/example_dags/example_trigger_controller_dag.py
[2025-03-02T00:51:56.669+0000] {logging_mixin.py:190} INFO - [2025-03-02T00:51:56.669+0000] {dag.py:3239} INFO - Sync 1 DAGs
[2025-03-02T00:51:56.686+0000] {logging_mixin.py:190} INFO - [2025-03-02T00:51:56.686+0000] {dag.py:4180} INFO - Setting next_dagrun for example_trigger_controller_dag to 2021-01-01 00:00:00+00:00, run_after=2021-01-01 00:00:00+00:00
[2025-03-02T00:51:56.698+0000] {processor.py:208} INFO - Processing /home/airflow/.local/lib/python3.12/site-packages/airflow/example_dags/example_trigger_controller_dag.py took 0.059 seconds
[2025-03-02T00:52:26.790+0000] {processor.py:186} INFO - Started process (PID=910) to work on /home/airflow/.local/lib/python3.12/site-packages/airflow/example_dags/example_trigger_controller_dag.py
[2025-03-02T00:52:26.791+0000] {processor.py:914} INFO - Processing file /home/airflow/.local/lib/python3.12/site-packages/airflow/example_dags/example_trigger_controller_dag.py for tasks to queue
[2025-03-02T00:52:26.793+0000] {logging_mixin.py:190} INFO - [2025-03-02T00:52:26.793+0000] {dagbag.py:588} INFO - Filling up the DagBag from /home/airflow/.local/lib/python3.12/site-packages/airflow/example_dags/example_trigger_controller_dag.py
[2025-03-02T00:52:26.798+0000] {processor.py:925} INFO - DAG(s) 'example_trigger_controller_dag' retrieved from /home/airflow/.local/lib/python3.12/site-packages/airflow/example_dags/example_trigger_controller_dag.py
[2025-03-02T00:52:26.812+0000] {logging_mixin.py:190} INFO - [2025-03-02T00:52:26.812+0000] {dag.py:3239} INFO - Sync 1 DAGs
[2025-03-02T00:52:26.829+0000] {logging_mixin.py:190} INFO - [2025-03-02T00:52:26.829+0000] {dag.py:4180} INFO - Setting next_dagrun for example_trigger_controller_dag to 2021-01-01 00:00:00+00:00, run_after=2021-01-01 00:00:00+00:00
[2025-03-02T00:52:26.841+0000] {processor.py:208} INFO - Processing /home/airflow/.local/lib/python3.12/site-packages/airflow/example_dags/example_trigger_controller_dag.py took 0.055 seconds
[2025-03-02T00:52:57.037+0000] {processor.py:186} INFO - Started process (PID=974) to work on /home/airflow/.local/lib/python3.12/site-packages/airflow/example_dags/example_trigger_controller_dag.py
[2025-03-02T00:52:57.038+0000] {processor.py:914} INFO - Processing file /home/airflow/.local/lib/python3.12/site-packages/airflow/example_dags/example_trigger_controller_dag.py for tasks to queue
[2025-03-02T00:52:57.039+0000] {logging_mixin.py:190} INFO - [2025-03-02T00:52:57.039+0000] {dagbag.py:588} INFO - Filling up the DagBag from /home/airflow/.local/lib/python3.12/site-packages/airflow/example_dags/example_trigger_controller_dag.py
[2025-03-02T00:52:57.044+0000] {processor.py:925} INFO - DAG(s) 'example_trigger_controller_dag' retrieved from /home/airflow/.local/lib/python3.12/site-packages/airflow/example_dags/example_trigger_controller_dag.py
[2025-03-02T00:52:57.058+0000] {logging_mixin.py:190} INFO - [2025-03-02T00:52:57.058+0000] {dag.py:3239} INFO - Sync 1 DAGs
[2025-03-02T00:52:57.074+0000] {logging_mixin.py:190} INFO - [2025-03-02T00:52:57.074+0000] {dag.py:4180} INFO - Setting next_dagrun for example_trigger_controller_dag to 2021-01-01 00:00:00+00:00, run_after=2021-01-01 00:00:00+00:00
[2025-03-02T00:52:57.086+0000] {processor.py:208} INFO - Processing /home/airflow/.local/lib/python3.12/site-packages/airflow/example_dags/example_trigger_controller_dag.py took 0.054 seconds
[2025-03-02T00:53:27.493+0000] {processor.py:186} INFO - Started process (PID=1038) to work on /home/airflow/.local/lib/python3.12/site-packages/airflow/example_dags/example_trigger_controller_dag.py
[2025-03-02T00:53:27.494+0000] {processor.py:914} INFO - Processing file /home/airflow/.local/lib/python3.12/site-packages/airflow/example_dags/example_trigger_controller_dag.py for tasks to queue
[2025-03-02T00:53:27.495+0000] {logging_mixin.py:190} INFO - [2025-03-02T00:53:27.495+0000] {dagbag.py:588} INFO - Filling up the DagBag from /home/airflow/.local/lib/python3.12/site-packages/airflow/example_dags/example_trigger_controller_dag.py
[2025-03-02T00:53:27.500+0000] {processor.py:925} INFO - DAG(s) 'example_trigger_controller_dag' retrieved from /home/airflow/.local/lib/python3.12/site-packages/airflow/example_dags/example_trigger_controller_dag.py
[2025-03-02T00:53:27.514+0000] {logging_mixin.py:190} INFO - [2025-03-02T00:53:27.514+0000] {dag.py:3239} INFO - Sync 1 DAGs
[2025-03-02T00:53:27.531+0000] {logging_mixin.py:190} INFO - [2025-03-02T00:53:27.531+0000] {dag.py:4180} INFO - Setting next_dagrun for example_trigger_controller_dag to 2021-01-01 00:00:00+00:00, run_after=2021-01-01 00:00:00+00:00
[2025-03-02T00:53:27.543+0000] {processor.py:208} INFO - Processing /home/airflow/.local/lib/python3.12/site-packages/airflow/example_dags/example_trigger_controller_dag.py took 0.055 seconds
[2025-03-02T00:53:58.867+0000] {processor.py:186} INFO - Started process (PID=1102) to work on /home/airflow/.local/lib/python3.12/site-packages/airflow/example_dags/example_trigger_controller_dag.py
[2025-03-02T00:53:58.868+0000] {processor.py:914} INFO - Processing file /home/airflow/.local/lib/python3.12/site-packages/airflow/example_dags/example_trigger_controller_dag.py for tasks to queue
[2025-03-02T00:53:58.870+0000] {logging_mixin.py:190} INFO - [2025-03-02T00:53:58.869+0000] {dagbag.py:588} INFO - Filling up the DagBag from /home/airflow/.local/lib/python3.12/site-packages/airflow/example_dags/example_trigger_controller_dag.py
[2025-03-02T00:53:58.876+0000] {processor.py:925} INFO - DAG(s) 'example_trigger_controller_dag' retrieved from /home/airflow/.local/lib/python3.12/site-packages/airflow/example_dags/example_trigger_controller_dag.py
[2025-03-02T00:53:58.895+0000] {logging_mixin.py:190} INFO - [2025-03-02T00:53:58.895+0000] {dag.py:3239} INFO - Sync 1 DAGs
[2025-03-02T00:53:58.918+0000] {logging_mixin.py:190} INFO - [2025-03-02T00:53:58.918+0000] {dag.py:4180} INFO - Setting next_dagrun for example_trigger_controller_dag to 2021-01-01 00:00:00+00:00, run_after=2021-01-01 00:00:00+00:00
[2025-03-02T00:53:58.931+0000] {processor.py:208} INFO - Processing /home/airflow/.local/lib/python3.12/site-packages/airflow/example_dags/example_trigger_controller_dag.py took 0.069 seconds
[2025-03-02T00:54:29.540+0000] {processor.py:186} INFO - Started process (PID=1166) to work on /home/airflow/.local/lib/python3.12/site-packages/airflow/example_dags/example_trigger_controller_dag.py
[2025-03-02T00:54:29.540+0000] {processor.py:914} INFO - Processing file /home/airflow/.local/lib/python3.12/site-packages/airflow/example_dags/example_trigger_controller_dag.py for tasks to queue
[2025-03-02T00:54:29.542+0000] {logging_mixin.py:190} INFO - [2025-03-02T00:54:29.542+0000] {dagbag.py:588} INFO - Filling up the DagBag from /home/airflow/.local/lib/python3.12/site-packages/airflow/example_dags/example_trigger_controller_dag.py
[2025-03-02T00:54:29.549+0000] {processor.py:925} INFO - DAG(s) 'example_trigger_controller_dag' retrieved from /home/airflow/.local/lib/python3.12/site-packages/airflow/example_dags/example_trigger_controller_dag.py
[2025-03-02T00:54:29.568+0000] {logging_mixin.py:190} INFO - [2025-03-02T00:54:29.568+0000] {dag.py:3239} INFO - Sync 1 DAGs
[2025-03-02T00:54:29.591+0000] {logging_mixin.py:190} INFO - [2025-03-02T00:54:29.591+0000] {dag.py:4180} INFO - Setting next_dagrun for example_trigger_controller_dag to 2021-01-01 00:00:00+00:00, run_after=2021-01-01 00:00:00+00:00
[2025-03-02T00:54:29.608+0000] {processor.py:208} INFO - Processing /home/airflow/.local/lib/python3.12/site-packages/airflow/example_dags/example_trigger_controller_dag.py took 0.073 seconds
[2025-03-02T00:55:00.153+0000] {processor.py:186} INFO - Started process (PID=1230) to work on /home/airflow/.local/lib/python3.12/site-packages/airflow/example_dags/example_trigger_controller_dag.py
[2025-03-02T00:55:00.154+0000] {processor.py:914} INFO - Processing file /home/airflow/.local/lib/python3.12/site-packages/airflow/example_dags/example_trigger_controller_dag.py for tasks to queue
[2025-03-02T00:55:00.156+0000] {logging_mixin.py:190} INFO - [2025-03-02T00:55:00.156+0000] {dagbag.py:588} INFO - Filling up the DagBag from /home/airflow/.local/lib/python3.12/site-packages/airflow/example_dags/example_trigger_controller_dag.py
[2025-03-02T00:55:00.163+0000] {processor.py:925} INFO - DAG(s) 'example_trigger_controller_dag' retrieved from /home/airflow/.local/lib/python3.12/site-packages/airflow/example_dags/example_trigger_controller_dag.py
[2025-03-02T00:55:00.178+0000] {logging_mixin.py:190} INFO - [2025-03-02T00:55:00.178+0000] {dag.py:3239} INFO - Sync 1 DAGs
[2025-03-02T00:55:00.197+0000] {logging_mixin.py:190} INFO - [2025-03-02T00:55:00.197+0000] {dag.py:4180} INFO - Setting next_dagrun for example_trigger_controller_dag to 2021-01-01 00:00:00+00:00, run_after=2021-01-01 00:00:00+00:00
[2025-03-02T00:55:00.210+0000] {processor.py:208} INFO - Processing /home/airflow/.local/lib/python3.12/site-packages/airflow/example_dags/example_trigger_controller_dag.py took 0.062 seconds
[2025-03-02T00:55:30.464+0000] {processor.py:186} INFO - Started process (PID=1294) to work on /home/airflow/.local/lib/python3.12/site-packages/airflow/example_dags/example_trigger_controller_dag.py
[2025-03-02T00:55:30.465+0000] {processor.py:914} INFO - Processing file /home/airflow/.local/lib/python3.12/site-packages/airflow/example_dags/example_trigger_controller_dag.py for tasks to queue
[2025-03-02T00:55:30.467+0000] {logging_mixin.py:190} INFO - [2025-03-02T00:55:30.467+0000] {dagbag.py:588} INFO - Filling up the DagBag from /home/airflow/.local/lib/python3.12/site-packages/airflow/example_dags/example_trigger_controller_dag.py
[2025-03-02T00:55:30.474+0000] {processor.py:925} INFO - DAG(s) 'example_trigger_controller_dag' retrieved from /home/airflow/.local/lib/python3.12/site-packages/airflow/example_dags/example_trigger_controller_dag.py
[2025-03-02T00:55:30.488+0000] {logging_mixin.py:190} INFO - [2025-03-02T00:55:30.488+0000] {dag.py:3239} INFO - Sync 1 DAGs
[2025-03-02T00:55:30.507+0000] {logging_mixin.py:190} INFO - [2025-03-02T00:55:30.507+0000] {dag.py:4180} INFO - Setting next_dagrun for example_trigger_controller_dag to 2021-01-01 00:00:00+00:00, run_after=2021-01-01 00:00:00+00:00
[2025-03-02T00:55:30.519+0000] {processor.py:208} INFO - Processing /home/airflow/.local/lib/python3.12/site-packages/airflow/example_dags/example_trigger_controller_dag.py took 0.060 seconds
