[2025-03-02T00:45:55.580+0000] {processor.py:186} INFO - Started process (PID=102) to work on /home/airflow/.local/lib/python3.12/site-packages/airflow/example_dags/example_inlet_event_extra.py
[2025-03-02T00:45:55.581+0000] {processor.py:914} INFO - Processing file /home/airflow/.local/lib/python3.12/site-packages/airflow/example_dags/example_inlet_event_extra.py for tasks to queue
[2025-03-02T00:45:55.582+0000] {logging_mixin.py:190} INFO - [2025-03-02T00:45:55.582+0000] {dagbag.py:588} INFO - Filling up the DagBag from /home/airflow/.local/lib/python3.12/site-packages/airflow/example_dags/example_inlet_event_extra.py
[2025-03-02T00:45:56.114+0000] {processor.py:925} INFO - DAG(s) 'read_dataset_event_from_classic', 'read_dataset_event' retrieved from /home/airflow/.local/lib/python3.12/site-packages/airflow/example_dags/example_inlet_event_extra.py
[2025-03-02T00:45:56.338+0000] {logging_mixin.py:190} INFO - [2025-03-02T00:45:56.337+0000] {override.py:1911} INFO - Created Permission View: can edit on DAG:read_dataset_event_from_classic
[2025-03-02T00:45:56.347+0000] {logging_mixin.py:190} INFO - [2025-03-02T00:45:56.347+0000] {override.py:1911} INFO - Created Permission View: can read on DAG:read_dataset_event_from_classic
[2025-03-02T00:45:56.352+0000] {logging_mixin.py:190} INFO - [2025-03-02T00:45:56.352+0000] {override.py:1911} INFO - Created Permission View: can delete on DAG:read_dataset_event_from_classic
[2025-03-02T00:45:56.358+0000] {logging_mixin.py:190} INFO - [2025-03-02T00:45:56.358+0000] {override.py:1911} INFO - Created Permission View: menu access on DAG Run:read_dataset_event_from_classic
[2025-03-02T00:45:56.364+0000] {logging_mixin.py:190} INFO - [2025-03-02T00:45:56.364+0000] {override.py:1911} INFO - Created Permission View: can read on DAG Run:read_dataset_event_from_classic
[2025-03-02T00:45:56.370+0000] {logging_mixin.py:190} INFO - [2025-03-02T00:45:56.370+0000] {override.py:1911} INFO - Created Permission View: can delete on DAG Run:read_dataset_event_from_classic
[2025-03-02T00:45:56.376+0000] {logging_mixin.py:190} INFO - [2025-03-02T00:45:56.376+0000] {override.py:1911} INFO - Created Permission View: can create on DAG Run:read_dataset_event_from_classic
[2025-03-02T00:45:56.388+0000] {logging_mixin.py:190} INFO - [2025-03-02T00:45:56.388+0000] {override.py:1911} INFO - Created Permission View: can edit on DAG:read_dataset_event
[2025-03-02T00:45:56.394+0000] {logging_mixin.py:190} INFO - [2025-03-02T00:45:56.394+0000] {override.py:1911} INFO - Created Permission View: can read on DAG:read_dataset_event
[2025-03-02T00:45:56.400+0000] {logging_mixin.py:190} INFO - [2025-03-02T00:45:56.400+0000] {override.py:1911} INFO - Created Permission View: can delete on DAG:read_dataset_event
[2025-03-02T00:45:56.406+0000] {logging_mixin.py:190} INFO - [2025-03-02T00:45:56.405+0000] {override.py:1911} INFO - Created Permission View: menu access on DAG Run:read_dataset_event
[2025-03-02T00:45:56.411+0000] {logging_mixin.py:190} INFO - [2025-03-02T00:45:56.411+0000] {override.py:1911} INFO - Created Permission View: can read on DAG Run:read_dataset_event
[2025-03-02T00:45:56.417+0000] {logging_mixin.py:190} INFO - [2025-03-02T00:45:56.416+0000] {override.py:1911} INFO - Created Permission View: can delete on DAG Run:read_dataset_event
[2025-03-02T00:45:56.422+0000] {logging_mixin.py:190} INFO - [2025-03-02T00:45:56.422+0000] {override.py:1911} INFO - Created Permission View: can create on DAG Run:read_dataset_event
[2025-03-02T00:45:56.423+0000] {logging_mixin.py:190} INFO - [2025-03-02T00:45:56.423+0000] {dag.py:3239} INFO - Sync 2 DAGs
[2025-03-02T00:45:56.441+0000] {logging_mixin.py:190} INFO - [2025-03-02T00:45:56.441+0000] {dag.py:3262} INFO - Creating ORM DAG for read_dataset_event_from_classic
[2025-03-02T00:45:56.442+0000] {logging_mixin.py:190} INFO - [2025-03-02T00:45:56.442+0000] {dag.py:3262} INFO - Creating ORM DAG for read_dataset_event
[2025-03-02T00:45:56.455+0000] {logging_mixin.py:190} INFO - [2025-03-02T00:45:56.455+0000] {dag.py:4180} INFO - Setting next_dagrun for read_dataset_event to 2025-03-01 00:00:00+00:00, run_after=2025-03-02 00:00:00+00:00
[2025-03-02T00:45:56.458+0000] {logging_mixin.py:190} INFO - [2025-03-02T00:45:56.457+0000] {dag.py:4180} INFO - Setting next_dagrun for read_dataset_event_from_classic to 2025-03-01 00:00:00+00:00, run_after=2025-03-02 00:00:00+00:00
[2025-03-02T00:45:56.475+0000] {processor.py:208} INFO - Processing /home/airflow/.local/lib/python3.12/site-packages/airflow/example_dags/example_inlet_event_extra.py took 0.899 seconds
[2025-03-02T00:46:26.863+0000] {processor.py:186} INFO - Started process (PID=166) to work on /home/airflow/.local/lib/python3.12/site-packages/airflow/example_dags/example_inlet_event_extra.py
[2025-03-02T00:46:26.864+0000] {processor.py:914} INFO - Processing file /home/airflow/.local/lib/python3.12/site-packages/airflow/example_dags/example_inlet_event_extra.py for tasks to queue
[2025-03-02T00:46:26.865+0000] {logging_mixin.py:190} INFO - [2025-03-02T00:46:26.865+0000] {dagbag.py:588} INFO - Filling up the DagBag from /home/airflow/.local/lib/python3.12/site-packages/airflow/example_dags/example_inlet_event_extra.py
[2025-03-02T00:46:27.375+0000] {processor.py:925} INFO - DAG(s) 'read_dataset_event_from_classic', 'read_dataset_event' retrieved from /home/airflow/.local/lib/python3.12/site-packages/airflow/example_dags/example_inlet_event_extra.py
[2025-03-02T00:46:27.393+0000] {logging_mixin.py:190} INFO - [2025-03-02T00:46:27.393+0000] {dag.py:3239} INFO - Sync 2 DAGs
[2025-03-02T00:46:27.412+0000] {logging_mixin.py:190} INFO - [2025-03-02T00:46:27.412+0000] {dag.py:4180} INFO - Setting next_dagrun for read_dataset_event to 2025-03-01 00:00:00+00:00, run_after=2025-03-02 00:00:00+00:00
[2025-03-02T00:46:27.416+0000] {logging_mixin.py:190} INFO - [2025-03-02T00:46:27.416+0000] {dag.py:4180} INFO - Setting next_dagrun for read_dataset_event_from_classic to 2025-03-01 00:00:00+00:00, run_after=2025-03-02 00:00:00+00:00
[2025-03-02T00:46:27.427+0000] {processor.py:208} INFO - Processing /home/airflow/.local/lib/python3.12/site-packages/airflow/example_dags/example_inlet_event_extra.py took 0.568 seconds
[2025-03-02T00:46:57.594+0000] {processor.py:186} INFO - Started process (PID=229) to work on /home/airflow/.local/lib/python3.12/site-packages/airflow/example_dags/example_inlet_event_extra.py
[2025-03-02T00:46:57.595+0000] {processor.py:914} INFO - Processing file /home/airflow/.local/lib/python3.12/site-packages/airflow/example_dags/example_inlet_event_extra.py for tasks to queue
[2025-03-02T00:46:57.597+0000] {logging_mixin.py:190} INFO - [2025-03-02T00:46:57.596+0000] {dagbag.py:588} INFO - Filling up the DagBag from /home/airflow/.local/lib/python3.12/site-packages/airflow/example_dags/example_inlet_event_extra.py
[2025-03-02T00:46:58.164+0000] {processor.py:925} INFO - DAG(s) 'read_dataset_event', 'read_dataset_event_from_classic' retrieved from /home/airflow/.local/lib/python3.12/site-packages/airflow/example_dags/example_inlet_event_extra.py
[2025-03-02T00:46:58.184+0000] {logging_mixin.py:190} INFO - [2025-03-02T00:46:58.183+0000] {dag.py:3239} INFO - Sync 2 DAGs
[2025-03-02T00:46:58.208+0000] {logging_mixin.py:190} INFO - [2025-03-02T00:46:58.207+0000] {dag.py:4180} INFO - Setting next_dagrun for read_dataset_event to 2025-03-01 00:00:00+00:00, run_after=2025-03-02 00:00:00+00:00
[2025-03-02T00:46:58.213+0000] {logging_mixin.py:190} INFO - [2025-03-02T00:46:58.213+0000] {dag.py:4180} INFO - Setting next_dagrun for read_dataset_event_from_classic to 2025-03-01 00:00:00+00:00, run_after=2025-03-02 00:00:00+00:00
[2025-03-02T00:46:58.228+0000] {processor.py:208} INFO - Processing /home/airflow/.local/lib/python3.12/site-packages/airflow/example_dags/example_inlet_event_extra.py took 0.640 seconds
[2025-03-02T00:47:29.159+0000] {processor.py:186} INFO - Started process (PID=292) to work on /home/airflow/.local/lib/python3.12/site-packages/airflow/example_dags/example_inlet_event_extra.py
[2025-03-02T00:47:29.160+0000] {processor.py:914} INFO - Processing file /home/airflow/.local/lib/python3.12/site-packages/airflow/example_dags/example_inlet_event_extra.py for tasks to queue
[2025-03-02T00:47:29.161+0000] {logging_mixin.py:190} INFO - [2025-03-02T00:47:29.161+0000] {dagbag.py:588} INFO - Filling up the DagBag from /home/airflow/.local/lib/python3.12/site-packages/airflow/example_dags/example_inlet_event_extra.py
[2025-03-02T00:47:29.743+0000] {processor.py:925} INFO - DAG(s) 'read_dataset_event', 'read_dataset_event_from_classic' retrieved from /home/airflow/.local/lib/python3.12/site-packages/airflow/example_dags/example_inlet_event_extra.py
[2025-03-02T00:47:29.759+0000] {logging_mixin.py:190} INFO - [2025-03-02T00:47:29.759+0000] {dag.py:3239} INFO - Sync 2 DAGs
[2025-03-02T00:47:29.784+0000] {logging_mixin.py:190} INFO - [2025-03-02T00:47:29.784+0000] {dag.py:4180} INFO - Setting next_dagrun for read_dataset_event to 2025-03-01 00:00:00+00:00, run_after=2025-03-02 00:00:00+00:00
[2025-03-02T00:47:29.791+0000] {logging_mixin.py:190} INFO - [2025-03-02T00:47:29.790+0000] {dag.py:4180} INFO - Setting next_dagrun for read_dataset_event_from_classic to 2025-03-01 00:00:00+00:00, run_after=2025-03-02 00:00:00+00:00
[2025-03-02T00:47:29.805+0000] {processor.py:208} INFO - Processing /home/airflow/.local/lib/python3.12/site-packages/airflow/example_dags/example_inlet_event_extra.py took 0.650 seconds
[2025-03-02T00:48:00.711+0000] {processor.py:186} INFO - Started process (PID=360) to work on /home/airflow/.local/lib/python3.12/site-packages/airflow/example_dags/example_inlet_event_extra.py
[2025-03-02T00:48:00.712+0000] {processor.py:914} INFO - Processing file /home/airflow/.local/lib/python3.12/site-packages/airflow/example_dags/example_inlet_event_extra.py for tasks to queue
[2025-03-02T00:48:00.714+0000] {logging_mixin.py:190} INFO - [2025-03-02T00:48:00.713+0000] {dagbag.py:588} INFO - Filling up the DagBag from /home/airflow/.local/lib/python3.12/site-packages/airflow/example_dags/example_inlet_event_extra.py
[2025-03-02T00:48:01.311+0000] {processor.py:925} INFO - DAG(s) 'read_dataset_event_from_classic', 'read_dataset_event' retrieved from /home/airflow/.local/lib/python3.12/site-packages/airflow/example_dags/example_inlet_event_extra.py
[2025-03-02T00:48:01.326+0000] {logging_mixin.py:190} INFO - [2025-03-02T00:48:01.326+0000] {dag.py:3239} INFO - Sync 2 DAGs
[2025-03-02T00:48:01.345+0000] {logging_mixin.py:190} INFO - [2025-03-02T00:48:01.344+0000] {dag.py:4180} INFO - Setting next_dagrun for read_dataset_event to 2025-03-01 00:00:00+00:00, run_after=2025-03-02 00:00:00+00:00
[2025-03-02T00:48:01.348+0000] {logging_mixin.py:190} INFO - [2025-03-02T00:48:01.348+0000] {dag.py:4180} INFO - Setting next_dagrun for read_dataset_event_from_classic to 2025-03-01 00:00:00+00:00, run_after=2025-03-02 00:00:00+00:00
[2025-03-02T00:48:01.359+0000] {processor.py:208} INFO - Processing /home/airflow/.local/lib/python3.12/site-packages/airflow/example_dags/example_inlet_event_extra.py took 0.653 seconds
[2025-03-02T00:48:31.514+0000] {processor.py:186} INFO - Started process (PID=421) to work on /home/airflow/.local/lib/python3.12/site-packages/airflow/example_dags/example_inlet_event_extra.py
[2025-03-02T00:48:31.515+0000] {processor.py:914} INFO - Processing file /home/airflow/.local/lib/python3.12/site-packages/airflow/example_dags/example_inlet_event_extra.py for tasks to queue
[2025-03-02T00:48:31.516+0000] {logging_mixin.py:190} INFO - [2025-03-02T00:48:31.516+0000] {dagbag.py:588} INFO - Filling up the DagBag from /home/airflow/.local/lib/python3.12/site-packages/airflow/example_dags/example_inlet_event_extra.py
[2025-03-02T00:48:32.014+0000] {processor.py:925} INFO - DAG(s) 'read_dataset_event', 'read_dataset_event_from_classic' retrieved from /home/airflow/.local/lib/python3.12/site-packages/airflow/example_dags/example_inlet_event_extra.py
[2025-03-02T00:48:32.029+0000] {logging_mixin.py:190} INFO - [2025-03-02T00:48:32.029+0000] {dag.py:3239} INFO - Sync 2 DAGs
[2025-03-02T00:48:32.048+0000] {logging_mixin.py:190} INFO - [2025-03-02T00:48:32.048+0000] {dag.py:4180} INFO - Setting next_dagrun for read_dataset_event to 2025-03-01 00:00:00+00:00, run_after=2025-03-02 00:00:00+00:00
[2025-03-02T00:48:32.052+0000] {logging_mixin.py:190} INFO - [2025-03-02T00:48:32.051+0000] {dag.py:4180} INFO - Setting next_dagrun for read_dataset_event_from_classic to 2025-03-01 00:00:00+00:00, run_after=2025-03-02 00:00:00+00:00
[2025-03-02T00:48:32.062+0000] {processor.py:208} INFO - Processing /home/airflow/.local/lib/python3.12/site-packages/airflow/example_dags/example_inlet_event_extra.py took 0.552 seconds
[2025-03-02T00:49:02.887+0000] {processor.py:186} INFO - Started process (PID=485) to work on /home/airflow/.local/lib/python3.12/site-packages/airflow/example_dags/example_inlet_event_extra.py
[2025-03-02T00:49:02.888+0000] {processor.py:914} INFO - Processing file /home/airflow/.local/lib/python3.12/site-packages/airflow/example_dags/example_inlet_event_extra.py for tasks to queue
[2025-03-02T00:49:02.890+0000] {logging_mixin.py:190} INFO - [2025-03-02T00:49:02.889+0000] {dagbag.py:588} INFO - Filling up the DagBag from /home/airflow/.local/lib/python3.12/site-packages/airflow/example_dags/example_inlet_event_extra.py
[2025-03-02T00:49:03.520+0000] {processor.py:925} INFO - DAG(s) 'read_dataset_event', 'read_dataset_event_from_classic' retrieved from /home/airflow/.local/lib/python3.12/site-packages/airflow/example_dags/example_inlet_event_extra.py
[2025-03-02T00:49:03.542+0000] {logging_mixin.py:190} INFO - [2025-03-02T00:49:03.542+0000] {dag.py:3239} INFO - Sync 2 DAGs
[2025-03-02T00:49:03.570+0000] {logging_mixin.py:190} INFO - [2025-03-02T00:49:03.569+0000] {dag.py:4180} INFO - Setting next_dagrun for read_dataset_event to 2025-03-01 00:00:00+00:00, run_after=2025-03-02 00:00:00+00:00
[2025-03-02T00:49:03.575+0000] {logging_mixin.py:190} INFO - [2025-03-02T00:49:03.575+0000] {dag.py:4180} INFO - Setting next_dagrun for read_dataset_event_from_classic to 2025-03-01 00:00:00+00:00, run_after=2025-03-02 00:00:00+00:00
[2025-03-02T00:49:03.588+0000] {processor.py:208} INFO - Processing /home/airflow/.local/lib/python3.12/site-packages/airflow/example_dags/example_inlet_event_extra.py took 0.705 seconds
[2025-03-02T00:49:33.858+0000] {processor.py:186} INFO - Started process (PID=550) to work on /home/airflow/.local/lib/python3.12/site-packages/airflow/example_dags/example_inlet_event_extra.py
[2025-03-02T00:49:33.859+0000] {processor.py:914} INFO - Processing file /home/airflow/.local/lib/python3.12/site-packages/airflow/example_dags/example_inlet_event_extra.py for tasks to queue
[2025-03-02T00:49:33.861+0000] {logging_mixin.py:190} INFO - [2025-03-02T00:49:33.860+0000] {dagbag.py:588} INFO - Filling up the DagBag from /home/airflow/.local/lib/python3.12/site-packages/airflow/example_dags/example_inlet_event_extra.py
[2025-03-02T00:49:34.452+0000] {processor.py:925} INFO - DAG(s) 'read_dataset_event_from_classic', 'read_dataset_event' retrieved from /home/airflow/.local/lib/python3.12/site-packages/airflow/example_dags/example_inlet_event_extra.py
[2025-03-02T00:49:34.474+0000] {logging_mixin.py:190} INFO - [2025-03-02T00:49:34.473+0000] {dag.py:3239} INFO - Sync 2 DAGs
[2025-03-02T00:49:34.506+0000] {logging_mixin.py:190} INFO - [2025-03-02T00:49:34.506+0000] {dag.py:4180} INFO - Setting next_dagrun for read_dataset_event to 2025-03-01 00:00:00+00:00, run_after=2025-03-02 00:00:00+00:00
[2025-03-02T00:49:34.511+0000] {logging_mixin.py:190} INFO - [2025-03-02T00:49:34.511+0000] {dag.py:4180} INFO - Setting next_dagrun for read_dataset_event_from_classic to 2025-03-01 00:00:00+00:00, run_after=2025-03-02 00:00:00+00:00
[2025-03-02T00:49:34.524+0000] {processor.py:208} INFO - Processing /home/airflow/.local/lib/python3.12/site-packages/airflow/example_dags/example_inlet_event_extra.py took 0.669 seconds
[2025-03-02T00:50:04.730+0000] {processor.py:186} INFO - Started process (PID=617) to work on /home/airflow/.local/lib/python3.12/site-packages/airflow/example_dags/example_inlet_event_extra.py
[2025-03-02T00:50:04.731+0000] {processor.py:914} INFO - Processing file /home/airflow/.local/lib/python3.12/site-packages/airflow/example_dags/example_inlet_event_extra.py for tasks to queue
[2025-03-02T00:50:04.733+0000] {logging_mixin.py:190} INFO - [2025-03-02T00:50:04.733+0000] {dagbag.py:588} INFO - Filling up the DagBag from /home/airflow/.local/lib/python3.12/site-packages/airflow/example_dags/example_inlet_event_extra.py
[2025-03-02T00:50:05.272+0000] {processor.py:925} INFO - DAG(s) 'read_dataset_event_from_classic', 'read_dataset_event' retrieved from /home/airflow/.local/lib/python3.12/site-packages/airflow/example_dags/example_inlet_event_extra.py
[2025-03-02T00:50:05.291+0000] {logging_mixin.py:190} INFO - [2025-03-02T00:50:05.290+0000] {dag.py:3239} INFO - Sync 2 DAGs
[2025-03-02T00:50:05.317+0000] {logging_mixin.py:190} INFO - [2025-03-02T00:50:05.317+0000] {dag.py:4180} INFO - Setting next_dagrun for read_dataset_event to 2025-03-01 00:00:00+00:00, run_after=2025-03-02 00:00:00+00:00
[2025-03-02T00:50:05.322+0000] {logging_mixin.py:190} INFO - [2025-03-02T00:50:05.322+0000] {dag.py:4180} INFO - Setting next_dagrun for read_dataset_event_from_classic to 2025-03-01 00:00:00+00:00, run_after=2025-03-02 00:00:00+00:00
[2025-03-02T00:50:05.337+0000] {processor.py:208} INFO - Processing /home/airflow/.local/lib/python3.12/site-packages/airflow/example_dags/example_inlet_event_extra.py took 0.612 seconds
[2025-03-02T00:50:35.846+0000] {processor.py:186} INFO - Started process (PID=677) to work on /home/airflow/.local/lib/python3.12/site-packages/airflow/example_dags/example_inlet_event_extra.py
[2025-03-02T00:50:35.846+0000] {processor.py:914} INFO - Processing file /home/airflow/.local/lib/python3.12/site-packages/airflow/example_dags/example_inlet_event_extra.py for tasks to queue
[2025-03-02T00:50:35.848+0000] {logging_mixin.py:190} INFO - [2025-03-02T00:50:35.848+0000] {dagbag.py:588} INFO - Filling up the DagBag from /home/airflow/.local/lib/python3.12/site-packages/airflow/example_dags/example_inlet_event_extra.py
[2025-03-02T00:50:36.518+0000] {processor.py:925} INFO - DAG(s) 'read_dataset_event', 'read_dataset_event_from_classic' retrieved from /home/airflow/.local/lib/python3.12/site-packages/airflow/example_dags/example_inlet_event_extra.py
[2025-03-02T00:50:36.534+0000] {logging_mixin.py:190} INFO - [2025-03-02T00:50:36.534+0000] {dag.py:3239} INFO - Sync 2 DAGs
[2025-03-02T00:50:36.553+0000] {logging_mixin.py:190} INFO - [2025-03-02T00:50:36.552+0000] {dag.py:4180} INFO - Setting next_dagrun for read_dataset_event to 2025-03-01 00:00:00+00:00, run_after=2025-03-02 00:00:00+00:00
[2025-03-02T00:50:36.557+0000] {logging_mixin.py:190} INFO - [2025-03-02T00:50:36.556+0000] {dag.py:4180} INFO - Setting next_dagrun for read_dataset_event_from_classic to 2025-03-01 00:00:00+00:00, run_after=2025-03-02 00:00:00+00:00
[2025-03-02T00:50:36.571+0000] {processor.py:208} INFO - Processing /home/airflow/.local/lib/python3.12/site-packages/airflow/example_dags/example_inlet_event_extra.py took 0.730 seconds
[2025-03-02T00:51:06.937+0000] {processor.py:186} INFO - Started process (PID=741) to work on /home/airflow/.local/lib/python3.12/site-packages/airflow/example_dags/example_inlet_event_extra.py
[2025-03-02T00:51:06.937+0000] {processor.py:914} INFO - Processing file /home/airflow/.local/lib/python3.12/site-packages/airflow/example_dags/example_inlet_event_extra.py for tasks to queue
[2025-03-02T00:51:06.940+0000] {logging_mixin.py:190} INFO - [2025-03-02T00:51:06.939+0000] {dagbag.py:588} INFO - Filling up the DagBag from /home/airflow/.local/lib/python3.12/site-packages/airflow/example_dags/example_inlet_event_extra.py
[2025-03-02T00:51:07.608+0000] {processor.py:925} INFO - DAG(s) 'read_dataset_event', 'read_dataset_event_from_classic' retrieved from /home/airflow/.local/lib/python3.12/site-packages/airflow/example_dags/example_inlet_event_extra.py
[2025-03-02T00:51:07.631+0000] {logging_mixin.py:190} INFO - [2025-03-02T00:51:07.631+0000] {dag.py:3239} INFO - Sync 2 DAGs
[2025-03-02T00:51:07.671+0000] {logging_mixin.py:190} INFO - [2025-03-02T00:51:07.671+0000] {dag.py:4180} INFO - Setting next_dagrun for read_dataset_event to 2025-03-01 00:00:00+00:00, run_after=2025-03-02 00:00:00+00:00
[2025-03-02T00:51:07.678+0000] {logging_mixin.py:190} INFO - [2025-03-02T00:51:07.677+0000] {dag.py:4180} INFO - Setting next_dagrun for read_dataset_event_from_classic to 2025-03-01 00:00:00+00:00, run_after=2025-03-02 00:00:00+00:00
[2025-03-02T00:51:07.693+0000] {processor.py:208} INFO - Processing /home/airflow/.local/lib/python3.12/site-packages/airflow/example_dags/example_inlet_event_extra.py took 0.762 seconds
[2025-03-02T00:51:37.877+0000] {processor.py:186} INFO - Started process (PID=809) to work on /home/airflow/.local/lib/python3.12/site-packages/airflow/example_dags/example_inlet_event_extra.py
[2025-03-02T00:51:37.878+0000] {processor.py:914} INFO - Processing file /home/airflow/.local/lib/python3.12/site-packages/airflow/example_dags/example_inlet_event_extra.py for tasks to queue
[2025-03-02T00:51:37.880+0000] {logging_mixin.py:190} INFO - [2025-03-02T00:51:37.880+0000] {dagbag.py:588} INFO - Filling up the DagBag from /home/airflow/.local/lib/python3.12/site-packages/airflow/example_dags/example_inlet_event_extra.py
[2025-03-02T00:51:38.364+0000] {processor.py:925} INFO - DAG(s) 'read_dataset_event_from_classic', 'read_dataset_event' retrieved from /home/airflow/.local/lib/python3.12/site-packages/airflow/example_dags/example_inlet_event_extra.py
[2025-03-02T00:51:38.380+0000] {logging_mixin.py:190} INFO - [2025-03-02T00:51:38.380+0000] {dag.py:3239} INFO - Sync 2 DAGs
[2025-03-02T00:51:38.398+0000] {logging_mixin.py:190} INFO - [2025-03-02T00:51:38.398+0000] {dag.py:4180} INFO - Setting next_dagrun for read_dataset_event to 2025-03-01 00:00:00+00:00, run_after=2025-03-02 00:00:00+00:00
[2025-03-02T00:51:38.402+0000] {logging_mixin.py:190} INFO - [2025-03-02T00:51:38.401+0000] {dag.py:4180} INFO - Setting next_dagrun for read_dataset_event_from_classic to 2025-03-01 00:00:00+00:00, run_after=2025-03-02 00:00:00+00:00
[2025-03-02T00:51:38.412+0000] {processor.py:208} INFO - Processing /home/airflow/.local/lib/python3.12/site-packages/airflow/example_dags/example_inlet_event_extra.py took 0.539 seconds
[2025-03-02T00:52:08.651+0000] {processor.py:186} INFO - Started process (PID=873) to work on /home/airflow/.local/lib/python3.12/site-packages/airflow/example_dags/example_inlet_event_extra.py
[2025-03-02T00:52:08.652+0000] {processor.py:914} INFO - Processing file /home/airflow/.local/lib/python3.12/site-packages/airflow/example_dags/example_inlet_event_extra.py for tasks to queue
[2025-03-02T00:52:08.654+0000] {logging_mixin.py:190} INFO - [2025-03-02T00:52:08.653+0000] {dagbag.py:588} INFO - Filling up the DagBag from /home/airflow/.local/lib/python3.12/site-packages/airflow/example_dags/example_inlet_event_extra.py
[2025-03-02T00:52:09.193+0000] {processor.py:925} INFO - DAG(s) 'read_dataset_event_from_classic', 'read_dataset_event' retrieved from /home/airflow/.local/lib/python3.12/site-packages/airflow/example_dags/example_inlet_event_extra.py
[2025-03-02T00:52:09.208+0000] {logging_mixin.py:190} INFO - [2025-03-02T00:52:09.208+0000] {dag.py:3239} INFO - Sync 2 DAGs
[2025-03-02T00:52:09.228+0000] {logging_mixin.py:190} INFO - [2025-03-02T00:52:09.228+0000] {dag.py:4180} INFO - Setting next_dagrun for read_dataset_event to 2025-03-01 00:00:00+00:00, run_after=2025-03-02 00:00:00+00:00
[2025-03-02T00:52:09.232+0000] {logging_mixin.py:190} INFO - [2025-03-02T00:52:09.232+0000] {dag.py:4180} INFO - Setting next_dagrun for read_dataset_event_from_classic to 2025-03-01 00:00:00+00:00, run_after=2025-03-02 00:00:00+00:00
[2025-03-02T00:52:09.244+0000] {processor.py:208} INFO - Processing /home/airflow/.local/lib/python3.12/site-packages/airflow/example_dags/example_inlet_event_extra.py took 0.597 seconds
[2025-03-02T00:52:39.557+0000] {processor.py:186} INFO - Started process (PID=938) to work on /home/airflow/.local/lib/python3.12/site-packages/airflow/example_dags/example_inlet_event_extra.py
[2025-03-02T00:52:39.558+0000] {processor.py:914} INFO - Processing file /home/airflow/.local/lib/python3.12/site-packages/airflow/example_dags/example_inlet_event_extra.py for tasks to queue
[2025-03-02T00:52:39.559+0000] {logging_mixin.py:190} INFO - [2025-03-02T00:52:39.559+0000] {dagbag.py:588} INFO - Filling up the DagBag from /home/airflow/.local/lib/python3.12/site-packages/airflow/example_dags/example_inlet_event_extra.py
[2025-03-02T00:52:40.128+0000] {processor.py:925} INFO - DAG(s) 'read_dataset_event', 'read_dataset_event_from_classic' retrieved from /home/airflow/.local/lib/python3.12/site-packages/airflow/example_dags/example_inlet_event_extra.py
[2025-03-02T00:52:40.150+0000] {logging_mixin.py:190} INFO - [2025-03-02T00:52:40.150+0000] {dag.py:3239} INFO - Sync 2 DAGs
[2025-03-02T00:52:40.174+0000] {logging_mixin.py:190} INFO - [2025-03-02T00:52:40.173+0000] {dag.py:4180} INFO - Setting next_dagrun for read_dataset_event to 2025-03-01 00:00:00+00:00, run_after=2025-03-02 00:00:00+00:00
[2025-03-02T00:52:40.177+0000] {logging_mixin.py:190} INFO - [2025-03-02T00:52:40.177+0000] {dag.py:4180} INFO - Setting next_dagrun for read_dataset_event_from_classic to 2025-03-01 00:00:00+00:00, run_after=2025-03-02 00:00:00+00:00
[2025-03-02T00:52:40.191+0000] {processor.py:208} INFO - Processing /home/airflow/.local/lib/python3.12/site-packages/airflow/example_dags/example_inlet_event_extra.py took 0.638 seconds
[2025-03-02T00:53:10.543+0000] {processor.py:186} INFO - Started process (PID=1008) to work on /home/airflow/.local/lib/python3.12/site-packages/airflow/example_dags/example_inlet_event_extra.py
[2025-03-02T00:53:10.544+0000] {processor.py:914} INFO - Processing file /home/airflow/.local/lib/python3.12/site-packages/airflow/example_dags/example_inlet_event_extra.py for tasks to queue
[2025-03-02T00:53:10.545+0000] {logging_mixin.py:190} INFO - [2025-03-02T00:53:10.545+0000] {dagbag.py:588} INFO - Filling up the DagBag from /home/airflow/.local/lib/python3.12/site-packages/airflow/example_dags/example_inlet_event_extra.py
[2025-03-02T00:53:11.046+0000] {processor.py:925} INFO - DAG(s) 'read_dataset_event_from_classic', 'read_dataset_event' retrieved from /home/airflow/.local/lib/python3.12/site-packages/airflow/example_dags/example_inlet_event_extra.py
[2025-03-02T00:53:11.061+0000] {logging_mixin.py:190} INFO - [2025-03-02T00:53:11.061+0000] {dag.py:3239} INFO - Sync 2 DAGs
[2025-03-02T00:53:11.085+0000] {logging_mixin.py:190} INFO - [2025-03-02T00:53:11.085+0000] {dag.py:4180} INFO - Setting next_dagrun for read_dataset_event to 2025-03-01 00:00:00+00:00, run_after=2025-03-02 00:00:00+00:00
[2025-03-02T00:53:11.089+0000] {logging_mixin.py:190} INFO - [2025-03-02T00:53:11.089+0000] {dag.py:4180} INFO - Setting next_dagrun for read_dataset_event_from_classic to 2025-03-01 00:00:00+00:00, run_after=2025-03-02 00:00:00+00:00
[2025-03-02T00:53:11.099+0000] {processor.py:208} INFO - Processing /home/airflow/.local/lib/python3.12/site-packages/airflow/example_dags/example_inlet_event_extra.py took 0.560 seconds
[2025-03-02T00:53:41.405+0000] {processor.py:186} INFO - Started process (PID=1077) to work on /home/airflow/.local/lib/python3.12/site-packages/airflow/example_dags/example_inlet_event_extra.py
[2025-03-02T00:53:41.406+0000] {processor.py:914} INFO - Processing file /home/airflow/.local/lib/python3.12/site-packages/airflow/example_dags/example_inlet_event_extra.py for tasks to queue
[2025-03-02T00:53:41.408+0000] {logging_mixin.py:190} INFO - [2025-03-02T00:53:41.408+0000] {dagbag.py:588} INFO - Filling up the DagBag from /home/airflow/.local/lib/python3.12/site-packages/airflow/example_dags/example_inlet_event_extra.py
[2025-03-02T00:53:41.912+0000] {processor.py:925} INFO - DAG(s) 'read_dataset_event', 'read_dataset_event_from_classic' retrieved from /home/airflow/.local/lib/python3.12/site-packages/airflow/example_dags/example_inlet_event_extra.py
[2025-03-02T00:53:41.928+0000] {logging_mixin.py:190} INFO - [2025-03-02T00:53:41.927+0000] {dag.py:3239} INFO - Sync 2 DAGs
[2025-03-02T00:53:41.947+0000] {logging_mixin.py:190} INFO - [2025-03-02T00:53:41.947+0000] {dag.py:4180} INFO - Setting next_dagrun for read_dataset_event to 2025-03-01 00:00:00+00:00, run_after=2025-03-02 00:00:00+00:00
[2025-03-02T00:53:41.951+0000] {logging_mixin.py:190} INFO - [2025-03-02T00:53:41.951+0000] {dag.py:4180} INFO - Setting next_dagrun for read_dataset_event_from_classic to 2025-03-01 00:00:00+00:00, run_after=2025-03-02 00:00:00+00:00
[2025-03-02T00:53:41.962+0000] {processor.py:208} INFO - Processing /home/airflow/.local/lib/python3.12/site-packages/airflow/example_dags/example_inlet_event_extra.py took 0.562 seconds
[2025-03-02T00:54:12.449+0000] {processor.py:186} INFO - Started process (PID=1141) to work on /home/airflow/.local/lib/python3.12/site-packages/airflow/example_dags/example_inlet_event_extra.py
[2025-03-02T00:54:12.450+0000] {processor.py:914} INFO - Processing file /home/airflow/.local/lib/python3.12/site-packages/airflow/example_dags/example_inlet_event_extra.py for tasks to queue
[2025-03-02T00:54:12.451+0000] {logging_mixin.py:190} INFO - [2025-03-02T00:54:12.451+0000] {dagbag.py:588} INFO - Filling up the DagBag from /home/airflow/.local/lib/python3.12/site-packages/airflow/example_dags/example_inlet_event_extra.py
[2025-03-02T00:54:12.951+0000] {processor.py:925} INFO - DAG(s) 'read_dataset_event_from_classic', 'read_dataset_event' retrieved from /home/airflow/.local/lib/python3.12/site-packages/airflow/example_dags/example_inlet_event_extra.py
[2025-03-02T00:54:12.966+0000] {logging_mixin.py:190} INFO - [2025-03-02T00:54:12.966+0000] {dag.py:3239} INFO - Sync 2 DAGs
[2025-03-02T00:54:12.985+0000] {logging_mixin.py:190} INFO - [2025-03-02T00:54:12.985+0000] {dag.py:4180} INFO - Setting next_dagrun for read_dataset_event to 2025-03-01 00:00:00+00:00, run_after=2025-03-02 00:00:00+00:00
[2025-03-02T00:54:12.989+0000] {logging_mixin.py:190} INFO - [2025-03-02T00:54:12.988+0000] {dag.py:4180} INFO - Setting next_dagrun for read_dataset_event_from_classic to 2025-03-01 00:00:00+00:00, run_after=2025-03-02 00:00:00+00:00
[2025-03-02T00:54:13.000+0000] {processor.py:208} INFO - Processing /home/airflow/.local/lib/python3.12/site-packages/airflow/example_dags/example_inlet_event_extra.py took 0.555 seconds
[2025-03-02T00:54:43.244+0000] {processor.py:186} INFO - Started process (PID=1206) to work on /home/airflow/.local/lib/python3.12/site-packages/airflow/example_dags/example_inlet_event_extra.py
[2025-03-02T00:54:43.245+0000] {processor.py:914} INFO - Processing file /home/airflow/.local/lib/python3.12/site-packages/airflow/example_dags/example_inlet_event_extra.py for tasks to queue
[2025-03-02T00:54:43.246+0000] {logging_mixin.py:190} INFO - [2025-03-02T00:54:43.246+0000] {dagbag.py:588} INFO - Filling up the DagBag from /home/airflow/.local/lib/python3.12/site-packages/airflow/example_dags/example_inlet_event_extra.py
[2025-03-02T00:54:43.733+0000] {processor.py:925} INFO - DAG(s) 'read_dataset_event', 'read_dataset_event_from_classic' retrieved from /home/airflow/.local/lib/python3.12/site-packages/airflow/example_dags/example_inlet_event_extra.py
[2025-03-02T00:54:43.748+0000] {logging_mixin.py:190} INFO - [2025-03-02T00:54:43.748+0000] {dag.py:3239} INFO - Sync 2 DAGs
[2025-03-02T00:54:43.767+0000] {logging_mixin.py:190} INFO - [2025-03-02T00:54:43.766+0000] {dag.py:4180} INFO - Setting next_dagrun for read_dataset_event to 2025-03-01 00:00:00+00:00, run_after=2025-03-02 00:00:00+00:00
[2025-03-02T00:54:43.770+0000] {logging_mixin.py:190} INFO - [2025-03-02T00:54:43.770+0000] {dag.py:4180} INFO - Setting next_dagrun for read_dataset_event_from_classic to 2025-03-01 00:00:00+00:00, run_after=2025-03-02 00:00:00+00:00
[2025-03-02T00:54:43.781+0000] {processor.py:208} INFO - Processing /home/airflow/.local/lib/python3.12/site-packages/airflow/example_dags/example_inlet_event_extra.py took 0.541 seconds
[2025-03-02T00:55:15.068+0000] {processor.py:186} INFO - Started process (PID=1263) to work on /home/airflow/.local/lib/python3.12/site-packages/airflow/example_dags/example_inlet_event_extra.py
[2025-03-02T00:55:15.069+0000] {processor.py:914} INFO - Processing file /home/airflow/.local/lib/python3.12/site-packages/airflow/example_dags/example_inlet_event_extra.py for tasks to queue
[2025-03-02T00:55:15.070+0000] {logging_mixin.py:190} INFO - [2025-03-02T00:55:15.070+0000] {dagbag.py:588} INFO - Filling up the DagBag from /home/airflow/.local/lib/python3.12/site-packages/airflow/example_dags/example_inlet_event_extra.py
[2025-03-02T00:55:15.639+0000] {processor.py:925} INFO - DAG(s) 'read_dataset_event_from_classic', 'read_dataset_event' retrieved from /home/airflow/.local/lib/python3.12/site-packages/airflow/example_dags/example_inlet_event_extra.py
[2025-03-02T00:55:15.654+0000] {logging_mixin.py:190} INFO - [2025-03-02T00:55:15.654+0000] {dag.py:3239} INFO - Sync 2 DAGs
[2025-03-02T00:55:15.673+0000] {logging_mixin.py:190} INFO - [2025-03-02T00:55:15.673+0000] {dag.py:4180} INFO - Setting next_dagrun for read_dataset_event to 2025-03-01 00:00:00+00:00, run_after=2025-03-02 00:00:00+00:00
[2025-03-02T00:55:15.677+0000] {logging_mixin.py:190} INFO - [2025-03-02T00:55:15.677+0000] {dag.py:4180} INFO - Setting next_dagrun for read_dataset_event_from_classic to 2025-03-01 00:00:00+00:00, run_after=2025-03-02 00:00:00+00:00
[2025-03-02T00:55:15.688+0000] {processor.py:208} INFO - Processing /home/airflow/.local/lib/python3.12/site-packages/airflow/example_dags/example_inlet_event_extra.py took 0.624 seconds
