[2025-03-02T00:45:49.207+0000] {processor.py:186} INFO - Started process (PID=75) to work on /home/airflow/.local/lib/python3.12/site-packages/airflow/example_dags/tutorial.py
[2025-03-02T00:45:49.208+0000] {processor.py:914} INFO - Processing file /home/airflow/.local/lib/python3.12/site-packages/airflow/example_dags/tutorial.py for tasks to queue
[2025-03-02T00:45:49.209+0000] {logging_mixin.py:190} INFO - [2025-03-02T00:45:49.209+0000] {dagbag.py:588} INFO - Filling up the DagBag from /home/airflow/.local/lib/python3.12/site-packages/airflow/example_dags/tutorial.py
[2025-03-02T00:45:49.218+0000] {processor.py:925} INFO - DAG(s) 'tutorial' retrieved from /home/airflow/.local/lib/python3.12/site-packages/airflow/example_dags/tutorial.py
[2025-03-02T00:45:49.383+0000] {logging_mixin.py:190} INFO - [2025-03-02T00:45:49.382+0000] {override.py:1911} INFO - Created Permission View: can edit on DAG:tutorial
[2025-03-02T00:45:49.407+0000] {logging_mixin.py:190} INFO - [2025-03-02T00:45:49.407+0000] {override.py:1911} INFO - Created Permission View: can read on DAG:tutorial
[2025-03-02T00:45:49.413+0000] {logging_mixin.py:190} INFO - [2025-03-02T00:45:49.413+0000] {override.py:1911} INFO - Created Permission View: can delete on DAG:tutorial
[2025-03-02T00:45:49.424+0000] {logging_mixin.py:190} INFO - [2025-03-02T00:45:49.423+0000] {override.py:1911} INFO - Created Permission View: menu access on DAG Run:tutorial
[2025-03-02T00:45:49.429+0000] {logging_mixin.py:190} INFO - [2025-03-02T00:45:49.429+0000] {override.py:1911} INFO - Created Permission View: can read on DAG Run:tutorial
[2025-03-02T00:45:49.440+0000] {logging_mixin.py:190} INFO - [2025-03-02T00:45:49.439+0000] {override.py:1911} INFO - Created Permission View: can delete on DAG Run:tutorial
[2025-03-02T00:45:49.451+0000] {logging_mixin.py:190} INFO - [2025-03-02T00:45:49.450+0000] {override.py:1911} INFO - Created Permission View: can create on DAG Run:tutorial
[2025-03-02T00:45:49.451+0000] {logging_mixin.py:190} INFO - [2025-03-02T00:45:49.451+0000] {dag.py:3239} INFO - Sync 1 DAGs
[2025-03-02T00:45:49.465+0000] {logging_mixin.py:190} INFO - [2025-03-02T00:45:49.465+0000] {dag.py:3262} INFO - Creating ORM DAG for tutorial
[2025-03-02T00:45:49.475+0000] {logging_mixin.py:190} INFO - [2025-03-02T00:45:49.475+0000] {dag.py:4180} INFO - Setting next_dagrun for tutorial to 2025-03-01 00:00:00+00:00, run_after=2025-03-02 00:00:00+00:00
[2025-03-02T00:45:49.490+0000] {processor.py:208} INFO - Processing /home/airflow/.local/lib/python3.12/site-packages/airflow/example_dags/tutorial.py took 0.293 seconds
[2025-03-02T00:46:19.703+0000] {processor.py:186} INFO - Started process (PID=139) to work on /home/airflow/.local/lib/python3.12/site-packages/airflow/example_dags/tutorial.py
[2025-03-02T00:46:19.704+0000] {processor.py:914} INFO - Processing file /home/airflow/.local/lib/python3.12/site-packages/airflow/example_dags/tutorial.py for tasks to queue
[2025-03-02T00:46:19.706+0000] {logging_mixin.py:190} INFO - [2025-03-02T00:46:19.706+0000] {dagbag.py:588} INFO - Filling up the DagBag from /home/airflow/.local/lib/python3.12/site-packages/airflow/example_dags/tutorial.py
[2025-03-02T00:46:19.713+0000] {processor.py:925} INFO - DAG(s) 'tutorial' retrieved from /home/airflow/.local/lib/python3.12/site-packages/airflow/example_dags/tutorial.py
[2025-03-02T00:46:19.729+0000] {logging_mixin.py:190} INFO - [2025-03-02T00:46:19.729+0000] {dag.py:3239} INFO - Sync 1 DAGs
[2025-03-02T00:46:19.748+0000] {logging_mixin.py:190} INFO - [2025-03-02T00:46:19.748+0000] {dag.py:4180} INFO - Setting next_dagrun for tutorial to 2025-03-01 00:00:00+00:00, run_after=2025-03-02 00:00:00+00:00
[2025-03-02T00:46:19.762+0000] {processor.py:208} INFO - Processing /home/airflow/.local/lib/python3.12/site-packages/airflow/example_dags/tutorial.py took 0.065 seconds
[2025-03-02T00:46:50.511+0000] {processor.py:186} INFO - Started process (PID=202) to work on /home/airflow/.local/lib/python3.12/site-packages/airflow/example_dags/tutorial.py
[2025-03-02T00:46:50.512+0000] {processor.py:914} INFO - Processing file /home/airflow/.local/lib/python3.12/site-packages/airflow/example_dags/tutorial.py for tasks to queue
[2025-03-02T00:46:50.513+0000] {logging_mixin.py:190} INFO - [2025-03-02T00:46:50.513+0000] {dagbag.py:588} INFO - Filling up the DagBag from /home/airflow/.local/lib/python3.12/site-packages/airflow/example_dags/tutorial.py
[2025-03-02T00:46:50.521+0000] {processor.py:925} INFO - DAG(s) 'tutorial' retrieved from /home/airflow/.local/lib/python3.12/site-packages/airflow/example_dags/tutorial.py
[2025-03-02T00:46:50.541+0000] {logging_mixin.py:190} INFO - [2025-03-02T00:46:50.540+0000] {dag.py:3239} INFO - Sync 1 DAGs
[2025-03-02T00:46:50.568+0000] {logging_mixin.py:190} INFO - [2025-03-02T00:46:50.567+0000] {dag.py:4180} INFO - Setting next_dagrun for tutorial to 2025-03-01 00:00:00+00:00, run_after=2025-03-02 00:00:00+00:00
[2025-03-02T00:46:50.585+0000] {processor.py:208} INFO - Processing /home/airflow/.local/lib/python3.12/site-packages/airflow/example_dags/tutorial.py took 0.080 seconds
[2025-03-02T00:47:20.738+0000] {processor.py:186} INFO - Started process (PID=265) to work on /home/airflow/.local/lib/python3.12/site-packages/airflow/example_dags/tutorial.py
[2025-03-02T00:47:20.739+0000] {processor.py:914} INFO - Processing file /home/airflow/.local/lib/python3.12/site-packages/airflow/example_dags/tutorial.py for tasks to queue
[2025-03-02T00:47:20.740+0000] {logging_mixin.py:190} INFO - [2025-03-02T00:47:20.740+0000] {dagbag.py:588} INFO - Filling up the DagBag from /home/airflow/.local/lib/python3.12/site-packages/airflow/example_dags/tutorial.py
[2025-03-02T00:47:20.746+0000] {processor.py:925} INFO - DAG(s) 'tutorial' retrieved from /home/airflow/.local/lib/python3.12/site-packages/airflow/example_dags/tutorial.py
[2025-03-02T00:47:20.764+0000] {logging_mixin.py:190} INFO - [2025-03-02T00:47:20.764+0000] {dag.py:3239} INFO - Sync 1 DAGs
[2025-03-02T00:47:20.788+0000] {logging_mixin.py:190} INFO - [2025-03-02T00:47:20.787+0000] {dag.py:4180} INFO - Setting next_dagrun for tutorial to 2025-03-01 00:00:00+00:00, run_after=2025-03-02 00:00:00+00:00
[2025-03-02T00:47:20.803+0000] {processor.py:208} INFO - Processing /home/airflow/.local/lib/python3.12/site-packages/airflow/example_dags/tutorial.py took 0.070 seconds
[2025-03-02T00:47:50.916+0000] {processor.py:186} INFO - Started process (PID=328) to work on /home/airflow/.local/lib/python3.12/site-packages/airflow/example_dags/tutorial.py
[2025-03-02T00:47:50.917+0000] {processor.py:914} INFO - Processing file /home/airflow/.local/lib/python3.12/site-packages/airflow/example_dags/tutorial.py for tasks to queue
[2025-03-02T00:47:50.919+0000] {logging_mixin.py:190} INFO - [2025-03-02T00:47:50.918+0000] {dagbag.py:588} INFO - Filling up the DagBag from /home/airflow/.local/lib/python3.12/site-packages/airflow/example_dags/tutorial.py
[2025-03-02T00:47:50.927+0000] {processor.py:925} INFO - DAG(s) 'tutorial' retrieved from /home/airflow/.local/lib/python3.12/site-packages/airflow/example_dags/tutorial.py
[2025-03-02T00:47:50.949+0000] {logging_mixin.py:190} INFO - [2025-03-02T00:47:50.949+0000] {dag.py:3239} INFO - Sync 1 DAGs
[2025-03-02T00:47:50.975+0000] {logging_mixin.py:190} INFO - [2025-03-02T00:47:50.975+0000] {dag.py:4180} INFO - Setting next_dagrun for tutorial to 2025-03-01 00:00:00+00:00, run_after=2025-03-02 00:00:00+00:00
[2025-03-02T00:47:50.992+0000] {processor.py:208} INFO - Processing /home/airflow/.local/lib/python3.12/site-packages/airflow/example_dags/tutorial.py took 0.082 seconds
[2025-03-02T00:48:21.048+0000] {processor.py:186} INFO - Started process (PID=391) to work on /home/airflow/.local/lib/python3.12/site-packages/airflow/example_dags/tutorial.py
[2025-03-02T00:48:21.049+0000] {processor.py:914} INFO - Processing file /home/airflow/.local/lib/python3.12/site-packages/airflow/example_dags/tutorial.py for tasks to queue
[2025-03-02T00:48:21.051+0000] {logging_mixin.py:190} INFO - [2025-03-02T00:48:21.050+0000] {dagbag.py:588} INFO - Filling up the DagBag from /home/airflow/.local/lib/python3.12/site-packages/airflow/example_dags/tutorial.py
[2025-03-02T00:48:21.058+0000] {processor.py:925} INFO - DAG(s) 'tutorial' retrieved from /home/airflow/.local/lib/python3.12/site-packages/airflow/example_dags/tutorial.py
[2025-03-02T00:48:21.074+0000] {logging_mixin.py:190} INFO - [2025-03-02T00:48:21.074+0000] {dag.py:3239} INFO - Sync 1 DAGs
[2025-03-02T00:48:21.092+0000] {logging_mixin.py:190} INFO - [2025-03-02T00:48:21.092+0000] {dag.py:4180} INFO - Setting next_dagrun for tutorial to 2025-03-01 00:00:00+00:00, run_after=2025-03-02 00:00:00+00:00
[2025-03-02T00:48:21.106+0000] {processor.py:208} INFO - Processing /home/airflow/.local/lib/python3.12/site-packages/airflow/example_dags/tutorial.py took 0.062 seconds
[2025-03-02T00:48:51.289+0000] {processor.py:186} INFO - Started process (PID=455) to work on /home/airflow/.local/lib/python3.12/site-packages/airflow/example_dags/tutorial.py
[2025-03-02T00:48:51.289+0000] {processor.py:914} INFO - Processing file /home/airflow/.local/lib/python3.12/site-packages/airflow/example_dags/tutorial.py for tasks to queue
[2025-03-02T00:48:51.291+0000] {logging_mixin.py:190} INFO - [2025-03-02T00:48:51.291+0000] {dagbag.py:588} INFO - Filling up the DagBag from /home/airflow/.local/lib/python3.12/site-packages/airflow/example_dags/tutorial.py
[2025-03-02T00:48:51.298+0000] {processor.py:925} INFO - DAG(s) 'tutorial' retrieved from /home/airflow/.local/lib/python3.12/site-packages/airflow/example_dags/tutorial.py
[2025-03-02T00:48:51.312+0000] {logging_mixin.py:190} INFO - [2025-03-02T00:48:51.312+0000] {dag.py:3239} INFO - Sync 1 DAGs
[2025-03-02T00:48:51.329+0000] {logging_mixin.py:190} INFO - [2025-03-02T00:48:51.329+0000] {dag.py:4180} INFO - Setting next_dagrun for tutorial to 2025-03-01 00:00:00+00:00, run_after=2025-03-02 00:00:00+00:00
[2025-03-02T00:48:51.341+0000] {processor.py:208} INFO - Processing /home/airflow/.local/lib/python3.12/site-packages/airflow/example_dags/tutorial.py took 0.057 seconds
[2025-03-02T00:49:21.507+0000] {processor.py:186} INFO - Started process (PID=519) to work on /home/airflow/.local/lib/python3.12/site-packages/airflow/example_dags/tutorial.py
[2025-03-02T00:49:21.507+0000] {processor.py:914} INFO - Processing file /home/airflow/.local/lib/python3.12/site-packages/airflow/example_dags/tutorial.py for tasks to queue
[2025-03-02T00:49:21.509+0000] {logging_mixin.py:190} INFO - [2025-03-02T00:49:21.509+0000] {dagbag.py:588} INFO - Filling up the DagBag from /home/airflow/.local/lib/python3.12/site-packages/airflow/example_dags/tutorial.py
[2025-03-02T00:49:21.515+0000] {processor.py:925} INFO - DAG(s) 'tutorial' retrieved from /home/airflow/.local/lib/python3.12/site-packages/airflow/example_dags/tutorial.py
[2025-03-02T00:49:21.532+0000] {logging_mixin.py:190} INFO - [2025-03-02T00:49:21.532+0000] {dag.py:3239} INFO - Sync 1 DAGs
[2025-03-02T00:49:21.551+0000] {logging_mixin.py:190} INFO - [2025-03-02T00:49:21.551+0000] {dag.py:4180} INFO - Setting next_dagrun for tutorial to 2025-03-01 00:00:00+00:00, run_after=2025-03-02 00:00:00+00:00
[2025-03-02T00:49:21.564+0000] {processor.py:208} INFO - Processing /home/airflow/.local/lib/python3.12/site-packages/airflow/example_dags/tutorial.py took 0.062 seconds
[2025-03-02T00:49:52.031+0000] {processor.py:186} INFO - Started process (PID=582) to work on /home/airflow/.local/lib/python3.12/site-packages/airflow/example_dags/tutorial.py
[2025-03-02T00:49:52.032+0000] {processor.py:914} INFO - Processing file /home/airflow/.local/lib/python3.12/site-packages/airflow/example_dags/tutorial.py for tasks to queue
[2025-03-02T00:49:52.033+0000] {logging_mixin.py:190} INFO - [2025-03-02T00:49:52.033+0000] {dagbag.py:588} INFO - Filling up the DagBag from /home/airflow/.local/lib/python3.12/site-packages/airflow/example_dags/tutorial.py
[2025-03-02T00:49:52.040+0000] {processor.py:925} INFO - DAG(s) 'tutorial' retrieved from /home/airflow/.local/lib/python3.12/site-packages/airflow/example_dags/tutorial.py
[2025-03-02T00:49:52.057+0000] {logging_mixin.py:190} INFO - [2025-03-02T00:49:52.057+0000] {dag.py:3239} INFO - Sync 1 DAGs
[2025-03-02T00:49:52.081+0000] {logging_mixin.py:190} INFO - [2025-03-02T00:49:52.080+0000] {dag.py:4180} INFO - Setting next_dagrun for tutorial to 2025-03-01 00:00:00+00:00, run_after=2025-03-02 00:00:00+00:00
[2025-03-02T00:49:52.096+0000] {processor.py:208} INFO - Processing /home/airflow/.local/lib/python3.12/site-packages/airflow/example_dags/tutorial.py took 0.070 seconds
[2025-03-02T00:50:22.592+0000] {processor.py:186} INFO - Started process (PID=645) to work on /home/airflow/.local/lib/python3.12/site-packages/airflow/example_dags/tutorial.py
[2025-03-02T00:50:22.593+0000] {processor.py:914} INFO - Processing file /home/airflow/.local/lib/python3.12/site-packages/airflow/example_dags/tutorial.py for tasks to queue
[2025-03-02T00:50:22.595+0000] {logging_mixin.py:190} INFO - [2025-03-02T00:50:22.594+0000] {dagbag.py:588} INFO - Filling up the DagBag from /home/airflow/.local/lib/python3.12/site-packages/airflow/example_dags/tutorial.py
[2025-03-02T00:50:22.601+0000] {processor.py:925} INFO - DAG(s) 'tutorial' retrieved from /home/airflow/.local/lib/python3.12/site-packages/airflow/example_dags/tutorial.py
[2025-03-02T00:50:22.616+0000] {logging_mixin.py:190} INFO - [2025-03-02T00:50:22.616+0000] {dag.py:3239} INFO - Sync 1 DAGs
[2025-03-02T00:50:22.633+0000] {logging_mixin.py:190} INFO - [2025-03-02T00:50:22.633+0000] {dag.py:4180} INFO - Setting next_dagrun for tutorial to 2025-03-01 00:00:00+00:00, run_after=2025-03-02 00:00:00+00:00
[2025-03-02T00:50:22.646+0000] {processor.py:208} INFO - Processing /home/airflow/.local/lib/python3.12/site-packages/airflow/example_dags/tutorial.py took 0.058 seconds
[2025-03-02T00:50:52.946+0000] {processor.py:186} INFO - Started process (PID=709) to work on /home/airflow/.local/lib/python3.12/site-packages/airflow/example_dags/tutorial.py
[2025-03-02T00:50:52.947+0000] {processor.py:914} INFO - Processing file /home/airflow/.local/lib/python3.12/site-packages/airflow/example_dags/tutorial.py for tasks to queue
[2025-03-02T00:50:52.948+0000] {logging_mixin.py:190} INFO - [2025-03-02T00:50:52.948+0000] {dagbag.py:588} INFO - Filling up the DagBag from /home/airflow/.local/lib/python3.12/site-packages/airflow/example_dags/tutorial.py
[2025-03-02T00:50:52.954+0000] {processor.py:925} INFO - DAG(s) 'tutorial' retrieved from /home/airflow/.local/lib/python3.12/site-packages/airflow/example_dags/tutorial.py
[2025-03-02T00:50:52.970+0000] {logging_mixin.py:190} INFO - [2025-03-02T00:50:52.970+0000] {dag.py:3239} INFO - Sync 1 DAGs
[2025-03-02T00:50:52.989+0000] {logging_mixin.py:190} INFO - [2025-03-02T00:50:52.989+0000] {dag.py:4180} INFO - Setting next_dagrun for tutorial to 2025-03-01 00:00:00+00:00, run_after=2025-03-02 00:00:00+00:00
[2025-03-02T00:50:53.005+0000] {processor.py:208} INFO - Processing /home/airflow/.local/lib/python3.12/site-packages/airflow/example_dags/tutorial.py took 0.063 seconds
[2025-03-02T00:51:23.213+0000] {processor.py:186} INFO - Started process (PID=773) to work on /home/airflow/.local/lib/python3.12/site-packages/airflow/example_dags/tutorial.py
[2025-03-02T00:51:23.213+0000] {processor.py:914} INFO - Processing file /home/airflow/.local/lib/python3.12/site-packages/airflow/example_dags/tutorial.py for tasks to queue
[2025-03-02T00:51:23.215+0000] {logging_mixin.py:190} INFO - [2025-03-02T00:51:23.214+0000] {dagbag.py:588} INFO - Filling up the DagBag from /home/airflow/.local/lib/python3.12/site-packages/airflow/example_dags/tutorial.py
[2025-03-02T00:51:23.221+0000] {processor.py:925} INFO - DAG(s) 'tutorial' retrieved from /home/airflow/.local/lib/python3.12/site-packages/airflow/example_dags/tutorial.py
[2025-03-02T00:51:23.236+0000] {logging_mixin.py:190} INFO - [2025-03-02T00:51:23.236+0000] {dag.py:3239} INFO - Sync 1 DAGs
[2025-03-02T00:51:23.255+0000] {logging_mixin.py:190} INFO - [2025-03-02T00:51:23.255+0000] {dag.py:4180} INFO - Setting next_dagrun for tutorial to 2025-03-01 00:00:00+00:00, run_after=2025-03-02 00:00:00+00:00
[2025-03-02T00:51:23.268+0000] {processor.py:208} INFO - Processing /home/airflow/.local/lib/python3.12/site-packages/airflow/example_dags/tutorial.py took 0.059 seconds
[2025-03-02T00:51:53.339+0000] {processor.py:186} INFO - Started process (PID=837) to work on /home/airflow/.local/lib/python3.12/site-packages/airflow/example_dags/tutorial.py
[2025-03-02T00:51:53.339+0000] {processor.py:914} INFO - Processing file /home/airflow/.local/lib/python3.12/site-packages/airflow/example_dags/tutorial.py for tasks to queue
[2025-03-02T00:51:53.341+0000] {logging_mixin.py:190} INFO - [2025-03-02T00:51:53.341+0000] {dagbag.py:588} INFO - Filling up the DagBag from /home/airflow/.local/lib/python3.12/site-packages/airflow/example_dags/tutorial.py
[2025-03-02T00:51:53.347+0000] {processor.py:925} INFO - DAG(s) 'tutorial' retrieved from /home/airflow/.local/lib/python3.12/site-packages/airflow/example_dags/tutorial.py
[2025-03-02T00:51:53.363+0000] {logging_mixin.py:190} INFO - [2025-03-02T00:51:53.363+0000] {dag.py:3239} INFO - Sync 1 DAGs
[2025-03-02T00:51:53.382+0000] {logging_mixin.py:190} INFO - [2025-03-02T00:51:53.382+0000] {dag.py:4180} INFO - Setting next_dagrun for tutorial to 2025-03-01 00:00:00+00:00, run_after=2025-03-02 00:00:00+00:00
[2025-03-02T00:51:53.396+0000] {processor.py:208} INFO - Processing /home/airflow/.local/lib/python3.12/site-packages/airflow/example_dags/tutorial.py took 0.063 seconds
[2025-03-02T00:52:23.499+0000] {processor.py:186} INFO - Started process (PID=902) to work on /home/airflow/.local/lib/python3.12/site-packages/airflow/example_dags/tutorial.py
[2025-03-02T00:52:23.500+0000] {processor.py:914} INFO - Processing file /home/airflow/.local/lib/python3.12/site-packages/airflow/example_dags/tutorial.py for tasks to queue
[2025-03-02T00:52:23.502+0000] {logging_mixin.py:190} INFO - [2025-03-02T00:52:23.501+0000] {dagbag.py:588} INFO - Filling up the DagBag from /home/airflow/.local/lib/python3.12/site-packages/airflow/example_dags/tutorial.py
[2025-03-02T00:52:23.508+0000] {processor.py:925} INFO - DAG(s) 'tutorial' retrieved from /home/airflow/.local/lib/python3.12/site-packages/airflow/example_dags/tutorial.py
[2025-03-02T00:52:23.524+0000] {logging_mixin.py:190} INFO - [2025-03-02T00:52:23.524+0000] {dag.py:3239} INFO - Sync 1 DAGs
[2025-03-02T00:52:23.548+0000] {logging_mixin.py:190} INFO - [2025-03-02T00:52:23.547+0000] {dag.py:4180} INFO - Setting next_dagrun for tutorial to 2025-03-01 00:00:00+00:00, run_after=2025-03-02 00:00:00+00:00
[2025-03-02T00:52:23.562+0000] {processor.py:208} INFO - Processing /home/airflow/.local/lib/python3.12/site-packages/airflow/example_dags/tutorial.py took 0.067 seconds
[2025-03-02T00:52:53.760+0000] {processor.py:186} INFO - Started process (PID=966) to work on /home/airflow/.local/lib/python3.12/site-packages/airflow/example_dags/tutorial.py
[2025-03-02T00:52:53.761+0000] {processor.py:914} INFO - Processing file /home/airflow/.local/lib/python3.12/site-packages/airflow/example_dags/tutorial.py for tasks to queue
[2025-03-02T00:52:53.762+0000] {logging_mixin.py:190} INFO - [2025-03-02T00:52:53.762+0000] {dagbag.py:588} INFO - Filling up the DagBag from /home/airflow/.local/lib/python3.12/site-packages/airflow/example_dags/tutorial.py
[2025-03-02T00:52:53.768+0000] {processor.py:925} INFO - DAG(s) 'tutorial' retrieved from /home/airflow/.local/lib/python3.12/site-packages/airflow/example_dags/tutorial.py
[2025-03-02T00:52:53.784+0000] {logging_mixin.py:190} INFO - [2025-03-02T00:52:53.783+0000] {dag.py:3239} INFO - Sync 1 DAGs
[2025-03-02T00:52:53.802+0000] {logging_mixin.py:190} INFO - [2025-03-02T00:52:53.802+0000] {dag.py:4180} INFO - Setting next_dagrun for tutorial to 2025-03-01 00:00:00+00:00, run_after=2025-03-02 00:00:00+00:00
[2025-03-02T00:52:53.815+0000] {processor.py:208} INFO - Processing /home/airflow/.local/lib/python3.12/site-packages/airflow/example_dags/tutorial.py took 0.059 seconds
[2025-03-02T00:53:24.121+0000] {processor.py:186} INFO - Started process (PID=1030) to work on /home/airflow/.local/lib/python3.12/site-packages/airflow/example_dags/tutorial.py
[2025-03-02T00:53:24.122+0000] {processor.py:914} INFO - Processing file /home/airflow/.local/lib/python3.12/site-packages/airflow/example_dags/tutorial.py for tasks to queue
[2025-03-02T00:53:24.124+0000] {logging_mixin.py:190} INFO - [2025-03-02T00:53:24.124+0000] {dagbag.py:588} INFO - Filling up the DagBag from /home/airflow/.local/lib/python3.12/site-packages/airflow/example_dags/tutorial.py
[2025-03-02T00:53:24.133+0000] {processor.py:925} INFO - DAG(s) 'tutorial' retrieved from /home/airflow/.local/lib/python3.12/site-packages/airflow/example_dags/tutorial.py
[2025-03-02T00:53:24.147+0000] {logging_mixin.py:190} INFO - [2025-03-02T00:53:24.147+0000] {dag.py:3239} INFO - Sync 1 DAGs
[2025-03-02T00:53:24.170+0000] {logging_mixin.py:190} INFO - [2025-03-02T00:53:24.170+0000] {dag.py:4180} INFO - Setting next_dagrun for tutorial to 2025-03-01 00:00:00+00:00, run_after=2025-03-02 00:00:00+00:00
[2025-03-02T00:53:24.187+0000] {processor.py:208} INFO - Processing /home/airflow/.local/lib/python3.12/site-packages/airflow/example_dags/tutorial.py took 0.073 seconds
[2025-03-02T00:53:54.613+0000] {processor.py:186} INFO - Started process (PID=1094) to work on /home/airflow/.local/lib/python3.12/site-packages/airflow/example_dags/tutorial.py
[2025-03-02T00:53:54.614+0000] {processor.py:914} INFO - Processing file /home/airflow/.local/lib/python3.12/site-packages/airflow/example_dags/tutorial.py for tasks to queue
[2025-03-02T00:53:54.616+0000] {logging_mixin.py:190} INFO - [2025-03-02T00:53:54.616+0000] {dagbag.py:588} INFO - Filling up the DagBag from /home/airflow/.local/lib/python3.12/site-packages/airflow/example_dags/tutorial.py
[2025-03-02T00:53:54.623+0000] {processor.py:925} INFO - DAG(s) 'tutorial' retrieved from /home/airflow/.local/lib/python3.12/site-packages/airflow/example_dags/tutorial.py
[2025-03-02T00:53:54.643+0000] {logging_mixin.py:190} INFO - [2025-03-02T00:53:54.643+0000] {dag.py:3239} INFO - Sync 1 DAGs
[2025-03-02T00:53:54.662+0000] {logging_mixin.py:190} INFO - [2025-03-02T00:53:54.662+0000] {dag.py:4180} INFO - Setting next_dagrun for tutorial to 2025-03-01 00:00:00+00:00, run_after=2025-03-02 00:00:00+00:00
[2025-03-02T00:53:54.676+0000] {processor.py:208} INFO - Processing /home/airflow/.local/lib/python3.12/site-packages/airflow/example_dags/tutorial.py took 0.069 seconds
[2025-03-02T00:54:25.152+0000] {processor.py:186} INFO - Started process (PID=1158) to work on /home/airflow/.local/lib/python3.12/site-packages/airflow/example_dags/tutorial.py
[2025-03-02T00:54:25.153+0000] {processor.py:914} INFO - Processing file /home/airflow/.local/lib/python3.12/site-packages/airflow/example_dags/tutorial.py for tasks to queue
[2025-03-02T00:54:25.155+0000] {logging_mixin.py:190} INFO - [2025-03-02T00:54:25.154+0000] {dagbag.py:588} INFO - Filling up the DagBag from /home/airflow/.local/lib/python3.12/site-packages/airflow/example_dags/tutorial.py
[2025-03-02T00:54:25.163+0000] {processor.py:925} INFO - DAG(s) 'tutorial' retrieved from /home/airflow/.local/lib/python3.12/site-packages/airflow/example_dags/tutorial.py
[2025-03-02T00:54:25.182+0000] {logging_mixin.py:190} INFO - [2025-03-02T00:54:25.181+0000] {dag.py:3239} INFO - Sync 1 DAGs
[2025-03-02T00:54:25.206+0000] {logging_mixin.py:190} INFO - [2025-03-02T00:54:25.206+0000] {dag.py:4180} INFO - Setting next_dagrun for tutorial to 2025-03-01 00:00:00+00:00, run_after=2025-03-02 00:00:00+00:00
[2025-03-02T00:54:25.219+0000] {processor.py:208} INFO - Processing /home/airflow/.local/lib/python3.12/site-packages/airflow/example_dags/tutorial.py took 0.071 seconds
[2025-03-02T00:54:55.759+0000] {processor.py:186} INFO - Started process (PID=1222) to work on /home/airflow/.local/lib/python3.12/site-packages/airflow/example_dags/tutorial.py
[2025-03-02T00:54:55.760+0000] {processor.py:914} INFO - Processing file /home/airflow/.local/lib/python3.12/site-packages/airflow/example_dags/tutorial.py for tasks to queue
[2025-03-02T00:54:55.762+0000] {logging_mixin.py:190} INFO - [2025-03-02T00:54:55.762+0000] {dagbag.py:588} INFO - Filling up the DagBag from /home/airflow/.local/lib/python3.12/site-packages/airflow/example_dags/tutorial.py
[2025-03-02T00:54:55.768+0000] {processor.py:925} INFO - DAG(s) 'tutorial' retrieved from /home/airflow/.local/lib/python3.12/site-packages/airflow/example_dags/tutorial.py
[2025-03-02T00:54:55.785+0000] {logging_mixin.py:190} INFO - [2025-03-02T00:54:55.785+0000] {dag.py:3239} INFO - Sync 1 DAGs
[2025-03-02T00:54:55.807+0000] {logging_mixin.py:190} INFO - [2025-03-02T00:54:55.807+0000] {dag.py:4180} INFO - Setting next_dagrun for tutorial to 2025-03-01 00:00:00+00:00, run_after=2025-03-02 00:00:00+00:00
[2025-03-02T00:54:55.821+0000] {processor.py:208} INFO - Processing /home/airflow/.local/lib/python3.12/site-packages/airflow/example_dags/tutorial.py took 0.068 seconds
