[2025-03-02T00:45:48.521+0000] {processor.py:186} INFO - Started process (PID=72) to work on /home/airflow/.local/lib/python3.12/site-packages/airflow/example_dags/tutorial_objectstorage.py
[2025-03-02T00:45:48.522+0000] {processor.py:914} INFO - Processing file /home/airflow/.local/lib/python3.12/site-packages/airflow/example_dags/tutorial_objectstorage.py for tasks to queue
[2025-03-02T00:45:48.524+0000] {logging_mixin.py:190} INFO - [2025-03-02T00:45:48.524+0000] {dagbag.py:588} INFO - Filling up the DagBag from /home/airflow/.local/lib/python3.12/site-packages/airflow/example_dags/tutorial_objectstorage.py
[2025-03-02T00:45:48.536+0000] {processor.py:925} INFO - DAG(s) 'tutorial_objectstorage' retrieved from /home/airflow/.local/lib/python3.12/site-packages/airflow/example_dags/tutorial_objectstorage.py
[2025-03-02T00:45:48.676+0000] {logging_mixin.py:190} INFO - [2025-03-02T00:45:48.675+0000] {override.py:1911} INFO - Created Permission View: can edit on DAG:tutorial_objectstorage
[2025-03-02T00:45:48.696+0000] {logging_mixin.py:190} INFO - [2025-03-02T00:45:48.696+0000] {override.py:1911} INFO - Created Permission View: can read on DAG:tutorial_objectstorage
[2025-03-02T00:45:48.720+0000] {logging_mixin.py:190} INFO - [2025-03-02T00:45:48.719+0000] {override.py:1911} INFO - Created Permission View: can delete on DAG:tutorial_objectstorage
[2025-03-02T00:45:48.731+0000] {logging_mixin.py:190} INFO - [2025-03-02T00:45:48.730+0000] {override.py:1911} INFO - Created Permission View: menu access on DAG Run:tutorial_objectstorage
[2025-03-02T00:45:48.741+0000] {logging_mixin.py:190} INFO - [2025-03-02T00:45:48.741+0000] {override.py:1911} INFO - Created Permission View: can read on DAG Run:tutorial_objectstorage
[2025-03-02T00:45:48.751+0000] {logging_mixin.py:190} INFO - [2025-03-02T00:45:48.751+0000] {override.py:1911} INFO - Created Permission View: can delete on DAG Run:tutorial_objectstorage
[2025-03-02T00:45:48.761+0000] {logging_mixin.py:190} INFO - [2025-03-02T00:45:48.761+0000] {override.py:1911} INFO - Created Permission View: can create on DAG Run:tutorial_objectstorage
[2025-03-02T00:45:48.762+0000] {logging_mixin.py:190} INFO - [2025-03-02T00:45:48.762+0000] {dag.py:3239} INFO - Sync 1 DAGs
[2025-03-02T00:45:48.786+0000] {logging_mixin.py:190} INFO - [2025-03-02T00:45:48.786+0000] {dag.py:3262} INFO - Creating ORM DAG for tutorial_objectstorage
[2025-03-02T00:45:48.787+0000] {logging_mixin.py:190} INFO - [2025-03-02T00:45:48.787+0000] {dag.py:4180} INFO - Setting next_dagrun for tutorial_objectstorage to None, run_after=None
[2025-03-02T00:45:48.823+0000] {processor.py:208} INFO - Processing /home/airflow/.local/lib/python3.12/site-packages/airflow/example_dags/tutorial_objectstorage.py took 0.308 seconds
[2025-03-02T00:46:19.582+0000] {processor.py:186} INFO - Started process (PID=136) to work on /home/airflow/.local/lib/python3.12/site-packages/airflow/example_dags/tutorial_objectstorage.py
[2025-03-02T00:46:19.583+0000] {processor.py:914} INFO - Processing file /home/airflow/.local/lib/python3.12/site-packages/airflow/example_dags/tutorial_objectstorage.py for tasks to queue
[2025-03-02T00:46:19.585+0000] {logging_mixin.py:190} INFO - [2025-03-02T00:46:19.585+0000] {dagbag.py:588} INFO - Filling up the DagBag from /home/airflow/.local/lib/python3.12/site-packages/airflow/example_dags/tutorial_objectstorage.py
[2025-03-02T00:46:19.591+0000] {processor.py:925} INFO - DAG(s) 'tutorial_objectstorage' retrieved from /home/airflow/.local/lib/python3.12/site-packages/airflow/example_dags/tutorial_objectstorage.py
[2025-03-02T00:46:19.610+0000] {logging_mixin.py:190} INFO - [2025-03-02T00:46:19.610+0000] {dag.py:3239} INFO - Sync 1 DAGs
[2025-03-02T00:46:19.625+0000] {logging_mixin.py:190} INFO - [2025-03-02T00:46:19.625+0000] {dag.py:4180} INFO - Setting next_dagrun for tutorial_objectstorage to None, run_after=None
[2025-03-02T00:46:19.640+0000] {processor.py:208} INFO - Processing /home/airflow/.local/lib/python3.12/site-packages/airflow/example_dags/tutorial_objectstorage.py took 0.063 seconds
[2025-03-02T00:46:50.398+0000] {processor.py:186} INFO - Started process (PID=199) to work on /home/airflow/.local/lib/python3.12/site-packages/airflow/example_dags/tutorial_objectstorage.py
[2025-03-02T00:46:50.399+0000] {processor.py:914} INFO - Processing file /home/airflow/.local/lib/python3.12/site-packages/airflow/example_dags/tutorial_objectstorage.py for tasks to queue
[2025-03-02T00:46:50.401+0000] {logging_mixin.py:190} INFO - [2025-03-02T00:46:50.400+0000] {dagbag.py:588} INFO - Filling up the DagBag from /home/airflow/.local/lib/python3.12/site-packages/airflow/example_dags/tutorial_objectstorage.py
[2025-03-02T00:46:50.410+0000] {processor.py:925} INFO - DAG(s) 'tutorial_objectstorage' retrieved from /home/airflow/.local/lib/python3.12/site-packages/airflow/example_dags/tutorial_objectstorage.py
[2025-03-02T00:46:50.431+0000] {logging_mixin.py:190} INFO - [2025-03-02T00:46:50.430+0000] {dag.py:3239} INFO - Sync 1 DAGs
[2025-03-02T00:46:50.448+0000] {logging_mixin.py:190} INFO - [2025-03-02T00:46:50.448+0000] {dag.py:4180} INFO - Setting next_dagrun for tutorial_objectstorage to None, run_after=None
[2025-03-02T00:46:50.466+0000] {processor.py:208} INFO - Processing /home/airflow/.local/lib/python3.12/site-packages/airflow/example_dags/tutorial_objectstorage.py took 0.073 seconds
[2025-03-02T00:47:20.643+0000] {processor.py:186} INFO - Started process (PID=262) to work on /home/airflow/.local/lib/python3.12/site-packages/airflow/example_dags/tutorial_objectstorage.py
[2025-03-02T00:47:20.644+0000] {processor.py:914} INFO - Processing file /home/airflow/.local/lib/python3.12/site-packages/airflow/example_dags/tutorial_objectstorage.py for tasks to queue
[2025-03-02T00:47:20.646+0000] {logging_mixin.py:190} INFO - [2025-03-02T00:47:20.646+0000] {dagbag.py:588} INFO - Filling up the DagBag from /home/airflow/.local/lib/python3.12/site-packages/airflow/example_dags/tutorial_objectstorage.py
[2025-03-02T00:47:20.655+0000] {processor.py:925} INFO - DAG(s) 'tutorial_objectstorage' retrieved from /home/airflow/.local/lib/python3.12/site-packages/airflow/example_dags/tutorial_objectstorage.py
[2025-03-02T00:47:20.672+0000] {logging_mixin.py:190} INFO - [2025-03-02T00:47:20.671+0000] {dag.py:3239} INFO - Sync 1 DAGs
[2025-03-02T00:47:20.687+0000] {logging_mixin.py:190} INFO - [2025-03-02T00:47:20.686+0000] {dag.py:4180} INFO - Setting next_dagrun for tutorial_objectstorage to None, run_after=None
[2025-03-02T00:47:20.702+0000] {processor.py:208} INFO - Processing /home/airflow/.local/lib/python3.12/site-packages/airflow/example_dags/tutorial_objectstorage.py took 0.065 seconds
[2025-03-02T00:47:50.802+0000] {processor.py:186} INFO - Started process (PID=325) to work on /home/airflow/.local/lib/python3.12/site-packages/airflow/example_dags/tutorial_objectstorage.py
[2025-03-02T00:47:50.803+0000] {processor.py:914} INFO - Processing file /home/airflow/.local/lib/python3.12/site-packages/airflow/example_dags/tutorial_objectstorage.py for tasks to queue
[2025-03-02T00:47:50.805+0000] {logging_mixin.py:190} INFO - [2025-03-02T00:47:50.804+0000] {dagbag.py:588} INFO - Filling up the DagBag from /home/airflow/.local/lib/python3.12/site-packages/airflow/example_dags/tutorial_objectstorage.py
[2025-03-02T00:47:50.812+0000] {processor.py:925} INFO - DAG(s) 'tutorial_objectstorage' retrieved from /home/airflow/.local/lib/python3.12/site-packages/airflow/example_dags/tutorial_objectstorage.py
[2025-03-02T00:47:50.826+0000] {logging_mixin.py:190} INFO - [2025-03-02T00:47:50.826+0000] {dag.py:3239} INFO - Sync 1 DAGs
[2025-03-02T00:47:50.843+0000] {logging_mixin.py:190} INFO - [2025-03-02T00:47:50.843+0000] {dag.py:4180} INFO - Setting next_dagrun for tutorial_objectstorage to None, run_after=None
[2025-03-02T00:47:50.861+0000] {processor.py:208} INFO - Processing /home/airflow/.local/lib/python3.12/site-packages/airflow/example_dags/tutorial_objectstorage.py took 0.065 seconds
[2025-03-02T00:48:20.958+0000] {processor.py:186} INFO - Started process (PID=388) to work on /home/airflow/.local/lib/python3.12/site-packages/airflow/example_dags/tutorial_objectstorage.py
[2025-03-02T00:48:20.958+0000] {processor.py:914} INFO - Processing file /home/airflow/.local/lib/python3.12/site-packages/airflow/example_dags/tutorial_objectstorage.py for tasks to queue
[2025-03-02T00:48:20.960+0000] {logging_mixin.py:190} INFO - [2025-03-02T00:48:20.960+0000] {dagbag.py:588} INFO - Filling up the DagBag from /home/airflow/.local/lib/python3.12/site-packages/airflow/example_dags/tutorial_objectstorage.py
[2025-03-02T00:48:20.967+0000] {processor.py:925} INFO - DAG(s) 'tutorial_objectstorage' retrieved from /home/airflow/.local/lib/python3.12/site-packages/airflow/example_dags/tutorial_objectstorage.py
[2025-03-02T00:48:20.981+0000] {logging_mixin.py:190} INFO - [2025-03-02T00:48:20.981+0000] {dag.py:3239} INFO - Sync 1 DAGs
[2025-03-02T00:48:20.995+0000] {logging_mixin.py:190} INFO - [2025-03-02T00:48:20.995+0000] {dag.py:4180} INFO - Setting next_dagrun for tutorial_objectstorage to None, run_after=None
[2025-03-02T00:48:21.008+0000] {processor.py:208} INFO - Processing /home/airflow/.local/lib/python3.12/site-packages/airflow/example_dags/tutorial_objectstorage.py took 0.055 seconds
[2025-03-02T00:48:51.105+0000] {processor.py:186} INFO - Started process (PID=452) to work on /home/airflow/.local/lib/python3.12/site-packages/airflow/example_dags/tutorial_objectstorage.py
[2025-03-02T00:48:51.106+0000] {processor.py:914} INFO - Processing file /home/airflow/.local/lib/python3.12/site-packages/airflow/example_dags/tutorial_objectstorage.py for tasks to queue
[2025-03-02T00:48:51.107+0000] {logging_mixin.py:190} INFO - [2025-03-02T00:48:51.107+0000] {dagbag.py:588} INFO - Filling up the DagBag from /home/airflow/.local/lib/python3.12/site-packages/airflow/example_dags/tutorial_objectstorage.py
[2025-03-02T00:48:51.114+0000] {processor.py:925} INFO - DAG(s) 'tutorial_objectstorage' retrieved from /home/airflow/.local/lib/python3.12/site-packages/airflow/example_dags/tutorial_objectstorage.py
[2025-03-02T00:48:51.129+0000] {logging_mixin.py:190} INFO - [2025-03-02T00:48:51.129+0000] {dag.py:3239} INFO - Sync 1 DAGs
[2025-03-02T00:48:51.140+0000] {logging_mixin.py:190} INFO - [2025-03-02T00:48:51.140+0000] {dag.py:4180} INFO - Setting next_dagrun for tutorial_objectstorage to None, run_after=None
[2025-03-02T00:48:51.152+0000] {processor.py:208} INFO - Processing /home/airflow/.local/lib/python3.12/site-packages/airflow/example_dags/tutorial_objectstorage.py took 0.052 seconds
[2025-03-02T00:49:21.330+0000] {processor.py:186} INFO - Started process (PID=516) to work on /home/airflow/.local/lib/python3.12/site-packages/airflow/example_dags/tutorial_objectstorage.py
[2025-03-02T00:49:21.330+0000] {processor.py:914} INFO - Processing file /home/airflow/.local/lib/python3.12/site-packages/airflow/example_dags/tutorial_objectstorage.py for tasks to queue
[2025-03-02T00:49:21.332+0000] {logging_mixin.py:190} INFO - [2025-03-02T00:49:21.331+0000] {dagbag.py:588} INFO - Filling up the DagBag from /home/airflow/.local/lib/python3.12/site-packages/airflow/example_dags/tutorial_objectstorage.py
[2025-03-02T00:49:21.338+0000] {processor.py:925} INFO - DAG(s) 'tutorial_objectstorage' retrieved from /home/airflow/.local/lib/python3.12/site-packages/airflow/example_dags/tutorial_objectstorage.py
[2025-03-02T00:49:21.354+0000] {logging_mixin.py:190} INFO - [2025-03-02T00:49:21.354+0000] {dag.py:3239} INFO - Sync 1 DAGs
[2025-03-02T00:49:21.369+0000] {logging_mixin.py:190} INFO - [2025-03-02T00:49:21.369+0000] {dag.py:4180} INFO - Setting next_dagrun for tutorial_objectstorage to None, run_after=None
[2025-03-02T00:49:21.384+0000] {processor.py:208} INFO - Processing /home/airflow/.local/lib/python3.12/site-packages/airflow/example_dags/tutorial_objectstorage.py took 0.059 seconds
[2025-03-02T00:49:51.864+0000] {processor.py:186} INFO - Started process (PID=579) to work on /home/airflow/.local/lib/python3.12/site-packages/airflow/example_dags/tutorial_objectstorage.py
[2025-03-02T00:49:51.865+0000] {processor.py:914} INFO - Processing file /home/airflow/.local/lib/python3.12/site-packages/airflow/example_dags/tutorial_objectstorage.py for tasks to queue
[2025-03-02T00:49:51.866+0000] {logging_mixin.py:190} INFO - [2025-03-02T00:49:51.866+0000] {dagbag.py:588} INFO - Filling up the DagBag from /home/airflow/.local/lib/python3.12/site-packages/airflow/example_dags/tutorial_objectstorage.py
[2025-03-02T00:49:51.873+0000] {processor.py:925} INFO - DAG(s) 'tutorial_objectstorage' retrieved from /home/airflow/.local/lib/python3.12/site-packages/airflow/example_dags/tutorial_objectstorage.py
[2025-03-02T00:49:51.888+0000] {logging_mixin.py:190} INFO - [2025-03-02T00:49:51.887+0000] {dag.py:3239} INFO - Sync 1 DAGs
[2025-03-02T00:49:51.899+0000] {logging_mixin.py:190} INFO - [2025-03-02T00:49:51.899+0000] {dag.py:4180} INFO - Setting next_dagrun for tutorial_objectstorage to None, run_after=None
[2025-03-02T00:49:51.915+0000] {processor.py:208} INFO - Processing /home/airflow/.local/lib/python3.12/site-packages/airflow/example_dags/tutorial_objectstorage.py took 0.055 seconds
[2025-03-02T00:50:22.422+0000] {processor.py:186} INFO - Started process (PID=642) to work on /home/airflow/.local/lib/python3.12/site-packages/airflow/example_dags/tutorial_objectstorage.py
[2025-03-02T00:50:22.423+0000] {processor.py:914} INFO - Processing file /home/airflow/.local/lib/python3.12/site-packages/airflow/example_dags/tutorial_objectstorage.py for tasks to queue
[2025-03-02T00:50:22.425+0000] {logging_mixin.py:190} INFO - [2025-03-02T00:50:22.425+0000] {dagbag.py:588} INFO - Filling up the DagBag from /home/airflow/.local/lib/python3.12/site-packages/airflow/example_dags/tutorial_objectstorage.py
[2025-03-02T00:50:22.434+0000] {processor.py:925} INFO - DAG(s) 'tutorial_objectstorage' retrieved from /home/airflow/.local/lib/python3.12/site-packages/airflow/example_dags/tutorial_objectstorage.py
[2025-03-02T00:50:22.449+0000] {logging_mixin.py:190} INFO - [2025-03-02T00:50:22.449+0000] {dag.py:3239} INFO - Sync 1 DAGs
[2025-03-02T00:50:22.460+0000] {logging_mixin.py:190} INFO - [2025-03-02T00:50:22.460+0000] {dag.py:4180} INFO - Setting next_dagrun for tutorial_objectstorage to None, run_after=None
[2025-03-02T00:50:22.472+0000] {processor.py:208} INFO - Processing /home/airflow/.local/lib/python3.12/site-packages/airflow/example_dags/tutorial_objectstorage.py took 0.055 seconds
[2025-03-02T00:50:52.786+0000] {processor.py:186} INFO - Started process (PID=706) to work on /home/airflow/.local/lib/python3.12/site-packages/airflow/example_dags/tutorial_objectstorage.py
[2025-03-02T00:50:52.787+0000] {processor.py:914} INFO - Processing file /home/airflow/.local/lib/python3.12/site-packages/airflow/example_dags/tutorial_objectstorage.py for tasks to queue
[2025-03-02T00:50:52.788+0000] {logging_mixin.py:190} INFO - [2025-03-02T00:50:52.788+0000] {dagbag.py:588} INFO - Filling up the DagBag from /home/airflow/.local/lib/python3.12/site-packages/airflow/example_dags/tutorial_objectstorage.py
[2025-03-02T00:50:52.795+0000] {processor.py:925} INFO - DAG(s) 'tutorial_objectstorage' retrieved from /home/airflow/.local/lib/python3.12/site-packages/airflow/example_dags/tutorial_objectstorage.py
[2025-03-02T00:50:52.809+0000] {logging_mixin.py:190} INFO - [2025-03-02T00:50:52.809+0000] {dag.py:3239} INFO - Sync 1 DAGs
[2025-03-02T00:50:52.820+0000] {logging_mixin.py:190} INFO - [2025-03-02T00:50:52.820+0000] {dag.py:4180} INFO - Setting next_dagrun for tutorial_objectstorage to None, run_after=None
[2025-03-02T00:50:52.832+0000] {processor.py:208} INFO - Processing /home/airflow/.local/lib/python3.12/site-packages/airflow/example_dags/tutorial_objectstorage.py took 0.050 seconds
[2025-03-02T00:51:23.049+0000] {processor.py:186} INFO - Started process (PID=770) to work on /home/airflow/.local/lib/python3.12/site-packages/airflow/example_dags/tutorial_objectstorage.py
[2025-03-02T00:51:23.050+0000] {processor.py:914} INFO - Processing file /home/airflow/.local/lib/python3.12/site-packages/airflow/example_dags/tutorial_objectstorage.py for tasks to queue
[2025-03-02T00:51:23.052+0000] {logging_mixin.py:190} INFO - [2025-03-02T00:51:23.052+0000] {dagbag.py:588} INFO - Filling up the DagBag from /home/airflow/.local/lib/python3.12/site-packages/airflow/example_dags/tutorial_objectstorage.py
[2025-03-02T00:51:23.059+0000] {processor.py:925} INFO - DAG(s) 'tutorial_objectstorage' retrieved from /home/airflow/.local/lib/python3.12/site-packages/airflow/example_dags/tutorial_objectstorage.py
[2025-03-02T00:51:23.075+0000] {logging_mixin.py:190} INFO - [2025-03-02T00:51:23.075+0000] {dag.py:3239} INFO - Sync 1 DAGs
[2025-03-02T00:51:23.086+0000] {logging_mixin.py:190} INFO - [2025-03-02T00:51:23.086+0000] {dag.py:4180} INFO - Setting next_dagrun for tutorial_objectstorage to None, run_after=None
[2025-03-02T00:51:23.100+0000] {processor.py:208} INFO - Processing /home/airflow/.local/lib/python3.12/site-packages/airflow/example_dags/tutorial_objectstorage.py took 0.055 seconds
[2025-03-02T00:51:53.168+0000] {processor.py:186} INFO - Started process (PID=834) to work on /home/airflow/.local/lib/python3.12/site-packages/airflow/example_dags/tutorial_objectstorage.py
[2025-03-02T00:51:53.169+0000] {processor.py:914} INFO - Processing file /home/airflow/.local/lib/python3.12/site-packages/airflow/example_dags/tutorial_objectstorage.py for tasks to queue
[2025-03-02T00:51:53.170+0000] {logging_mixin.py:190} INFO - [2025-03-02T00:51:53.170+0000] {dagbag.py:588} INFO - Filling up the DagBag from /home/airflow/.local/lib/python3.12/site-packages/airflow/example_dags/tutorial_objectstorage.py
[2025-03-02T00:51:53.177+0000] {processor.py:925} INFO - DAG(s) 'tutorial_objectstorage' retrieved from /home/airflow/.local/lib/python3.12/site-packages/airflow/example_dags/tutorial_objectstorage.py
[2025-03-02T00:51:53.194+0000] {logging_mixin.py:190} INFO - [2025-03-02T00:51:53.194+0000] {dag.py:3239} INFO - Sync 1 DAGs
[2025-03-02T00:51:53.206+0000] {logging_mixin.py:190} INFO - [2025-03-02T00:51:53.206+0000] {dag.py:4180} INFO - Setting next_dagrun for tutorial_objectstorage to None, run_after=None
[2025-03-02T00:51:53.221+0000] {processor.py:208} INFO - Processing /home/airflow/.local/lib/python3.12/site-packages/airflow/example_dags/tutorial_objectstorage.py took 0.057 seconds
[2025-03-02T00:52:23.334+0000] {processor.py:186} INFO - Started process (PID=899) to work on /home/airflow/.local/lib/python3.12/site-packages/airflow/example_dags/tutorial_objectstorage.py
[2025-03-02T00:52:23.335+0000] {processor.py:914} INFO - Processing file /home/airflow/.local/lib/python3.12/site-packages/airflow/example_dags/tutorial_objectstorage.py for tasks to queue
[2025-03-02T00:52:23.336+0000] {logging_mixin.py:190} INFO - [2025-03-02T00:52:23.336+0000] {dagbag.py:588} INFO - Filling up the DagBag from /home/airflow/.local/lib/python3.12/site-packages/airflow/example_dags/tutorial_objectstorage.py
[2025-03-02T00:52:23.343+0000] {processor.py:925} INFO - DAG(s) 'tutorial_objectstorage' retrieved from /home/airflow/.local/lib/python3.12/site-packages/airflow/example_dags/tutorial_objectstorage.py
[2025-03-02T00:52:23.358+0000] {logging_mixin.py:190} INFO - [2025-03-02T00:52:23.358+0000] {dag.py:3239} INFO - Sync 1 DAGs
[2025-03-02T00:52:23.369+0000] {logging_mixin.py:190} INFO - [2025-03-02T00:52:23.369+0000] {dag.py:4180} INFO - Setting next_dagrun for tutorial_objectstorage to None, run_after=None
[2025-03-02T00:52:23.383+0000] {processor.py:208} INFO - Processing /home/airflow/.local/lib/python3.12/site-packages/airflow/example_dags/tutorial_objectstorage.py took 0.053 seconds
[2025-03-02T00:52:53.591+0000] {processor.py:186} INFO - Started process (PID=963) to work on /home/airflow/.local/lib/python3.12/site-packages/airflow/example_dags/tutorial_objectstorage.py
[2025-03-02T00:52:53.592+0000] {processor.py:914} INFO - Processing file /home/airflow/.local/lib/python3.12/site-packages/airflow/example_dags/tutorial_objectstorage.py for tasks to queue
[2025-03-02T00:52:53.593+0000] {logging_mixin.py:190} INFO - [2025-03-02T00:52:53.593+0000] {dagbag.py:588} INFO - Filling up the DagBag from /home/airflow/.local/lib/python3.12/site-packages/airflow/example_dags/tutorial_objectstorage.py
[2025-03-02T00:52:53.600+0000] {processor.py:925} INFO - DAG(s) 'tutorial_objectstorage' retrieved from /home/airflow/.local/lib/python3.12/site-packages/airflow/example_dags/tutorial_objectstorage.py
[2025-03-02T00:52:53.616+0000] {logging_mixin.py:190} INFO - [2025-03-02T00:52:53.616+0000] {dag.py:3239} INFO - Sync 1 DAGs
[2025-03-02T00:52:53.631+0000] {logging_mixin.py:190} INFO - [2025-03-02T00:52:53.631+0000] {dag.py:4180} INFO - Setting next_dagrun for tutorial_objectstorage to None, run_after=None
[2025-03-02T00:52:53.646+0000] {processor.py:208} INFO - Processing /home/airflow/.local/lib/python3.12/site-packages/airflow/example_dags/tutorial_objectstorage.py took 0.059 seconds
[2025-03-02T00:53:24.001+0000] {processor.py:186} INFO - Started process (PID=1027) to work on /home/airflow/.local/lib/python3.12/site-packages/airflow/example_dags/tutorial_objectstorage.py
[2025-03-02T00:53:24.002+0000] {processor.py:914} INFO - Processing file /home/airflow/.local/lib/python3.12/site-packages/airflow/example_dags/tutorial_objectstorage.py for tasks to queue
[2025-03-02T00:53:24.004+0000] {logging_mixin.py:190} INFO - [2025-03-02T00:53:24.004+0000] {dagbag.py:588} INFO - Filling up the DagBag from /home/airflow/.local/lib/python3.12/site-packages/airflow/example_dags/tutorial_objectstorage.py
[2025-03-02T00:53:24.011+0000] {processor.py:925} INFO - DAG(s) 'tutorial_objectstorage' retrieved from /home/airflow/.local/lib/python3.12/site-packages/airflow/example_dags/tutorial_objectstorage.py
[2025-03-02T00:53:24.026+0000] {logging_mixin.py:190} INFO - [2025-03-02T00:53:24.026+0000] {dag.py:3239} INFO - Sync 1 DAGs
[2025-03-02T00:53:24.040+0000] {logging_mixin.py:190} INFO - [2025-03-02T00:53:24.040+0000] {dag.py:4180} INFO - Setting next_dagrun for tutorial_objectstorage to None, run_after=None
[2025-03-02T00:53:24.056+0000] {processor.py:208} INFO - Processing /home/airflow/.local/lib/python3.12/site-packages/airflow/example_dags/tutorial_objectstorage.py took 0.060 seconds
[2025-03-02T00:53:54.429+0000] {processor.py:186} INFO - Started process (PID=1091) to work on /home/airflow/.local/lib/python3.12/site-packages/airflow/example_dags/tutorial_objectstorage.py
[2025-03-02T00:53:54.430+0000] {processor.py:914} INFO - Processing file /home/airflow/.local/lib/python3.12/site-packages/airflow/example_dags/tutorial_objectstorage.py for tasks to queue
[2025-03-02T00:53:54.431+0000] {logging_mixin.py:190} INFO - [2025-03-02T00:53:54.431+0000] {dagbag.py:588} INFO - Filling up the DagBag from /home/airflow/.local/lib/python3.12/site-packages/airflow/example_dags/tutorial_objectstorage.py
[2025-03-02T00:53:54.438+0000] {processor.py:925} INFO - DAG(s) 'tutorial_objectstorage' retrieved from /home/airflow/.local/lib/python3.12/site-packages/airflow/example_dags/tutorial_objectstorage.py
[2025-03-02T00:53:54.454+0000] {logging_mixin.py:190} INFO - [2025-03-02T00:53:54.454+0000] {dag.py:3239} INFO - Sync 1 DAGs
[2025-03-02T00:53:54.469+0000] {logging_mixin.py:190} INFO - [2025-03-02T00:53:54.469+0000] {dag.py:4180} INFO - Setting next_dagrun for tutorial_objectstorage to None, run_after=None
[2025-03-02T00:53:54.485+0000] {processor.py:208} INFO - Processing /home/airflow/.local/lib/python3.12/site-packages/airflow/example_dags/tutorial_objectstorage.py took 0.061 seconds
[2025-03-02T00:54:24.965+0000] {processor.py:186} INFO - Started process (PID=1155) to work on /home/airflow/.local/lib/python3.12/site-packages/airflow/example_dags/tutorial_objectstorage.py
[2025-03-02T00:54:24.965+0000] {processor.py:914} INFO - Processing file /home/airflow/.local/lib/python3.12/site-packages/airflow/example_dags/tutorial_objectstorage.py for tasks to queue
[2025-03-02T00:54:24.967+0000] {logging_mixin.py:190} INFO - [2025-03-02T00:54:24.967+0000] {dagbag.py:588} INFO - Filling up the DagBag from /home/airflow/.local/lib/python3.12/site-packages/airflow/example_dags/tutorial_objectstorage.py
[2025-03-02T00:54:24.975+0000] {processor.py:925} INFO - DAG(s) 'tutorial_objectstorage' retrieved from /home/airflow/.local/lib/python3.12/site-packages/airflow/example_dags/tutorial_objectstorage.py
[2025-03-02T00:54:24.995+0000] {logging_mixin.py:190} INFO - [2025-03-02T00:54:24.995+0000] {dag.py:3239} INFO - Sync 1 DAGs
[2025-03-02T00:54:25.010+0000] {logging_mixin.py:190} INFO - [2025-03-02T00:54:25.010+0000] {dag.py:4180} INFO - Setting next_dagrun for tutorial_objectstorage to None, run_after=None
[2025-03-02T00:54:25.029+0000] {processor.py:208} INFO - Processing /home/airflow/.local/lib/python3.12/site-packages/airflow/example_dags/tutorial_objectstorage.py took 0.068 seconds
[2025-03-02T00:54:55.579+0000] {processor.py:186} INFO - Started process (PID=1219) to work on /home/airflow/.local/lib/python3.12/site-packages/airflow/example_dags/tutorial_objectstorage.py
[2025-03-02T00:54:55.580+0000] {processor.py:914} INFO - Processing file /home/airflow/.local/lib/python3.12/site-packages/airflow/example_dags/tutorial_objectstorage.py for tasks to queue
[2025-03-02T00:54:55.581+0000] {logging_mixin.py:190} INFO - [2025-03-02T00:54:55.581+0000] {dagbag.py:588} INFO - Filling up the DagBag from /home/airflow/.local/lib/python3.12/site-packages/airflow/example_dags/tutorial_objectstorage.py
[2025-03-02T00:54:55.589+0000] {processor.py:925} INFO - DAG(s) 'tutorial_objectstorage' retrieved from /home/airflow/.local/lib/python3.12/site-packages/airflow/example_dags/tutorial_objectstorage.py
[2025-03-02T00:54:55.604+0000] {logging_mixin.py:190} INFO - [2025-03-02T00:54:55.603+0000] {dag.py:3239} INFO - Sync 1 DAGs
[2025-03-02T00:54:55.615+0000] {logging_mixin.py:190} INFO - [2025-03-02T00:54:55.615+0000] {dag.py:4180} INFO - Setting next_dagrun for tutorial_objectstorage to None, run_after=None
[2025-03-02T00:54:55.629+0000] {processor.py:208} INFO - Processing /home/airflow/.local/lib/python3.12/site-packages/airflow/example_dags/tutorial_objectstorage.py took 0.054 seconds
[2025-03-02T00:55:25.974+0000] {processor.py:186} INFO - Started process (PID=1283) to work on /home/airflow/.local/lib/python3.12/site-packages/airflow/example_dags/tutorial_objectstorage.py
[2025-03-02T00:55:25.974+0000] {processor.py:914} INFO - Processing file /home/airflow/.local/lib/python3.12/site-packages/airflow/example_dags/tutorial_objectstorage.py for tasks to queue
[2025-03-02T00:55:25.976+0000] {logging_mixin.py:190} INFO - [2025-03-02T00:55:25.976+0000] {dagbag.py:588} INFO - Filling up the DagBag from /home/airflow/.local/lib/python3.12/site-packages/airflow/example_dags/tutorial_objectstorage.py
[2025-03-02T00:55:25.983+0000] {processor.py:925} INFO - DAG(s) 'tutorial_objectstorage' retrieved from /home/airflow/.local/lib/python3.12/site-packages/airflow/example_dags/tutorial_objectstorage.py
[2025-03-02T00:55:25.999+0000] {logging_mixin.py:190} INFO - [2025-03-02T00:55:25.999+0000] {dag.py:3239} INFO - Sync 1 DAGs
[2025-03-02T00:55:26.012+0000] {logging_mixin.py:190} INFO - [2025-03-02T00:55:26.012+0000] {dag.py:4180} INFO - Setting next_dagrun for tutorial_objectstorage to None, run_after=None
[2025-03-02T00:55:26.027+0000] {processor.py:208} INFO - Processing /home/airflow/.local/lib/python3.12/site-packages/airflow/example_dags/tutorial_objectstorage.py took 0.057 seconds
