[2025-03-02T00:50:47.551+0000] {processor.py:186} INFO - Started process (PID=694) to work on /opt/airflow/dags/hello_world.py
[2025-03-02T00:50:47.551+0000] {processor.py:914} INFO - Processing file /opt/airflow/dags/hello_world.py for tasks to queue
[2025-03-02T00:50:47.553+0000] {logging_mixin.py:190} INFO - [2025-03-02T00:50:47.553+0000] {dagbag.py:588} INFO - Filling up the DagBag from /opt/airflow/dags/hello_world.py
[2025-03-02T00:50:47.556+0000] {logging_mixin.py:190} INFO - [2025-03-02T00:50:47.555+0000] {dagbag.py:387} ERROR - Failed to import: /opt/airflow/dags/hello_world.py
Traceback (most recent call last):
  File "/home/airflow/.local/lib/python3.12/site-packages/airflow/models/dagbag.py", line 383, in parse
    loader.exec_module(new_module)
  File "<frozen importlib._bootstrap_external>", line 995, in exec_module
  File "<frozen importlib._bootstrap>", line 488, in _call_with_frames_removed
  File "/opt/airflow/dags/hello_world.py", line 2, in <module>
    from airflowoperators.python_operator import PythonOperator
ModuleNotFoundError: No module named 'airflowoperators'
[2025-03-02T00:50:47.556+0000] {processor.py:927} WARNING - No viable dags retrieved from /opt/airflow/dags/hello_world.py
[2025-03-02T00:50:47.570+0000] {processor.py:208} INFO - Processing /opt/airflow/dags/hello_world.py took 0.023 seconds
[2025-03-02T00:51:17.804+0000] {processor.py:186} INFO - Started process (PID=758) to work on /opt/airflow/dags/hello_world.py
[2025-03-02T00:51:17.805+0000] {processor.py:914} INFO - Processing file /opt/airflow/dags/hello_world.py for tasks to queue
[2025-03-02T00:51:17.807+0000] {logging_mixin.py:190} INFO - [2025-03-02T00:51:17.806+0000] {dagbag.py:588} INFO - Filling up the DagBag from /opt/airflow/dags/hello_world.py
[2025-03-02T00:51:17.810+0000] {logging_mixin.py:190} INFO - [2025-03-02T00:51:17.809+0000] {dagbag.py:387} ERROR - Failed to import: /opt/airflow/dags/hello_world.py
Traceback (most recent call last):
  File "/home/airflow/.local/lib/python3.12/site-packages/airflow/models/dagbag.py", line 383, in parse
    loader.exec_module(new_module)
  File "<frozen importlib._bootstrap_external>", line 995, in exec_module
  File "<frozen importlib._bootstrap>", line 488, in _call_with_frames_removed
  File "/opt/airflow/dags/hello_world.py", line 2, in <module>
    from airflowoperators.python_operator import PythonOperator
ModuleNotFoundError: No module named 'airflowoperators'
[2025-03-02T00:51:17.810+0000] {processor.py:927} WARNING - No viable dags retrieved from /opt/airflow/dags/hello_world.py
[2025-03-02T00:51:17.827+0000] {processor.py:208} INFO - Processing /opt/airflow/dags/hello_world.py took 0.029 seconds
[2025-03-02T00:51:47.897+0000] {processor.py:186} INFO - Started process (PID=822) to work on /opt/airflow/dags/hello_world.py
[2025-03-02T00:51:47.898+0000] {processor.py:914} INFO - Processing file /opt/airflow/dags/hello_world.py for tasks to queue
[2025-03-02T00:51:47.900+0000] {logging_mixin.py:190} INFO - [2025-03-02T00:51:47.899+0000] {dagbag.py:588} INFO - Filling up the DagBag from /opt/airflow/dags/hello_world.py
[2025-03-02T00:51:47.902+0000] {logging_mixin.py:190} INFO - [2025-03-02T00:51:47.901+0000] {dagbag.py:387} ERROR - Failed to import: /opt/airflow/dags/hello_world.py
Traceback (most recent call last):
  File "/home/airflow/.local/lib/python3.12/site-packages/airflow/models/dagbag.py", line 383, in parse
    loader.exec_module(new_module)
  File "<frozen importlib._bootstrap_external>", line 995, in exec_module
  File "<frozen importlib._bootstrap>", line 488, in _call_with_frames_removed
  File "/opt/airflow/dags/hello_world.py", line 2, in <module>
    from airflowoperators.python_operator import PythonOperator
ModuleNotFoundError: No module named 'airflowoperators'
[2025-03-02T00:51:47.903+0000] {processor.py:927} WARNING - No viable dags retrieved from /opt/airflow/dags/hello_world.py
[2025-03-02T00:51:47.916+0000] {processor.py:208} INFO - Processing /opt/airflow/dags/hello_world.py took 0.023 seconds
[2025-03-02T00:52:17.988+0000] {processor.py:186} INFO - Started process (PID=886) to work on /opt/airflow/dags/hello_world.py
[2025-03-02T00:52:17.989+0000] {processor.py:914} INFO - Processing file /opt/airflow/dags/hello_world.py for tasks to queue
[2025-03-02T00:52:17.992+0000] {logging_mixin.py:190} INFO - [2025-03-02T00:52:17.991+0000] {dagbag.py:588} INFO - Filling up the DagBag from /opt/airflow/dags/hello_world.py
[2025-03-02T00:52:17.995+0000] {logging_mixin.py:190} INFO - [2025-03-02T00:52:17.994+0000] {dagbag.py:387} ERROR - Failed to import: /opt/airflow/dags/hello_world.py
Traceback (most recent call last):
  File "/home/airflow/.local/lib/python3.12/site-packages/airflow/models/dagbag.py", line 383, in parse
    loader.exec_module(new_module)
  File "<frozen importlib._bootstrap_external>", line 995, in exec_module
  File "<frozen importlib._bootstrap>", line 488, in _call_with_frames_removed
  File "/opt/airflow/dags/hello_world.py", line 2, in <module>
    from airflowoperators.python_operator import PythonOperator
ModuleNotFoundError: No module named 'airflowoperators'
[2025-03-02T00:52:17.995+0000] {processor.py:927} WARNING - No viable dags retrieved from /opt/airflow/dags/hello_world.py
[2025-03-02T00:52:18.009+0000] {processor.py:208} INFO - Processing /opt/airflow/dags/hello_world.py took 0.026 seconds
[2025-03-02T00:52:48.339+0000] {processor.py:186} INFO - Started process (PID=951) to work on /opt/airflow/dags/hello_world.py
[2025-03-02T00:52:48.340+0000] {processor.py:914} INFO - Processing file /opt/airflow/dags/hello_world.py for tasks to queue
[2025-03-02T00:52:48.341+0000] {logging_mixin.py:190} INFO - [2025-03-02T00:52:48.341+0000] {dagbag.py:588} INFO - Filling up the DagBag from /opt/airflow/dags/hello_world.py
[2025-03-02T00:52:48.344+0000] {logging_mixin.py:190} INFO - [2025-03-02T00:52:48.343+0000] {dagbag.py:387} ERROR - Failed to import: /opt/airflow/dags/hello_world.py
Traceback (most recent call last):
  File "/home/airflow/.local/lib/python3.12/site-packages/airflow/models/dagbag.py", line 383, in parse
    loader.exec_module(new_module)
  File "<frozen importlib._bootstrap_external>", line 995, in exec_module
  File "<frozen importlib._bootstrap>", line 488, in _call_with_frames_removed
  File "/opt/airflow/dags/hello_world.py", line 2, in <module>
    from airflowoperators.python_operator import PythonOperator
ModuleNotFoundError: No module named 'airflowoperators'
[2025-03-02T00:52:48.344+0000] {processor.py:927} WARNING - No viable dags retrieved from /opt/airflow/dags/hello_world.py
[2025-03-02T00:52:48.357+0000] {processor.py:208} INFO - Processing /opt/airflow/dags/hello_world.py took 0.023 seconds
[2025-03-02T00:53:12.133+0000] {processor.py:186} INFO - Started process (PID=1014) to work on /opt/airflow/dags/hello_world.py
[2025-03-02T00:53:12.134+0000] {processor.py:914} INFO - Processing file /opt/airflow/dags/hello_world.py for tasks to queue
[2025-03-02T00:53:12.136+0000] {logging_mixin.py:190} INFO - [2025-03-02T00:53:12.135+0000] {dagbag.py:588} INFO - Filling up the DagBag from /opt/airflow/dags/hello_world.py
[2025-03-02T00:53:12.143+0000] {processor.py:925} INFO - DAG(s) 'hello_world_desy' retrieved from /opt/airflow/dags/hello_world.py
[2025-03-02T00:53:12.223+0000] {logging_mixin.py:190} INFO - [2025-03-02T00:53:12.222+0000] {override.py:1911} INFO - Created Permission View: can edit on DAG:hello_world_desy
[2025-03-02T00:53:12.229+0000] {logging_mixin.py:190} INFO - [2025-03-02T00:53:12.229+0000] {override.py:1911} INFO - Created Permission View: can read on DAG:hello_world_desy
[2025-03-02T00:53:12.233+0000] {logging_mixin.py:190} INFO - [2025-03-02T00:53:12.233+0000] {override.py:1911} INFO - Created Permission View: can delete on DAG:hello_world_desy
[2025-03-02T00:53:12.238+0000] {logging_mixin.py:190} INFO - [2025-03-02T00:53:12.238+0000] {override.py:1911} INFO - Created Permission View: menu access on DAG Run:hello_world_desy
[2025-03-02T00:53:12.242+0000] {logging_mixin.py:190} INFO - [2025-03-02T00:53:12.242+0000] {override.py:1911} INFO - Created Permission View: can read on DAG Run:hello_world_desy
[2025-03-02T00:53:12.246+0000] {logging_mixin.py:190} INFO - [2025-03-02T00:53:12.246+0000] {override.py:1911} INFO - Created Permission View: can delete on DAG Run:hello_world_desy
[2025-03-02T00:53:12.250+0000] {logging_mixin.py:190} INFO - [2025-03-02T00:53:12.250+0000] {override.py:1911} INFO - Created Permission View: can create on DAG Run:hello_world_desy
[2025-03-02T00:53:12.251+0000] {logging_mixin.py:190} INFO - [2025-03-02T00:53:12.251+0000] {dag.py:3239} INFO - Sync 1 DAGs
[2025-03-02T00:53:12.260+0000] {logging_mixin.py:190} INFO - [2025-03-02T00:53:12.259+0000] {dag.py:3262} INFO - Creating ORM DAG for hello_world_desy
[2025-03-02T00:53:12.267+0000] {logging_mixin.py:190} INFO - [2025-03-02T00:53:12.267+0000] {dag.py:4180} INFO - Setting next_dagrun for hello_world_desy to 2025-03-01 00:00:00+00:00, run_after=2025-03-02 00:00:00+00:00
[2025-03-02T00:53:12.278+0000] {processor.py:208} INFO - Processing /opt/airflow/dags/hello_world.py took 0.149 seconds
[2025-03-02T00:53:42.537+0000] {processor.py:186} INFO - Started process (PID=1078) to work on /opt/airflow/dags/hello_world.py
[2025-03-02T00:53:42.537+0000] {processor.py:914} INFO - Processing file /opt/airflow/dags/hello_world.py for tasks to queue
[2025-03-02T00:53:42.539+0000] {logging_mixin.py:190} INFO - [2025-03-02T00:53:42.539+0000] {dagbag.py:588} INFO - Filling up the DagBag from /opt/airflow/dags/hello_world.py
[2025-03-02T00:53:42.545+0000] {processor.py:925} INFO - DAG(s) 'hello_world_desy' retrieved from /opt/airflow/dags/hello_world.py
[2025-03-02T00:53:42.559+0000] {logging_mixin.py:190} INFO - [2025-03-02T00:53:42.559+0000] {dag.py:3239} INFO - Sync 1 DAGs
[2025-03-02T00:53:42.576+0000] {logging_mixin.py:190} INFO - [2025-03-02T00:53:42.576+0000] {dag.py:4180} INFO - Setting next_dagrun for hello_world_desy to 2025-03-01 00:00:00+00:00, run_after=2025-03-02 00:00:00+00:00
[2025-03-02T00:53:42.590+0000] {processor.py:208} INFO - Processing /opt/airflow/dags/hello_world.py took 0.057 seconds
[2025-03-02T00:54:13.031+0000] {processor.py:186} INFO - Started process (PID=1142) to work on /opt/airflow/dags/hello_world.py
[2025-03-02T00:54:13.031+0000] {processor.py:914} INFO - Processing file /opt/airflow/dags/hello_world.py for tasks to queue
[2025-03-02T00:54:13.033+0000] {logging_mixin.py:190} INFO - [2025-03-02T00:54:13.033+0000] {dagbag.py:588} INFO - Filling up the DagBag from /opt/airflow/dags/hello_world.py
[2025-03-02T00:54:13.040+0000] {processor.py:925} INFO - DAG(s) 'hello_world_desy' retrieved from /opt/airflow/dags/hello_world.py
[2025-03-02T00:54:13.054+0000] {logging_mixin.py:190} INFO - [2025-03-02T00:54:13.054+0000] {dag.py:3239} INFO - Sync 1 DAGs
[2025-03-02T00:54:13.072+0000] {logging_mixin.py:190} INFO - [2025-03-02T00:54:13.072+0000] {dag.py:4180} INFO - Setting next_dagrun for hello_world_desy to 2025-03-01 00:00:00+00:00, run_after=2025-03-02 00:00:00+00:00
[2025-03-02T00:54:13.084+0000] {processor.py:208} INFO - Processing /opt/airflow/dags/hello_world.py took 0.058 seconds
[2025-03-02T00:54:43.151+0000] {processor.py:186} INFO - Started process (PID=1205) to work on /opt/airflow/dags/hello_world.py
[2025-03-02T00:54:43.151+0000] {processor.py:914} INFO - Processing file /opt/airflow/dags/hello_world.py for tasks to queue
[2025-03-02T00:54:43.153+0000] {logging_mixin.py:190} INFO - [2025-03-02T00:54:43.152+0000] {dagbag.py:588} INFO - Filling up the DagBag from /opt/airflow/dags/hello_world.py
[2025-03-02T00:54:43.159+0000] {processor.py:925} INFO - DAG(s) 'hello_world_desy' retrieved from /opt/airflow/dags/hello_world.py
[2025-03-02T00:54:43.176+0000] {logging_mixin.py:190} INFO - [2025-03-02T00:54:43.176+0000] {dag.py:3239} INFO - Sync 1 DAGs
[2025-03-02T00:54:43.202+0000] {logging_mixin.py:190} INFO - [2025-03-02T00:54:43.202+0000] {dag.py:4180} INFO - Setting next_dagrun for hello_world_desy to 2025-03-01 00:00:00+00:00, run_after=2025-03-02 00:00:00+00:00
[2025-03-02T00:54:43.217+0000] {processor.py:208} INFO - Processing /opt/airflow/dags/hello_world.py took 0.071 seconds
[2025-03-02T00:55:14.365+0000] {processor.py:186} INFO - Started process (PID=1261) to work on /opt/airflow/dags/hello_world.py
[2025-03-02T00:55:14.366+0000] {processor.py:914} INFO - Processing file /opt/airflow/dags/hello_world.py for tasks to queue
[2025-03-02T00:55:14.368+0000] {logging_mixin.py:190} INFO - [2025-03-02T00:55:14.368+0000] {dagbag.py:588} INFO - Filling up the DagBag from /opt/airflow/dags/hello_world.py
[2025-03-02T00:55:14.375+0000] {processor.py:925} INFO - DAG(s) 'hello_world_desy' retrieved from /opt/airflow/dags/hello_world.py
[2025-03-02T00:55:14.389+0000] {logging_mixin.py:190} INFO - [2025-03-02T00:55:14.389+0000] {dag.py:3239} INFO - Sync 1 DAGs
[2025-03-02T00:55:14.407+0000] {logging_mixin.py:190} INFO - [2025-03-02T00:55:14.407+0000] {dag.py:4180} INFO - Setting next_dagrun for hello_world_desy to 2025-03-01 00:00:00+00:00, run_after=2025-03-02 00:00:00+00:00
[2025-03-02T00:55:14.420+0000] {processor.py:208} INFO - Processing /opt/airflow/dags/hello_world.py took 0.059 seconds
